</rich_text></node><node custom_icon_id="0" foreground="" is_bold="False" name="3. 4698 - Other Object Access Events (Success)" prog_lang="xml" readonly="True" tags="" ts_creation="1561461212.56" ts_lastsave="1561465917.8" unique_id="59"><rich_text>- &lt;Event xmlns=&quot;http://schemas.microsoft.com/win/2004/08/events/event&quot;&gt;
- &lt;System&gt;
  &lt;Provider Name=&quot;Microsoft-Windows-Security-Auditing&quot; Guid=&quot;{54849625-5478-4994-a5ba-3e3b0328c30d}&quot; /&gt; 
  &lt;EventID&gt;4698&lt;/EventID&gt; 
  &lt;Version&gt;0&lt;/Version&gt; 
  &lt;Level&gt;0&lt;/Level&gt; 
  &lt;Task&gt;12804&lt;/Task&gt; 
  &lt;Opcode&gt;0&lt;/Opcode&gt; 
  &lt;Keywords&gt;0x8020000000000000&lt;/Keywords&gt; 
  &lt;TimeCreated SystemTime=&quot;2019-06-25T05:28:22.131432600Z&quot; /&gt; 
  &lt;EventRecordID&gt;355148&lt;/EventRecordID&gt; 
  &lt;Correlation ActivityID=&quot;{560c789f-2b44-0004-e278-0c56442bd501}&quot; /&gt; 
  &lt;Execution ProcessID=&quot;680&quot; ThreadID=&quot;792&quot; /&gt; 
  &lt;Channel&gt;Security&lt;/Channel&gt; 
  &lt;Computer&gt;MSEDGEWIN10&lt;/Computer&gt; 
  &lt;Security /&gt; 
  &lt;/System&gt;
- &lt;EventData&gt;
  &lt;Data Name=&quot;SubjectUserSid&quot;&gt;S-1-5-21-3461203602-4096304019-2269080069-1000&lt;/Data&gt; 
  &lt;Data Name=&quot;SubjectUserName&quot;&gt;IEUser&lt;/Data&gt; 
  &lt;Data Name=&quot;SubjectDomainName&quot;&gt;MSEDGEWIN10&lt;/Data&gt; 
  &lt;Data Name=&quot;SubjectLogonId&quot;&gt;0x23079d&lt;/Data&gt; 
  &lt;Data Name=&quot;TaskName&quot;&gt;\scheduled_task&lt;/Data&gt; 
  &lt;Data Name=&quot;TaskContent&quot;&gt;&lt;?xml version=&quot;1.0&quot; encoding=&quot;UTF-16&quot;?&gt; 
      &lt;Task version=&quot;1.2&quot; xmlns=&quot;http://schemas.microsoft.com/windows/2004/02/mit/task&quot;&gt; 
          &lt;RegistrationInfo&gt; 
              &lt;Date&gt;2019-06-25T18:44:22&lt;/Date&gt; 
              &lt;Author&gt;KALI-WINDOWS\Jebidiah&lt;/Author&gt; 
              &lt;URI&gt;\scheduled_task&lt;/URI&gt; 
          &lt;/RegistrationInfo&gt; 
          &lt;Triggers&gt; 
              &lt;TimeTrigger&gt; 
                  &lt;Repetition&gt; 
                      &lt;Interval&gt;PT2M&lt;/Interval&gt; 
                      &lt;StopAtDurationEnd&gt;false&lt;/StopAtDurationEnd&gt; 
                  &lt;/Repetition&gt; 
                  &lt;StartBoundary&gt;2019-06-23T00:00:00&lt;/StartBoundary&gt; 
                  &lt;Enabled&gt;true&lt;/Enabled&gt; 
              &lt;/TimeTrigger&gt; 
          &lt;/Triggers&gt; 
          &lt;Settings&gt; 
              &lt;MultipleInstancesPolicy&gt;IgnoreNew&lt;/MultipleInstancesPolicy&gt; 
              &lt;DisallowStartIfOnBatteries&gt;true&lt;/DisallowStartIfOnBatteries&gt; 
              &lt;StopIfGoingOnBatteries&gt;true&lt;/StopIfGoingOnBatteries&gt; 
              &lt;AllowHardTerminate&gt;true&lt;/AllowHardTerminate&gt; 
              &lt;StartWhenAvailable&gt;false&lt;/StartWhenAvailable&gt; 
              &lt;RunOnlyIfNetworkAvailable&gt;false&lt;/RunOnlyIfNetworkAvailable&gt; 
              &lt;IdleSettings&gt; 
                  &lt;Duration&gt;PT10M&lt;/Duration&gt; 
                  &lt;WaitTimeout&gt;PT1H&lt;/WaitTimeout&gt; 
                  &lt;StopOnIdleEnd&gt;true&lt;/StopOnIdleEnd&gt; 
                  &lt;RestartOnIdle&gt;false&lt;/RestartOnIdle&gt; 
              &lt;/IdleSettings&gt; 
              &lt;AllowStartOnDemand&gt;true&lt;/AllowStartOnDemand&gt; 
              &lt;Enabled&gt;true&lt;/Enabled&gt; 
              &lt;Hidden&gt;false&lt;/Hidden&gt; 
              &lt;RunOnlyIfIdle&gt;false&lt;/RunOnlyIfIdle&gt; 
              &lt;WakeToRun&gt;false&lt;/WakeToRun&gt; 
              &lt;ExecutionTimeLimit&gt;PT72H&lt;/ExecutionTimeLimit&gt; 
              &lt;Priority&gt;7&lt;/Priority&gt; 
          &lt;/Settings&gt; 
          &lt;Actions Context=&quot;Author&quot;&gt; 
              &lt;Exec&gt; 
                  &lt;Command&gt;powershell.exe&lt;/Command&gt; 
                  &lt;Arguments&gt;-enc QQBkAGQALQBDAG8AbgB0AGUAbgB0ACAAQwA6AFwAVQBzAGUAcgBzAFwASQBFAFUAcwBlAHIAXABEAGUAcwBrAHQAbwBwAFwAdABhAHMAawAuAHQAeAB0ACAAIgBTAGMAaABlAGQAdQBsAGUAZAAgAFQAYQBzAGsALgAiAAoA&lt;/Arguments&gt; 
              &lt;/Exec&gt; 
          &lt;/Actions&gt; 
          &lt;Principals&gt; 
              &lt;Principal id=&quot;Author&quot;&gt; 
                  &lt;UserId&gt;\IEUser&lt;/UserId&gt; 
                  &lt;LogonType&gt;InteractiveToken&lt;/LogonType&gt; 
                  &lt;RunLevel&gt;LeastPrivilege&lt;/RunLevel&gt; 
              &lt;/Principal&gt; 
          &lt;/Principals&gt; 
      &lt;/Task&gt;
  &lt;/Data&gt; 
  &lt;/EventData&gt;
  &lt;/Event&gt;</rich_text></node></node></node></node><node custom_icon_id="0" foreground="" is_bold="False" name="4. Check if the scheduled task runs" prog_lang="custom-colors" readonly="True" tags="" ts_creation="1561462315.59" ts_lastsave="1561466404.37" unique_id="60"><rich_text scale="h1">4. Check if the scheduled task runs:  </rich_text><rich_text>
  
</rich_text><rich_text scale="h1">• </rich_text><rich_text scale="h1" underline="single" weight="heavy">Remote</rich_text><rich_text scale="h1" underline="single"> </rich_text><rich_text scale="h1" underline="single" weight="heavy">Machine</rich_text><rich_text scale="h1">:</rich_text><rich_text>
     </rich_text><rich_text justification="left"></rich_text><rich_text>

</rich_text><rich_text scale="h2">    </rich_text><rich_text scale="h2" weight="heavy">NOTES:</rich_text><rich_text>
</rich_text><rich_text scale="h2">       • The created scheduled task appends the string, “Scheduled Task.”, to the file task.txt every 2 minutes</rich_text><rich_text>.
</rich_text><rich_text scale="h2">       • The scheduled task runs as expected</rich_text><rich_text>.
         
  
   </rich_text><rich_text scale="h2">• </rich_text><rich_text scale="h2" weight="heavy">Logs Generated:</rich_text><rich_text>
</rich_text><rich_text scale="h2">        •  </rich_text><rich_text link="node 62" scale="h2" weight="heavy">LogName: Security</rich_text><rich_text scale="sup"> (&lt;- CLICK HERE TO VIEW BRIEF SUMMARY)</rich_text><rich_text weight="heavy">:</rich_text><rich_text>
</rich_text><rich_text scale="h2">               1. </rich_text><rich_text link="node 63" scale="h2">4688 - Process Creation (Success)</rich_text><rich_text>
</rich_text><rich_text scale="h2">               2. </rich_text><rich_text link="node 64" scale="h2">4688 - Process Creation (Success)</rich_text><rich_text>
</rich_text><rich_text scale="h2">        •  </rich_text><rich_text link="node 65" scale="h2" weight="heavy">PowerShell Logs</rich_text><rich_text scale="h2"> </rich_text><rich_text scale="sup">(&lt;- CLICK HERE TO VIEW BRIEF SUMMARY)</rich_text><rich_text scale="h2">:
               1. </rich_text><rich_text link="node 66" scale="h2">400 - Engine Lifecycle</rich_text><rich_text scale="h2">
               2. </rich_text><rich_text link="node 67" scale="h2">800 - Pipeline Execution Details</rich_text><rich_text>
</rich_text><rich_text scale="h2">               3. </rich_text><rich_text link="node 68" scale="h2">800 - Pipeline Execution Details</rich_text><codebox char_offset="65" frame_height="595" frame_width="91" highlight_brackets="True" show_line_numbers="False" syntax_highlighting="powershell" width_in_pixels="False">dir task.txt
#
#     Directory: C:\Users\IEUser\Desktop
# 
#
# Mode                LastWriteTime         Length Name
# ----                -------------         ------ ----
# -a----        6/25/2019   5:04 AM             17 task.txt
#

dir task.txt
#
#     Directory: C:\Users\IEUser\Desktop
# 
#
# Mode                LastWriteTime         Length Name
# ----                -------------         ------ ----
# -a----        6/25/2019   5:06 AM             34 task.txt
#

dir task.txt
#
#     Directory: C:\Users\IEUser\Desktop
# 
#
# Mode                LastWriteTime         Length Name
# ----                -------------         ------ ----
# -a----        6/25/2019   5:08 AM             51 task.txt
#</codebox><node custom_icon_id="0" foreground="" is_bold="False" name="LogName: Security" prog_lang="custom-colors" readonly="True" tags="" ts_creation="1561462976.35" ts_lastsave="1561466195.43" unique_id="62"><rich_text scale="h2">    1. </rich_text><rich_text link="node 63" scale="h2">4688 - Process Creation (Success)</rich_text><rich_text>
          </rich_text><rich_text justification="left"></rich_text><rich_text>
          
</rich_text><rich_text scale="h2">    2. </rich_text><rich_text link="node 64" scale="h2">4688 - Process Creation (Success)</rich_text><rich_text>
          </rich_text><rich_text justification="left"></rich_text><table char_offset="51" col_max="750" col_min="40"><row><cell>NewProcessName</cell><cell>C:\Windows\System32\WindowsPowerShell\v1.0\powershell.exe</cell></row><row><cell>CommandLine</cell><cell>powershell.exe -enc QQBkAGQALQBDAG8AbgB0AGUAbgB0ACAAQwA6AFwAVQBzAGUAcgBzAFwASQBFAFUAcwBlAHIAXABEAGUAcwBrAHQAbwBwAFwAdABhAHMAawAuAHQAeAB0ACAAIgBTAGMAaABlAGQAdQBsAGUAZAAgAFQAYQBzAGsALgAiAAoA</cell></row><row><cell>ParentProcessName</cell><cell>C:\Windows\System32\svchost.exe</cell></row><row><cell>Field Name</cell><cell>Value</cell></row></table><table char_offset="115" col_max="750" col_min="40"><row><cell>NewProcessName</cell><cell>C:\Windows\System32\conhost.exe</cell></row><row><cell>CommandLine</cell><cell>\??\C:\Windows\system32\conhost.exe 0xffffffff -ForceV1</cell></row><row><cell>ParentProcessName</cell><cell>C:\Windows\System32\WindowsPowerShell\v1.0\powershell.exe</cell></row><row><cell>Field Name</cell><cell>Value</cell></row></table><node custom_icon_id="0" foreground="" is_bold="False" name="1. 4688 - Process Creation (Success)" prog_lang="xml" readonly="True" tags="" ts_creation="1561462988.31" ts_lastsave="1561463059.18" unique_id="63"><rich_text>- &lt;Event xmlns=&quot;http://schemas.microsoft.com/win/2004/08/events/event&quot;&gt;
- &lt;System&gt;
      &lt;Provider Name=&quot;Microsoft-Windows-Security-Auditing&quot; Guid=&quot;{54849625-5478-4994-a5ba-3e3b0328c30d}&quot; /&gt; 
      &lt;EventID&gt;4688&lt;/EventID&gt; 
      &lt;Version&gt;2&lt;/Version&gt; 
      &lt;Level&gt;0&lt;/Level&gt; 
      &lt;Task&gt;13312&lt;/Task&gt; 
      &lt;Opcode&gt;0&lt;/Opcode&gt; 
      &lt;Keywords&gt;0x8020000000000000&lt;/Keywords&gt; 
      &lt;TimeCreated SystemTime=&quot;2019-06-25T11:40:00.865735200Z&quot; /&gt; 
      &lt;EventRecordID&gt;356070&lt;/EventRecordID&gt; 
      &lt;Correlation /&gt; 
      &lt;Execution ProcessID=&quot;4&quot; ThreadID=&quot;1864&quot; /&gt; 
      &lt;Channel&gt;Security&lt;/Channel&gt; 
      &lt;Computer&gt;MSEDGEWIN10&lt;/Computer&gt; 
      &lt;Security /&gt; 
  &lt;/System&gt;
- &lt;EventData&gt;
      &lt;Data Name=&quot;SubjectUserSid&quot;&gt;S-1-5-18&lt;/Data&gt; 
      &lt;Data Name=&quot;SubjectUserName&quot;&gt;MSEDGEWIN10$&lt;/Data&gt; 
      &lt;Data Name=&quot;SubjectDomainName&quot;&gt;WORKGROUP&lt;/Data&gt; 
      &lt;Data Name=&quot;SubjectLogonId&quot;&gt;0x3e7&lt;/Data&gt; 
      &lt;Data Name=&quot;NewProcessId&quot;&gt;0x1110&lt;/Data&gt; 
      &lt;Data Name=&quot;NewProcessName&quot;&gt;C:\Windows\System32\WindowsPowerShell\v1.0\powershell.exe&lt;/Data&gt; 
      &lt;Data Name=&quot;TokenElevationType&quot;&gt;%%1938&lt;/Data&gt; 
      &lt;Data Name=&quot;ProcessId&quot;&gt;0x51c&lt;/Data&gt; 
      &lt;Data Name=&quot;CommandLine&quot;&gt;powershell.exe -enc QQBkAGQALQBDAG8AbgB0AGUAbgB0ACAAQwA6AFwAVQBzAGUAcgBzAFwASQBFAFUAcwBlAHIAXABEAGUAcwBrAHQAbwBwAFwAdABhAHMAawAuAHQAeAB0ACAAIgBTAGMAaABlAGQAdQBsAGUAZAAgAFQAYQBzAGsALgAiAAoA&lt;/Data&gt; 
      &lt;Data Name=&quot;TargetUserSid&quot;&gt;S-1-5-21-3461203602-4096304019-2269080069-1000&lt;/Data&gt; 
      &lt;Data Name=&quot;TargetUserName&quot;&gt;IEUser&lt;/Data&gt; 
      &lt;Data Name=&quot;TargetDomainName&quot;&gt;MSEDGEWIN10&lt;/Data&gt; 
      &lt;Data Name=&quot;TargetLogonId&quot;&gt;0x2685c&lt;/Data&gt; 
      &lt;Data Name=&quot;ParentProcessName&quot;&gt;C:\Windows\System32\svchost.exe&lt;/Data&gt; 
      &lt;Data Name=&quot;MandatoryLabel&quot;&gt;S-1-16-8192&lt;/Data&gt; 
  &lt;/EventData&gt;
  &lt;/Event&gt;</rich_text></node><node custom_icon_id="0" foreground="" is_bold="False" name="2. 4688 - Process Creation (Success)" prog_lang="xml" readonly="True" tags="" ts_creation="1561462991.91" ts_lastsave="1561463072.09" unique_id="64"><rich_text>- &lt;Event xmlns=&quot;http://schemas.microsoft.com/win/2004/08/events/event&quot;&gt;
- &lt;System&gt;
      &lt;Provider Name=&quot;Microsoft-Windows-Security-Auditing&quot; Guid=&quot;{54849625-5478-4994-a5ba-3e3b0328c30d}&quot; /&gt; 
      &lt;EventID&gt;4688&lt;/EventID&gt; 
      &lt;Version&gt;2&lt;/Version&gt; 
      &lt;Level&gt;0&lt;/Level&gt; 
      &lt;Task&gt;13312&lt;/Task&gt; 
      &lt;Opcode&gt;0&lt;/Opcode&gt; 
      &lt;Keywords&gt;0x8020000000000000&lt;/Keywords&gt; 
      &lt;TimeCreated SystemTime=&quot;2019-06-25T11:40:00.869552500Z&quot; /&gt; 
      &lt;EventRecordID&gt;356071&lt;/EventRecordID&gt; 
      &lt;Correlation /&gt; 
      &lt;Execution ProcessID=&quot;4&quot; ThreadID=&quot;1864&quot; /&gt; 
      &lt;Channel&gt;Security&lt;/Channel&gt; 
      &lt;Computer&gt;MSEDGEWIN10&lt;/Computer&gt; 
      &lt;Security /&gt; 
  &lt;/System&gt;
- &lt;EventData&gt;
      &lt;Data Name=&quot;SubjectUserSid&quot;&gt;S-1-5-21-3461203602-4096304019-2269080069-1000&lt;/Data&gt; 
      &lt;Data Name=&quot;SubjectUserName&quot;&gt;IEUser&lt;/Data&gt; 
      &lt;Data Name=&quot;SubjectDomainName&quot;&gt;MSEDGEWIN10&lt;/Data&gt; 
      &lt;Data Name=&quot;SubjectLogonId&quot;&gt;0x2685c&lt;/Data&gt; 
      &lt;Data Name=&quot;NewProcessId&quot;&gt;0x970&lt;/Data&gt; 
      &lt;Data Name=&quot;NewProcessName&quot;&gt;C:\Windows\System32\conhost.exe&lt;/Data&gt; 
      &lt;Data Name=&quot;TokenElevationType&quot;&gt;%%1938&lt;/Data&gt; 
      &lt;Data Name=&quot;ProcessId&quot;&gt;0x1110&lt;/Data&gt; 
      &lt;Data Name=&quot;CommandLine&quot;&gt;\??\C:\Windows\system32\conhost.exe 0xffffffff -ForceV1&lt;/Data&gt; 
      &lt;Data Name=&quot;TargetUserSid&quot;&gt;S-1-0-0&lt;/Data&gt; 
      &lt;Data Name=&quot;TargetUserName&quot;&gt;-&lt;/Data&gt; 
      &lt;Data Name=&quot;TargetDomainName&quot;&gt;-&lt;/Data&gt; 
      &lt;Data Name=&quot;TargetLogonId&quot;&gt;0x0&lt;/Data&gt; 
      &lt;Data Name=&quot;ParentProcessName&quot;&gt;C:\Windows\System32\WindowsPowerShell\v1.0\powershell.exe&lt;/Data&gt; 
      &lt;Data Name=&quot;MandatoryLabel&quot;&gt;S-1-16-8192&lt;/Data&gt; 
  &lt;/EventData&gt;
  &lt;/Event&gt;</rich_text></node></node><node custom_icon_id="0" foreground="" is_bold="False" name="PowerShell Logs" prog_lang="custom-colors" readonly="True" tags="" ts_creation="1561463605.45" ts_lastsave="1561466398.99" unique_id="65"><rich_text scale="h2">    1. </rich_text><rich_text link="node 36" scale="h2">400 - Engine Lifecycle</rich_text><rich_text>
          </rich_text><rich_text justification="left"></rich_text><rich_text scale="h2">
            
    2. </rich_text><rich_text link="node 37" scale="h2">800 - Pipeline Execution Details</rich_text><rich_text>
          </rich_text><rich_text justification="left"></rich_text><rich_text>
          
</rich_text><rich_text scale="h2">    3. </rich_text><rich_text link="node 37" scale="h2">800 - Pipeline Execution Details</rich_text><rich_text>
          </rich_text><rich_text justification="left"></rich_text><table char_offset="40" col_max="750" col_min="40"><row><cell>Computer</cell><cell>MSEDGEWIN10</cell></row><row><cell>Data</cell><cell>Available</cell></row><row><cell>Data</cell><cell>None</cell></row><row><cell>Data</cell><cell>NewEngineState=Available PreviousEngineState=None SequenceNumber=13 HostName=ConsoleHost HostVersion=5.1.17763.316 HostId=bd01a224-bf58-4a7d-b5a7-b3108fee90b3 HostApplication=powershell.exe -enc QQBkAGQALQBDAG8AbgB0AGUAbgB0ACAAQwA6AFwAVQBzAGUAcgBzAFwASQBFAFUAcwBlAHIAXABEAGUAcwBrAHQAbwBwAFwAdABhAHMAawAuAHQAeAB0ACAAIgBTAGMAaABlAGQAdQBsAGUAZAAgAFQAYQBzAGsALgAiAAoA EngineVersion=5.1.17763.316 RunspaceId=9e121391-8e37-4235-b39a-8c70b444fd2b PipelineId= CommandName= CommandType= ScriptName= CommandPath= CommandLine=</cell></row><row><cell>Field Name</cell><cell>Value</cell></row></table><table char_offset="105" col_max="750" col_min="40"><row><cell>Computer</cell><cell>MSEDGEWIN10</cell></row><row><cell>Data</cell><cell>Add-Content C:\Users\IEUser\Desktop\task.txt &quot;Scheduled Task.&quot;</cell></row><row><cell>Data</cell><cell>DetailSequence=1 DetailTotal=1 SequenceNumber=15 UserId=MSEDGEWIN10\IEUser HostName=ConsoleHost HostVersion=5.1.17763.316 HostId=bd01a224-bf58-4a7d-b5a7-b3108fee90b3 HostApplication=powershell.exe -enc QQBkAGQALQBDAG8AbgB0AGUAbgB0ACAAQwA6AFwAVQBzAGUAcgBzAFwASQBFAFUAcwBlAHIAXABEAGUAcwBrAHQAbwBwAFwAdABhAHMAawAuAHQAeAB0ACAAIgBTAGMAaABlAGQAdQBsAGUAZAAgAFQAYQBzAGsALgAiAAoA EngineVersion=5.1.17763.316 RunspaceId=9e121391-8e37-4235-b39a-8c70b444fd2b PipelineId=1 ScriptName= CommandLine=Add-Content C:\Users\IEUser\Desktop\task.txt &quot;Scheduled Task.&quot;</cell></row><row><cell>Data</cell><cell>CommandInvocation(Add-Content): &quot;Add-Content&quot; ParameterBinding(Add-Content): name=&quot;Path&quot;; value=&quot;C:\Users\IEUser\Desktop\task.txt&quot; ParameterBinding(Add-Content): name=&quot;Value&quot;; value=&quot;Scheduled Task.&quot;</cell></row><row><cell>Field Name</cell><cell>Value</cell></row></table><table char_offset="168" col_max="750" col_min="40"><row><cell>Computer</cell><cell>MSEDGEWIN10</cell></row><row><cell>Data</cell><cell>DetailSequence=1 DetailTotal=1 SequenceNumber=17 UserId=MSEDGEWIN10\IEUser HostName=ConsoleHost HostVersion=5.1.17763.316 HostId=bd01a224-bf58-4a7d-b5a7-b3108fee90b3 HostApplication=powershell.exe -enc QQBkAGQALQBDAG8AbgB0AGUAbgB0ACAAQwA6AFwAVQBzAGUAcgBzAFwASQBFAFUAcwBlAHIAXABEAGUAcwBrAHQAbwBwAFwAdABhAHMAawAuAHQAeAB0ACAAIgBTAGMAaABlAGQAdQBsAGUAZAAgAFQAYQBzAGsALgAiAAoA EngineVersion=5.1.17763.316 RunspaceId=9e121391-8e37-4235-b39a-8c70b444fd2b PipelineId=1 ScriptName= CommandLine=</cell></row><row><cell>Data</cell><cell>CommandInvocation(Out-Default): &quot;Out-Default&quot;</cell></row><row><cell>Field Name</cell><cell>Value</cell></row></table><node custom_icon_id="0" foreground="" is_bold="False" name="1. 400 - Engine Lifecycle" prog_lang="xml" readonly="True" tags="" ts_creation="1561463626.63" ts_lastsave="1561463753.21" unique_id="66"><rich_text>- &lt;Event xmlns=&quot;http://schemas.microsoft.com/win/2004/08/events/event&quot;&gt;
- &lt;System&gt;
      &lt;Provider Name=&quot;PowerShell&quot; /&gt; 
      &lt;EventID Qualifiers=&quot;0&quot;&gt;400&lt;/EventID&gt; 
      &lt;Level&gt;4&lt;/Level&gt; 
      &lt;Task&gt;4&lt;/Task&gt; 
      &lt;Keywords&gt;0x80000000000000&lt;/Keywords&gt; 
      &lt;TimeCreated SystemTime=&quot;2019-06-25T11:50:01.554031600Z&quot; /&gt; 
      &lt;EventRecordID&gt;2923&lt;/EventRecordID&gt; 
      &lt;Channel&gt;Windows PowerShell&lt;/Channel&gt; 
      &lt;Computer&gt;MSEDGEWIN10&lt;/Computer&gt; 
      &lt;Security /&gt; 
  &lt;/System&gt;
- &lt;EventData&gt;
      &lt;Data&gt;Available&lt;/Data&gt; 
      &lt;Data&gt;None&lt;/Data&gt; 
      &lt;Data&gt;NewEngineState=Available PreviousEngineState=None SequenceNumber=13 HostName=ConsoleHost HostVersion=5.1.17763.316 HostId=bd01a224-bf58-4a7d-b5a7-b3108fee90b3 HostApplication=powershell.exe -enc QQBkAGQALQBDAG8AbgB0AGUAbgB0ACAAQwA6AFwAVQBzAGUAcgBzAFwASQBFAFUAcwBlAHIAXABEAGUAcwBrAHQAbwBwAFwAdABhAHMAawAuAHQAeAB0ACAAIgBTAGMAaABlAGQAdQBsAGUAZAAgAFQAYQBzAGsALgAiAAoA EngineVersion=5.1.17763.316 RunspaceId=9e121391-8e37-4235-b39a-8c70b444fd2b PipelineId= CommandName= CommandType= ScriptName= CommandPath= CommandLine=&lt;/Data&gt; 
  &lt;/EventData&gt;
  &lt;/Event&gt;</rich_text></node><node custom_icon_id="0" foreground="" is_bold="False" name="2. 800 - Pipeline Execution Details" prog_lang="xml" readonly="True" tags="" ts_creation="1561463639.53" ts_lastsave="1561463731.44" unique_id="67"><rich_text>- &lt;Event xmlns=&quot;http://schemas.microsoft.com/win/2004/08/events/event&quot;&gt;
- &lt;System&gt;
      &lt;Provider Name=&quot;PowerShell&quot; /&gt; 
      &lt;EventID Qualifiers=&quot;0&quot;&gt;800&lt;/EventID&gt; 
      &lt;Level&gt;4&lt;/Level&gt; 
      &lt;Task&gt;8&lt;/Task&gt; 
      &lt;Keywords&gt;0x80000000000000&lt;/Keywords&gt; 
      &lt;TimeCreated SystemTime=&quot;2019-06-25T11:50:01.616974800Z&quot; /&gt; 
      &lt;EventRecordID&gt;2924&lt;/EventRecordID&gt; 
      &lt;Channel&gt;Windows PowerShell&lt;/Channel&gt; 
      &lt;Computer&gt;MSEDGEWIN10&lt;/Computer&gt; 
      &lt;Security /&gt; 
  &lt;/System&gt;
- &lt;EventData&gt;
      &lt;Data&gt;Add-Content C:\Users\IEUser\Desktop\task.txt &quot;Scheduled Task.&quot;&lt;/Data&gt; 
      &lt;Data&gt;DetailSequence=1 DetailTotal=1 SequenceNumber=15 UserId=MSEDGEWIN10\IEUser HostName=ConsoleHost HostVersion=5.1.17763.316 HostId=bd01a224-bf58-4a7d-b5a7-b3108fee90b3 HostApplication=powershell.exe -enc QQBkAGQALQBDAG8AbgB0AGUAbgB0ACAAQwA6AFwAVQBzAGUAcgBzAFwASQBFAFUAcwBlAHIAXABEAGUAcwBrAHQAbwBwAFwAdABhAHMAawAuAHQAeAB0ACAAIgBTAGMAaABlAGQAdQBsAGUAZAAgAFQAYQBzAGsALgAiAAoA EngineVersion=5.1.17763.316 RunspaceId=9e121391-8e37-4235-b39a-8c70b444fd2b PipelineId=1 ScriptName= CommandLine=Add-Content C:\Users\IEUser\Desktop\task.txt &quot;Scheduled Task.&quot;&lt;/Data&gt; 
      &lt;Data&gt;CommandInvocation(Add-Content): &quot;Add-Content&quot; ParameterBinding(Add-Content): name=&quot;Path&quot;; value=&quot;C:\Users\IEUser\Desktop\task.txt&quot; ParameterBinding(Add-Content): name=&quot;Value&quot;; value=&quot;Scheduled Task.&quot;&lt;/Data&gt; 
  &lt;/EventData&gt;
  &lt;/Event&gt;</rich_text></node><node custom_icon_id="0" foreground="" is_bold="False" name="3. 800 - Pipeline Execution Details" prog_lang="xml" readonly="True" tags="" ts_creation="1561463643.56" ts_lastsave="1561463766.6" unique_id="68"><rich_text>- &lt;Event xmlns=&quot;http://schemas.microsoft.com/win/2004/08/events/event&quot;&gt;
- &lt;System&gt;
      &lt;Provider Name=&quot;PowerShell&quot; /&gt; 
      &lt;EventID Qualifiers=&quot;0&quot;&gt;800&lt;/EventID&gt; 
      &lt;Level&gt;4&lt;/Level&gt; 
      &lt;Task&gt;8&lt;/Task&gt; 
      &lt;Keywords&gt;0x80000000000000&lt;/Keywords&gt; 
      &lt;TimeCreated SystemTime=&quot;2019-06-25T11:50:01.616974800Z&quot; /&gt; 
      &lt;EventRecordID&gt;2925&lt;/EventRecordID&gt; 
      &lt;Channel&gt;Windows PowerShell&lt;/Channel&gt; 
      &lt;Computer&gt;MSEDGEWIN10&lt;/Computer&gt; 
      &lt;Security /&gt; 
  &lt;/System&gt;
- &lt;EventData&gt;
      &lt;Data /&gt; 
      &lt;Data&gt;DetailSequence=1 DetailTotal=1 SequenceNumber=17 UserId=MSEDGEWIN10\IEUser HostName=ConsoleHost HostVersion=5.1.17763.316 HostId=bd01a224-bf58-4a7d-b5a7-b3108fee90b3 HostApplication=powershell.exe -enc QQBkAGQALQBDAG8AbgB0AGUAbgB0ACAAQwA6AFwAVQBzAGUAcgBzAFwASQBFAFUAcwBlAHIAXABEAGUAcwBrAHQAbwBwAFwAdABhAHMAawAuAHQAeAB0ACAAIgBTAGMAaABlAGQAdQBsAGUAZAAgAFQAYQBzAGsALgAiAAoA EngineVersion=5.1.17763.316 RunspaceId=9e121391-8e37-4235-b39a-8c70b444fd2b PipelineId=1 ScriptName= CommandLine=&lt;/Data&gt; 
      &lt;Data&gt;CommandInvocation(Out-Default): &quot;Out-Default&quot;&lt;/Data&gt; 
  &lt;/EventData&gt;
  &lt;/Event&gt;</rich_text></node></node></node></node></cherrytree>