</rich_text></node><node custom_icon_id="0" foreground="" is_bold="False" name="2.b.1. 800 - Pipeline Execution Details" prog_lang="xml" readonly="True" tags="" ts_creation="1562146204.15" ts_lastsave="1562146242.73" unique_id="186"><rich_text>- &lt;Event xmlns=&quot;http://schemas.microsoft.com/win/2004/08/events/event&quot;&gt;
- &lt;System&gt;
      &lt;Provider Name=&quot;PowerShell&quot; /&gt; 
      &lt;EventID Qualifiers=&quot;0&quot;&gt;800&lt;/EventID&gt; 
      &lt;Level&gt;4&lt;/Level&gt; 
      &lt;Task&gt;8&lt;/Task&gt; 
      &lt;Keywords&gt;0x80000000000000&lt;/Keywords&gt; 
      &lt;TimeCreated SystemTime=&quot;2019-07-03T09:29:10.579657300Z&quot; /&gt; 
      &lt;EventRecordID&gt;58258&lt;/EventRecordID&gt; 
      &lt;Channel&gt;Windows PowerShell&lt;/Channel&gt; 
      &lt;Computer&gt;MSEDGEWIN10&lt;/Computer&gt; 
      &lt;Security /&gt; 
  &lt;/System&gt;
- &lt;EventData&gt;
      &lt;Data&gt;Get-ChildItem $home&lt;/Data&gt; 
      &lt;Data&gt;DetailSequence=1 DetailTotal=1 SequenceNumber=47 UserId=MSEDGEWIN10\IEUser HostName=ConsoleHost HostVersion=5.1.17763.316 HostId=16c281dd-25dd-469f-b1b1-9de6fc99f7f5 HostApplication=powershell.exe EngineVersion=5.1.17763.316 RunspaceId=8467f052-69e5-46bf-8280-f4b97cff6411 PipelineId=19 ScriptName= CommandLine=Get-ChildItem $home&lt;/Data&gt; 
      &lt;Data&gt;CommandInvocation(Get-ChildItem): &quot;Get-ChildItem&quot; ParameterBinding(Get-ChildItem): name=&quot;Path&quot;; value=&quot;C:\Users\IEUser&quot;&lt;/Data&gt; 
  &lt;/EventData&gt;
  &lt;/Event&gt;</rich_text></node><node custom_icon_id="0" foreground="" is_bold="False" name="2.b.2. 800 - Pipeline Execution Details" prog_lang="xml" readonly="True" tags="" ts_creation="1562146205.79" ts_lastsave="1562146259.16" unique_id="187"><rich_text>- &lt;Event xmlns=&quot;http://schemas.microsoft.com/win/2004/08/events/event&quot;&gt;
- &lt;System&gt;
      &lt;Provider Name=&quot;PowerShell&quot; /&gt; 
      &lt;EventID Qualifiers=&quot;0&quot;&gt;800&lt;/EventID&gt; 
      &lt;Level&gt;4&lt;/Level&gt; 
      &lt;Task&gt;8&lt;/Task&gt; 
      &lt;Keywords&gt;0x80000000000000&lt;/Keywords&gt; 
      &lt;TimeCreated SystemTime=&quot;2019-07-03T09:29:10.581099700Z&quot; /&gt; 
      &lt;EventRecordID&gt;58259&lt;/EventRecordID&gt; 
      &lt;Channel&gt;Windows PowerShell&lt;/Channel&gt; 
      &lt;Computer&gt;MSEDGEWIN10&lt;/Computer&gt; 
      &lt;Security /&gt; 
  &lt;/System&gt;
+ &lt;EventData&gt;
      &lt;Data /&gt; 
      &lt;Data&gt;DetailSequence=1 DetailTotal=1 SequenceNumber=49 UserId=MSEDGEWIN10\IEUser HostName=ConsoleHost HostVersion=5.1.17763.316 HostId=16c281dd-25dd-469f-b1b1-9de6fc99f7f5 HostApplication=powershell.exe EngineVersion=5.1.17763.316 RunspaceId=8467f052-69e5-46bf-8280-f4b97cff6411 PipelineId=19 ScriptName= CommandLine=&lt;/Data&gt; 
      &lt;Data&gt;CommandInvocation(Out-Default): &quot;Out-Default&quot; ParameterBinding(Out-Default): name=&quot;InputObject&quot;; value=&quot;3D Objects&quot; ParameterBinding(Out-Default): name=&quot;InputObject&quot;; value=&quot;Contacts&quot; ParameterBinding(Out-Default): name=&quot;InputObject&quot;; value=&quot;Desktop&quot; ParameterBinding(Out-Default): name=&quot;InputObject&quot;; value=&quot;Documents&quot; ParameterBinding(Out-Default): name=&quot;InputObject&quot;; value=&quot;Downloads&quot; ParameterBinding(Out-Default): name=&quot;InputObject&quot;; value=&quot;Favorites&quot; ParameterBinding(Out-Default): name=&quot;InputObject&quot;; value=&quot;Links&quot; ParameterBinding(Out-Default): name=&quot;InputObject&quot;; value=&quot;Music&quot; ParameterBinding(Out-Default): name=&quot;InputObject&quot;; value=&quot;OneDrive&quot; ParameterBinding(Out-Default): name=&quot;InputObject&quot;; value=&quot;Pictures&quot; ParameterBinding(Out-Default): name=&quot;InputObject&quot;; value=&quot;Saved Games&quot; ParameterBinding(Out-Default): name=&quot;InputObject&quot;; value=&quot;Searches&quot; ParameterBinding(Out-Default): name=&quot;InputObject&quot;; value=&quot;Videos&quot; ParameterBinding(Out-Default): name=&quot;InputObject&quot;; value=&quot;.vbox_version&quot; ParameterBinding(Out-Default): name=&quot;InputObject&quot;; value=&quot;UsersIEUserDesktoptest.txt&quot;&lt;/Data&gt; 
  &lt;/EventData&gt;
  &lt;/Event&gt;</rich_text></node></node><node custom_icon_id="0" foreground="" is_bold="False" name="Sysmon Logs" prog_lang="custom-colors" readonly="False" tags="" ts_creation="1562145431.74" ts_lastsave="1562145450.45" unique_id="174"><rich_text></rich_text><node custom_icon_id="0" foreground="" is_bold="False" name="1.1. 1 - Process Create (rule: ProcessCreate)" prog_lang="xml" readonly="True" tags="" ts_creation="1562145450.46" ts_lastsave="1562145516.68" unique_id="175"><rich_text>- &lt;Event xmlns=&quot;http://schemas.microsoft.com/win/2004/08/events/event&quot;&gt;
- &lt;System&gt;
      &lt;Provider Name=&quot;Microsoft-Windows-Sysmon&quot; Guid=&quot;{5770385f-c22a-43e0-bf4c-06f5698ffbd9}&quot; /&gt; 
      &lt;EventID&gt;1&lt;/EventID&gt; 
      &lt;Version&gt;5&lt;/Version&gt; 
      &lt;Level&gt;4&lt;/Level&gt; 
      &lt;Task&gt;1&lt;/Task&gt; 
      &lt;Opcode&gt;0&lt;/Opcode&gt; 
      &lt;Keywords&gt;0x8000000000000000&lt;/Keywords&gt; 
      &lt;TimeCreated SystemTime=&quot;2019-07-03T09:15:28.007496300Z&quot; /&gt; 
      &lt;EventRecordID&gt;6077&lt;/EventRecordID&gt; 
      &lt;Correlation /&gt; 
      &lt;Execution ProcessID=&quot;3412&quot; ThreadID=&quot;4020&quot; /&gt; 
      &lt;Channel&gt;Microsoft-Windows-Sysmon/Operational&lt;/Channel&gt; 
      &lt;Computer&gt;MSEDGEWIN10&lt;/Computer&gt; 
      &lt;Security UserID=&quot;S-1-5-18&quot; /&gt; 
  &lt;/System&gt;
- &lt;EventData&gt;
      &lt;Data Name=&quot;RuleName&quot; /&gt; 
      &lt;Data Name=&quot;UtcTime&quot;&gt;2019-07-03 09:15:28.004&lt;/Data&gt; 
      &lt;Data Name=&quot;ProcessGuid&quot;&gt;{747f3d96-7230-5d1c-0000-001096493100}&lt;/Data&gt; 
      &lt;Data Name=&quot;ProcessId&quot;&gt;5836&lt;/Data&gt; 
      &lt;Data Name=&quot;Image&quot;&gt;C:\Windows\System32\winrshost.exe&lt;/Data&gt; 
      &lt;Data Name=&quot;FileVersion&quot;&gt;10.0.17763.1 (WinBuild.160101.0800)&lt;/Data&gt; 
      &lt;Data Name=&quot;Description&quot;&gt;Host Process for WinRM's Remote Shell plugin&lt;/Data&gt; 
      &lt;Data Name=&quot;Product&quot;&gt;Microsoft® Windows® Operating System&lt;/Data&gt; 
      &lt;Data Name=&quot;Company&quot;&gt;Microsoft Corporation&lt;/Data&gt; 
      &lt;Data Name=&quot;OriginalFileName&quot;&gt;winrshost.exe&lt;/Data&gt; 
      &lt;Data Name=&quot;CommandLine&quot;&gt;C:\Windows\system32\WinrsHost.exe -Embedding&lt;/Data&gt; 
      &lt;Data Name=&quot;CurrentDirectory&quot;&gt;C:\Windows\system32\&lt;/Data&gt; 
      &lt;Data Name=&quot;User&quot;&gt;MSEDGEWIN10\IEUser&lt;/Data&gt; 
      &lt;Data Name=&quot;LogonGuid&quot;&gt;{747f3d96-722f-5d1c-0000-002086463100}&lt;/Data&gt; 
      &lt;Data Name=&quot;LogonId&quot;&gt;0x314686&lt;/Data&gt; 
      &lt;Data Name=&quot;TerminalSessionId&quot;&gt;0&lt;/Data&gt; 
      &lt;Data Name=&quot;IntegrityLevel&quot;&gt;High&lt;/Data&gt; 
      &lt;Data Name=&quot;Hashes&quot;&gt;MD5=BF647BDF510B2504A3503E075A0E5ECF,SHA256=401441DB1DBE8189EB5CF230714D8271F10F1023E893901C6DB95E6325B46884&lt;/Data&gt; 
      &lt;Data Name=&quot;ParentProcessGuid&quot;&gt;{00000000-0000-0000-0000-000000000000}&lt;/Data&gt; 
      &lt;Data Name=&quot;ParentProcessId&quot;&gt;844&lt;/Data&gt; 
      &lt;Data Name=&quot;ParentImage&quot;&gt;?&lt;/Data&gt; 
      &lt;Data Name=&quot;ParentCommandLine&quot;&gt;?&lt;/Data&gt; 
  &lt;/EventData&gt;
  &lt;/Event&gt;</rich_text></node><node custom_icon_id="0" foreground="" is_bold="False" name="1.2. 1 - Process Create (rule: ProcessCreate)" prog_lang="xml" readonly="True" tags="" ts_creation="1562145483.73" ts_lastsave="1562145549.19" unique_id="176"><rich_text>- &lt;Event xmlns=&quot;http://schemas.microsoft.com/win/2004/08/events/event&quot;&gt;
- &lt;System&gt;
      &lt;Provider Name=&quot;Microsoft-Windows-Sysmon&quot; Guid=&quot;{5770385f-c22a-43e0-bf4c-06f5698ffbd9}&quot; /&gt; 
      &lt;EventID&gt;1&lt;/EventID&gt; 
      &lt;Version&gt;5&lt;/Version&gt; 
      &lt;Level&gt;4&lt;/Level&gt; 
      &lt;Task&gt;1&lt;/Task&gt; 
      &lt;Opcode&gt;0&lt;/Opcode&gt; 
      &lt;Keywords&gt;0x8000000000000000&lt;/Keywords&gt; 
      &lt;TimeCreated SystemTime=&quot;2019-07-03T09:15:28.039066100Z&quot; /&gt; 
      &lt;EventRecordID&gt;6078&lt;/EventRecordID&gt; 
      &lt;Correlation /&gt; 
      &lt;Execution ProcessID=&quot;3412&quot; ThreadID=&quot;4020&quot; /&gt; 
      &lt;Channel&gt;Microsoft-Windows-Sysmon/Operational&lt;/Channel&gt; 
      &lt;Computer&gt;MSEDGEWIN10&lt;/Computer&gt; 
      &lt;Security UserID=&quot;S-1-5-18&quot; /&gt; 
  &lt;/System&gt;
- &lt;EventData&gt;
      &lt;Data Name=&quot;RuleName&quot; /&gt; 
      &lt;Data Name=&quot;UtcTime&quot;&gt;2019-07-03 09:15:28.036&lt;/Data&gt; 
      &lt;Data Name=&quot;ProcessGuid&quot;&gt;{747f3d96-7230-5d1c-0000-00100d4e3100}&lt;/Data&gt; 
      &lt;Data Name=&quot;ProcessId&quot;&gt;5136&lt;/Data&gt; 
      &lt;Data Name=&quot;Image&quot;&gt;C:\Windows\System32\cmd.exe&lt;/Data&gt; 
      &lt;Data Name=&quot;FileVersion&quot;&gt;10.0.17763.1 (WinBuild.160101.0800)&lt;/Data&gt; 
      &lt;Data Name=&quot;Description&quot;&gt;Windows Command Processor&lt;/Data&gt; 
      &lt;Data Name=&quot;Product&quot;&gt;Microsoft® Windows® Operating System&lt;/Data&gt; 
      &lt;Data Name=&quot;Company&quot;&gt;Microsoft Corporation&lt;/Data&gt; 
      &lt;Data Name=&quot;OriginalFileName&quot;&gt;Cmd.Exe&lt;/Data&gt; 
      &lt;Data Name=&quot;CommandLine&quot;&gt;C:\Windows\system32\cmd.exe /C powershell.exe&lt;/Data&gt; 
      &lt;Data Name=&quot;CurrentDirectory&quot;&gt;C:\Users\IEUser\&lt;/Data&gt; 
      &lt;Data Name=&quot;User&quot;&gt;MSEDGEWIN10\IEUser&lt;/Data&gt; 
      &lt;Data Name=&quot;LogonGuid&quot;&gt;{747f3d96-722f-5d1c-0000-002086463100}&lt;/Data&gt; 
      &lt;Data Name=&quot;LogonId&quot;&gt;0x314686&lt;/Data&gt; 
      &lt;Data Name=&quot;TerminalSessionId&quot;&gt;0&lt;/Data&gt; 
      &lt;Data Name=&quot;IntegrityLevel&quot;&gt;High&lt;/Data&gt; 
      &lt;Data Name=&quot;Hashes&quot;&gt;MD5=0D088F5BCFA8F086FBA163647CD80CAB,SHA256=9023F8AAEDA4A1DA45AC477A81B5BBE4128E413F19A0ABFA3715465AD66ED5CD&lt;/Data&gt; 
      &lt;Data Name=&quot;ParentProcessGuid&quot;&gt;{747f3d96-7230-5d1c-0000-001096493100}&lt;/Data&gt; 
      &lt;Data Name=&quot;ParentProcessId&quot;&gt;5836&lt;/Data&gt; 
      &lt;Data Name=&quot;ParentImage&quot;&gt;C:\Windows\System32\winrshost.exe&lt;/Data&gt; 
      &lt;Data Name=&quot;ParentCommandLine&quot;&gt;C:\Windows\system32\WinrsHost.exe -Embedding&lt;/Data&gt; 
  &lt;/EventData&gt;
  &lt;/Event&gt;</rich_text></node><node custom_icon_id="0" foreground="" is_bold="False" name="1.3. 1 - Process Create (rule: ProcessCreate)" prog_lang="xml" readonly="True" tags="" ts_creation="1562145485.2" ts_lastsave="1562145568.82" unique_id="177"><rich_text>- &lt;Event xmlns=&quot;http://schemas.microsoft.com/win/2004/08/events/event&quot;&gt;
- &lt;System&gt;
      &lt;Provider Name=&quot;Microsoft-Windows-Sysmon&quot; Guid=&quot;{5770385f-c22a-43e0-bf4c-06f5698ffbd9}&quot; /&gt; 
      &lt;EventID&gt;1&lt;/EventID&gt; 
      &lt;Version&gt;5&lt;/Version&gt; 
      &lt;Level&gt;4&lt;/Level&gt; 
      &lt;Task&gt;1&lt;/Task&gt; 
      &lt;Opcode&gt;0&lt;/Opcode&gt; 
      &lt;Keywords&gt;0x8000000000000000&lt;/Keywords&gt; 
      &lt;TimeCreated SystemTime=&quot;2019-07-03T09:15:28.047779800Z&quot; /&gt; 
      &lt;EventRecordID&gt;6079&lt;/EventRecordID&gt; 
      &lt;Correlation /&gt; 
      &lt;Execution ProcessID=&quot;3412&quot; ThreadID=&quot;4020&quot; /&gt; 
      &lt;Channel&gt;Microsoft-Windows-Sysmon/Operational&lt;/Channel&gt; 
      &lt;Computer&gt;MSEDGEWIN10&lt;/Computer&gt; 
      &lt;Security UserID=&quot;S-1-5-18&quot; /&gt; 
  &lt;/System&gt;
- &lt;EventData&gt;
      &lt;Data Name=&quot;RuleName&quot; /&gt; 
      &lt;Data Name=&quot;UtcTime&quot;&gt;2019-07-03 09:15:28.043&lt;/Data&gt; 
      &lt;Data Name=&quot;ProcessGuid&quot;&gt;{747f3d96-7230-5d1c-0000-0010604f3100}&lt;/Data&gt; 
      &lt;Data Name=&quot;ProcessId&quot;&gt;2880&lt;/Data&gt; 
      &lt;Data Name=&quot;Image&quot;&gt;C:\Windows\System32\WindowsPowerShell\v1.0\powershell.exe&lt;/Data&gt; 
      &lt;Data Name=&quot;FileVersion&quot;&gt;10.0.17763.1 (WinBuild.160101.0800)&lt;/Data&gt; 
      &lt;Data Name=&quot;Description&quot;&gt;Windows PowerShell&lt;/Data&gt; 
      &lt;Data Name=&quot;Product&quot;&gt;Microsoft® Windows® Operating System&lt;/Data&gt; 
      &lt;Data Name=&quot;Company&quot;&gt;Microsoft Corporation&lt;/Data&gt; 
      &lt;Data Name=&quot;OriginalFileName&quot;&gt;PowerShell.EXE&lt;/Data&gt; 
      &lt;Data Name=&quot;CommandLine&quot;&gt;powershell.exe&lt;/Data&gt; 
      &lt;Data Name=&quot;CurrentDirectory&quot;&gt;C:\Users\IEUser\&lt;/Data&gt; 
      &lt;Data Name=&quot;User&quot;&gt;MSEDGEWIN10\IEUser&lt;/Data&gt; 
      &lt;Data Name=&quot;LogonGuid&quot;&gt;{747f3d96-722f-5d1c-0000-002086463100}&lt;/Data&gt; 
      &lt;Data Name=&quot;LogonId&quot;&gt;0x314686&lt;/Data&gt; 
      &lt;Data Name=&quot;TerminalSessionId&quot;&gt;0&lt;/Data&gt; 
      &lt;Data Name=&quot;IntegrityLevel&quot;&gt;High&lt;/Data&gt; 
      &lt;Data Name=&quot;Hashes&quot;&gt;MD5=7353F60B1739074EB17C5F4DDDEFE239,SHA256=DE96A6E69944335375DC1AC238336066889D9FFC7D73628EF4FE1B1B160AB32C&lt;/Data&gt; 
      &lt;Data Name=&quot;ParentProcessGuid&quot;&gt;{747f3d96-7230-5d1c-0000-00100d4e3100}&lt;/Data&gt; 
      &lt;Data Name=&quot;ParentProcessId&quot;&gt;5136&lt;/Data&gt; 
      &lt;Data Name=&quot;ParentImage&quot;&gt;C:\Windows\System32\cmd.exe&lt;/Data&gt; 
      &lt;Data Name=&quot;ParentCommandLine&quot;&gt;C:\Windows\system32\cmd.exe /C powershell.exe&lt;/Data&gt; 
  &lt;/EventData&gt;
  &lt;/Event&gt;</rich_text></node><node custom_icon_id="0" foreground="" is_bold="False" name="1.4. 11 - File created (rule: FIleCreate)" prog_lang="xml" readonly="True" tags="" ts_creation="1562145506.04" ts_lastsave="1562145599.27" unique_id="178"><rich_text>- &lt;Event xmlns=&quot;http://schemas.microsoft.com/win/2004/08/events/event&quot;&gt;
+ &lt;System&gt;
      &lt;Provider Name=&quot;Microsoft-Windows-Sysmon&quot; Guid=&quot;{5770385f-c22a-43e0-bf4c-06f5698ffbd9}&quot; /&gt; 
      &lt;EventID&gt;11&lt;/EventID&gt; 
      &lt;Version&gt;2&lt;/Version&gt; 
      &lt;Level&gt;4&lt;/Level&gt; 
      &lt;Task&gt;11&lt;/Task&gt; 
      &lt;Opcode&gt;0&lt;/Opcode&gt; 
      &lt;Keywords&gt;0x8000000000000000&lt;/Keywords&gt; 
      &lt;TimeCreated SystemTime=&quot;2019-07-03T09:15:28.118747000Z&quot; /&gt; 
      &lt;EventRecordID&gt;6080&lt;/EventRecordID&gt; 
      &lt;Correlation /&gt; 
      &lt;Execution ProcessID=&quot;3412&quot; ThreadID=&quot;4020&quot; /&gt; 
      &lt;Channel&gt;Microsoft-Windows-Sysmon/Operational&lt;/Channel&gt; 
      &lt;Computer&gt;MSEDGEWIN10&lt;/Computer&gt; 
      &lt;Security UserID=&quot;S-1-5-18&quot; /&gt; 
  &lt;/System&gt;
- &lt;EventData&gt;
      &lt;Data Name=&quot;RuleName&quot; /&gt; 
      &lt;Data Name=&quot;UtcTime&quot;&gt;2019-07-03 09:15:28.072&lt;/Data&gt; 
      &lt;Data Name=&quot;ProcessGuid&quot;&gt;{747f3d96-7230-5d1c-0000-0010604f3100}&lt;/Data&gt; 
      &lt;Data Name=&quot;ProcessId&quot;&gt;2880&lt;/Data&gt; 
      &lt;Data Name=&quot;Image&quot;&gt;C:\Windows\System32\WindowsPowerShell\v1.0\powershell.exe&lt;/Data&gt; 
      &lt;Data Name=&quot;TargetFilename&quot;&gt;C:\Users\IEUser\AppData\Local\Temp\__PSScriptPolicyTest_yl14oerm.h2d.ps1&lt;/Data&gt; 
      &lt;Data Name=&quot;CreationUtcTime&quot;&gt;2019-07-03 09:15:28.072&lt;/Data&gt; 
  &lt;/EventData&gt;
  &lt;/Event&gt;</rich_text></node><node custom_icon_id="0" foreground="" is_bold="False" name="2.a.1. 1 - Process Create (rule: ProcessCreate)" prog_lang="xml" readonly="True" tags="" ts_creation="1562145767.86" ts_lastsave="1562145774.34" unique_id="179"><rich_text>- &lt;Event xmlns=&quot;http://schemas.microsoft.com/win/2004/08/events/event&quot;&gt;
- &lt;System&gt;
      &lt;Provider Name=&quot;Microsoft-Windows-Sysmon&quot; Guid=&quot;{5770385f-c22a-43e0-bf4c-06f5698ffbd9}&quot; /&gt; 
      &lt;EventID&gt;1&lt;/EventID&gt; 
      &lt;Version&gt;5&lt;/Version&gt; 
      &lt;Level&gt;4&lt;/Level&gt; 
      &lt;Task&gt;1&lt;/Task&gt; 
      &lt;Opcode&gt;0&lt;/Opcode&gt; 
      &lt;Keywords&gt;0x8000000000000000&lt;/Keywords&gt; 
      &lt;TimeCreated SystemTime=&quot;2019-07-03T09:21:19.717435700Z&quot; /&gt; 
      &lt;EventRecordID&gt;6089&lt;/EventRecordID&gt; 
      &lt;Correlation /&gt; 
      &lt;Execution ProcessID=&quot;3412&quot; ThreadID=&quot;4020&quot; /&gt; 
      &lt;Channel&gt;Microsoft-Windows-Sysmon/Operational&lt;/Channel&gt; 
      &lt;Computer&gt;MSEDGEWIN10&lt;/Computer&gt; 
      &lt;Security UserID=&quot;S-1-5-18&quot; /&gt; 
  &lt;/System&gt;
- &lt;EventData&gt;
      &lt;Data Name=&quot;RuleName&quot; /&gt; 
      &lt;Data Name=&quot;UtcTime&quot;&gt;2019-07-03 09:21:19.715&lt;/Data&gt; 
      &lt;Data Name=&quot;ProcessGuid&quot;&gt;{747f3d96-738f-5d1c-0000-0010a6663300}&lt;/Data&gt; 
      &lt;Data Name=&quot;ProcessId&quot;&gt;2964&lt;/Data&gt; 
      &lt;Data Name=&quot;Image&quot;&gt;C:\Windows\System32\whoami.exe&lt;/Data&gt; 
      &lt;Data Name=&quot;FileVersion&quot;&gt;10.0.17763.1 (WinBuild.160101.0800)&lt;/Data&gt; 
      &lt;Data Name=&quot;Description&quot;&gt;whoami - displays logged on user information&lt;/Data&gt; 
      &lt;Data Name=&quot;Product&quot;&gt;Microsoft® Windows® Operating System&lt;/Data&gt; 
      &lt;Data Name=&quot;Company&quot;&gt;Microsoft Corporation&lt;/Data&gt; 
      &lt;Data Name=&quot;OriginalFileName&quot;&gt;whoami.exe&lt;/Data&gt; 
      &lt;Data Name=&quot;CommandLine&quot;&gt;&quot;C:\Windows\system32\whoami.exe&quot;&lt;/Data&gt; 
      &lt;Data Name=&quot;CurrentDirectory&quot;&gt;C:\Users\IEUser\&lt;/Data&gt; 
      &lt;Data Name=&quot;User&quot;&gt;MSEDGEWIN10\IEUser&lt;/Data&gt; 
      &lt;Data Name=&quot;LogonGuid&quot;&gt;{747f3d96-738a-5d1c-0000-00208c2a3300}&lt;/Data&gt; 
      &lt;Data Name=&quot;LogonId&quot;&gt;0x332a8c&lt;/Data&gt; 
      &lt;Data Name=&quot;TerminalSessionId&quot;&gt;0&lt;/Data&gt; 
      &lt;Data Name=&quot;IntegrityLevel&quot;&gt;High&lt;/Data&gt; 
      &lt;Data Name=&quot;Hashes&quot;&gt;MD5=43C2D3293AD939241DF61B3630A9D3B6,SHA256=1D5491E3C468EE4B4EF6EDFF4BBC7D06EE83180F6F0B1576763EA2EFE049493A&lt;/Data&gt; 
      &lt;Data Name=&quot;ParentProcessGuid&quot;&gt;{747f3d96-738a-5d1c-0000-001060333300}&lt;/Data&gt; 
      &lt;Data Name=&quot;ParentProcessId&quot;&gt;5920&lt;/Data&gt; 
      &lt;Data Name=&quot;ParentImage&quot;&gt;C:\Windows\System32\WindowsPowerShell\v1.0\powershell.exe&lt;/Data&gt; 
      &lt;Data Name=&quot;ParentCommandLine&quot;&gt;powershell.exe&lt;/Data&gt; 
  &lt;/EventData&gt;
  &lt;/Event&gt;</rich_text></node></node></node></node></cherrytree>