- &lt;System&gt;
      &lt;Provider Name=&quot;Microsoft-Windows-Sysmon&quot; Guid=&quot;{5770385f-c22a-43e0-bf4c-06f5698ffbd9}&quot; /&gt; 
      &lt;EventID&gt;11&lt;/EventID&gt; 
      &lt;Version&gt;2&lt;/Version&gt; 
      &lt;Level&gt;4&lt;/Level&gt; 
      &lt;Task&gt;11&lt;/Task&gt; 
      &lt;Opcode&gt;0&lt;/Opcode&gt; 
      &lt;Keywords&gt;0x8000000000000000&lt;/Keywords&gt; 
      &lt;TimeCreated SystemTime=&quot;2019-07-05T04:09:42.823403400Z&quot; /&gt; 
      &lt;EventRecordID&gt;6687&lt;/EventRecordID&gt; 
      &lt;Correlation /&gt; 
      &lt;Execution ProcessID=&quot;3200&quot; ThreadID=&quot;4092&quot; /&gt; 
      &lt;Channel&gt;Microsoft-Windows-Sysmon/Operational&lt;/Channel&gt; 
      &lt;Computer&gt;MSEDGEWIN10&lt;/Computer&gt; 
      &lt;Security UserID=&quot;S-1-5-18&quot; /&gt; 
  &lt;/System&gt;
- &lt;EventData&gt;
      &lt;Data Name=&quot;RuleName&quot; /&gt; 
      &lt;Data Name=&quot;UtcTime&quot;&gt;2019-07-05 04:09:42.675&lt;/Data&gt; 
      &lt;Data Name=&quot;ProcessGuid&quot;&gt;{747f3d96-cd84-5d1e-0000-0010edfb3b00}&lt;/Data&gt; 
      &lt;Data Name=&quot;ProcessId&quot;&gt;4176&lt;/Data&gt; 
      &lt;Data Name=&quot;Image&quot;&gt;C:\Windows\SysWOW64\WindowsPowerShell\v1.0\PowerShell.exe&lt;/Data&gt; 
      &lt;Data Name=&quot;TargetFilename&quot;&gt;C:\Windows\Temp\__PSScriptPolicyTest_cvs3flsy.1rl.ps1&lt;/Data&gt; 
      &lt;Data Name=&quot;CreationUtcTime&quot;&gt;2019-07-05 04:09:42.675&lt;/Data&gt; 
  &lt;/EventData&gt;
  &lt;/Event&gt;</rich_text></node><node custom_icon_id="0" foreground="" is_bold="False" name="7. 1 - Process Create (rule: ProcessCreate)" prog_lang="xml" readonly="True" tags="" ts_creation="1562300001.36" ts_lastsave="1562300156.03" unique_id="198"><rich_text>- &lt;Event xmlns=&quot;http://schemas.microsoft.com/win/2004/08/events/event&quot;&gt;
- &lt;System&gt;
      &lt;Provider Name=&quot;Microsoft-Windows-Sysmon&quot; Guid=&quot;{5770385f-c22a-43e0-bf4c-06f5698ffbd9}&quot; /&gt; 
      &lt;EventID&gt;1&lt;/EventID&gt; 
      &lt;Version&gt;5&lt;/Version&gt; 
      &lt;Level&gt;4&lt;/Level&gt; 
      &lt;Task&gt;1&lt;/Task&gt; 
      &lt;Opcode&gt;0&lt;/Opcode&gt; 
      &lt;Keywords&gt;0x8000000000000000&lt;/Keywords&gt; 
      &lt;TimeCreated SystemTime=&quot;2019-07-05T04:09:44.860511800Z&quot; /&gt; 
      &lt;EventRecordID&gt;6688&lt;/EventRecordID&gt; 
      &lt;Correlation /&gt; 
      &lt;Execution ProcessID=&quot;3200&quot; ThreadID=&quot;4092&quot; /&gt; 
      &lt;Channel&gt;Microsoft-Windows-Sysmon/Operational&lt;/Channel&gt; 
      &lt;Computer&gt;MSEDGEWIN10&lt;/Computer&gt; 
      &lt;Security UserID=&quot;S-1-5-18&quot; /&gt; 
  &lt;/System&gt;
- &lt;EventData&gt;
      &lt;Data Name=&quot;RuleName&quot; /&gt; 
      &lt;Data Name=&quot;UtcTime&quot;&gt;2019-07-05 04:09:44.849&lt;/Data&gt; 
      &lt;Data Name=&quot;ProcessGuid&quot;&gt;{747f3d96-cd88-5d1e-0000-0010db193c00}&lt;/Data&gt; 
      &lt;Data Name=&quot;ProcessId&quot;&gt;5256&lt;/Data&gt; 
      &lt;Data Name=&quot;Image&quot;&gt;C:\Windows\SysWOW64\whoami.exe&lt;/Data&gt; 
      &lt;Data Name=&quot;FileVersion&quot;&gt;10.0.17763.1 (WinBuild.160101.0800)&lt;/Data&gt; 
      &lt;Data Name=&quot;Description&quot;&gt;whoami - displays logged on user information&lt;/Data&gt; 
      &lt;Data Name=&quot;Product&quot;&gt;Microsoft® Windows® Operating System&lt;/Data&gt; 
      &lt;Data Name=&quot;Company&quot;&gt;Microsoft Corporation&lt;/Data&gt; 
      &lt;Data Name=&quot;OriginalFileName&quot;&gt;whoami.exe&lt;/Data&gt; 
      &lt;Data Name=&quot;CommandLine&quot;&gt;&quot;C:\Windows\system32\whoami.exe&quot;&lt;/Data&gt; 
      &lt;Data Name=&quot;CurrentDirectory&quot;&gt;C:\Windows\system32\&lt;/Data&gt; 
      &lt;Data Name=&quot;User&quot;&gt;NT AUTHORITY\SYSTEM&lt;/Data&gt; 
      &lt;Data Name=&quot;LogonGuid&quot;&gt;{747f3d96-8fdc-5d1f-0000-0020e7030000}&lt;/Data&gt; 
      &lt;Data Name=&quot;LogonId&quot;&gt;0x3e7&lt;/Data&gt; 
      &lt;Data Name=&quot;TerminalSessionId&quot;&gt;0&lt;/Data&gt; 
      &lt;Data Name=&quot;IntegrityLevel&quot;&gt;System&lt;/Data&gt; 
      &lt;Data Name=&quot;Hashes&quot;&gt;MD5=B17EB327F33729DB69E97F0A09839EE7,SHA256=075FA41E449213910F6D45F5713FEF8ED71EA913C1EBE594407894141F103D64&lt;/Data&gt; 
      &lt;Data Name=&quot;ParentProcessGuid&quot;&gt;{747f3d96-cd84-5d1e-0000-0010edfb3b00}&lt;/Data&gt; 
      &lt;Data Name=&quot;ParentProcessId&quot;&gt;4176&lt;/Data&gt; 
      &lt;Data Name=&quot;ParentImage&quot;&gt;C:\Windows\SysWOW64\WindowsPowerShell\v1.0\powershell.exe&lt;/Data&gt; 
      &lt;Data Name=&quot;ParentCommandLine&quot;&gt;PowerShell -c &quot;whoami&quot;&lt;/Data&gt; 
  &lt;/EventData&gt;
  &lt;/Event&gt;</rich_text></node><node custom_icon_id="0" foreground="" is_bold="False" name="8. 13 - Registry value set (rule: RegistryEvent)" prog_lang="xml" readonly="True" tags="" ts_creation="1562299982.48" ts_lastsave="1562303443.77" unique_id="203"><rich_text>- &lt;Event xmlns=&quot;http://schemas.microsoft.com/win/2004/08/events/event&quot;&gt;
- &lt;System&gt;
      &lt;Provider Name=&quot;Microsoft-Windows-Sysmon&quot; Guid=&quot;{5770385f-c22a-43e0-bf4c-06f5698ffbd9}&quot; /&gt; 
      &lt;EventID&gt;13&lt;/EventID&gt; 
      &lt;Version&gt;2&lt;/Version&gt; 
      &lt;Level&gt;4&lt;/Level&gt; 
      &lt;Task&gt;13&lt;/Task&gt; 
      &lt;Opcode&gt;0&lt;/Opcode&gt; 
      &lt;Keywords&gt;0x8000000000000000&lt;/Keywords&gt; 
      &lt;TimeCreated SystemTime=&quot;2019-07-05T04:09:45.099443900Z&quot; /&gt; 
      &lt;EventRecordID&gt;6689&lt;/EventRecordID&gt; 
      &lt;Correlation /&gt; 
      &lt;Execution ProcessID=&quot;3200&quot; ThreadID=&quot;4092&quot; /&gt; 
      &lt;Channel&gt;Microsoft-Windows-Sysmon/Operational&lt;/Channel&gt; 
      &lt;Computer&gt;MSEDGEWIN10&lt;/Computer&gt; 
      &lt;Security UserID=&quot;S-1-5-18&quot; /&gt; 
  &lt;/System&gt;
- &lt;EventData&gt;
      &lt;Data Name=&quot;RuleName&quot; /&gt; 
      &lt;Data Name=&quot;EventType&quot;&gt;SetValue&lt;/Data&gt; 
      &lt;Data Name=&quot;UtcTime&quot;&gt;2019-07-05 04:09:45.089&lt;/Data&gt; 
      &lt;Data Name=&quot;ProcessGuid&quot;&gt;{747f3d96-8fdc-5d1f-0000-0010a0530000}&lt;/Data&gt; 
      &lt;Data Name=&quot;ProcessId&quot;&gt;684&lt;/Data&gt; 
      &lt;Data Name=&quot;Image&quot;&gt;C:\Windows\system32\services.exe&lt;/Data&gt; 
      &lt;Data Name=&quot;TargetObject&quot;&gt;HKLM\System\CurrentControlSet\Services\YlJB\Start&lt;/Data&gt; 
      &lt;Data Name=&quot;Details&quot;&gt;DWORD (0x00000004)&lt;/Data&gt; 
  &lt;/EventData&gt;
  &lt;/Event&gt;</rich_text></node></node></node></node></cherrytree>