</rich_text></node><node custom_icon_id="0" foreground="" is_bold="False" name="23. 800 - Pipeline Execution Details" prog_lang="xml" readonly="True" tags="" ts_creation="1561548423.07" ts_lastsave="1561604597.85" unique_id="89"><rich_text>- &lt;Event xmlns=&quot;http://schemas.microsoft.com/win/2004/08/events/event&quot;&gt;
- &lt;System&gt;
      &lt;Provider Name=&quot;PowerShell&quot; /&gt; 
      &lt;EventID Qualifiers=&quot;0&quot;&gt;800&lt;/EventID&gt; 
      &lt;Level&gt;4&lt;/Level&gt; 
      &lt;Task&gt;8&lt;/Task&gt; 
      &lt;Keywords&gt;0x80000000000000&lt;/Keywords&gt; 
      &lt;TimeCreated SystemTime=&quot;2019-06-26T10:43:10.425493400Z&quot; /&gt; 
      &lt;EventRecordID&gt;4557&lt;/EventRecordID&gt; 
      &lt;Channel&gt;Windows PowerShell&lt;/Channel&gt; 
      &lt;Computer&gt;MSEDGEWIN10&lt;/Computer&gt; 
      &lt;Security /&gt; 
  &lt;/System&gt;
- &lt;EventData&gt;
      &lt;Data&gt;Invoke-Expression $(New-Object IO.StreamReader ($(New-Object IO.Compression.DeflateStream ($(New-Object IO.MemoryStream (,$([Convert]::FromBase64String('c08t0XXOyMxJ8SxJzVVwtooJLU4tKo7xdAXR+i6pxdkl+QW8XAA=')))), [IO.Compression.CompressionMode]::Decompress)), [Text.Encoding]::ASCII)).ReadToEnd();&lt;/Data&gt; 
      &lt;Data&gt;DetailSequence=1 DetailTotal=1 SequenceNumber=23 UserId=MSEDGEWIN10\IEUser HostName=ConsoleHost HostVersion=5.1.17763.316 HostId=7ed7754b-4803-4a45-975a-55708008803e HostApplication=C:\Windows\System32\WindowsPowerShell\v1.0\powershell.exe -enc SQBuAHYAbwBrAGUALQBFAHgAcAByAGUAcwBzAGkAbwBuACAAJAAoAE4AZQB3AC0ATwBiAGoAZQBjAHQAIABJAE8ALgBTAHQAcgBlAGEAbQBSAGUAYQBkAGUAcgAgACgAJAAoAE4AZQB3AC0ATwBiAGoAZQBjAHQAIABJAE8ALgBDAG8AbQBwAHIAZQBzAHMAaQBvAG4ALgBEAGUAZgBsAGEAdABlAFMAdAByAGUAYQBtACAAKAAkACgATgBlAHcALQBPAGIAagBlAGMAdAAgAEkATwAuAE0AZQBtAG8AcgB5AFMAdAByAGUAYQBtACAAKAAsACQAKABbAEMAbwBuAHYAZQByAHQAXQA6ADoARgByAG8AbQBCAGEAcwBlADYANABTAHQAcgBpAG4AZwAoACcAYwAwADgAdAAwAFgAWABPAHkATQB4AEoAOABTAHgASgB6AFYAVgB3AHQAbwBvAEoATABVADQAdABLAG8ANwB4AGQAQQBYAFIAKwBpADYAcAB4AGQAawBsACsAUQBXADgAWABBAEEAPQAnACkAKQApACkALAAgAFsASQBPAC4AQwBvAG0AcAByAGUAcwBzAGkAbwBuAC4AQwBvAG0AcAByAGUAcwBzAGkAbwBuAE0AbwBkAGUAXQA6ADoARABlAGMAbwBtAHAAcgBlAHMAcwApACkALAAgAFsAVABlAHgAdAAuAEUAbgBjAG8AZABpAG4AZwBdADoAOgBBAFMAQwBJAEkAKQApAC4AUgBlAGEAZABUAG8ARQBuAGQAKAApADsA EngineVersion=5.1.17763.316 RunspaceId=e3677fb3-97c8-4c9d-a381-356e3335a720 PipelineId=1 ScriptName= CommandLine=Invoke-Expression $(New-Object IO.StreamReader ($(New-Object IO.Compression.DeflateStream ($(New-Object IO.MemoryStream (,$([Convert]::FromBase64String('c08t0XXOyMxJ8SxJzVVwtooJLU4tKo7xdAXR+i6pxdkl+QW8XAA=')))), [IO.Compression.CompressionMode]::Decompress)), [Text.Encoding]::ASCII)).ReadToEnd();&lt;/Data&gt; 
      &lt;Data&gt;CommandInvocation(Invoke-Expression): &quot;Invoke-Expression&quot; ParameterBinding(Invoke-Expression): name=&quot;Command&quot;; value=&quot;Get-ChildItem C:\Users\IEUser/Desktop &quot;&lt;/Data&gt; 
  &lt;/EventData&gt;
  &lt;/Event&gt;</rich_text></node><node custom_icon_id="0" foreground="" is_bold="False" name="24. 800 - Pipeline Execution Details" prog_lang="xml" readonly="True" tags="" ts_creation="1561548423.34" ts_lastsave="1561604546.21" unique_id="90"><rich_text>- &lt;Event xmlns=&quot;http://schemas.microsoft.com/win/2004/08/events/event&quot;&gt;
- &lt;System&gt;
      &lt;Provider Name=&quot;PowerShell&quot; /&gt; 
      &lt;EventID Qualifiers=&quot;0&quot;&gt;800&lt;/EventID&gt; 
      &lt;Level&gt;4&lt;/Level&gt; 
      &lt;Task&gt;8&lt;/Task&gt; 
      &lt;Keywords&gt;0x80000000000000&lt;/Keywords&gt; 
      &lt;TimeCreated SystemTime=&quot;2019-06-26T10:43:10.425493400Z&quot; /&gt; 
      &lt;EventRecordID&gt;4558&lt;/EventRecordID&gt; 
      &lt;Channel&gt;Windows PowerShell&lt;/Channel&gt; 
      &lt;Computer&gt;MSEDGEWIN10&lt;/Computer&gt; 
      &lt;Security /&gt; 
  &lt;/System&gt;
- &lt;EventData&gt;
      &lt;Data /&gt; 
      &lt;Data&gt;DetailSequence=1 DetailTotal=1 SequenceNumber=25 UserId=MSEDGEWIN10\IEUser HostName=ConsoleHost HostVersion=5.1.17763.316 HostId=7ed7754b-4803-4a45-975a-55708008803e HostApplication=C:\Windows\System32\WindowsPowerShell\v1.0\powershell.exe -enc SQBuAHYAbwBrAGUALQBFAHgAcAByAGUAcwBzAGkAbwBuACAAJAAoAE4AZQB3AC0ATwBiAGoAZQBjAHQAIABJAE8ALgBTAHQAcgBlAGEAbQBSAGUAYQBkAGUAcgAgACgAJAAoAE4AZQB3AC0ATwBiAGoAZQBjAHQAIABJAE8ALgBDAG8AbQBwAHIAZQBzAHMAaQBvAG4ALgBEAGUAZgBsAGEAdABlAFMAdAByAGUAYQBtACAAKAAkACgATgBlAHcALQBPAGIAagBlAGMAdAAgAEkATwAuAE0AZQBtAG8AcgB5AFMAdAByAGUAYQBtACAAKAAsACQAKABbAEMAbwBuAHYAZQByAHQAXQA6ADoARgByAG8AbQBCAGEAcwBlADYANABTAHQAcgBpAG4AZwAoACcAYwAwADgAdAAwAFgAWABPAHkATQB4AEoAOABTAHgASgB6AFYAVgB3AHQAbwBvAEoATABVADQAdABLAG8ANwB4AGQAQQBYAFIAKwBpADYAcAB4AGQAawBsACsAUQBXADgAWABBAEEAPQAnACkAKQApACkALAAgAFsASQBPAC4AQwBvAG0AcAByAGUAcwBzAGkAbwBuAC4AQwBvAG0AcAByAGUAcwBzAGkAbwBuAE0AbwBkAGUAXQA6ADoARABlAGMAbwBtAHAAcgBlAHMAcwApACkALAAgAFsAVABlAHgAdAAuAEUAbgBjAG8AZABpAG4AZwBdADoAOgBBAFMAQwBJAEkAKQApAC4AUgBlAGEAZABUAG8ARQBuAGQAKAApADsA EngineVersion=5.1.17763.316 RunspaceId=e3677fb3-97c8-4c9d-a381-356e3335a720 PipelineId=1 ScriptName= CommandLine=&lt;/Data&gt; 
      &lt;Data&gt;CommandInvocation(Out-Default): &quot;Out-Default&quot; ParameterBinding(Out-Default): name=&quot;InputObject&quot;; value=&quot;nishang&quot; ParameterBinding(Out-Default): name=&quot;InputObject&quot;; value=&quot;eula.lnk&quot; ParameterBinding(Out-Default): name=&quot;InputObject&quot;; value=&quot;task.txt&quot;&lt;/Data&gt; 
  &lt;/EventData&gt;
  &lt;/Event&gt;</rich_text></node><node custom_icon_id="0" foreground="" is_bold="False" name="25. 800 - Pipeline Execution Details" prog_lang="xml" readonly="True" tags="" ts_creation="1561548423.62" ts_lastsave="1561604511.27" unique_id="91"><rich_text>- &lt;Event xmlns=&quot;http://schemas.microsoft.com/win/2004/08/events/event&quot;&gt;
- &lt;System&gt;
      &lt;Provider Name=&quot;PowerShell&quot; /&gt; 
      &lt;EventID Qualifiers=&quot;0&quot;&gt;800&lt;/EventID&gt; 
      &lt;Level&gt;4&lt;/Level&gt; 
      &lt;Task&gt;8&lt;/Task&gt; 
      &lt;Keywords&gt;0x80000000000000&lt;/Keywords&gt; 
      &lt;TimeCreated SystemTime=&quot;2019-06-26T10:43:10.441166700Z&quot; /&gt; 
      &lt;EventRecordID&gt;4560&lt;/EventRecordID&gt; 
      &lt;Channel&gt;Windows PowerShell&lt;/Channel&gt; 
      &lt;Computer&gt;MSEDGEWIN10&lt;/Computer&gt; 
      &lt;Security /&gt; 
  &lt;/System&gt;
+ &lt;EventData&gt;
      &lt;Data /&gt; 
      &lt;Data&gt;DetailSequence=1 DetailTotal=1 SequenceNumber=1262 UserId=MSEDGEWIN10\IEUser HostName=ConsoleHost HostVersion=5.1.17763.316 HostId=11317784-9a93-49c3-ad24-38207c8ad86b HostApplication=C:\Windows\System32\WindowsPowerShell\v1.0\powershell.exe EngineVersion=5.1.17763.316 RunspaceId=b2fccd1d-551c-4b60-bde6-bd2f08876ca9 PipelineId=122 ScriptName= CommandLine=&lt;/Data&gt; 
      &lt;Data&gt;CommandInvocation(Out-Default): &quot;Out-Default&quot;&lt;/Data&gt; 
  &lt;/EventData&gt;
  &lt;/Event&gt;</rich_text></node><node custom_icon_id="0" foreground="" is_bold="False" name="26. 800 - Pipeline Execution Details" prog_lang="xml" readonly="True" tags="" ts_creation="1561548423.88" ts_lastsave="1561604469.82" unique_id="92"><rich_text>- &lt;Event xmlns=&quot;http://schemas.microsoft.com/win/2004/08/events/event&quot;&gt;
- &lt;System&gt;
      &lt;Provider Name=&quot;PowerShell&quot; /&gt; 
      &lt;EventID Qualifiers=&quot;0&quot;&gt;800&lt;/EventID&gt; 
      &lt;Level&gt;4&lt;/Level&gt; 
      &lt;Task&gt;8&lt;/Task&gt; 
      &lt;Keywords&gt;0x80000000000000&lt;/Keywords&gt; 
      &lt;TimeCreated SystemTime=&quot;2019-06-26T10:43:10.441166700Z&quot; /&gt; 
      &lt;EventRecordID&gt;4561&lt;/EventRecordID&gt; 
      &lt;Channel&gt;Windows PowerShell&lt;/Channel&gt; 
      &lt;Computer&gt;MSEDGEWIN10&lt;/Computer&gt; 
      &lt;Security /&gt; 
  &lt;/System&gt;
- &lt;EventData&gt;
      &lt;Data&gt;Microsoft.PowerShell.Core\Set-StrictMode -Off&lt;/Data&gt; 
      &lt;Data&gt;DetailSequence=1 DetailTotal=1 SequenceNumber=1264 UserId=MSEDGEWIN10\IEUser HostName=ConsoleHost HostVersion=5.1.17763.316 HostId=11317784-9a93-49c3-ad24-38207c8ad86b HostApplication=C:\Windows\System32\WindowsPowerShell\v1.0\powershell.exe EngineVersion=5.1.17763.316 RunspaceId=b2fccd1d-551c-4b60-bde6-bd2f08876ca9 PipelineId=124 ScriptName=C:\Program Files\WindowsPowerShell\Modules\PSReadline\2.0.0\PSReadLine.psm1 CommandLine= Microsoft.PowerShell.Core\Set-StrictMode -Off&lt;/Data&gt; 
      &lt;Data&gt;CommandInvocation(Set-StrictMode): &quot;Set-StrictMode&quot; ParameterBinding(Set-StrictMode): name=&quot;Off&quot;; value=&quot;True&quot;&lt;/Data&gt; 
  &lt;/EventData&gt;
  &lt;/Event&gt;</rich_text></node></node><node custom_icon_id="0" foreground="" is_bold="False" name="Sysmon Logs" prog_lang="custom-colors" readonly="False" tags="" ts_creation="1562300781.02" ts_lastsave="1562300826.18" unique_id="204"><rich_text></rich_text><node custom_icon_id="0" foreground="" is_bold="False" name="1. 1 - Process Create (rule: ProcessCreate)" prog_lang="xml" readonly="True" tags="" ts_creation="1562300805.49" ts_lastsave="1562300875.9" unique_id="205"><rich_text>- &lt;Event xmlns=&quot;http://schemas.microsoft.com/win/2004/08/events/event&quot;&gt;
- &lt;System&gt;
      &lt;Provider Name=&quot;Microsoft-Windows-Sysmon&quot; Guid=&quot;{5770385f-c22a-43e0-bf4c-06f5698ffbd9}&quot; /&gt; 
      &lt;EventID&gt;1&lt;/EventID&gt; 
      &lt;Version&gt;5&lt;/Version&gt; 
      &lt;Level&gt;4&lt;/Level&gt; 
      &lt;Task&gt;1&lt;/Task&gt; 
      &lt;Opcode&gt;0&lt;/Opcode&gt; 
      &lt;Keywords&gt;0x8000000000000000&lt;/Keywords&gt; 
      &lt;TimeCreated SystemTime=&quot;2019-07-05T04:20:55.075306000Z&quot; /&gt; 
      &lt;EventRecordID&gt;6690&lt;/EventRecordID&gt; 
      &lt;Correlation /&gt; 
      &lt;Execution ProcessID=&quot;3200&quot; ThreadID=&quot;4092&quot; /&gt; 
      &lt;Channel&gt;Microsoft-Windows-Sysmon/Operational&lt;/Channel&gt; 
      &lt;Computer&gt;MSEDGEWIN10&lt;/Computer&gt; 
      &lt;Security UserID=&quot;S-1-5-18&quot; /&gt; 
  &lt;/System&gt;
- &lt;EventData&gt;
      &lt;Data Name=&quot;RuleName&quot; /&gt; 
      &lt;Data Name=&quot;UtcTime&quot;&gt;2019-07-05 04:20:55.051&lt;/Data&gt; 
      &lt;Data Name=&quot;ProcessGuid&quot;&gt;{747f3d96-d027-5d1e-0000-001055763f00}&lt;/Data&gt; 
      &lt;Data Name=&quot;ProcessId&quot;&gt;6008&lt;/Data&gt; 
      &lt;Data Name=&quot;Image&quot;&gt;C:\Windows\System32\WindowsPowerShell\v1.0\powershell.exe&lt;/Data&gt; 
      &lt;Data Name=&quot;FileVersion&quot;&gt;10.0.17763.1 (WinBuild.160101.0800)&lt;/Data&gt; 
      &lt;Data Name=&quot;Description&quot;&gt;Windows PowerShell&lt;/Data&gt; 
      &lt;Data Name=&quot;Product&quot;&gt;Microsoft® Windows® Operating System&lt;/Data&gt; 
      &lt;Data Name=&quot;Company&quot;&gt;Microsoft Corporation&lt;/Data&gt; 
      &lt;Data Name=&quot;OriginalFileName&quot;&gt;PowerShell.EXE&lt;/Data&gt; 
      &lt;Data Name=&quot;CommandLine&quot;&gt;&quot;C:\Windows\System32\WindowsPowerShell\v1.0\powershell.exe&quot; -enc SQBuAHYAbwBrAGUALQBFAHgAcAByAGUAcwBzAGkAbwBuACAAJAAoAE4AZQB3AC0ATwBiAGoAZQBjAHQAIABJAE8ALgBTAHQAcgBlAGEAbQBSAGUAYQBkAGUAcgAgACgAJAAoAE4AZQB3AC0ATwBiAGoAZQBjAHQAIABJAE8ALgBDAG8AbQBwAHIAZQBzAHMAaQBvAG4ALgBEAGUAZgBsAGEAdABlAFMAdAByAGUAYQBtACAAKAAkACgATgBlAHcALQBPAGIAagBlAGMAdAAgAEkATwAuAE0AZQBtAG8AcgB5AFMAdAByAGUAYQBtACAAKAAsACQAKABbAEMAbwBuAHYAZQByAHQAXQA6ADoARgByAG8AbQBCAGEAcwBlADYANABTAHQAcgBpAG4AZwAoACcAYwAwADgAdAAwAFgAWABPAHkATQB4AEoAOABTAHgASgB6AFYAVgB3AHQAbwBvAEoATABVADQAdABLAG8ANwB4AGQAQQBYAFIAKwBpADYAcAB4AGQAawBsACsAUQBXADgAWABBAEEAPQAnACkAKQApACkALAAgAFsASQBPAC4AQwBvAG0AcAByAGUAcwBzAGkAbwBuAC4AQwBvAG0AcAByAGUAcwBzAGkAbwBuAE0AbwBkAGUAXQA6ADoARABlAGMAbwBtAHAAcgBlAHMAcwApACkALAAgAFsAVABlAHgAdAAuAEUAbgBjAG8AZABpAG4AZwBdADoAOgBBAFMAQwBJAEkAKQApAC4AUgBlAGEAZABUAG8ARQBuAGQAKAApADsA&lt;/Data&gt; 
      &lt;Data Name=&quot;CurrentDirectory&quot;&gt;C:\users\ieuser\Desktop\nishang\Utility\&lt;/Data&gt; 
      &lt;Data Name=&quot;User&quot;&gt;MSEDGEWIN10\IEUser&lt;/Data&gt; 
      &lt;Data Name=&quot;LogonGuid&quot;&gt;{747f3d96-be0d-5d1e-0000-002008a61900}&lt;/Data&gt; 
      &lt;Data Name=&quot;LogonId&quot;&gt;0x19a608&lt;/Data&gt; 
      &lt;Data Name=&quot;TerminalSessionId&quot;&gt;1&lt;/Data&gt; 
      &lt;Data Name=&quot;IntegrityLevel&quot;&gt;High&lt;/Data&gt; 
      &lt;Data Name=&quot;Hashes&quot;&gt;MD5=7353F60B1739074EB17C5F4DDDEFE239,SHA256=DE96A6E69944335375DC1AC238336066889D9FFC7D73628EF4FE1B1B160AB32C&lt;/Data&gt; 
      &lt;Data Name=&quot;ParentProcessGuid&quot;&gt;{747f3d96-c269-5d1e-0000-00104c1a2c00}&lt;/Data&gt; 
      &lt;Data Name=&quot;ParentProcessId&quot;&gt;2160&lt;/Data&gt; 
      &lt;Data Name=&quot;ParentImage&quot;&gt;C:\Windows\System32\WindowsPowerShell\v1.0\powershell.exe&lt;/Data&gt; 
      &lt;Data Name=&quot;ParentCommandLine&quot;&gt;&quot;C:\Windows\System32\WindowsPowerShell\v1.0\powershell.exe&quot;&lt;/Data&gt; 
  &lt;/EventData&gt;
  &lt;/Event&gt;</rich_text></node><node custom_icon_id="0" foreground="" is_bold="False" name="2. 11 - File created (rule: FileCreate)" prog_lang="xml" readonly="True" tags="" ts_creation="1562300826.27" ts_lastsave="1562300862.15" unique_id="206"><rich_text>- &lt;Event xmlns=&quot;http://schemas.microsoft.com/win/2004/08/events/event&quot;&gt;
- &lt;System&gt;
      &lt;Provider Name=&quot;Microsoft-Windows-Sysmon&quot; Guid=&quot;{5770385f-c22a-43e0-bf4c-06f5698ffbd9}&quot; /&gt; 
      &lt;EventID&gt;11&lt;/EventID&gt; 
      &lt;Version&gt;2&lt;/Version&gt; 
      &lt;Level&gt;4&lt;/Level&gt; 
      &lt;Task&gt;11&lt;/Task&gt; 
      &lt;Opcode&gt;0&lt;/Opcode&gt; 
      &lt;Keywords&gt;0x8000000000000000&lt;/Keywords&gt; 
      &lt;TimeCreated SystemTime=&quot;2019-07-05T04:20:55.467980900Z&quot; /&gt; 
      &lt;EventRecordID&gt;6691&lt;/EventRecordID&gt; 
      &lt;Correlation /&gt; 
      &lt;Execution ProcessID=&quot;3200&quot; ThreadID=&quot;4092&quot; /&gt; 
      &lt;Channel&gt;Microsoft-Windows-Sysmon/Operational&lt;/Channel&gt; 
      &lt;Computer&gt;MSEDGEWIN10&lt;/Computer&gt; 
      &lt;Security UserID=&quot;S-1-5-18&quot; /&gt; 
  &lt;/System&gt;
+ &lt;EventData&gt;
      &lt;Data Name=&quot;RuleName&quot; /&gt; 
      &lt;Data Name=&quot;UtcTime&quot;&gt;2019-07-05 04:20:55.236&lt;/Data&gt; 
      &lt;Data Name=&quot;ProcessGuid&quot;&gt;{747f3d96-d027-5d1e-0000-001055763f00}&lt;/Data&gt; 
      &lt;Data Name=&quot;ProcessId&quot;&gt;6008&lt;/Data&gt; 
      &lt;Data Name=&quot;Image&quot;&gt;C:\Windows\System32\WindowsPowerShell\v1.0\powershell.exe&lt;/Data&gt; 
      &lt;Data Name=&quot;TargetFilename&quot;&gt;C:\Users\IEUser\AppData\Local\Temp\__PSScriptPolicyTest_5ywuillo.mzz.ps1&lt;/Data&gt; 
      &lt;Data Name=&quot;CreationUtcTime&quot;&gt;2019-07-05 04:20:55.236&lt;/Data&gt; 
  &lt;/EventData&gt;
  &lt;/Event&gt;</rich_text></node></node></node></node></cherrytree>