<?xml version="1.0" ?><cherrytree><node custom_icon_id="0" foreground="" is_bold="True" name="Pass-the-Ticket" prog_lang="custom-colors" readonly="False" tags="" ts_creation="1562853657.56" ts_lastsave="1562853681.67" unique_id="207"><rich_text></rich_text><node custom_icon_id="0" foreground="" is_bold="False" name="Invoke-Mimikatz" prog_lang="custom-colors" readonly="False" tags="" ts_creation="1562853671.74" ts_lastsave="1563165720.13" unique_id="208"><rich_text scale="h1" weight="heavy">PREREQUISITES:</rich_text><rich_text>


</rich_text><rich_text scale="h2" underline="single" weight="heavy">ENVIRONMENT SET-UP:</rich_text><rich_text>

        </rich_text><rich_text scale="h3" weight="heavy">MACHINES:</rich_text><rich_text>
        </rich_text><rich_text justification="left"></rich_text><rich_text>

        </rich_text><rich_text scale="h3" weight="heavy">USERS:</rich_text><rich_text>
        </rich_text><rich_text justification="left"></rich_text><rich_text>

</rich_text><rich_text scale="h2" underline="single" weight="heavy">ASSUMPTIONS:</rich_text><rich_text>

</rich_text><rich_text scale="h3">    i. WinRM is enabled on both local and remote machines
    
        1. Both machines IPs are listed in each other's trustedhosts
        2. </rich_text><rich_text family="monospace" scale="h3">-skipnetworkprofilecheck</rich_text><rich_text scale="h3"> is enabled (to allow connection over a public network)
        3. Proper firewall exceptions are in place in the remote machine

    ii. The remote machine is part of a Domain Controller ( BOSSMANBEN )
    
        1. A domain user is a local administrator to the remote machine
        2. Credentials to the said domain user are known

    iii. The Domain Administrator has logged in to the remote machine ( MSEDGEWIN10 )
    
        1. The logon action generates a ticket for the Domain Administrator
        2. The TGT expires over a definite period of time (6 hours in this case)
        3. Pass-the-Ticket could be done as long as the TGT hasn't expired yet

    iv. The local machine (KALI-WINDOWS) can communicate with the remote machine ( MSEDGEWIN10 )</rich_text><rich_text>
       
</rich_text><rich_text scale="h3">~~~~~~~~~~~~~~~~~~~~~~~~~~~~~~~~~~~~~~~~~~~~~~~~~~~~~~~~~~~~~~~~~~</rich_text><rich_text>

</rich_text><rich_text scale="h1" weight="heavy">STEPS TO RECREATE:</rich_text><rich_text>
</rich_text><rich_text scale="h2">
       1. </rich_text><rich_text link="node 209" scale="h2">Establish a proper session for the Domain User</rich_text><rich_text>
</rich_text><rich_text scale="h2">       2. </rich_text><rich_text link="node 211" scale="h2">Export tickets using Invoke-Mimikatz</rich_text><rich_text scale="h2"> (</rich_text><rich_text link="webs https://github.com/samratashok/nishang/blob/master/Gather/Invoke-Mimikatz.ps1" scale="h2">nishang</rich_text><rich_text scale="h2">)
       3. </rich_text><rich_text link="node 212" scale="h2">Pass the </rich_text><rich_text link="node 212" scale="h2" weight="heavy">krbtgt ticket</rich_text><rich_text link="node 212" scale="h2"> using Invoke-Mimikatz</rich_text><rich_text scale="h2"> (</rich_text><rich_text link="webs https://github.com/samratashok/nishang/blob/master/Gather/Invoke-Mimikatz.ps1" scale="h2">nishang</rich_text><rich_text scale="h2">)</rich_text><rich_text>

</rich_text><rich_text scale="h3">~~~~~~~~~~~~~~~~~~~~~~~~~~~~~~~~~~~~~~~~~~~~~~~~~~~~~~~~~~~~~~~~~~</rich_text><rich_text>
       
</rich_text><rich_text scale="h1" weight="heavy">REFERENCES:</rich_text><rich_text>

</rich_text><rich_text scale="h3">      • </rich_text><rich_text link="webs https://jpcertcc.github.io/ToolAnalysisResultSheet/" scale="h3">https://jpcertcc.github.io/ToolAnalysisResultSheet/</rich_text><rich_text scale="h3">
      • </rich_text><rich_text link="webs http://www.hurryupandwait.io/blog/fixing-winrm-firewall-exception-rule-not-working-when-internet-connection-type-is-set-to-public" scale="h3">http://www.hurryupandwait.io/blog/fixing-winrm-firewall-exception-rule-not-working-when-internet-connection-type-is-set-to-public</rich_text><rich_text>
</rich_text><rich_text scale="h3">      • </rich_text><rich_text link="webs https://docs.microsoft.com/en-us/powershell/scripting/learn/remoting/ps-remoting-second-hop?view=powershell-6&amp;fbclid=IwAR0OxPgagNs9VOKVe8Fyrvo4BdpZsD2jYIUxnIAm9H9pd8ZcDzgY3kz8EHQ#credssp" scale="h3">https://docs.microsoft.com/en-us/powershell/scripting/learn/remoting/ps-remoting-second-hop?view=powershell-6&amp;fbclid=IwAR0OxPgagNs9VOKVe8Fyrvo4BdpZsD2jYIUxnIAm9H9pd8ZcDzgY3kz8EHQ#credssp</rich_text><rich_text>
</rich_text><rich_text scale="h3">      • </rich_text><rich_text link="webs https://blogs.msdn.microsoft.com/sergey_babkins_blog/2015/03/18/another-solution-to-multi-hop-powershell-remoting/?fbclid=IwAR3CcUFRMXZJsMXZcc9yf5gr_XKnuGnpYEYk10pr152GcxCAXDU_zFqnLPI" scale="h3">https://blogs.msdn.microsoft.com/sergey_babkins_blog/2015/03/18/another-solution-to-multi-hop-powershell-remoting/?fbclid=IwAR3CcUFRMXZJsMXZcc9yf5gr_XKnuGnpYEYk10pr152GcxCAXDU_zFqnLPI</rich_text><rich_text>
       
  </rich_text><rich_text scale="h1" weight="heavy">
       </rich_text><table char_offset="64" col_max="400" col_min="40"><row><cell>KALI-WINDOWS</cell><cell>192.168.150.1</cell><cell>Windows 10</cell><cell>An attacker machine</cell></row><row><cell>MSEDGEWIN10</cell><cell>192.168.150.128</cell><cell>Windows 10 Enterprise Evaluation</cell><cell>A Remote Machine</cell></row><row><cell>BOSSMANBEN</cell><cell>192.168.150.133</cell><cell>Windows Server 2016</cell><cell>A Domain Controller</cell></row><row><cell>HOSTNAME</cell><cell>MACHINE IP</cell><cell>OS</cell><cell>Description</cell></row></table><table char_offset="90" col_max="400" col_min="40"><row><cell>kali-windows\jebidiah</cell><cell>kali-windows</cell><cell>Local Administrator</cell></row><row><cell>BOSSMANBEN\GConcy</cell><cell>MSEDGEWIN10</cell><cell>Local Administrator; Domain User</cell></row><row><cell>BOSSMANBEN\Administrator</cell><cell>MSEDGEWIN10</cell><cell>Domain Administrator</cell></row><row><cell>USER</cell><cell>MACHINE</cell><cell>PRIVILEGES</cell></row></table><node custom_icon_id="0" foreground="" is_bold="False" name="1. Establish a proper session for the Domain User" prog_lang="custom-colors" readonly="True" tags="" ts_creation="1563068444.45" ts_lastsave="1563102650.82" unique_id="209"><rich_text scale="h2">1. Enter a session for the domain user, BOSSMANBEN\GConcy:</rich_text><rich_text family="monospace">
</rich_text><rich_text>
    </rich_text><rich_text justification="left"></rich_text><rich_text>
    
</rich_text><rich_text scale="h3">    NOTE(S):
      ▪ Enter the credentials for BOSSMANBEN\GConcy in the password prompt</rich_text><rich_text>

</rich_text><rich_text scale="h2">2. Check for cached tickets using </rich_text><rich_text family="monospace" scale="h2">klist</rich_text><rich_text scale="h2">:</rich_text><rich_text>
   
    </rich_text><rich_text justification="left"></rich_text><rich_text>
</rich_text><rich_text family="monospace">
</rich_text><rich_text scale="h3">    NOTE(S):
      ▪ The current established session doesn't seem to be a recognized session.</rich_text><rich_text>

</rich_text><rich_text scale="h2">3. Register the current session while inside the PSSession created:</rich_text><rich_text>

    </rich_text><rich_text justification="left"></rich_text><rich_text>
    </rich_text><rich_text justification="left"></rich_text><rich_text>
</rich_text><rich_text scale="h2">    </rich_text><rich_text>
    </rich_text><rich_text justification="left"></rich_text><rich_text>
    </rich_text><rich_text justification="left"></rich_text><rich_text family="monospace">

</rich_text><rich_text scale="h3">    NOTE(S):
      ▪ Enter the credentials for BOSSMANBEN\GConcy in the password prompt</rich_text><rich_text>

</rich_text><rich_text scale="h2">4. Run </rich_text><rich_text family="monospace" scale="h2">klist</rich_text><rich_text scale="h2"> again:</rich_text><rich_text>

    </rich_text><rich_text justification="left"></rich_text><rich_text>
</rich_text><rich_text family="monospace">
</rich_text><rich_text scale="h3">    NOTE(S):
      ▪ </rich_text><rich_text family="monospace" scale="h3">klist</rich_text><rich_text scale="h3"> can now check for cached tickets
      ▪ Passing exported tickets using </rich_text><rich_text family="monospace" scale="h3">Invoke-Mimikatz</rich_text><rich_text scale="h3"> would throw the same error from the previous </rich_text><rich_text family="monospace" scale="h3">klist</rich_text><rich_text scale="h3"> if a proper session is not configured.
      ▪ Even if an Administrator ticket was passed successfully, passing commands in or accessing the Domain Controller would be denied
         - The entire session should be restarted with the proper configuration.</rich_text><rich_text>

</rich_text><rich_text scale="h2">5. Enter </rich_text><rich_text family="monospace" scale="h2">Restart-Service WinRM</rich_text><rich_text scale="h2"> then enter a new PSSession with the registered configuration:</rich_text><rich_text>

    </rich_text><rich_text justification="left"></rich_text><rich_text>
</rich_text><rich_text family="monospace">
</rich_text><rich_text scale="h3">    NOTE(S):
      ▪ The shell will terminate after restarting the service.
      ▪ Enter the credentials for BOSSMANBEN\GConcy in the password prompt</rich_text><rich_text>

</rich_text><rich_text scale="h2">6. Run </rich_text><rich_text family="monospace" scale="h2">klist</rich_text><rich_text scale="h2"> again:</rich_text><rich_text>

    </rich_text><rich_text justification="left"></rich_text><rich_text>
    
</rich_text><rich_text scale="h3">    NOTE(S):
      ▪ The session now actually runs as the user, BOSSMANBEN\GConcy
      ▪ This session now eliminates the double hop problem:
         - Instead of the local machine sending a request to the remote machine before reaching the server, the local machine is now acting as or impersonating the remote machine running as the user BOSSMANBEN\GConcy.
         - Since the local machine (KALI-WINDOWS) now acts like the remote machine (MSEDGEWIN10), it would seem like the requests sent from the local machine are now going directly to the Domain Controller (BOSSMANBEN).
         - The two previous statements would be useful since the goal of this exploit is to reach the Domain Controller (BOSSMANBEN) using the local machine (KALI-WINDOWS) &quot;without jumping&quot; from the remote machine (MSEDGEWIN10)</rich_text><rich_text>

</rich_text><rich_text scale="h3">~~~~~~~~~~~~~~~~~~~~~~~~~~~~~~~~~~~~~~~~~~~~~~~~~~~~~~~~~~~~~~~~~~</rich_text><rich_text>

</rich_text><rich_text scale="h1" weight="heavy">LOGS GENERATED:</rich_text><rich_text>
</rich_text><rich_text scale="h2">   ◇ </rich_text><rich_text link="node 210" scale="h2">Remote Machine Logs</rich_text><rich_text>
</rich_text><rich_text scale="h2">   ◇ </rich_text><rich_text link="node 246" scale="h2">AD Logs</rich_text><rich_text>





















</rich_text><codebox char_offset="64" frame_height="40" frame_width="91" highlight_brackets="True" show_line_numbers="False" syntax_highlighting="powershell" width_in_pixels="False">Enter-PSSession -ComputerName 192.168.150.128 -Credential BOSSMANBEN\GConcy</codebox><codebox char_offset="209" frame_height="85" frame_width="91" highlight_brackets="True" show_line_numbers="False" syntax_highlighting="powershell" width_in_pixels="False">Current LogonId is 0:0xc7fbc
Error calling API LsaCallAuthenticationPackage (ShowTickets substatus): 1312

klist failed with 0xc000005f/-1073741729: A specified logon session does not exist. It may already have been terminated.</codebox><codebox char_offset="380" frame_height="40" frame_width="91" highlight_brackets="True" show_line_numbers="False" syntax_highlighting="powershell" width_in_pixels="False">Register-PSSessionConfiguration -Name GodConcy -RunAsCredential BOSSMANBEN\GConcy</codebox><codebox char_offset="386" frame_height="295" frame_width="91" highlight_brackets="True" show_line_numbers="False" syntax_highlighting="powershell" width_in_pixels="False">WARNING: When RunAs is enabled in a Windows PowerShell session configuration, the Windows security model cannot enforce a security 
boundary between different user sessions that are created by using this endpoint. Verify that the Windows PowerShell runspace 
configuration is restricted to only the necessary set of cmdlets and capabilities.
WARNING: Register-PSSessionConfiguration may need to restart the WinRM service if a configuration using this name has recently been 
unregistered, certain system data structures may still be cached. In that case, a restart of WinRM may be required.
All WinRM sessions connected to Windows PowerShell session configurations, such as Microsoft.PowerShell and session configurations that 
are created with the Register-PSSessionConfiguration cmdlet, are disconnected.


WSManConfig: Microsoft.WSMan.Management\WSMan::localhost\Plugin

Type            Keys                                Name
----            ----                                ----
Container       {Name=GodConcy}                     GodConcy
...omitted...</codebox><codebox char_offset="397" frame_height="40" frame_width="91" highlight_brackets="True" show_line_numbers="False" syntax_highlighting="powershell" width_in_pixels="False">Get-PSSessionConfiguration</codebox><codebox char_offset="403" frame_height="175" frame_width="91" highlight_brackets="True" show_line_numbers="False" syntax_highlighting="powershell" width_in_pixels="False">Name          : GodConcy
PSVersion     : 5.1
StartupScript :
RunAsUser     : BOSSMANBEN\GConcy
Permission    : NT AUTHORITY\INTERACTIVE AccessAllowed, BUILTIN\Administrators AccessAllowed, BUILTIN\Remote Management Users AccessAllowed

...omitted...</codebox><codebox char_offset="520" frame_height="70" frame_width="91" highlight_brackets="True" show_line_numbers="False" syntax_highlighting="powershell" width_in_pixels="False">Current LogonId is 0:0xc7fbc

Cached Tickets: (0)</codebox><codebox char_offset="1044" frame_height="40" frame_width="91" highlight_brackets="True" show_line_numbers="False" syntax_highlighting="powershell" width_in_pixels="False">Enter-PSSession -ComputerName 192.168.150.128 -Credential BOSSMANBEN\GConcy -ConfigurationName GodConcy</codebox><codebox char_offset="1224" frame_height="280" frame_width="91" highlight_brackets="True" show_line_numbers="False" syntax_highlighting="powershell" width_in_pixels="False">Current LogonId is 0:0xd0ebf

Cached Tickets: (1)

#0&gt;     Client: GConcy @ BOSSMANBEN.LOCAL
        Server: krbtgt/BOSSMANBEN.LOCAL @ BOSSMANBEN.LOCAL
        KerbTicket Encryption Type: AES-256-CTS-HMAC-SHA1-96
        Ticket Flags 0x40e10000 -&gt; forwardable renewable initial pre_authent name_canonicalize
        Start Time: 7/12/2019 15:42:59 (local)
        End Time:   7/13/2019 1:42:59 (local)
        Renew Time: 7/19/2019 15:42:59 (local)
        Session Key Type: AES-256-CTS-HMAC-SHA1-96
        Cache Flags: 0x1 -&gt; PRIMARY
        Kdc Called: WIN-BO2CT95INDP</codebox><node custom_icon_id="0" foreground="" is_bold="False" name="Remote Machine Logs" prog_lang="custom-colors" readonly="True" tags="" ts_creation="1563071721.55" ts_lastsave="1563102576.09" unique_id="210"><rich_text scale="h1" weight="heavy">LOGS GENERATED:</rich_text><rich_text>
</rich_text><rich_text scale="h2">• LogName: Security</rich_text><rich_text>:

</rich_text><rich_text scale="h3">    1.1. </rich_text><rich_text link="node 213" scale="h3">4624 - Logon (Success)</rich_text><rich_text scale="h3">
    1.2. </rich_text><rich_text link="node 216" scale="h3">4688 - Process Creation (Success)</rich_text><rich_text scale="h3">
    1.3. </rich_text><rich_text link="node 217" scale="h3">4688 - Process Creation (Success)</rich_text><rich_text scale="h3">
    1.4. </rich_text><rich_text link="node 214" scale="h3">4624 - Logon (Success)</rich_text><rich_text scale="h3">
    1.5. </rich_text><rich_text link="node 215" scale="h3">4624 - Logon (Success)</rich_text><rich_text scale="h3">
    
    3.1. </rich_text><rich_text link="node 225" scale="h3">4688 - Process Creation (Success)</rich_text><rich_text scale="h3">
    3.2. </rich_text><rich_text link="node 226" scale="h3">4688 - Process Creation (Success)</rich_text><rich_text scale="h3">
    3.3. </rich_text><rich_text link="node 227" scale="h3">4657 - Registry</rich_text><rich_text scale="h3">
    3.4. </rich_text><rich_text link="node 228" scale="h3">4624 - Logon (Success)</rich_text><rich_text scale="h3">
    3.5. </rich_text><rich_text link="node 232" scale="h3">4657 - Registry</rich_text><rich_text scale="h3">
    3.6. </rich_text><rich_text link="node 231" scale="h3">4657 - Registry</rich_text><rich_text scale="h3">
    3.7. </rich_text><rich_text link="node 229" scale="h3">4624 - Logon (Success)</rich_text><rich_text scale="h3">
    3.8. </rich_text><rich_text link="node 230" scale="h3">4624 - Logon (Success)</rich_text><rich_text scale="h3">
    
    5.1. </rich_text><rich_text link="node 236" scale="h3">4624 - Logon (Success)</rich_text><rich_text scale="h3">
    5.2. </rich_text><rich_text link="node 241" scale="h3">4624 - Logon (Success)</rich_text><rich_text scale="h3">
    5.3. </rich_text><rich_text link="node 237" scale="h3">4688 - Process Creation (Success)</rich_text><rich_text scale="h3">
    5.4. </rich_text><rich_text link="node 238" scale="h3">4688 - Process Creation (Success)</rich_text><rich_text scale="h3">
    5.5. </rich_text><rich_text link="node 239" scale="h3">4624 - Logon (Success)</rich_text><rich_text scale="h3">
    5.6. </rich_text><rich_text link="node 240" scale="h3">4624 - Logon (Success)</rich_text><rich_text scale="h3">
</rich_text><rich_text>
</rich_text><rich_text scale="h2">• PoweShell Logs:</rich_text><rich_text>

</rich_text><rich_text scale="h3">    1.1. </rich_text><rich_text link="node 220" scale="h3">4103 - Executing Pipeline</rich_text><rich_text scale="h3">
    1.2. </rich_text><rich_text link="node 221" scale="h3">4103 - Executing Pipeline</rich_text><rich_text scale="h3">
    
    3.1. </rich_text><rich_text link="node 233" scale="h3">4104 - Execute a Remote Command</rich_text><rich_text scale="h3">
    
    5.1. </rich_text><rich_text link="node 242" scale="h3">4103 - Executing Pipeline</rich_text><rich_text scale="h3">
    5.2. </rich_text><rich_text link="node 243" scale="h3">4103 - Executing Pipeline</rich_text><rich_text scale="h3">
   </rich_text><rich_text>
</rich_text><rich_text scale="h2">• Sysmon Logs</rich_text><rich_text>:

</rich_text><rich_text scale="h3">    1.1. </rich_text><rich_text link="node 223" scale="h3">1 - Process Create (rule: ProcessCreate)</rich_text><rich_text scale="h3">
    1.2. </rich_text><rich_text link="node 224" scale="h3">11 - File created (rule: FileCreate)</rich_text><rich_text scale="h3">
    
    3.1. </rich_text><rich_text link="node 234" scale="h3">1 - Process Create (rule: ProcessCreate)</rich_text><rich_text scale="h3">
    3.2. </rich_text><rich_text link="node 235" scale="h3">11 - File created (rule: FileCreate)</rich_text><rich_text scale="h3">
    
    5.1. </rich_text><rich_text link="node 244" scale="h3">1 - Process Create (rule: ProcessCreate)</rich_text><rich_text scale="h3">
    5.2. </rich_text><rich_text link="node 245" scale="h3">11 - File created (rule: FileCreate)</rich_text><rich_text scale="h3">
    </rich_text><node custom_icon_id="0" foreground="" is_bold="False" name="LogName: Security" prog_lang="custom-colors" readonly="False" tags="" ts_creation="1563074039.93" ts_lastsave="1563074068.66" unique_id="218"><rich_text></rich_text><node custom_icon_id="0" foreground="" is_bold="False" name="1.1. 4624 - Logon (Success)" prog_lang="xml" readonly="True" tags="" ts_creation="1563073779.25" ts_lastsave="1563073836.14" unique_id="213"><rich_text>- &lt;Event xmlns=&quot;http://schemas.microsoft.com/win/2004/08/events/event&quot;&gt;
- &lt;System&gt;
      &lt;Provider Name=&quot;Microsoft-Windows-Security-Auditing&quot; Guid=&quot;{54849625-5478-4994-a5ba-3e3b0328c30d}&quot; /&gt; 
      &lt;EventID&gt;4624&lt;/EventID&gt; 
      &lt;Version&gt;2&lt;/Version&gt; 
      &lt;Level&gt;0&lt;/Level&gt; 
      &lt;Task&gt;12544&lt;/Task&gt; 
      &lt;Opcode&gt;0&lt;/Opcode&gt; 
      &lt;Keywords&gt;0x8020000000000000&lt;/Keywords&gt; 
      &lt;TimeCreated SystemTime=&quot;2019-07-14T18:06:32.581002500Z&quot; /&gt; 
      &lt;EventRecordID&gt;124157&lt;/EventRecordID&gt; 
      &lt;Correlation ActivityID=&quot;{5572e339-3a6a-0000-a1e3-72556a3ad501}&quot; /&gt; 
      &lt;Execution ProcessID=&quot;700&quot; ThreadID=&quot;1904&quot; /&gt; 
      &lt;Channel&gt;Security&lt;/Channel&gt; 
      &lt;Computer&gt;MSEDGEWIN10.bossmanben.local&lt;/Computer&gt; 
      &lt;Security /&gt; 
  &lt;/System&gt;
- &lt;EventData&gt;
      &lt;Data Name=&quot;SubjectUserSid&quot;&gt;S-1-0-0&lt;/Data&gt; 
      &lt;Data Name=&quot;SubjectUserName&quot;&gt;-&lt;/Data&gt; 
      &lt;Data Name=&quot;SubjectDomainName&quot;&gt;-&lt;/Data&gt; 
      &lt;Data Name=&quot;SubjectLogonId&quot;&gt;0x0&lt;/Data&gt; 
      &lt;Data Name=&quot;TargetUserSid&quot;&gt;S-1-5-21-2817836110-3135048609-2922248965-1105&lt;/Data&gt; 
      &lt;Data Name=&quot;TargetUserName&quot;&gt;GConcy&lt;/Data&gt; 
      &lt;Data Name=&quot;TargetDomainName&quot;&gt;BOSSMANBEN&lt;/Data&gt; 
      &lt;Data Name=&quot;TargetLogonId&quot;&gt;0x405865&lt;/Data&gt; 
      &lt;Data Name=&quot;LogonType&quot;&gt;3&lt;/Data&gt; 
      &lt;Data Name=&quot;LogonProcessName&quot;&gt;NtLmSsp&lt;/Data&gt; 
      &lt;Data Name=&quot;AuthenticationPackageName&quot;&gt;NTLM&lt;/Data&gt; 
      &lt;Data Name=&quot;WorkstationName&quot;&gt;KALI-WINDOWS&lt;/Data&gt; 
      &lt;Data Name=&quot;LogonGuid&quot;&gt;{00000000-0000-0000-0000-000000000000}&lt;/Data&gt; 
      &lt;Data Name=&quot;TransmittedServices&quot;&gt;-&lt;/Data&gt; 
      &lt;Data Name=&quot;LmPackageName&quot;&gt;NTLM V2&lt;/Data&gt; 
      &lt;Data Name=&quot;KeyLength&quot;&gt;128&lt;/Data&gt; 
      &lt;Data Name=&quot;ProcessId&quot;&gt;0x0&lt;/Data&gt; 
      &lt;Data Name=&quot;ProcessName&quot;&gt;-&lt;/Data&gt; 
      &lt;Data Name=&quot;IpAddress&quot;&gt;-&lt;/Data&gt; 
      &lt;Data Name=&quot;IpPort&quot;&gt;-&lt;/Data&gt; 
      &lt;Data Name=&quot;ImpersonationLevel&quot;&gt;%%1833&lt;/Data&gt; 
      &lt;Data Name=&quot;RestrictedAdminMode&quot;&gt;-&lt;/Data&gt; 
      &lt;Data Name=&quot;TargetOutboundUserName&quot;&gt;-&lt;/Data&gt; 
      &lt;Data Name=&quot;TargetOutboundDomainName&quot;&gt;-&lt;/Data&gt; 
      &lt;Data Name=&quot;VirtualAccount&quot;&gt;%%1843&lt;/Data&gt; 
      &lt;Data Name=&quot;TargetLinkedLogonId&quot;&gt;0x0&lt;/Data&gt; 
      &lt;Data Name=&quot;ElevatedToken&quot;&gt;%%1842&lt;/Data&gt; 
  &lt;/EventData&gt;
  &lt;/Event&gt;</rich_text></node><node custom_icon_id="0" foreground="" is_bold="False" name="1.2. 4688 - Process Creation (Success)" prog_lang="xml" readonly="True" tags="" ts_creation="1563073817.01" ts_lastsave="1563073847.42" unique_id="216"><rich_text>- &lt;Event xmlns=&quot;http://schemas.microsoft.com/win/2004/08/events/event&quot;&gt;
- &lt;System&gt;
      &lt;Provider Name=&quot;Microsoft-Windows-Security-Auditing&quot; Guid=&quot;{54849625-5478-4994-a5ba-3e3b0328c30d}&quot; /&gt; 
      &lt;EventID&gt;4688&lt;/EventID&gt; 
      &lt;Version&gt;2&lt;/Version&gt; 
      &lt;Level&gt;0&lt;/Level&gt; 
      &lt;Task&gt;13312&lt;/Task&gt; 
      &lt;Opcode&gt;0&lt;/Opcode&gt; 
      &lt;Keywords&gt;0x8020000000000000&lt;/Keywords&gt; 
      &lt;TimeCreated SystemTime=&quot;2019-07-14T18:06:32.590807700Z&quot; /&gt; 
      &lt;EventRecordID&gt;124173&lt;/EventRecordID&gt; 
      &lt;Correlation /&gt; 
      &lt;Execution ProcessID=&quot;4&quot; ThreadID=&quot;4492&quot; /&gt; 
      &lt;Channel&gt;Security&lt;/Channel&gt; 
      &lt;Computer&gt;MSEDGEWIN10.bossmanben.local&lt;/Computer&gt; 
      &lt;Security /&gt; 
  &lt;/System&gt;
- &lt;EventData&gt;
      &lt;Data Name=&quot;SubjectUserSid&quot;&gt;S-1-5-18&lt;/Data&gt; 
      &lt;Data Name=&quot;SubjectUserName&quot;&gt;MSEDGEWIN10$&lt;/Data&gt; 
      &lt;Data Name=&quot;SubjectDomainName&quot;&gt;BOSSMANBEN&lt;/Data&gt; 
      &lt;Data Name=&quot;SubjectLogonId&quot;&gt;0x3e7&lt;/Data&gt; 
      &lt;Data Name=&quot;NewProcessId&quot;&gt;0x21ac&lt;/Data&gt; 
      &lt;Data Name=&quot;NewProcessName&quot;&gt;C:\Windows\System32\dllhost.exe&lt;/Data&gt; 
      &lt;Data Name=&quot;TokenElevationType&quot;&gt;%%1936&lt;/Data&gt; 
      &lt;Data Name=&quot;ProcessId&quot;&gt;0x344&lt;/Data&gt; 
      &lt;Data Name=&quot;CommandLine&quot;&gt;C:\Windows\system32\DllHost.exe /Processid:{E10F6C3A-F1AE-4ADC-AA9D-2FE65525666E}&lt;/Data&gt; 
      &lt;Data Name=&quot;TargetUserSid&quot;&gt;S-1-0-0&lt;/Data&gt; 
      &lt;Data Name=&quot;TargetUserName&quot;&gt;-&lt;/Data&gt; 
      &lt;Data Name=&quot;TargetDomainName&quot;&gt;-&lt;/Data&gt; 
      &lt;Data Name=&quot;TargetLogonId&quot;&gt;0x0&lt;/Data&gt; 
      &lt;Data Name=&quot;ParentProcessName&quot;&gt;C:\Windows\System32\svchost.exe&lt;/Data&gt; 
      &lt;Data Name=&quot;MandatoryLabel&quot;&gt;S-1-16-16384&lt;/Data&gt; 
  &lt;/EventData&gt;
  &lt;/Event&gt;</rich_text></node><node custom_icon_id="0" foreground="" is_bold="False" name="1.3. 4688 - Process Creation (Success)" prog_lang="xml" readonly="True" tags="" ts_creation="1563073823.65" ts_lastsave="1563073862.33" unique_id="217"><rich_text>- &lt;Event xmlns=&quot;http://schemas.microsoft.com/win/2004/08/events/event&quot;&gt;
- &lt;System&gt;
      &lt;Provider Name=&quot;Microsoft-Windows-Security-Auditing&quot; Guid=&quot;{54849625-5478-4994-a5ba-3e3b0328c30d}&quot; /&gt; 
      &lt;EventID&gt;4688&lt;/EventID&gt; 
      &lt;Version&gt;2&lt;/Version&gt; 
      &lt;Level&gt;0&lt;/Level&gt; 
      &lt;Task&gt;13312&lt;/Task&gt; 
      &lt;Opcode&gt;0&lt;/Opcode&gt; 
      &lt;Keywords&gt;0x8020000000000000&lt;/Keywords&gt; 
      &lt;TimeCreated SystemTime=&quot;2019-07-14T18:06:32.607980500Z&quot; /&gt; 
      &lt;EventRecordID&gt;124174&lt;/EventRecordID&gt; 
      &lt;Correlation /&gt; 
      &lt;Execution ProcessID=&quot;4&quot; ThreadID=&quot;4492&quot; /&gt; 
      &lt;Channel&gt;Security&lt;/Channel&gt; 
      &lt;Computer&gt;MSEDGEWIN10.bossmanben.local&lt;/Computer&gt; 
      &lt;Security /&gt; 
  &lt;/System&gt;
- &lt;EventData&gt;
      &lt;Data Name=&quot;SubjectUserSid&quot;&gt;S-1-5-18&lt;/Data&gt; 
      &lt;Data Name=&quot;SubjectUserName&quot;&gt;MSEDGEWIN10$&lt;/Data&gt; 
      &lt;Data Name=&quot;SubjectDomainName&quot;&gt;BOSSMANBEN&lt;/Data&gt; 
      &lt;Data Name=&quot;SubjectLogonId&quot;&gt;0x3e7&lt;/Data&gt; 
      &lt;Data Name=&quot;NewProcessId&quot;&gt;0x210c&lt;/Data&gt; 
      &lt;Data Name=&quot;NewProcessName&quot;&gt;C:\Windows\System32\wsmprovhost.exe&lt;/Data&gt; 
      &lt;Data Name=&quot;TokenElevationType&quot;&gt;%%1936&lt;/Data&gt; 
      &lt;Data Name=&quot;ProcessId&quot;&gt;0x344&lt;/Data&gt; 
      &lt;Data Name=&quot;CommandLine&quot;&gt;C:\Windows\system32\wsmprovhost.exe -Embedding&lt;/Data&gt; 
      &lt;Data Name=&quot;TargetUserSid&quot;&gt;S-1-0-0&lt;/Data&gt; 
      &lt;Data Name=&quot;TargetUserName&quot;&gt;GConcy&lt;/Data&gt; 
      &lt;Data Name=&quot;TargetDomainName&quot;&gt;BOSSMANBEN&lt;/Data&gt; 
      &lt;Data Name=&quot;TargetLogonId&quot;&gt;0x405865&lt;/Data&gt; 
      &lt;Data Name=&quot;ParentProcessName&quot;&gt;C:\Windows\System32\svchost.exe&lt;/Data&gt; 
      &lt;Data Name=&quot;MandatoryLabel&quot;&gt;S-1-16-12288&lt;/Data&gt; 
  &lt;/EventData&gt;
  &lt;/Event&gt;</rich_text></node><node custom_icon_id="0" foreground="" is_bold="False" name="1.4. 4624 - Logon (Success)" prog_lang="xml" readonly="True" tags="" ts_creation="1563073794.48" ts_lastsave="1563073877.81" unique_id="214"><rich_text>- &lt;Event xmlns=&quot;http://schemas.microsoft.com/win/2004/08/events/event&quot;&gt;
- &lt;System&gt;
      &lt;Provider Name=&quot;Microsoft-Windows-Security-Auditing&quot; Guid=&quot;{54849625-5478-4994-a5ba-3e3b0328c30d}&quot; /&gt; 
      &lt;EventID&gt;4624&lt;/EventID&gt; 
      &lt;Version&gt;2&lt;/Version&gt; 
      &lt;Level&gt;0&lt;/Level&gt; 
      &lt;Task&gt;12544&lt;/Task&gt; 
      &lt;Opcode&gt;0&lt;/Opcode&gt; 
      &lt;Keywords&gt;0x8020000000000000&lt;/Keywords&gt; 
      &lt;TimeCreated SystemTime=&quot;2019-07-14T18:06:32.660705400Z&quot; /&gt; 
      &lt;EventRecordID&gt;124185&lt;/EventRecordID&gt; 
      &lt;Correlation ActivityID=&quot;{5572e339-3a6a-0000-a1e3-72556a3ad501}&quot; /&gt; 
      &lt;Execution ProcessID=&quot;700&quot; ThreadID=&quot;8596&quot; /&gt; 
      &lt;Channel&gt;Security&lt;/Channel&gt; 
      &lt;Computer&gt;MSEDGEWIN10.bossmanben.local&lt;/Computer&gt; 
      &lt;Security /&gt; 
  &lt;/System&gt;
- &lt;EventData&gt;
      &lt;Data Name=&quot;SubjectUserSid&quot;&gt;S-1-0-0&lt;/Data&gt; 
      &lt;Data Name=&quot;SubjectUserName&quot;&gt;-&lt;/Data&gt; 
      &lt;Data Name=&quot;SubjectDomainName&quot;&gt;-&lt;/Data&gt; 
      &lt;Data Name=&quot;SubjectLogonId&quot;&gt;0x0&lt;/Data&gt; 
      &lt;Data Name=&quot;TargetUserSid&quot;&gt;S-1-5-21-2817836110-3135048609-2922248965-1105&lt;/Data&gt; 
      &lt;Data Name=&quot;TargetUserName&quot;&gt;GConcy&lt;/Data&gt; 
      &lt;Data Name=&quot;TargetDomainName&quot;&gt;BOSSMANBEN&lt;/Data&gt; 
      &lt;Data Name=&quot;TargetLogonId&quot;&gt;0x4060b0&lt;/Data&gt; 
      &lt;Data Name=&quot;LogonType&quot;&gt;3&lt;/Data&gt; 
      &lt;Data Name=&quot;LogonProcessName&quot;&gt;NtLmSsp&lt;/Data&gt; 
      &lt;Data Name=&quot;AuthenticationPackageName&quot;&gt;NTLM&lt;/Data&gt; 
      &lt;Data Name=&quot;WorkstationName&quot;&gt;KALI-WINDOWS&lt;/Data&gt; 
      &lt;Data Name=&quot;LogonGuid&quot;&gt;{00000000-0000-0000-0000-000000000000}&lt;/Data&gt; 
      &lt;Data Name=&quot;TransmittedServices&quot;&gt;-&lt;/Data&gt; 
      &lt;Data Name=&quot;LmPackageName&quot;&gt;NTLM V2&lt;/Data&gt; 
      &lt;Data Name=&quot;KeyLength&quot;&gt;128&lt;/Data&gt; 
      &lt;Data Name=&quot;ProcessId&quot;&gt;0x0&lt;/Data&gt; 
      &lt;Data Name=&quot;ProcessName&quot;&gt;-&lt;/Data&gt; 
      &lt;Data Name=&quot;IpAddress&quot;&gt;-&lt;/Data&gt; 
      &lt;Data Name=&quot;IpPort&quot;&gt;-&lt;/Data&gt; 
      &lt;Data Name=&quot;ImpersonationLevel&quot;&gt;%%1833&lt;/Data&gt; 
      &lt;Data Name=&quot;RestrictedAdminMode&quot;&gt;-&lt;/Data&gt; 
      &lt;Data Name=&quot;TargetOutboundUserName&quot;&gt;-&lt;/Data&gt; 
      &lt;Data Name=&quot;TargetOutboundDomainName&quot;&gt;-&lt;/Data&gt; 
      &lt;Data Name=&quot;VirtualAccount&quot;&gt;%%1843&lt;/Data&gt; 
      &lt;Data Name=&quot;TargetLinkedLogonId&quot;&gt;0x0&lt;/Data&gt; 
      &lt;Data Name=&quot;ElevatedToken&quot;&gt;%%1842&lt;/Data&gt; 
  &lt;/EventData&gt;
  &lt;/Event&gt;</rich_text></node><node custom_icon_id="0" foreground="" is_bold="False" name="1.5. 4624 - Logon (Success)" prog_lang="xml" readonly="True" tags="" ts_creation="1563073799.62" ts_lastsave="1563073889.5" unique_id="215"><rich_text>- &lt;Event xmlns=&quot;http://schemas.microsoft.com/win/2004/08/events/event&quot;&gt;
- &lt;System&gt;
      &lt;Provider Name=&quot;Microsoft-Windows-Security-Auditing&quot; Guid=&quot;{54849625-5478-4994-a5ba-3e3b0328c30d}&quot; /&gt; 
      &lt;EventID&gt;4624&lt;/EventID&gt; 
      &lt;Version&gt;2&lt;/Version&gt; 
      &lt;Level&gt;0&lt;/Level&gt; 
      &lt;Task&gt;12544&lt;/Task&gt; 
      &lt;Opcode&gt;0&lt;/Opcode&gt; 
      &lt;Keywords&gt;0x8020000000000000&lt;/Keywords&gt; 
      &lt;TimeCreated SystemTime=&quot;2019-07-14T18:06:32.738780100Z&quot; /&gt; 
      &lt;EventRecordID&gt;124190&lt;/EventRecordID&gt; 
      &lt;Correlation ActivityID=&quot;{5572e339-3a6a-0000-a1e3-72556a3ad501}&quot; /&gt; 
      &lt;Execution ProcessID=&quot;700&quot; ThreadID=&quot;8596&quot; /&gt; 
      &lt;Channel&gt;Security&lt;/Channel&gt; 
      &lt;Computer&gt;MSEDGEWIN10.bossmanben.local&lt;/Computer&gt; 
      &lt;Security /&gt; 
  &lt;/System&gt;
- &lt;EventData&gt;
      &lt;Data Name=&quot;SubjectUserSid&quot;&gt;S-1-0-0&lt;/Data&gt; 
      &lt;Data Name=&quot;SubjectUserName&quot;&gt;-&lt;/Data&gt; 
      &lt;Data Name=&quot;SubjectDomainName&quot;&gt;-&lt;/Data&gt; 
      &lt;Data Name=&quot;SubjectLogonId&quot;&gt;0x0&lt;/Data&gt; 
      &lt;Data Name=&quot;TargetUserSid&quot;&gt;S-1-5-21-2817836110-3135048609-2922248965-1105&lt;/Data&gt; 
      &lt;Data Name=&quot;TargetUserName&quot;&gt;GConcy&lt;/Data&gt; 
      &lt;Data Name=&quot;TargetDomainName&quot;&gt;BOSSMANBEN&lt;/Data&gt; 
      &lt;Data Name=&quot;TargetLogonId&quot;&gt;0x406551&lt;/Data&gt; 
      &lt;Data Name=&quot;LogonType&quot;&gt;3&lt;/Data&gt; 
      &lt;Data Name=&quot;LogonProcessName&quot;&gt;NtLmSsp&lt;/Data&gt; 
      &lt;Data Name=&quot;AuthenticationPackageName&quot;&gt;NTLM&lt;/Data&gt; 
      &lt;Data Name=&quot;WorkstationName&quot;&gt;KALI-WINDOWS&lt;/Data&gt; 
      &lt;Data Name=&quot;LogonGuid&quot;&gt;{00000000-0000-0000-0000-000000000000}&lt;/Data&gt; 
      &lt;Data Name=&quot;TransmittedServices&quot;&gt;-&lt;/Data&gt; 
      &lt;Data Name=&quot;LmPackageName&quot;&gt;NTLM V2&lt;/Data&gt; 
      &lt;Data Name=&quot;KeyLength&quot;&gt;128&lt;/Data&gt; 
      &lt;Data Name=&quot;ProcessId&quot;&gt;0x0&lt;/Data&gt; 
      &lt;Data Name=&quot;ProcessName&quot;&gt;-&lt;/Data&gt; 
      &lt;Data Name=&quot;IpAddress&quot;&gt;-&lt;/Data&gt; 
      &lt;Data Name=&quot;IpPort&quot;&gt;-&lt;/Data&gt; 
      &lt;Data Name=&quot;ImpersonationLevel&quot;&gt;%%1833&lt;/Data&gt; 
      &lt;Data Name=&quot;RestrictedAdminMode&quot;&gt;-&lt;/Data&gt; 
      &lt;Data Name=&quot;TargetOutboundUserName&quot;&gt;-&lt;/Data&gt; 
      &lt;Data Name=&quot;TargetOutboundDomainName&quot;&gt;-&lt;/Data&gt; 
      &lt;Data Name=&quot;VirtualAccount&quot;&gt;%%1843&lt;/Data&gt; 
      &lt;Data Name=&quot;TargetLinkedLogonId&quot;&gt;0x0&lt;/Data&gt; 
      &lt;Data Name=&quot;ElevatedToken&quot;&gt;%%1842&lt;/Data&gt; 
  &lt;/EventData&gt;
  &lt;/Event&gt;</rich_text></node><node custom_icon_id="0" foreground="" is_bold="False" name="3.1. 4688 - Process Creation (Success)" prog_lang="xml" readonly="True" tags="" ts_creation="1563084235.7" ts_lastsave="1563085502.61" unique_id="225"><rich_text>- &lt;Event xmlns=&quot;http://schemas.microsoft.com/win/2004/08/events/event&quot;&gt;
- &lt;System&gt;
      &lt;Provider Name=&quot;Microsoft-Windows-Security-Auditing&quot; Guid=&quot;{54849625-5478-4994-a5ba-3e3b0328c30d}&quot; /&gt; 
      &lt;EventID&gt;4688&lt;/EventID&gt; 
      &lt;Version&gt;2&lt;/Version&gt; 
      &lt;Level&gt;0&lt;/Level&gt; 
      &lt;Task&gt;13312&lt;/Task&gt; 
      &lt;Opcode&gt;0&lt;/Opcode&gt; 
      &lt;Keywords&gt;0x8020000000000000&lt;/Keywords&gt; 
      &lt;TimeCreated SystemTime=&quot;2019-07-14T19:04:34.973432600Z&quot; /&gt; 
      &lt;EventRecordID&gt;129077&lt;/EventRecordID&gt; 
      &lt;Correlation /&gt; 
      &lt;Execution ProcessID=&quot;4&quot; ThreadID=&quot;3436&quot; /&gt; 
      &lt;Channel&gt;Security&lt;/Channel&gt; 
      &lt;Computer&gt;MSEDGEWIN10.bossmanben.local&lt;/Computer&gt; 
      &lt;Security /&gt; 
  &lt;/System&gt;
- &lt;EventData&gt;
      &lt;Data Name=&quot;SubjectUserSid&quot;&gt;S-1-5-21-2817836110-3135048609-2922248965-1105&lt;/Data&gt; 
      &lt;Data Name=&quot;SubjectUserName&quot;&gt;GConcy&lt;/Data&gt; 
      &lt;Data Name=&quot;SubjectDomainName&quot;&gt;BOSSMANBEN&lt;/Data&gt; 
      &lt;Data Name=&quot;SubjectLogonId&quot;&gt;0x169f04&lt;/Data&gt; 
      &lt;Data Name=&quot;NewProcessId&quot;&gt;0xfa4&lt;/Data&gt; 
      &lt;Data Name=&quot;NewProcessName&quot;&gt;C:\Windows\System32\sc.exe&lt;/Data&gt; 
      &lt;Data Name=&quot;TokenElevationType&quot;&gt;%%1936&lt;/Data&gt; 
      &lt;Data Name=&quot;ProcessId&quot;&gt;0xb48&lt;/Data&gt; 
      &lt;Data Name=&quot;CommandLine&quot;&gt;&quot;C:\Windows\system32\sc.exe&quot; config winrm type= own&lt;/Data&gt; 
      &lt;Data Name=&quot;TargetUserSid&quot;&gt;S-1-0-0&lt;/Data&gt; 
      &lt;Data Name=&quot;TargetUserName&quot;&gt;-&lt;/Data&gt; 
      &lt;Data Name=&quot;TargetDomainName&quot;&gt;-&lt;/Data&gt; 
      &lt;Data Name=&quot;TargetLogonId&quot;&gt;0x0&lt;/Data&gt; 
      &lt;Data Name=&quot;ParentProcessName&quot;&gt;C:\Windows\System32\wsmprovhost.exe&lt;/Data&gt; 
      &lt;Data Name=&quot;MandatoryLabel&quot;&gt;S-1-16-12288&lt;/Data&gt; 
  &lt;/EventData&gt;
  &lt;/Event&gt;</rich_text></node><node custom_icon_id="0" foreground="" is_bold="False" name="3.2. 4688 - Process Creation (Success)" prog_lang="xml" readonly="True" tags="" ts_creation="1563084246.41" ts_lastsave="1563085518.53" unique_id="226"><rich_text>- &lt;Event xmlns=&quot;http://schemas.microsoft.com/win/2004/08/events/event&quot;&gt;
- &lt;System&gt;
      &lt;Provider Name=&quot;Microsoft-Windows-Security-Auditing&quot; Guid=&quot;{54849625-5478-4994-a5ba-3e3b0328c30d}&quot; /&gt; 
      &lt;EventID&gt;4688&lt;/EventID&gt; 
      &lt;Version&gt;2&lt;/Version&gt; 
      &lt;Level&gt;0&lt;/Level&gt; 
      &lt;Task&gt;13312&lt;/Task&gt; 
      &lt;Opcode&gt;0&lt;/Opcode&gt; 
      &lt;Keywords&gt;0x8020000000000000&lt;/Keywords&gt; 
      &lt;TimeCreated SystemTime=&quot;2019-07-14T19:04:34.997540900Z&quot; /&gt; 
      &lt;EventRecordID&gt;129078&lt;/EventRecordID&gt; 
      &lt;Correlation /&gt; 
      &lt;Execution ProcessID=&quot;4&quot; ThreadID=&quot;124&quot; /&gt; 
      &lt;Channel&gt;Security&lt;/Channel&gt; 
      &lt;Computer&gt;MSEDGEWIN10.bossmanben.local&lt;/Computer&gt; 
      &lt;Security /&gt; 
  &lt;/System&gt;
- &lt;EventData&gt;
      &lt;Data Name=&quot;SubjectUserSid&quot;&gt;S-1-5-21-2817836110-3135048609-2922248965-1105&lt;/Data&gt; 
      &lt;Data Name=&quot;SubjectUserName&quot;&gt;GConcy&lt;/Data&gt; 
      &lt;Data Name=&quot;SubjectDomainName&quot;&gt;BOSSMANBEN&lt;/Data&gt; 
      &lt;Data Name=&quot;SubjectLogonId&quot;&gt;0x169f04&lt;/Data&gt; 
      &lt;Data Name=&quot;NewProcessId&quot;&gt;0x1224&lt;/Data&gt; 
      &lt;Data Name=&quot;NewProcessName&quot;&gt;C:\Windows\System32\conhost.exe&lt;/Data&gt; 
      &lt;Data Name=&quot;TokenElevationType&quot;&gt;%%1936&lt;/Data&gt; 
      &lt;Data Name=&quot;ProcessId&quot;&gt;0xfa4&lt;/Data&gt; 
      &lt;Data Name=&quot;CommandLine&quot;&gt;\??\C:\Windows\system32\conhost.exe 0xffffffff -ForceV1&lt;/Data&gt; 
      &lt;Data Name=&quot;TargetUserSid&quot;&gt;S-1-0-0&lt;/Data&gt; 
      &lt;Data Name=&quot;TargetUserName&quot;&gt;-&lt;/Data&gt; 
      &lt;Data Name=&quot;TargetDomainName&quot;&gt;-&lt;/Data&gt; 
      &lt;Data Name=&quot;TargetLogonId&quot;&gt;0x0&lt;/Data&gt; 
      &lt;Data Name=&quot;ParentProcessName&quot;&gt;C:\Windows\System32\sc.exe&lt;/Data&gt; 
      &lt;Data Name=&quot;MandatoryLabel&quot;&gt;S-1-16-12288&lt;/Data&gt; 
  &lt;/EventData&gt;
  &lt;/Event&gt;</rich_text></node><node custom_icon_id="0" foreground="" is_bold="False" name="3.3. 4657 - Registry" prog_lang="xml" readonly="True" tags="" ts_creation="1563084261.61" ts_lastsave="1563085545.92" unique_id="227"><rich_text>- &lt;Event xmlns=&quot;http://schemas.microsoft.com/win/2004/08/events/event&quot;&gt;
- &lt;System&gt;
      &lt;Provider Name=&quot;Microsoft-Windows-Security-Auditing&quot; Guid=&quot;{54849625-5478-4994-a5ba-3e3b0328c30d}&quot; /&gt; 
      &lt;EventID&gt;4657&lt;/EventID&gt; 
      &lt;Version&gt;0&lt;/Version&gt; 
      &lt;Level&gt;0&lt;/Level&gt; 
      &lt;Task&gt;12801&lt;/Task&gt; 
      &lt;Opcode&gt;0&lt;/Opcode&gt; 
      &lt;Keywords&gt;0x8020000000000000&lt;/Keywords&gt; 
      &lt;TimeCreated SystemTime=&quot;2019-07-14T19:04:37.240428700Z&quot; /&gt; 
      &lt;EventRecordID&gt;129095&lt;/EventRecordID&gt; 
      &lt;Correlation /&gt; 
      &lt;Execution ProcessID=&quot;4&quot; ThreadID=&quot;6888&quot; /&gt; 
      &lt;Channel&gt;Security&lt;/Channel&gt; 
      &lt;Computer&gt;MSEDGEWIN10.bossmanben.local&lt;/Computer&gt; 
      &lt;Security /&gt; 
  &lt;/System&gt;
- &lt;EventData&gt;
      &lt;Data Name=&quot;SubjectUserSid&quot;&gt;S-1-5-21-2817836110-3135048609-2922248965-1105&lt;/Data&gt; 
      &lt;Data Name=&quot;SubjectUserName&quot;&gt;GConcy&lt;/Data&gt; 
      &lt;Data Name=&quot;SubjectDomainName&quot;&gt;BOSSMANBEN&lt;/Data&gt; 
      &lt;Data Name=&quot;SubjectLogonId&quot;&gt;0x169f04&lt;/Data&gt; 
      &lt;Data Name=&quot;ObjectName&quot;&gt;\REGISTRY\MACHINE\SOFTWARE\Microsoft\Windows\CurrentVersion\WSMAN&lt;/Data&gt; 
      &lt;Data Name=&quot;ObjectValueName&quot;&gt;UpdatedConfig&lt;/Data&gt; 
      &lt;Data Name=&quot;HandleId&quot;&gt;0x788&lt;/Data&gt; 
      &lt;Data Name=&quot;OperationType&quot;&gt;%%1905&lt;/Data&gt; 
      &lt;Data Name=&quot;OldValueType&quot;&gt;%%1873&lt;/Data&gt; 
      &lt;Data Name=&quot;OldValue&quot;&gt;41CB594A-7501-4056-B5FD-F35537638A61&lt;/Data&gt; 
      &lt;Data Name=&quot;NewValueType&quot;&gt;%%1873&lt;/Data&gt; 
      &lt;Data Name=&quot;NewValue&quot;&gt;497CC8FE-C1C1-4595-AC34-3BCB3AA7FB54&lt;/Data&gt; 
      &lt;Data Name=&quot;ProcessId&quot;&gt;0x230c&lt;/Data&gt; 
      &lt;Data Name=&quot;ProcessName&quot;&gt;C:\Windows\System32\svchost.exe&lt;/Data&gt; 
  &lt;/EventData&gt;
  &lt;/Event&gt;</rich_text></node><node custom_icon_id="0" foreground="" is_bold="False" name="3.4. 4624 - Logon (Success)" prog_lang="xml" readonly="True" tags="" ts_creation="1563084288.74" ts_lastsave="1563085566.91" unique_id="228"><rich_text>- &lt;Event xmlns=&quot;http://schemas.microsoft.com/win/2004/08/events/event&quot;&gt;
- &lt;System&gt;
      &lt;Provider Name=&quot;Microsoft-Windows-Security-Auditing&quot; Guid=&quot;{54849625-5478-4994-a5ba-3e3b0328c30d}&quot; /&gt; 
      &lt;EventID&gt;4624&lt;/EventID&gt; 
      &lt;Version&gt;2&lt;/Version&gt; 
      &lt;Level&gt;0&lt;/Level&gt; 
      &lt;Task&gt;12544&lt;/Task&gt; 
      &lt;Opcode&gt;0&lt;/Opcode&gt; 
      &lt;Keywords&gt;0x8020000000000000&lt;/Keywords&gt; 
      &lt;TimeCreated SystemTime=&quot;2019-07-14T19:04:37.884672000Z&quot; /&gt; 
      &lt;EventRecordID&gt;129117&lt;/EventRecordID&gt; 
      &lt;Correlation ActivityID=&quot;{393096cf-3a76-0002-5397-3039763ad501}&quot; /&gt; 
      &lt;Execution ProcessID=&quot;696&quot; ThreadID=&quot;5220&quot; /&gt; 
      &lt;Channel&gt;Security&lt;/Channel&gt; 
      &lt;Computer&gt;MSEDGEWIN10.bossmanben.local&lt;/Computer&gt; 
      &lt;Security /&gt; 
  &lt;/System&gt;
- &lt;EventData&gt;
      &lt;Data Name=&quot;SubjectUserSid&quot;&gt;S-1-5-21-2817836110-3135048609-2922248965-1105&lt;/Data&gt; 
      &lt;Data Name=&quot;SubjectUserName&quot;&gt;GConcy&lt;/Data&gt; 
      &lt;Data Name=&quot;SubjectDomainName&quot;&gt;BOSSMANBEN&lt;/Data&gt; 
      &lt;Data Name=&quot;SubjectLogonId&quot;&gt;0x169f04&lt;/Data&gt; 
      &lt;Data Name=&quot;TargetUserSid&quot;&gt;S-1-5-21-2817836110-3135048609-2922248965-1105&lt;/Data&gt; 
      &lt;Data Name=&quot;TargetUserName&quot;&gt;GConcy&lt;/Data&gt; 
      &lt;Data Name=&quot;TargetDomainName&quot;&gt;BOSSMANBEN&lt;/Data&gt; 
      &lt;Data Name=&quot;TargetLogonId&quot;&gt;0x176f23&lt;/Data&gt; 
      &lt;Data Name=&quot;LogonType&quot;&gt;8&lt;/Data&gt; 
      &lt;Data Name=&quot;LogonProcessName&quot;&gt;Advapi&lt;/Data&gt; 
      &lt;Data Name=&quot;AuthenticationPackageName&quot;&gt;Negotiate&lt;/Data&gt; 
      &lt;Data Name=&quot;WorkstationName&quot;&gt;MSEDGEWIN10&lt;/Data&gt; 
      &lt;Data Name=&quot;LogonGuid&quot;&gt;{9e6783b4-296d-07fb-ba3f-95caca54ff6e}&lt;/Data&gt; 
      &lt;Data Name=&quot;TransmittedServices&quot;&gt;-&lt;/Data&gt; 
      &lt;Data Name=&quot;LmPackageName&quot;&gt;-&lt;/Data&gt; 
      &lt;Data Name=&quot;KeyLength&quot;&gt;0&lt;/Data&gt; 
      &lt;Data Name=&quot;ProcessId&quot;&gt;0x230c&lt;/Data&gt; 
      &lt;Data Name=&quot;ProcessName&quot;&gt;C:\Windows\System32\svchost.exe&lt;/Data&gt; 
      &lt;Data Name=&quot;IpAddress&quot;&gt;-&lt;/Data&gt; 
      &lt;Data Name=&quot;IpPort&quot;&gt;-&lt;/Data&gt; 
      &lt;Data Name=&quot;ImpersonationLevel&quot;&gt;%%1833&lt;/Data&gt; 
      &lt;Data Name=&quot;RestrictedAdminMode&quot;&gt;-&lt;/Data&gt; 
      &lt;Data Name=&quot;TargetOutboundUserName&quot;&gt;-&lt;/Data&gt; 
      &lt;Data Name=&quot;TargetOutboundDomainName&quot;&gt;-&lt;/Data&gt; 
      &lt;Data Name=&quot;VirtualAccount&quot;&gt;%%1843&lt;/Data&gt; 
      &lt;Data Name=&quot;TargetLinkedLogonId&quot;&gt;0x0&lt;/Data&gt; 
      &lt;Data Name=&quot;ElevatedToken&quot;&gt;%%1842&lt;/Data&gt; 
  &lt;/EventData&gt;
  &lt;/Event&gt;</rich_text></node><node custom_icon_id="0" foreground="" is_bold="False" name="3.5. 4657 - Registry" prog_lang="xml" readonly="True" tags="" ts_creation="1563084319.99" ts_lastsave="1563085587.69" unique_id="232"><rich_text>- &lt;Event xmlns=&quot;http://schemas.microsoft.com/win/2004/08/events/event&quot;&gt;
- &lt;System&gt;
      &lt;Provider Name=&quot;Microsoft-Windows-Security-Auditing&quot; Guid=&quot;{54849625-5478-4994-a5ba-3e3b0328c30d}&quot; /&gt; 
      &lt;EventID&gt;4657&lt;/EventID&gt; 
      &lt;Version&gt;0&lt;/Version&gt; 
      &lt;Level&gt;0&lt;/Level&gt; 
      &lt;Task&gt;12801&lt;/Task&gt; 
      &lt;Opcode&gt;0&lt;/Opcode&gt; 
      &lt;Keywords&gt;0x8020000000000000&lt;/Keywords&gt; 
      &lt;TimeCreated SystemTime=&quot;2019-07-14T19:04:37.911528900Z&quot; /&gt; 
      &lt;EventRecordID&gt;129122&lt;/EventRecordID&gt; 
      &lt;Correlation /&gt; 
      &lt;Execution ProcessID=&quot;4&quot; ThreadID=&quot;6888&quot; /&gt; 
      &lt;Channel&gt;Security&lt;/Channel&gt; 
      &lt;Computer&gt;MSEDGEWIN10.bossmanben.local&lt;/Computer&gt; 
      &lt;Security /&gt; 
  &lt;/System&gt;
- &lt;EventData&gt;
      &lt;Data Name=&quot;SubjectUserSid&quot;&gt;S-1-5-21-2817836110-3135048609-2922248965-1105&lt;/Data&gt; 
      &lt;Data Name=&quot;SubjectUserName&quot;&gt;GConcy&lt;/Data&gt; 
      &lt;Data Name=&quot;SubjectDomainName&quot;&gt;BOSSMANBEN&lt;/Data&gt; 
      &lt;Data Name=&quot;SubjectLogonId&quot;&gt;0x169f04&lt;/Data&gt; 
      &lt;Data Name=&quot;ObjectName&quot;&gt;\REGISTRY\MACHINE\SOFTWARE\Microsoft\Windows\CurrentVersion\WSMAN\Plugin\GodConcy&lt;/Data&gt; 
      &lt;Data Name=&quot;ObjectValueName&quot;&gt;ConfigXML&lt;/Data&gt; 
      &lt;Data Name=&quot;HandleId&quot;&gt;0x7d8&lt;/Data&gt; 
      &lt;Data Name=&quot;OperationType&quot;&gt;%%1905&lt;/Data&gt; 
      &lt;Data Name=&quot;OldValueType&quot;&gt;%%1873&lt;/Data&gt; 
      &lt;Data Name=&quot;OldValue&quot;&gt;&lt;PlugInConfiguration xmlns=&quot;http://schemas.microsoft.com/wbem/wsman/1/config/PluginConfiguration&quot; Name=&quot;GodConcy&quot; Filename=&quot;%windir%\system32\pwrshplugin.dll&quot; SDKVersion=&quot;2&quot; XmlRenderingType=&quot;text&quot; Enabled=&quot;True&quot; OutputBufferingMode=&quot;Block&quot; ProcessIdleTimeoutSec=&quot;0&quot; Architecture=&quot;64&quot; UseSharedProcess=&quot;false&quot; RunAsUser=&quot;&quot; RunAsPassword=&quot;&quot; RunAsVirtualAccount=&quot;false&quot; RunAsVirtualAccountGroups=&quot;&quot; AutoRestart=&quot;false&quot;&gt;&lt;InitializationParameters&gt;&lt;Param Name=&quot;PSVersion&quot; Value=&quot;5.1&quot;/&gt;&lt;/InitializationParameters&gt;&lt;Resources&gt;&lt;Resource ResourceUri=&quot;http://schemas.microsoft.com/powershell/GodConcy&quot; SupportsOptions=&quot;true&quot; ExactMatch=&quot;true&quot;&gt;&lt;Security Uri=&quot;http://schemas.microsoft.com/powershell/GodConcy&quot; ExactMatch=&quot;true&quot; Sddl=&quot;O:NSG:BAD:P(A;;GA;;;BA)(A;;GA;;;RM)(A;;GA;;;IU)S:P(AU;FA;GA;;;WD)(AU;SA;GXGW;;;WD)&quot;/&gt;&lt;Capability Type=&quot;Shell&quot;/&gt;&lt;/Resource&gt;&lt;/Resources&gt;&lt;Quotas IdleTimeoutms=&quot;7200000&quot; MaxConcurrentUsers=&quot;2147483647&quot; MaxProcessesPerShell=&quot;2147483647&quot; MaxMemoryPerShellMB=&quot;2147483647&quot; MaxShellsPerUser=&quot;2147483647&quot; MaxConcurrentCommandsPerShell=&quot;2147483647&quot; MaxShells=&quot;2147483647&quot; MaxIdleTimeoutms=&quot;2147483647&quot;/&gt;&lt;/PlugInConfiguration&gt;&lt;/Data&gt; 
      &lt;Data Name=&quot;NewValueType&quot;&gt;%%1873&lt;/Data&gt; 
      &lt;Data Name=&quot;NewValue&quot;&gt;&lt;PlugInConfiguration xmlns=&quot;http://schemas.microsoft.com/wbem/wsman/1/config/PluginConfiguration&quot; Name=&quot;GodConcy&quot; Filename=&quot;%windir%\system32\pwrshplugin.dll&quot; SDKVersion=&quot;2&quot; XmlRenderingType=&quot;text&quot; Enabled=&quot;True&quot; OutputBufferingMode=&quot;Block&quot; ProcessIdleTimeoutSec=&quot;0&quot; Architecture=&quot;64&quot; UseSharedProcess=&quot;false&quot; RunAsUser=&quot;BOSSMANBEN\GConcy&quot; RunAsPassword=&quot;&quot; RunAsVirtualAccount=&quot;false&quot; RunAsVirtualAccountGroups=&quot;&quot; AutoRestart=&quot;false&quot;&gt;&lt;InitializationParameters&gt;&lt;Param Name=&quot;PSVersion&quot; Value=&quot;5.1&quot;/&gt;&lt;/InitializationParameters&gt;&lt;Resources&gt;&lt;Resource ResourceUri=&quot;http://schemas.microsoft.com/powershell/GodConcy&quot; SupportsOptions=&quot;true&quot; ExactMatch=&quot;true&quot;&gt;&lt;Security Uri=&quot;http://schemas.microsoft.com/powershell/GodConcy&quot; ExactMatch=&quot;true&quot; Sddl=&quot;O:NSG:BAD:P(A;;GA;;;BA)(A;;GA;;;RM)(A;;GA;;;IU)S:P(AU;FA;GA;;;WD)(AU;SA;GXGW;;;WD)&quot;/&gt;&lt;Capability Type=&quot;Shell&quot;/&gt;&lt;/Resource&gt;&lt;/Resources&gt;&lt;Quotas IdleTimeoutms=&quot;7200000&quot; MaxConcurrentUsers=&quot;2147483647&quot; MaxProcessesPerShell=&quot;2147483647&quot; MaxMemoryPerShellMB=&quot;2147483647&quot; MaxShellsPerUser=&quot;2147483647&quot; MaxConcurrentCommandsPerShell=&quot;2147483647&quot; MaxShells=&quot;2147483647&quot; MaxIdleTimeoutms=&quot;2147483647&quot;/&gt;&lt;/PlugInConfiguration&gt;&lt;/Data&gt; 
      &lt;Data Name=&quot;ProcessId&quot;&gt;0x230c&lt;/Data&gt; 
      &lt;Data Name=&quot;ProcessName&quot;&gt;C:\Windows\System32\svchost.exe&lt;/Data&gt; 
  &lt;/EventData&gt;
  &lt;/Event&gt;