<?xml version="1.0" ?><cherrytree><node custom_icon_id="0" foreground="" is_bold="True" name="Pass-the-Hash" prog_lang="custom-colors" readonly="False" tags="" ts_creation="1561959098.73" ts_lastsave="1562853657.45" unique_id="93"><rich_text></rich_text><node custom_icon_id="0" foreground="" is_bold="True" name="mimikatz" prog_lang="custom-colors" readonly="True" tags="" ts_creation="1561959166.68" ts_lastsave="1562071895.49" unique_id="94"><rich_text scale="h1" weight="heavy">PREREQUISITES:</rich_text><rich_text>

    </rich_text><rich_text scale="h2" underline="single" weight="heavy">Local Machine</rich_text><rich_text scale="h2" weight="heavy"> (kali-windows)</rich_text><rich_text scale="h2" underline="single" weight="heavy">:</rich_text><rich_text>
    </rich_text><rich_text scale="h2">
       •  PS Remoting is enabled (</rich_text><rich_text scale="h2" weight="heavy">WinRM</rich_text><rich_text scale="h2">)
       •  Connection to a remote machine (</rich_text><rich_text scale="h2" weight="heavy">192.168.56.101</rich_text><rich_text scale="h2">)</rich_text><rich_text>
  
    </rich_text><rich_text scale="h2" underline="single" weight="heavy">Remote Machine</rich_text><rich_text scale="h2" weight="heavy"> (MSEDGEWIN10)</rich_text><rich_text scale="h2" underline="single" weight="heavy">:</rich_text><rich_text>
    
</rich_text><rich_text scale="h2">       •  PS Remoting is enabled (</rich_text><rich_text scale="h2" weight="heavy">WinRM</rich_text><rich_text scale="h2">)          
       •  Two existing user accounts (</rich_text><rich_text scale="h2" weight="heavy">IEUser and GodConcy</rich_text><rich_text scale="h2">)</rich_text><rich_text>
 </rich_text><rich_text scale="h2">          •  At least one of which is an administrator account</rich_text><rich_text>
</rich_text><rich_text scale="h2">           •  And another user to pivot to</rich_text><rich_text>
</rich_text><rich_text scale="h2">           •  Known credentials to an administrator account </rich_text><rich_text scale="h2" weight="heavy">(IEUser : Passw0rd!)</rich_text><rich_text>
</rich_text><rich_text scale="h2">       •  Firewall is </rich_text><rich_text scale="h2" weight="heavy">disabled</rich_text><rich_text scale="h2"> for </rich_text><rich_text scale="h2" underline="single">public networks</rich_text><rich_text>
        
       
</rich_text><rich_text scale="h3">~~~~~~~~~~~~~~~~~~~~~~~~~~~~~~~~~~~~~~~~~~~~~~~~~~~~~~~~~~~~~~~~~~</rich_text><rich_text>

</rich_text><rich_text scale="h1" weight="heavy">STEPS TO RECREATE:</rich_text><rich_text>
</rich_text><rich_text scale="h2">
       1. </rich_text><rich_text link="node 95" scale="h2">Start and configure WinRM to accept connections via a public network.</rich_text><rich_text scale="h2">
       2. </rich_text><rich_text link="node 96" scale="h2">Create a new user in the remote machine</rich_text><rich_text scale="h2"> (</rich_text><rich_text scale="h2" style="italic">if necessary</rich_text><rich_text scale="h2">)</rich_text><rich_text>
      </rich_text><rich_text scale="h2">       2.2 </rich_text><rich_text link="node 113" scale="h2">Configure PSRemoting for the newly created user.</rich_text><rich_text>
</rich_text><rich_text scale="h2">       3. </rich_text><rich_text link="node 114" scale="h2">Dump user credentials using </rich_text><rich_text link="node 114" scale="h2" weight="heavy">Invoke-Mimikatz</rich_text><rich_text scale="h2"> (</rich_text><rich_text link="webs https://github.com/samratashok/nishang/blob/master/Gather/Invoke-Mimikatz.ps1" scale="h2">nishang</rich_text><rich_text scale="h2">)
       4. </rich_text><rich_text link="node 136" scale="h2">Authenticate using </rich_text><rich_text link="node 136" scale="h2" weight="heavy">mimikatz.exe</rich_text><rich_text scale="h2"> (</rich_text><rich_text link="webs https://github.com/gentilkiwi/mimikatz/releases" scale="h2">gentikiwi</rich_text><rich_text scale="h2">)</rich_text><rich_text>

</rich_text><rich_text scale="h3">~~~~~~~~~~~~~~~~~~~~~~~~~~~~~~~~~~~~~~~~~~~~~~~~~~~~~~~~~~~~~~~~~~</rich_text><rich_text>
       
</rich_text><rich_text scale="h1" weight="heavy">REFERENCES:</rich_text><rich_text>

</rich_text><rich_text scale="h3">      • </rich_text><rich_text link="webs https://jpcertcc.github.io/ToolAnalysisResultSheet/" scale="h3">https://jpcertcc.github.io/ToolAnalysisResultSheet/</rich_text><rich_text scale="h3">
      • </rich_text><rich_text link="webs http://www.hurryupandwait.io/blog/fixing-winrm-firewall-exception-rule-not-working-when-internet-connection-type-is-set-to-public" scale="h3">http://www.hurryupandwait.io/blog/fixing-winrm-firewall-exception-rule-not-working-when-internet-connection-type-is-set-to-public</rich_text><rich_text scale="h3">
      • </rich_text><rich_text link="webs https://pureinfotech.com/create-new-user-account-powershell-windows-10/" scale="h3">https://pureinfotech.com/create-new-user-account-powershell-windows-10/</rich_text><rich_text scale="h3">
      • </rich_text><rich_text link="webs http://duffney.io/RunLocalFunctionsRemotely" scale="h3">http://duffney.io/RunLocalFunctionsRemotely</rich_text><rich_text>
</rich_text><rich_text scale="h3">      • </rich_text><rich_text link="webs https://github.com/gentilkiwi/mimikatz" scale="h3">https://github.com/gentilkiwi/mimikatz</rich_text><rich_text>
       
  </rich_text><rich_text scale="h1" weight="heavy">
       </rich_text><node custom_icon_id="0" foreground="" is_bold="False" name="1. Start and configure WinRM to accept connections via a public network" prog_lang="custom-colors" readonly="True" tags="" ts_creation="1562048946.54" ts_lastsave="1562904042.92" unique_id="95"><rich_text scale="h1" underline="single" weight="heavy">Local Machine (KALI-WINDOWS):</rich_text><rich_text>

</rich_text><rich_text scale="h2">1. Enable PS Remoting:</rich_text><rich_text>

    </rich_text><rich_text justification="left"></rich_text><rich_text>
    
</rich_text><rich_text scale="h2">2. Add trusted hosts (192.168.56.101) to the client:
</rich_text><rich_text> </rich_text><rich_text scale="h2">
   </rich_text><rich_text justification="left" scale="h2"></rich_text><rich_text scale="h2"> </rich_text><rich_text>
   
</rich_text><rich_text scale="h2">3. Restart the service:</rich_text><rich_text>

    </rich_text><rich_text justification="left"></rich_text><rich_text>
    
    
</rich_text><rich_text scale="h1" underline="single" weight="heavy">Remote Machine (MSEDGEWIN10):</rich_text><rich_text>

</rich_text><rich_text scale="h2">1. Enable PS Remoting:</rich_text><rich_text>

    </rich_text><rich_text justification="left"></rich_text><rich_text>
    
</rich_text><rich_text scale="h2">2. Allow WinRM to accept all connections:
</rich_text><rich_text> </rich_text><rich_text scale="h2">
   </rich_text><rich_text justification="left"></rich_text><rich_text> 
   
</rich_text><rich_text scale="h2">3. Restart the service:</rich_text><rich_text>

    </rich_text><rich_text justification="left"></rich_text><rich_text>
    

</rich_text><rich_text scale="h3">~~~~~~~~~~~~~~~~~~~~~~~~~~~~~~~~~~~~~~~~~~~~~~~~~~~~~~~~~~~~~~~~~~</rich_text><rich_text>

</rich_text><rich_text scale="h1" weight="heavy">NOTES</rich_text><rich_text scale="h1">:</rich_text><rich_text>
</rich_text><rich_text scale="h2">• </rich_text><rich_text scale="h2" underline="single" weight="heavy">-SkipNetworkProfileCheck</rich_text><rich_text scale="h2"> allows WinRM to pass through a public network</rich_text><rich_text>
</rich_text><rich_text scale="h2">• WinRM </rich_text><rich_text scale="h2" underline="single" weight="heavy">will not</rich_text><rich_text scale="h2"> allow untrusted hosts</rich_text><rich_text>
</rich_text><rich_text scale="h2">• The service needs to be restart for changes to apply</rich_text><rich_text>



















</rich_text><codebox char_offset="59" frame_height="40" frame_width="91" highlight_brackets="True" show_line_numbers="False" syntax_highlighting="powershell" width_in_pixels="False">Enable-PSRemoting -SkipNetworkProfileCheck</codebox><codebox char_offset="124" frame_height="40" frame_width="91" highlight_brackets="True" show_line_numbers="False" syntax_highlighting="powershell" width_in_pixels="False">Set-Item wsman:\localhost\client\trustedhosts 192.168.56.101</codebox><codebox char_offset="160" frame_height="40" frame_width="91" highlight_brackets="True" show_line_numbers="False" syntax_highlighting="powershell" width_in_pixels="False">Restart-Service WinRM</codebox><codebox char_offset="231" frame_height="40" frame_width="91" highlight_brackets="True" show_line_numbers="False" syntax_highlighting="powershell" width_in_pixels="False">Enable-PSRemoting -SkipNetworkProfileCheck</codebox><codebox char_offset="285" frame_height="40" frame_width="91" highlight_brackets="True" show_line_numbers="False" syntax_highlighting="powershell" width_in_pixels="False">Set-Item wsman:\localhost\client\trustedhosts *</codebox><codebox char_offset="321" frame_height="40" frame_width="91" highlight_brackets="True" show_line_numbers="False" syntax_highlighting="powershell" width_in_pixels="False">Restart-Service WinRM</codebox></node><node custom_icon_id="0" foreground="" is_bold="False" name="2. Create a new user in the remote machine" prog_lang="custom-colors" readonly="True" tags="" ts_creation="1562052349.0" ts_lastsave="1562074479.43" unique_id="96"><rich_text scale="h1" underline="single" weight="heavy">Remote Machine (MSEDGEWIN10):</rich_text><rich_text>

</rich_text><rich_text scale="h2">1. Create a password string for the new account:</rich_text><rich_text>

    </rich_text><rich_text justification="left"></rich_text><rich_text>
        
</rich_text><rich_text scale="h2">2. Type a password for the new user account</rich_text><rich_text>.
    
</rich_text><rich_text scale="h2">3. Create the new user account:
</rich_text><rich_text> </rich_text><rich_text scale="h2">
   </rich_text><rich_text justification="left"></rich_text><rich_text> 
 
    </rich_text><rich_text justification="left"></rich_text><rich_text>  
   
</rich_text><rich_text scale="h2">4. Add the new user to the </rich_text><rich_text scale="h2" underline="single" weight="heavy">Users</rich_text><rich_text scale="h2"> group:</rich_text><rich_text>

    </rich_text><rich_text justification="left"></rich_text><rich_text>
    
</rich_text><rich_text scale="h2">5. View the newly created user:
</rich_text><rich_text> </rich_text><rich_text scale="h2">
   </rich_text><rich_text justification="left" scale="h2"></rich_text><rich_text scale="h2">
</rich_text><rich_text> </rich_text><rich_text scale="h2">
   </rich_text><rich_text justification="left"></rich_text><rich_text>  
   
</rich_text><rich_text scale="h3">~~~~~~~~~~~~~~~~~~~~~~~~~~~~~~~~~~~~~~~~~~~~~~~~~~~~~~~~~~~~~~~~~~</rich_text><rich_text>

</rich_text><rich_text scale="h1" weight="heavy">LOGS GENERATED:</rich_text><rich_text>
</rich_text><rich_text scale="h2">• LogName: Security</rich_text><rich_text>:

</rich_text><rich_text scale="h3">    3.1. </rich_text><rich_text link="node 98" scale="h3">4720 - User Account Management (Success)</rich_text><rich_text scale="h3">
    3.2. </rich_text><rich_text link="node 99" scale="h3">4722 - User Account Management (Success)</rich_text><rich_text scale="h3">
    3.3. </rich_text><rich_text link="node 100" scale="h3">4738 - User Account Management (Success)</rich_text><rich_text scale="h3">
    3.4. </rich_text><rich_text link="node 101" scale="h3">4738 - User Account Management (Success)</rich_text><rich_text scale="h3">
    3.5. </rich_text><rich_text link="node 102" scale="h3">4724 - User Account Management (Success)</rich_text><rich_text scale="h3">

    4.1. </rich_text><rich_text link="node 108" scale="h3">4732 - Security Group Management (Success)</rich_text><rich_text>
    
</rich_text><rich_text scale="h2">• PoweShell Logs:</rich_text><rich_text>

</rich_text><rich_text scale="h3">    3.1. </rich_text><rich_text link="node 104" scale="h3">800 - Pipeline Execution Details</rich_text><rich_text scale="h3">
    3.2. </rich_text><rich_text link="node 105" scale="h3">800 - Pipeline Execution Details</rich_text><rich_text scale="h3">
    3.3. </rich_text><rich_text link="node 106" scale="h3">800 - Pipeline Execution Details</rich_text><rich_text scale="h3">
    3.4. </rich_text><rich_text link="node 107" scale="h3">800 - Pipeline Execution Details</rich_text><rich_text scale="h3">
    
    4.1. </rich_text><rich_text link="node 109" scale="h3">800 - Pipeline Execution Details</rich_text><rich_text scale="h3">
    4.2. </rich_text><rich_text link="node 110" scale="h3">800 - Pipeline Execution Details</rich_text><rich_text scale="h3">
    4.3. </rich_text><rich_text link="node 111" scale="h3">800 - Pipeline Execution Details</rich_text><rich_text scale="h3">
    4.4. </rich_text><rich_text link="node 112" scale="h3">800 - Pipeline Execution Details</rich_text><rich_text>


   </rich_text><codebox char_offset="85" frame_height="40" frame_width="91" highlight_brackets="True" show_line_numbers="False" syntax_highlighting="powershell" width_in_pixels="False">$Password = Read-Host -AsSecureString</codebox><codebox char_offset="183" frame_height="40" frame_width="91" highlight_brackets="True" show_line_numbers="False" syntax_highlighting="powershell" width_in_pixels="False">New-LocalUser &quot;GodConcy&quot; -Password $Password -FullName &quot;Bossman Concy&quot; -Description &quot;Last mo na 'yan.&quot;</codebox><codebox char_offset="192" frame_height="70" frame_width="91" highlight_brackets="True" show_line_numbers="False" syntax_highlighting="powershell" width_in_pixels="False">Name     Enabled Description
----     ------- -----------
GodConcy True    Last mo na 'yan.</codebox><codebox char_offset="245" frame_height="40" frame_width="91" highlight_brackets="True" show_line_numbers="False" syntax_highlighting="powershell" width_in_pixels="False">Add-LocalGroupMember -Group &quot;Users&quot; -Member &quot;GodConcy&quot;</codebox><codebox char_offset="289" frame_height="40" frame_width="91" highlight_brackets="True" show_line_numbers="False" syntax_highlighting="powershell" width_in_pixels="False">net user GodConcy</codebox><codebox char_offset="296" frame_height="475" frame_width="91" highlight_brackets="True" show_line_numbers="False" syntax_highlighting="powershell" width_in_pixels="False">User name                    GodConcy
Full Name                    Bossman Concy
Comment                      Last mo na 'yan.
User's comment
Country/region code          000 (System Default)
Account active               Yes
Account expires              Never

Password last set            7/2/2019 1:21:06 AM
Password expires             8/13/2019 1:21:06 AM
Password changeable          7/2/2019 1:21:06 AM
Password required            No
User may change password     Yes

Workstations allowed         All
Logon script
User profile
Home directory
Last logon                   Never

Logon hours allowed          All

Local Group Memberships      *Users
Global Group memberships     *None
The command completed successfully.</codebox><node custom_icon_id="0" foreground="" is_bold="False" name="LogName: Security" prog_lang="custom-colors" readonly="False" tags="" ts_creation="1562054407.6" ts_lastsave="1562055729.77" unique_id="97"><rich_text></rich_text><node custom_icon_id="0" foreground="" is_bold="False" name="3.1. 4720 - User Account Management (Success)" prog_lang="xml" readonly="True" tags="" ts_creation="1562054491.68" ts_lastsave="1562054494.19" unique_id="98"><rich_text>- &lt;Event xmlns=&quot;http://schemas.microsoft.com/win/2004/08/events/event&quot;&gt;
- &lt;System&gt;
      &lt;Provider Name=&quot;Microsoft-Windows-Security-Auditing&quot; Guid=&quot;{54849625-5478-4994-a5ba-3e3b0328c30d}&quot; /&gt; 
      &lt;EventID&gt;4720&lt;/EventID&gt; 
      &lt;Version&gt;0&lt;/Version&gt; 
      &lt;Level&gt;0&lt;/Level&gt; 
      &lt;Task&gt;13824&lt;/Task&gt; 
      &lt;Opcode&gt;0&lt;/Opcode&gt; 
      &lt;Keywords&gt;0x8020000000000000&lt;/Keywords&gt; 
      &lt;TimeCreated SystemTime=&quot;2019-07-02T07:56:37.519120600Z&quot; /&gt; 
      &lt;EventRecordID&gt;447536&lt;/EventRecordID&gt; 
      &lt;Correlation ActivityID=&quot;{481f8a93-3101-0005-c98a-1f480131d501}&quot; /&gt; 
      &lt;Execution ProcessID=&quot;688&quot; ThreadID=&quot;6984&quot; /&gt; 
      &lt;Channel&gt;Security&lt;/Channel&gt; 
      &lt;Computer&gt;MSEDGEWIN10&lt;/Computer&gt; 
      &lt;Security /&gt; 
  &lt;/System&gt;
- &lt;EventData&gt;
      &lt;Data Name=&quot;TargetUserName&quot;&gt;GodConcy&lt;/Data&gt; 
      &lt;Data Name=&quot;TargetDomainName&quot;&gt;MSEDGEWIN10&lt;/Data&gt; 
      &lt;Data Name=&quot;TargetSid&quot;&gt;S-1-5-21-3461203602-4096304019-2269080069-1008&lt;/Data&gt; 
      &lt;Data Name=&quot;SubjectUserSid&quot;&gt;S-1-5-21-3461203602-4096304019-2269080069-1000&lt;/Data&gt; 
      &lt;Data Name=&quot;SubjectUserName&quot;&gt;IEUser&lt;/Data&gt; 
      &lt;Data Name=&quot;SubjectDomainName&quot;&gt;MSEDGEWIN10&lt;/Data&gt; 
      &lt;Data Name=&quot;SubjectLogonId&quot;&gt;0xc1a73&lt;/Data&gt; 
      &lt;Data Name=&quot;PrivilegeList&quot;&gt;-&lt;/Data&gt; 
      &lt;Data Name=&quot;SamAccountName&quot;&gt;GodConcy&lt;/Data&gt; 
      &lt;Data Name=&quot;DisplayName&quot;&gt;%%1793&lt;/Data&gt; 
      &lt;Data Name=&quot;UserPrincipalName&quot;&gt;-&lt;/Data&gt; 
      &lt;Data Name=&quot;HomeDirectory&quot;&gt;%%1793&lt;/Data&gt; 
      &lt;Data Name=&quot;HomePath&quot;&gt;%%1793&lt;/Data&gt; 
      &lt;Data Name=&quot;ScriptPath&quot;&gt;%%1793&lt;/Data&gt; 
      &lt;Data Name=&quot;ProfilePath&quot;&gt;%%1793&lt;/Data&gt; 
      &lt;Data Name=&quot;UserWorkstations&quot;&gt;%%1793&lt;/Data&gt; 
      &lt;Data Name=&quot;PasswordLastSet&quot;&gt;%%1794&lt;/Data&gt; 
      &lt;Data Name=&quot;AccountExpires&quot;&gt;%%1794&lt;/Data&gt; 
      &lt;Data Name=&quot;PrimaryGroupId&quot;&gt;513&lt;/Data&gt; 
      &lt;Data Name=&quot;AllowedToDelegateTo&quot;&gt;-&lt;/Data&gt; 
      &lt;Data Name=&quot;OldUacValue&quot;&gt;0x0&lt;/Data&gt; 
      &lt;Data Name=&quot;NewUacValue&quot;&gt;0x15&lt;/Data&gt; 
      &lt;Data Name=&quot;UserAccountControl&quot;&gt;%%2080 %%2082 %%2084&lt;/Data&gt; 
      &lt;Data Name=&quot;UserParameters&quot;&gt;%%1793&lt;/Data&gt; 
      &lt;Data Name=&quot;SidHistory&quot;&gt;-&lt;/Data&gt; 
      &lt;Data Name=&quot;LogonHours&quot;&gt;%%1797&lt;/Data&gt; 
  &lt;/EventData&gt;
  &lt;/Event&gt;</rich_text></node><node custom_icon_id="0" foreground="" is_bold="False" name="3.2. 4722 - User Account Management (Success)" prog_lang="xml" readonly="True" tags="" ts_creation="1562054521.58" ts_lastsave="1562054532.68" unique_id="99"><rich_text>- &lt;Event xmlns=&quot;http://schemas.microsoft.com/win/2004/08/events/event&quot;&gt;
- &lt;System&gt;
      &lt;Provider Name=&quot;Microsoft-Windows-Security-Auditing&quot; Guid=&quot;{54849625-5478-4994-a5ba-3e3b0328c30d}&quot; /&gt; 
      &lt;EventID&gt;4722&lt;/EventID&gt; 
      &lt;Version&gt;0&lt;/Version&gt; 
      &lt;Level&gt;0&lt;/Level&gt; 
      &lt;Task&gt;13824&lt;/Task&gt; 
      &lt;Opcode&gt;0&lt;/Opcode&gt; 
      &lt;Keywords&gt;0x8020000000000000&lt;/Keywords&gt; 
      &lt;TimeCreated SystemTime=&quot;2019-07-02T07:56:37.522768700Z&quot; /&gt; 
      &lt;EventRecordID&gt;447537&lt;/EventRecordID&gt; 
      &lt;Correlation ActivityID=&quot;{481f8a93-3101-0005-c98a-1f480131d501}&quot; /&gt; 
      &lt;Execution ProcessID=&quot;688&quot; ThreadID=&quot;6984&quot; /&gt; 
      &lt;Channel&gt;Security&lt;/Channel&gt; 
      &lt;Computer&gt;MSEDGEWIN10&lt;/Computer&gt; 
      &lt;Security /&gt; 
  &lt;/System&gt;
- &lt;EventData&gt;
      &lt;Data Name=&quot;TargetUserName&quot;&gt;GodConcy&lt;/Data&gt; 
      &lt;Data Name=&quot;TargetDomainName&quot;&gt;MSEDGEWIN10&lt;/Data&gt; 
      &lt;Data Name=&quot;TargetSid&quot;&gt;S-1-5-21-3461203602-4096304019-2269080069-1008&lt;/Data&gt; 
      &lt;Data Name=&quot;SubjectUserSid&quot;&gt;S-1-5-21-3461203602-4096304019-2269080069-1000&lt;/Data&gt; 
      &lt;Data Name=&quot;SubjectUserName&quot;&gt;IEUser&lt;/Data&gt; 
      &lt;Data Name=&quot;SubjectDomainName&quot;&gt;MSEDGEWIN10&lt;/Data&gt; 
      &lt;Data Name=&quot;SubjectLogonId&quot;&gt;0xc1a73&lt;/Data&gt; 
  &lt;/EventData&gt;
  &lt;/Event&gt;</rich_text></node><node custom_icon_id="0" foreground="" is_bold="False" name="3.3. 4738 - User Account Management (Success)" prog_lang="xml" readonly="True" tags="" ts_creation="1562054574.78" ts_lastsave="1562054576.24" unique_id="100"><rich_text>- &lt;Event xmlns=&quot;http://schemas.microsoft.com/win/2004/08/events/event&quot;&gt;
- &lt;System&gt;
      &lt;Provider Name=&quot;Microsoft-Windows-Security-Auditing&quot; Guid=&quot;{54849625-5478-4994-a5ba-3e3b0328c30d}&quot; /&gt; 
      &lt;EventID&gt;4738&lt;/EventID&gt; 
      &lt;Version&gt;0&lt;/Version&gt; 
      &lt;Level&gt;0&lt;/Level&gt; 
      &lt;Task&gt;13824&lt;/Task&gt; 
      &lt;Opcode&gt;0&lt;/Opcode&gt; 
      &lt;Keywords&gt;0x8020000000000000&lt;/Keywords&gt; 
      &lt;TimeCreated SystemTime=&quot;2019-07-02T07:56:37.522843900Z&quot; /&gt; 
      &lt;EventRecordID&gt;447538&lt;/EventRecordID&gt; 
      &lt;Correlation ActivityID=&quot;{481f8a93-3101-0005-c98a-1f480131d501}&quot; /&gt; 
      &lt;Execution ProcessID=&quot;688&quot; ThreadID=&quot;6984&quot; /&gt; 
      &lt;Channel&gt;Security&lt;/Channel&gt; 
      &lt;Computer&gt;MSEDGEWIN10&lt;/Computer&gt; 
      &lt;Security /&gt; 
  &lt;/System&gt;
- &lt;EventData&gt;
      &lt;Data Name=&quot;Dummy&quot;&gt;-&lt;/Data&gt; 
      &lt;Data Name=&quot;TargetUserName&quot;&gt;GodConcy&lt;/Data&gt; 
      &lt;Data Name=&quot;TargetDomainName&quot;&gt;MSEDGEWIN10&lt;/Data&gt; 
      &lt;Data Name=&quot;TargetSid&quot;&gt;S-1-5-21-3461203602-4096304019-2269080069-1008&lt;/Data&gt; 
      &lt;Data Name=&quot;SubjectUserSid&quot;&gt;S-1-5-21-3461203602-4096304019-2269080069-1000&lt;/Data&gt; 
      &lt;Data Name=&quot;SubjectUserName&quot;&gt;IEUser&lt;/Data&gt; 
      &lt;Data Name=&quot;SubjectDomainName&quot;&gt;MSEDGEWIN10&lt;/Data&gt; 
      &lt;Data Name=&quot;SubjectLogonId&quot;&gt;0xc1a73&lt;/Data&gt; 
      &lt;Data Name=&quot;PrivilegeList&quot;&gt;-&lt;/Data&gt; 
      &lt;Data Name=&quot;SamAccountName&quot;&gt;GodConcy&lt;/Data&gt; 
      &lt;Data Name=&quot;DisplayName&quot;&gt;Bossman Concy&lt;/Data&gt; 
      &lt;Data Name=&quot;UserPrincipalName&quot;&gt;-&lt;/Data&gt; 
      &lt;Data Name=&quot;HomeDirectory&quot;&gt;%%1793&lt;/Data&gt; 
      &lt;Data Name=&quot;HomePath&quot;&gt;%%1793&lt;/Data&gt; 
      &lt;Data Name=&quot;ScriptPath&quot;&gt;%%1793&lt;/Data&gt; 
      &lt;Data Name=&quot;ProfilePath&quot;&gt;%%1793&lt;/Data&gt; 
      &lt;Data Name=&quot;UserWorkstations&quot;&gt;%%1793&lt;/Data&gt; 
      &lt;Data Name=&quot;PasswordLastSet&quot;&gt;%%1794&lt;/Data&gt; 
      &lt;Data Name=&quot;AccountExpires&quot;&gt;%%1794&lt;/Data&gt; 
      &lt;Data Name=&quot;PrimaryGroupId&quot;&gt;513&lt;/Data&gt; 
      &lt;Data Name=&quot;AllowedToDelegateTo&quot;&gt;-&lt;/Data&gt; 
      &lt;Data Name=&quot;OldUacValue&quot;&gt;0x15&lt;/Data&gt; 
      &lt;Data Name=&quot;NewUacValue&quot;&gt;0x14&lt;/Data&gt; 
      &lt;Data Name=&quot;UserAccountControl&quot;&gt;%%2048&lt;/Data&gt; 
      &lt;Data Name=&quot;UserParameters&quot;&gt;%%1793&lt;/Data&gt; 
      &lt;Data Name=&quot;SidHistory&quot;&gt;-&lt;/Data&gt; 
      &lt;Data Name=&quot;LogonHours&quot;&gt;%%1797&lt;/Data&gt; 
  &lt;/EventData&gt;
  &lt;/Event&gt;</rich_text></node><node custom_icon_id="0" foreground="" is_bold="False" name="3.4. 4738 - User Account Management (Success)" prog_lang="xml" readonly="True" tags="" ts_creation="1562054669.61" ts_lastsave="1562054677.05" unique_id="101"><rich_text>- &lt;Event xmlns=&quot;http://schemas.microsoft.com/win/2004/08/events/event&quot;&gt;
- &lt;System&gt;
      &lt;Provider Name=&quot;Microsoft-Windows-Security-Auditing&quot; Guid=&quot;{54849625-5478-4994-a5ba-3e3b0328c30d}&quot; /&gt; 
      &lt;EventID&gt;4738&lt;/EventID&gt; 
      &lt;Version&gt;0&lt;/Version&gt; 
      &lt;Level&gt;0&lt;/Level&gt; 
      &lt;Task&gt;13824&lt;/Task&gt; 
      &lt;Opcode&gt;0&lt;/Opcode&gt; 
      &lt;Keywords&gt;0x8020000000000000&lt;/Keywords&gt; 
      &lt;TimeCreated SystemTime=&quot;2019-07-02T07:56:37.551801100Z&quot; /&gt; 
      &lt;EventRecordID&gt;447539&lt;/EventRecordID&gt; 
      &lt;Correlation ActivityID=&quot;{481f8a93-3101-0005-c98a-1f480131d501}&quot; /&gt; 
      &lt;Execution ProcessID=&quot;688&quot; ThreadID=&quot;6984&quot; /&gt; 
      &lt;Channel&gt;Security&lt;/Channel&gt; 
      &lt;Computer&gt;MSEDGEWIN10&lt;/Computer&gt; 
      &lt;Security /&gt; 
  &lt;/System&gt;
- &lt;EventData&gt;
      &lt;Data Name=&quot;Dummy&quot;&gt;-&lt;/Data&gt; 
      &lt;Data Name=&quot;TargetUserName&quot;&gt;GodConcy&lt;/Data&gt; 
      &lt;Data Name=&quot;TargetDomainName&quot;&gt;MSEDGEWIN10&lt;/Data&gt; 
      &lt;Data Name=&quot;TargetSid&quot;&gt;S-1-5-21-3461203602-4096304019-2269080069-1008&lt;/Data&gt; 
      &lt;Data Name=&quot;SubjectUserSid&quot;&gt;S-1-5-21-3461203602-4096304019-2269080069-1000&lt;/Data&gt; 
      &lt;Data Name=&quot;SubjectUserName&quot;&gt;IEUser&lt;/Data&gt; 
      &lt;Data Name=&quot;SubjectDomainName&quot;&gt;MSEDGEWIN10&lt;/Data&gt; 
      &lt;Data Name=&quot;SubjectLogonId&quot;&gt;0xc1a73&lt;/Data&gt; 
      &lt;Data Name=&quot;PrivilegeList&quot;&gt;-&lt;/Data&gt; 
      &lt;Data Name=&quot;SamAccountName&quot;&gt;-&lt;/Data&gt; 
      &lt;Data Name=&quot;DisplayName&quot;&gt;-&lt;/Data&gt; 
      &lt;Data Name=&quot;UserPrincipalName&quot;&gt;-&lt;/Data&gt; 
      &lt;Data Name=&quot;HomeDirectory&quot;&gt;-&lt;/Data&gt; 
      &lt;Data Name=&quot;HomePath&quot;&gt;-&lt;/Data&gt; 
      &lt;Data Name=&quot;ScriptPath&quot;&gt;-&lt;/Data&gt; 
      &lt;Data Name=&quot;ProfilePath&quot;&gt;-&lt;/Data&gt; 
      &lt;Data Name=&quot;UserWorkstations&quot;&gt;-&lt;/Data&gt; 
      &lt;Data Name=&quot;PasswordLastSet&quot;&gt;-&lt;/Data&gt; 
      &lt;Data Name=&quot;AccountExpires&quot;&gt;-&lt;/Data&gt; 
      &lt;Data Name=&quot;PrimaryGroupId&quot;&gt;-&lt;/Data&gt; 
      &lt;Data Name=&quot;AllowedToDelegateTo&quot;&gt;-&lt;/Data&gt; 
      &lt;Data Name=&quot;OldUacValue&quot;&gt;-&lt;/Data&gt; 
      &lt;Data Name=&quot;NewUacValue&quot;&gt;-&lt;/Data&gt; 
      &lt;Data Name=&quot;UserAccountControl&quot;&gt;-&lt;/Data&gt; 
      &lt;Data Name=&quot;UserParameters&quot;&gt;-&lt;/Data&gt; 
      &lt;Data Name=&quot;SidHistory&quot;&gt;-&lt;/Data&gt; 
      &lt;Data Name=&quot;LogonHours&quot;&gt;-&lt;/Data&gt; 
  &lt;/EventData&gt;
  &lt;/Event&gt;</rich_text></node><node custom_icon_id="0" foreground="" is_bold="False" name="3.5. 4724 - User Account Management (Success)" prog_lang="xml" readonly="True" tags="" ts_creation="1562054728.46" ts_lastsave="1562054739.67" unique_id="102"><rich_text>- &lt;Event xmlns=&quot;http://schemas.microsoft.com/win/2004/08/events/event&quot;&gt;
- &lt;System&gt;
      &lt;Provider Name=&quot;Microsoft-Windows-Security-Auditing&quot; Guid=&quot;{54849625-5478-4994-a5ba-3e3b0328c30d}&quot; /&gt; 
      &lt;EventID&gt;4724&lt;/EventID&gt; 
      &lt;Version&gt;0&lt;/Version&gt; 
      &lt;Level&gt;0&lt;/Level&gt; 
      &lt;Task&gt;13824&lt;/Task&gt; 
      &lt;Opcode&gt;0&lt;/Opcode&gt; 
      &lt;Keywords&gt;0x8020000000000000&lt;/Keywords&gt; 
      &lt;TimeCreated SystemTime=&quot;2019-07-02T07:56:37.551817800Z&quot; /&gt; 
      &lt;EventRecordID&gt;447540&lt;/EventRecordID&gt; 
      &lt;Correlation ActivityID=&quot;{481f8a93-3101-0005-c98a-1f480131d501}&quot; /&gt; 
      &lt;Execution ProcessID=&quot;688&quot; ThreadID=&quot;6984&quot; /&gt; 
      &lt;Channel&gt;Security&lt;/Channel&gt; 
      &lt;Computer&gt;MSEDGEWIN10&lt;/Computer&gt; 
      &lt;Security /&gt; 
  &lt;/System&gt;
- &lt;EventData&gt;
      &lt;Data Name=&quot;TargetUserName&quot;&gt;GodConcy&lt;/Data&gt; 
      &lt;Data Name=&quot;TargetDomainName&quot;&gt;MSEDGEWIN10&lt;/Data&gt; 
      &lt;Data Name=&quot;TargetSid&quot;&gt;S-1-5-21-3461203602-4096304019-2269080069-1008&lt;/Data&gt; 
      &lt;Data Name=&quot;SubjectUserSid&quot;&gt;S-1-5-21-3461203602-4096304019-2269080069-1000&lt;/Data&gt; 
      &lt;Data Name=&quot;SubjectUserName&quot;&gt;IEUser&lt;/Data&gt; 
      &lt;Data Name=&quot;SubjectDomainName&quot;&gt;MSEDGEWIN10&lt;/Data&gt; 
      &lt;Data Name=&quot;SubjectLogonId&quot;&gt;0xc1a73&lt;/Data&gt; 
  &lt;/EventData&gt;
  &lt;/Event&gt;</rich_text></node><node custom_icon_id="0" foreground="" is_bold="False" name="4.1. 4732 - Security Group Management (Success)" prog_lang="xml" readonly="True" tags="" ts_creation="1562056123.96" ts_lastsave="1562056130.34" unique_id="108"><rich_text>- &lt;Event xmlns=&quot;http://schemas.microsoft.com/win/2004/08/events/event&quot;&gt;
- &lt;System&gt;
      &lt;Provider Name=&quot;Microsoft-Windows-Security-Auditing&quot; Guid=&quot;{54849625-5478-4994-a5ba-3e3b0328c30d}&quot; /&gt; 
      &lt;EventID&gt;4732&lt;/EventID&gt; 
      &lt;Version&gt;0&lt;/Version&gt; 
      &lt;Level&gt;0&lt;/Level&gt; 
      &lt;Task&gt;13826&lt;/Task&gt; 
      &lt;Opcode&gt;0&lt;/Opcode&gt; 
      &lt;Keywords&gt;0x8020000000000000&lt;/Keywords&gt; 
      &lt;TimeCreated SystemTime=&quot;2019-07-02T08:26:11.287753700Z&quot; /&gt; 
      &lt;EventRecordID&gt;448247&lt;/EventRecordID&gt; 
      &lt;Correlation ActivityID=&quot;{481f8a93-3101-0005-c98a-1f480131d501}&quot; /&gt; 
      &lt;Execution ProcessID=&quot;688&quot; ThreadID=&quot;804&quot; /&gt; 
      &lt;Channel&gt;Security&lt;/Channel&gt; 
      &lt;Computer&gt;MSEDGEWIN10&lt;/Computer&gt; 
      &lt;Security /&gt; 
  &lt;/System&gt;
- &lt;EventData&gt;
      &lt;Data Name=&quot;MemberName&quot;&gt;-&lt;/Data&gt; 
      &lt;Data Name=&quot;MemberSid&quot;&gt;S-1-5-21-3461203602-4096304019-2269080069-1010&lt;/Data&gt; 
      &lt;Data Name=&quot;TargetUserName&quot;&gt;Users&lt;/Data&gt; 
      &lt;Data Name=&quot;TargetDomainName&quot;&gt;Builtin&lt;/Data&gt; 
      &lt;Data Name=&quot;TargetSid&quot;&gt;S-1-5-32-545&lt;/Data&gt; 
      &lt;Data Name=&quot;SubjectUserSid&quot;&gt;S-1-5-21-3461203602-4096304019-2269080069-1000&lt;/Data&gt; 
      &lt;Data Name=&quot;SubjectUserName&quot;&gt;IEUser&lt;/Data&gt; 
      &lt;Data Name=&quot;SubjectDomainName&quot;&gt;MSEDGEWIN10&lt;/Data&gt; 
      &lt;Data Name=&quot;SubjectLogonId&quot;&gt;0xc1a73&lt;/Data&gt; 
      &lt;Data Name=&quot;PrivilegeList&quot;&gt;-&lt;/Data&gt; 
  &lt;/EventData&gt;
  &lt;/Event&gt;</rich_text></node></node><node custom_icon_id="0" foreground="" is_bold="False" name="PowerShell Logs" prog_lang="custom-colors" readonly="False" tags="" ts_creation="1562055729.78" ts_lastsave="1562055748.31" unique_id="103"><rich_text></rich_text><node custom_icon_id="0" foreground="" is_bold="False" name="3.1. 800 - Pipeline Execution Details" prog_lang="xml" readonly="True" tags="" ts_creation="1562055748.31" ts_lastsave="1562055875.42" unique_id="104"><rich_text>- &lt;Event xmlns=&quot;http://schemas.microsoft.com/win/2004/08/events/event&quot;&gt;
- &lt;System&gt;
      &lt;Provider Name=&quot;PowerShell&quot; /&gt; 
      &lt;EventID Qualifiers=&quot;0&quot;&gt;800&lt;/EventID&gt; 
      &lt;Level&gt;4&lt;/Level&gt; 
      &lt;Task&gt;8&lt;/Task&gt; 
      &lt;Keywords&gt;0x80000000000000&lt;/Keywords&gt; 
      &lt;TimeCreated SystemTime=&quot;2019-07-02T08:21:06.758626600Z&quot; /&gt; 
      &lt;EventRecordID&gt;31999&lt;/EventRecordID&gt; 
      &lt;Channel&gt;Windows PowerShell&lt;/Channel&gt; 
      &lt;Computer&gt;MSEDGEWIN10&lt;/Computer&gt; 
      &lt;Security /&gt; 
  &lt;/System&gt;
- &lt;EventData&gt;
      &lt;Data /&gt; 
      &lt;Data&gt;DetailSequence=1 DetailTotal=1 SequenceNumber=1291 UserId=MSEDGEWIN10\IEUser HostName=ConsoleHost HostVersion=5.1.17763.316 HostId=a6baaa90-2cea-4fc7-9193-fa816bdfbf6c HostApplication=C:\Windows\System32\WindowsPowerShell\v1.0\powershell.exe EngineVersion=5.1.17763.316 RunspaceId=0b355c8b-bde1-4c9a-99b2-0872cb7ed4ab PipelineId=165 ScriptName= CommandLine=&lt;/Data&gt; 
      &lt;Data&gt;CommandInvocation(PSConsoleHostReadLine): &quot;PSConsoleHostReadLine&quot;&lt;/Data&gt; 
  &lt;/EventData&gt;
  &lt;/Event&gt;</rich_text></node><node custom_icon_id="0" foreground="" is_bold="False" name="3.2. 800 - Pipeline Execution Details" prog_lang="xml" readonly="True" tags="" ts_creation="1562055763.87" ts_lastsave="1562055845.04" unique_id="105"><rich_text>- &lt;Event xmlns=&quot;http://schemas.microsoft.com/win/2004/08/events/event&quot;&gt;
- &lt;System&gt;
      &lt;Provider Name=&quot;PowerShell&quot; /&gt; 
      &lt;EventID Qualifiers=&quot;0&quot;&gt;800&lt;/EventID&gt; 
      &lt;Level&gt;4&lt;/Level&gt; 
      &lt;Task&gt;8&lt;/Task&gt; 
      &lt;Keywords&gt;0x80000000000000&lt;/Keywords&gt; 
      &lt;TimeCreated SystemTime=&quot;2019-07-02T08:21:06.815748700Z&quot; /&gt; 
      &lt;EventRecordID&gt;32000&lt;/EventRecordID&gt; 
      &lt;Channel&gt;Windows PowerShell&lt;/Channel&gt; 
      &lt;Computer&gt;MSEDGEWIN10&lt;/Computer&gt; 
      &lt;Security /&gt; 
  &lt;/System&gt;
- &lt;EventData&gt;
      &lt;Data&gt;New-LocalUser &quot;GodConcy&quot; -Password $Password -FullName &quot;Bossman Concy&quot; -Description &quot;Last mo na 'yan.&quot;&lt;/Data&gt; 
      &lt;Data&gt;DetailSequence=1 DetailTotal=1 SequenceNumber=1293 UserId=MSEDGEWIN10\IEUser HostName=ConsoleHost HostVersion=5.1.17763.316 HostId=a6baaa90-2cea-4fc7-9193-fa816bdfbf6c HostApplication=C:\Windows\System32\WindowsPowerShell\v1.0\powershell.exe EngineVersion=5.1.17763.316 RunspaceId=0b355c8b-bde1-4c9a-99b2-0872cb7ed4ab PipelineId=166 ScriptName= CommandLine=New-LocalUser &quot;GodConcy&quot; -Password $Password -FullName &quot;Bossman Concy&quot; -Description &quot;Last mo na 'yan.&quot;&lt;/Data&gt; 
      &lt;Data&gt;CommandInvocation(New-LocalUser): &quot;New-LocalUser&quot; ParameterBinding(New-LocalUser): name=&quot;Password&quot;; value=&quot;System.Security.SecureString&quot; ParameterBinding(New-LocalUser): name=&quot;FullName&quot;; value=&quot;Bossman Concy&quot; ParameterBinding(New-LocalUser): name=&quot;Description&quot;; value=&quot;Last mo na 'yan.&quot; ParameterBinding(New-LocalUser): name=&quot;Name&quot;; value=&quot;GodConcy&quot;&lt;/Data&gt; 
  &lt;/EventData&gt;
  &lt;/Event&gt;</rich_text></node><node custom_icon_id="0" foreground="" is_bold="False" name="3.3. 800 - Pipeline Execution Details" prog_lang="xml" readonly="True" tags="" ts_creation="1562055765.02" ts_lastsave="1562055827.51" unique_id="106"><rich_text>- &lt;Event xmlns=&quot;http://schemas.microsoft.com/win/2004/08/events/event&quot;&gt;
- &lt;System&gt;
      &lt;Provider Name=&quot;PowerShell&quot; /&gt; 
      &lt;EventID Qualifiers=&quot;0&quot;&gt;800&lt;/EventID&gt; 
      &lt;Level&gt;4&lt;/Level&gt; 
      &lt;Task&gt;8&lt;/Task&gt; 
      &lt;Keywords&gt;0x80000000000000&lt;/Keywords&gt; 
      &lt;TimeCreated SystemTime=&quot;2019-07-02T08:21:06.839018000Z&quot; /&gt; 
      &lt;EventRecordID&gt;32001&lt;/EventRecordID&gt; 
      &lt;Channel&gt;Windows PowerShell&lt;/Channel&gt; 
      &lt;Computer&gt;MSEDGEWIN10&lt;/Computer&gt; 
      &lt;Security /&gt; 
  &lt;/System&gt;
- &lt;EventData&gt;
      &lt;Data /&gt; 
      &lt;Data&gt;DetailSequence=1 DetailTotal=1 SequenceNumber=1295 UserId=MSEDGEWIN10\IEUser HostName=ConsoleHost HostVersion=5.1.17763.316 HostId=a6baaa90-2cea-4fc7-9193-fa816bdfbf6c HostApplication=C:\Windows\System32\WindowsPowerShell\v1.0\powershell.exe EngineVersion=5.1.17763.316 RunspaceId=0b355c8b-bde1-4c9a-99b2-0872cb7ed4ab PipelineId=166 ScriptName= CommandLine=&lt;/Data&gt; 
      &lt;Data&gt;CommandInvocation(Out-Default): &quot;Out-Default&quot; ParameterBinding(Out-Default): name=&quot;InputObject&quot;; value=&quot;GodConcy&quot;&lt;/Data&gt; 
  &lt;/EventData&gt;
  &lt;/Event&gt;</rich_text></node><node custom_icon_id="0" foreground="" is_bold="False" name="3.4. 800 - Pipeline Execution Details" prog_lang="xml" readonly="True" tags="" ts_creation="1562055766.24" ts_lastsave="1562055800.19" unique_id="107"><rich_text>- &lt;Event xmlns=&quot;http://schemas.microsoft.com/win/2004/08/events/event&quot;&gt;
- &lt;System&gt;
      &lt;Provider Name=&quot;PowerShell&quot; /&gt; 
      &lt;EventID Qualifiers=&quot;0&quot;&gt;800&lt;/EventID&gt; 
      &lt;Level&gt;4&lt;/Level&gt; 
      &lt;Task&gt;8&lt;/Task&gt; 
      &lt;Keywords&gt;0x80000000000000&lt;/Keywords&gt; 
      &lt;TimeCreated SystemTime=&quot;2019-07-02T08:21:06.839018000Z&quot; /&gt; 
      &lt;EventRecordID&gt;32002&lt;/EventRecordID&gt; 
      &lt;Channel&gt;Windows PowerShell&lt;/Channel&gt; 
      &lt;Computer&gt;MSEDGEWIN10&lt;/Computer&gt; 
      &lt;Security /&gt; 
  &lt;/System&gt;
- &lt;EventData&gt;
      &lt;Data&gt;Microsoft.PowerShell.Core\Set-StrictMode -Off&lt;/Data&gt; 
      &lt;Data&gt;DetailSequence=1 DetailTotal=1 SequenceNumber=1297 UserId=MSEDGEWIN10\IEUser HostName=ConsoleHost HostVersion=5.1.17763.316 HostId=a6baaa90-2cea-4fc7-9193-fa816bdfbf6c HostApplication=C:\Windows\System32\WindowsPowerShell\v1.0\powershell.exe EngineVersion=5.1.17763.316 RunspaceId=0b355c8b-bde1-4c9a-99b2-0872cb7ed4ab PipelineId=168 ScriptName=C:\Program Files\WindowsPowerShell\Modules\PSReadline\2.0.0\PSReadLine.psm1 CommandLine= Microsoft.PowerShell.Core\Set-StrictMode -Off&lt;/Data&gt; 
      &lt;Data&gt;CommandInvocation(Set-StrictMode): &quot;Set-StrictMode&quot; ParameterBinding(Set-StrictMode): name=&quot;Off&quot;; value=&quot;True&quot;&lt;/Data&gt; 
  &lt;/EventData&gt;
  &lt;/Event&gt;</rich_text></node><node custom_icon_id="0" foreground="" is_bold="False" name="4.1. 800 - Pipeline Execution Details" prog_lang="xml" readonly="True" tags="" ts_creation="1562056206.26" ts_lastsave="1562056248.58" unique_id="109"><rich_text>- &lt;Event xmlns=&quot;http://schemas.microsoft.com/win/2004/08/events/event&quot;&gt;
- &lt;System&gt;
      &lt;Provider Name=&quot;PowerShell&quot; /&gt; 
      &lt;EventID Qualifiers=&quot;0&quot;&gt;800&lt;/EventID&gt; 
      &lt;Level&gt;4&lt;/Level&gt; 
      &lt;Task&gt;8&lt;/Task&gt; 
      &lt;Keywords&gt;0x80000000000000&lt;/Keywords&gt; 
      &lt;TimeCreated SystemTime=&quot;2019-07-02T08:26:11.277719400Z&quot; /&gt; 
      &lt;EventRecordID&gt;32003&lt;/EventRecordID&gt; 
      &lt;Channel&gt;Windows PowerShell&lt;/Channel&gt; 
      &lt;Computer&gt;MSEDGEWIN10&lt;/Computer&gt; 
      &lt;Security /&gt; 
  &lt;/System&gt;
- &lt;EventData&gt;
      &lt;Data /&gt; 
      &lt;Data&gt;DetailSequence=1 DetailTotal=1 SequenceNumber=1299 UserId=MSEDGEWIN10\IEUser HostName=ConsoleHost HostVersion=5.1.17763.316 HostId=a6baaa90-2cea-4fc7-9193-fa816bdfbf6c HostApplication=C:\Windows\System32\WindowsPowerShell\v1.0\powershell.exe EngineVersion=5.1.17763.316 RunspaceId=0b355c8b-bde1-4c9a-99b2-0872cb7ed4ab PipelineId=168 ScriptName= CommandLine=&lt;/Data&gt; 
      &lt;Data&gt;CommandInvocation(PSConsoleHostReadLine): &quot;PSConsoleHostReadLine&quot;&lt;/Data&gt; 
  &lt;/EventData&gt;
  &lt;/Event&gt;</rich_text></node><node custom_icon_id="0" foreground="" is_bold="False" name="4.2. 800 - Pipeline Execution Details" prog_lang="xml" readonly="True" tags="" ts_creation="1562056215.6" ts_lastsave="1562056265.46" unique_id="110"><rich_text>- &lt;Event xmlns=&quot;http://schemas.microsoft.com/win/2004/08/events/event&quot;&gt;
- &lt;System&gt;
      &lt;Provider Name=&quot;PowerShell&quot; /&gt; 
      &lt;EventID Qualifiers=&quot;0&quot;&gt;800&lt;/EventID&gt; 
      &lt;Level&gt;4&lt;/Level&gt; 
      &lt;Task&gt;8&lt;/Task&gt; 
      &lt;Keywords&gt;0x80000000000000&lt;/Keywords&gt; 
      &lt;TimeCreated SystemTime=&quot;2019-07-02T08:26:11.287853600Z&quot; /&gt; 
      &lt;EventRecordID&gt;32004&lt;/EventRecordID&gt; 
      &lt;Channel&gt;Windows PowerShell&lt;/Channel&gt; 
      &lt;Computer&gt;MSEDGEWIN10&lt;/Computer&gt; 
      &lt;Security /&gt; 
  &lt;/System&gt;
- &lt;EventData&gt;
      &lt;Data&gt;Add-LocalGroupMember -Group &quot;Users&quot; -Member &quot;GodConcy&quot;&lt;/Data&gt; 
      &lt;Data&gt;DetailSequence=1 DetailTotal=1 SequenceNumber=1301 UserId=MSEDGEWIN10\IEUser HostName=ConsoleHost HostVersion=5.1.17763.316 HostId=a6baaa90-2cea-4fc7-9193-fa816bdfbf6c HostApplication=C:\Windows\System32\WindowsPowerShell\v1.0\powershell.exe EngineVersion=5.1.17763.316 RunspaceId=0b355c8b-bde1-4c9a-99b2-0872cb7ed4ab PipelineId=169 ScriptName= CommandLine=Add-LocalGroupMember -Group &quot;Users&quot; -Member &quot;GodConcy&quot;&lt;/Data&gt; 
      &lt;Data&gt;CommandInvocation(Add-LocalGroupMember): &quot;Add-LocalGroupMember&quot; ParameterBinding(Add-LocalGroupMember): name=&quot;Group&quot;; value=&quot;Users&quot; ParameterBinding(Add-LocalGroupMember): name=&quot;Member&quot;; value=&quot;GodConcy&quot;&lt;/Data&gt; 
  &lt;/EventData&gt;
  &lt;/Event&gt;</rich_text></node><node custom_icon_id="0" foreground="" is_bold="False" name="4.3. 800 - Pipeline Execution Details" prog_lang="xml" readonly="True" tags="" ts_creation="1562056215.97" ts_lastsave="1562056288.61" unique_id="111"><rich_text>+ &lt;Event xmlns=&quot;http://schemas.microsoft.com/win/2004/08/events/event&quot;&gt;
- &lt;System&gt;
      &lt;Provider Name=&quot;PowerShell&quot; /&gt; 
      &lt;EventID Qualifiers=&quot;0&quot;&gt;800&lt;/EventID&gt; 
      &lt;Level&gt;4&lt;/Level&gt; 
      &lt;Task&gt;8&lt;/Task&gt; 
      &lt;Keywords&gt;0x80000000000000&lt;/Keywords&gt; 
      &lt;TimeCreated SystemTime=&quot;2019-07-02T08:26:11.287853600Z&quot; /&gt; 
      &lt;EventRecordID&gt;32005&lt;/EventRecordID&gt; 
      &lt;Channel&gt;Windows PowerShell&lt;/Channel&gt; 
      &lt;Computer&gt;MSEDGEWIN10&lt;/Computer&gt; 
      &lt;Security /&gt; 
  &lt;/System&gt;
- &lt;EventData&gt;
      &lt;Data /&gt; 
      &lt;Data&gt;DetailSequence=1 DetailTotal=1 SequenceNumber=1303 UserId=MSEDGEWIN10\IEUser HostName=ConsoleHost HostVersion=5.1.17763.316 HostId=a6baaa90-2cea-4fc7-9193-fa816bdfbf6c HostApplication=C:\Windows\System32\WindowsPowerShell\v1.0\powershell.exe EngineVersion=5.1.17763.316 RunspaceId=0b355c8b-bde1-4c9a-99b2-0872cb7ed4ab PipelineId=169 ScriptName= CommandLine=&lt;/Data&gt; 
      &lt;Data&gt;CommandInvocation(Out-Default): &quot;Out-Default&quot;&lt;/Data&gt; 
  &lt;/EventData&gt;
  &lt;/Event&gt;