</rich_text></node><node custom_icon_id="0" foreground="" is_bold="False" name="3.6. 4688 - Process Creation (Success)" prog_lang="xml" readonly="True" tags="" ts_creation="1562076333.47" ts_lastsave="1562076343.7" unique_id="143"><rich_text>- &lt;Event xmlns=&quot;http://schemas.microsoft.com/win/2004/08/events/event&quot;&gt;
- &lt;System&gt;
      &lt;Provider Name=&quot;Microsoft-Windows-Security-Auditing&quot; Guid=&quot;{54849625-5478-4994-a5ba-3e3b0328c30d}&quot; /&gt; 
      &lt;EventID&gt;4688&lt;/EventID&gt; 
      &lt;Version&gt;2&lt;/Version&gt; 
      &lt;Level&gt;0&lt;/Level&gt; 
      &lt;Task&gt;13312&lt;/Task&gt; 
      &lt;Opcode&gt;0&lt;/Opcode&gt; 
      &lt;Keywords&gt;0x8020000000000000&lt;/Keywords&gt; 
      &lt;TimeCreated SystemTime=&quot;2019-07-02T13:58:39.875901400Z&quot; /&gt; 
      &lt;EventRecordID&gt;487154&lt;/EventRecordID&gt; 
      &lt;Correlation /&gt; 
      &lt;Execution ProcessID=&quot;4&quot; ThreadID=&quot;4280&quot; /&gt; 
      &lt;Channel&gt;Security&lt;/Channel&gt; 
      &lt;Computer&gt;MSEDGEWIN10&lt;/Computer&gt; 
      &lt;Security /&gt; 
  &lt;/System&gt;
- &lt;EventData&gt;
      &lt;Data Name=&quot;SubjectUserSid&quot;&gt;S-1-5-21-3461203602-4096304019-2269080069-1010&lt;/Data&gt; 
      &lt;Data Name=&quot;SubjectUserName&quot;&gt;GodConcy&lt;/Data&gt; 
      &lt;Data Name=&quot;SubjectDomainName&quot;&gt;MSEDGEWIN10&lt;/Data&gt; 
      &lt;Data Name=&quot;SubjectLogonId&quot;&gt;0x1e4912&lt;/Data&gt; 
      &lt;Data Name=&quot;NewProcessId&quot;&gt;0xdac&lt;/Data&gt; 
      &lt;Data Name=&quot;NewProcessName&quot;&gt;C:\Windows\System32\conhost.exe&lt;/Data&gt; 
      &lt;Data Name=&quot;TokenElevationType&quot;&gt;%%1936&lt;/Data&gt; 
      &lt;Data Name=&quot;ProcessId&quot;&gt;0x12b0&lt;/Data&gt; 
      &lt;Data Name=&quot;CommandLine&quot;&gt;\??\C:\Windows\system32\conhost.exe 0xffffffff -ForceV1&lt;/Data&gt; 
      &lt;Data Name=&quot;TargetUserSid&quot;&gt;S-1-0-0&lt;/Data&gt; 
      &lt;Data Name=&quot;TargetUserName&quot;&gt;-&lt;/Data&gt; 
      &lt;Data Name=&quot;TargetDomainName&quot;&gt;-&lt;/Data&gt; 
      &lt;Data Name=&quot;TargetLogonId&quot;&gt;0x0&lt;/Data&gt; 
      &lt;Data Name=&quot;ParentProcessName&quot;&gt;C:\Windows\System32\whoami.exe&lt;/Data&gt; 
      &lt;Data Name=&quot;MandatoryLabel&quot;&gt;S-1-16-8192&lt;/Data&gt; 
  &lt;/EventData&gt;
  &lt;/Event&gt;</rich_text></node><node custom_icon_id="0" foreground="" is_bold="False" name="3.7. 4624 - Logon (Success)" prog_lang="xml" readonly="True" tags="" ts_creation="1562076371.88" ts_lastsave="1562076376.68" unique_id="144"><rich_text>- &lt;Event xmlns=&quot;http://schemas.microsoft.com/win/2004/08/events/event&quot;&gt;
- &lt;System&gt;
      &lt;Provider Name=&quot;Microsoft-Windows-Security-Auditing&quot; Guid=&quot;{54849625-5478-4994-a5ba-3e3b0328c30d}&quot; /&gt; 
      &lt;EventID&gt;4624&lt;/EventID&gt; 
      &lt;Version&gt;2&lt;/Version&gt; 
      &lt;Level&gt;0&lt;/Level&gt; 
      &lt;Task&gt;12544&lt;/Task&gt; 
      &lt;Opcode&gt;0&lt;/Opcode&gt; 
      &lt;Keywords&gt;0x8020000000000000&lt;/Keywords&gt; 
      &lt;TimeCreated SystemTime=&quot;2019-07-02T13:58:40.027593000Z&quot; /&gt; 
      &lt;EventRecordID&gt;487159&lt;/EventRecordID&gt; 
      &lt;Correlation ActivityID=&quot;{65f33aba-315b-0005-f63a-f3655b31d501}&quot; /&gt; 
      &lt;Execution ProcessID=&quot;692&quot; ThreadID=&quot;4912&quot; /&gt; 
      &lt;Channel&gt;Security&lt;/Channel&gt; 
      &lt;Computer&gt;MSEDGEWIN10&lt;/Computer&gt; 
      &lt;Security /&gt; 
  &lt;/System&gt;
- &lt;EventData&gt;
      &lt;Data Name=&quot;SubjectUserSid&quot;&gt;S-1-0-0&lt;/Data&gt; 
      &lt;Data Name=&quot;SubjectUserName&quot;&gt;-&lt;/Data&gt; 
      &lt;Data Name=&quot;SubjectDomainName&quot;&gt;-&lt;/Data&gt; 
      &lt;Data Name=&quot;SubjectLogonId&quot;&gt;0x0&lt;/Data&gt; 
      &lt;Data Name=&quot;TargetUserSid&quot;&gt;S-1-5-21-3461203602-4096304019-2269080069-1010&lt;/Data&gt; 
      &lt;Data Name=&quot;TargetUserName&quot;&gt;GodConcy&lt;/Data&gt; 
      &lt;Data Name=&quot;TargetDomainName&quot;&gt;MSEDGEWIN10&lt;/Data&gt; 
      &lt;Data Name=&quot;TargetLogonId&quot;&gt;0x1e64ed&lt;/Data&gt; 
      &lt;Data Name=&quot;LogonType&quot;&gt;3&lt;/Data&gt; 
      &lt;Data Name=&quot;LogonProcessName&quot;&gt;NtLmSsp&lt;/Data&gt; 
      &lt;Data Name=&quot;AuthenticationPackageName&quot;&gt;NTLM&lt;/Data&gt; 
      &lt;Data Name=&quot;WorkstationName&quot;&gt;KALI-WINDOWS&lt;/Data&gt; 
      &lt;Data Name=&quot;LogonGuid&quot;&gt;{00000000-0000-0000-0000-000000000000}&lt;/Data&gt; 
      &lt;Data Name=&quot;TransmittedServices&quot;&gt;-&lt;/Data&gt; 
      &lt;Data Name=&quot;LmPackageName&quot;&gt;NTLM V2&lt;/Data&gt; 
      &lt;Data Name=&quot;KeyLength&quot;&gt;128&lt;/Data&gt; 
      &lt;Data Name=&quot;ProcessId&quot;&gt;0x0&lt;/Data&gt; 
      &lt;Data Name=&quot;ProcessName&quot;&gt;-&lt;/Data&gt; 
      &lt;Data Name=&quot;IpAddress&quot;&gt;-&lt;/Data&gt; 
      &lt;Data Name=&quot;IpPort&quot;&gt;-&lt;/Data&gt; 
      &lt;Data Name=&quot;ImpersonationLevel&quot;&gt;%%1833&lt;/Data&gt; 
      &lt;Data Name=&quot;RestrictedAdminMode&quot;&gt;-&lt;/Data&gt; 
      &lt;Data Name=&quot;TargetOutboundUserName&quot;&gt;-&lt;/Data&gt; 
      &lt;Data Name=&quot;TargetOutboundDomainName&quot;&gt;-&lt;/Data&gt; 
      &lt;Data Name=&quot;VirtualAccount&quot;&gt;%%1843&lt;/Data&gt; 
      &lt;Data Name=&quot;TargetLinkedLogonId&quot;&gt;0x0&lt;/Data&gt; 
      &lt;Data Name=&quot;ElevatedToken&quot;&gt;%%1843&lt;/Data&gt; 
  &lt;/EventData&gt;
  &lt;/Event&gt;</rich_text></node></node><node custom_icon_id="0" foreground="" is_bold="False" name="Sysmon Logs" prog_lang="custom-colors" readonly="False" tags="" ts_creation="1562076398.02" ts_lastsave="1562076487.86" unique_id="145"><rich_text></rich_text><node custom_icon_id="0" foreground="" is_bold="False" name="3.1. 1 - Process Create (rule: ProcessCreate)" prog_lang="xml" readonly="True" tags="" ts_creation="1562076513.65" ts_lastsave="1562076604.88" unique_id="147"><rich_text>- &lt;Event xmlns=&quot;http://schemas.microsoft.com/win/2004/08/events/event&quot;&gt;
- &lt;System&gt;
      &lt;Provider Name=&quot;Microsoft-Windows-Sysmon&quot; Guid=&quot;{5770385f-c22a-43e0-bf4c-06f5698ffbd9}&quot; /&gt; 
      &lt;EventID&gt;1&lt;/EventID&gt; 
      &lt;Version&gt;5&lt;/Version&gt; 
      &lt;Level&gt;4&lt;/Level&gt; 
      &lt;Task&gt;1&lt;/Task&gt; 
      &lt;Opcode&gt;0&lt;/Opcode&gt; 
      &lt;Keywords&gt;0x8000000000000000&lt;/Keywords&gt; 
      &lt;TimeCreated SystemTime=&quot;2019-07-02T14:07:27.682068800Z&quot; /&gt; 
      &lt;EventRecordID&gt;3881&lt;/EventRecordID&gt; 
      &lt;Correlation /&gt; 
      &lt;Execution ProcessID=&quot;3132&quot; ThreadID=&quot;4840&quot; /&gt; 
      &lt;Channel&gt;Microsoft-Windows-Sysmon/Operational&lt;/Channel&gt; 
      &lt;Computer&gt;MSEDGEWIN10&lt;/Computer&gt; 
      &lt;Security UserID=&quot;S-1-5-18&quot; /&gt; 
  &lt;/System&gt;
- &lt;EventData&gt;
      &lt;Data Name=&quot;RuleName&quot; /&gt; 
      &lt;Data Name=&quot;UtcTime&quot;&gt;2019-07-02 14:07:27.678&lt;/Data&gt; 
      &lt;Data Name=&quot;ProcessGuid&quot;&gt;{747f3d96-651f-5d1b-0000-0010f2012300}&lt;/Data&gt; 
      &lt;Data Name=&quot;ProcessId&quot;&gt;2696&lt;/Data&gt; 
      &lt;Data Name=&quot;Image&quot;&gt;C:\Windows\System32\wsmprovhost.exe&lt;/Data&gt; 
      &lt;Data Name=&quot;FileVersion&quot;&gt;10.0.17763.1 (WinBuild.160101.0800)&lt;/Data&gt; 
      &lt;Data Name=&quot;Description&quot;&gt;Host process for WinRM plug-ins&lt;/Data&gt; 
      &lt;Data Name=&quot;Product&quot;&gt;Microsoft® Windows® Operating System&lt;/Data&gt; 
      &lt;Data Name=&quot;Company&quot;&gt;Microsoft Corporation&lt;/Data&gt; 
      &lt;Data Name=&quot;OriginalFileName&quot;&gt;wsmprovhost.exe&lt;/Data&gt; 
      &lt;Data Name=&quot;CommandLine&quot;&gt;C:\Windows\system32\wsmprovhost.exe -Embedding&lt;/Data&gt; 
      &lt;Data Name=&quot;CurrentDirectory&quot;&gt;C:\Windows\system32\&lt;/Data&gt; 
      &lt;Data Name=&quot;User&quot;&gt;MSEDGEWIN10\GodConcy&lt;/Data&gt; 
      &lt;Data Name=&quot;LogonGuid&quot;&gt;{747f3d96-651f-5d1b-0000-00200bfe2200}&lt;/Data&gt; 
      &lt;Data Name=&quot;LogonId&quot;&gt;0x22fe0b&lt;/Data&gt; 
      &lt;Data Name=&quot;TerminalSessionId&quot;&gt;0&lt;/Data&gt; 
      &lt;Data Name=&quot;IntegrityLevel&quot;&gt;Medium&lt;/Data&gt; 
      &lt;Data Name=&quot;Hashes&quot;&gt;MD5=AB4AB98654635CABADB5F1A60BDA1C05,SHA256=5FCCFF57D379CDC4CF6196FEF554CEF753B4C76DC315F371F90AEBF07B6A18C3&lt;/Data&gt; 
      &lt;Data Name=&quot;ParentProcessGuid&quot;&gt;{00000000-0000-0000-0000-000000000000}&lt;/Data&gt; 
      &lt;Data Name=&quot;ParentProcessId&quot;&gt;836&lt;/Data&gt; 
      &lt;Data Name=&quot;ParentImage&quot;&gt;?&lt;/Data&gt; 
      &lt;Data Name=&quot;ParentCommandLine&quot;&gt;?&lt;/Data&gt; 
  &lt;/EventData&gt;
  &lt;/Event&gt;</rich_text></node><node custom_icon_id="0" foreground="" is_bold="False" name="3.2. 11 - File created (rule: FileCreate)" prog_lang="xml" readonly="True" tags="" ts_creation="1562076551.12" ts_lastsave="1562076564.52" unique_id="148"><rich_text>- &lt;Event xmlns=&quot;http://schemas.microsoft.com/win/2004/08/events/event&quot;&gt;
- &lt;System&gt;
      &lt;Provider Name=&quot;Microsoft-Windows-Sysmon&quot; Guid=&quot;{5770385f-c22a-43e0-bf4c-06f5698ffbd9}&quot; /&gt; 
      &lt;EventID&gt;11&lt;/EventID&gt; 
      &lt;Version&gt;2&lt;/Version&gt; 
      &lt;Level&gt;4&lt;/Level&gt; 
      &lt;Task&gt;11&lt;/Task&gt; 
      &lt;Opcode&gt;0&lt;/Opcode&gt; 
      &lt;Keywords&gt;0x8000000000000000&lt;/Keywords&gt; 
      &lt;TimeCreated SystemTime=&quot;2019-07-02T14:07:27.755284200Z&quot; /&gt; 
      &lt;EventRecordID&gt;3882&lt;/EventRecordID&gt; 
      &lt;Correlation /&gt; 
      &lt;Execution ProcessID=&quot;3132&quot; ThreadID=&quot;4840&quot; /&gt; 
      &lt;Channel&gt;Microsoft-Windows-Sysmon/Operational&lt;/Channel&gt; 
      &lt;Computer&gt;MSEDGEWIN10&lt;/Computer&gt; 
      &lt;Security UserID=&quot;S-1-5-18&quot; /&gt; 
  &lt;/System&gt;
- &lt;EventData&gt;
      &lt;Data Name=&quot;RuleName&quot; /&gt; 
      &lt;Data Name=&quot;UtcTime&quot;&gt;2019-07-02 14:07:27.741&lt;/Data&gt; 
      &lt;Data Name=&quot;ProcessGuid&quot;&gt;{747f3d96-651f-5d1b-0000-0010f2012300}&lt;/Data&gt; 
      &lt;Data Name=&quot;ProcessId&quot;&gt;2696&lt;/Data&gt; 
      &lt;Data Name=&quot;Image&quot;&gt;C:\Windows\system32\wsmprovhost.exe&lt;/Data&gt; 
      &lt;Data Name=&quot;TargetFilename&quot;&gt;C:\Users\GodConcy.MSEDGEWIN10\AppData\Local\Temp\__PSScriptPolicyTest_ltk3r3lk.pf0.ps1&lt;/Data&gt; 
      &lt;Data Name=&quot;CreationUtcTime&quot;&gt;2019-07-02 14:07:27.741&lt;/Data&gt; 
  &lt;/EventData&gt;
  &lt;/Event&gt;</rich_text></node><node custom_icon_id="0" foreground="" is_bold="False" name="3.3. 1 - Process Create (rule: ProcessCreate)" prog_lang="xml" readonly="True" tags="" ts_creation="1562076487.87" ts_lastsave="1562076575.31" unique_id="146"><rich_text>- &lt;Event xmlns=&quot;http://schemas.microsoft.com/win/2004/08/events/event&quot;&gt;
- &lt;System&gt;
      &lt;Provider Name=&quot;Microsoft-Windows-Sysmon&quot; Guid=&quot;{5770385f-c22a-43e0-bf4c-06f5698ffbd9}&quot; /&gt; 
      &lt;EventID&gt;1&lt;/EventID&gt; 
      &lt;Version&gt;5&lt;/Version&gt; 
      &lt;Level&gt;4&lt;/Level&gt; 
      &lt;Task&gt;1&lt;/Task&gt; 
      &lt;Opcode&gt;0&lt;/Opcode&gt; 
      &lt;Keywords&gt;0x8000000000000000&lt;/Keywords&gt; 
      &lt;TimeCreated SystemTime=&quot;2019-07-02T14:07:27.873416700Z&quot; /&gt; 
      &lt;EventRecordID&gt;3883&lt;/EventRecordID&gt; 
      &lt;Correlation /&gt; 
      &lt;Execution ProcessID=&quot;3132&quot; ThreadID=&quot;4840&quot; /&gt; 
      &lt;Channel&gt;Microsoft-Windows-Sysmon/Operational&lt;/Channel&gt; 
      &lt;Computer&gt;MSEDGEWIN10&lt;/Computer&gt; 
      &lt;Security UserID=&quot;S-1-5-18&quot; /&gt; 
  &lt;/System&gt;
- &lt;EventData&gt;
      &lt;Data Name=&quot;RuleName&quot; /&gt; 
      &lt;Data Name=&quot;UtcTime&quot;&gt;2019-07-02 14:07:27.869&lt;/Data&gt; 
      &lt;Data Name=&quot;ProcessGuid&quot;&gt;{747f3d96-651f-5d1b-0000-00100a122300}&lt;/Data&gt; 
      &lt;Data Name=&quot;ProcessId&quot;&gt;4716&lt;/Data&gt; 
      &lt;Data Name=&quot;Image&quot;&gt;C:\Windows\System32\whoami.exe&lt;/Data&gt; 
      &lt;Data Name=&quot;FileVersion&quot;&gt;10.0.17763.1 (WinBuild.160101.0800)&lt;/Data&gt; 
      &lt;Data Name=&quot;Description&quot;&gt;whoami - displays logged on user information&lt;/Data&gt; 
      &lt;Data Name=&quot;Product&quot;&gt;Microsoft® Windows® Operating System&lt;/Data&gt; 
      &lt;Data Name=&quot;Company&quot;&gt;Microsoft Corporation&lt;/Data&gt; 
      &lt;Data Name=&quot;OriginalFileName&quot;&gt;whoami.exe&lt;/Data&gt; 
      &lt;Data Name=&quot;CommandLine&quot;&gt;&quot;C:\Windows\system32\whoami.exe&quot;&lt;/Data&gt; 
      &lt;Data Name=&quot;CurrentDirectory&quot;&gt;C:\Users\GodConcy.MSEDGEWIN10\Documents\&lt;/Data&gt; 
      &lt;Data Name=&quot;User&quot;&gt;MSEDGEWIN10\GodConcy&lt;/Data&gt; 
      &lt;Data Name=&quot;LogonGuid&quot;&gt;{747f3d96-651f-5d1b-0000-00200bfe2200}&lt;/Data&gt; 
      &lt;Data Name=&quot;LogonId&quot;&gt;0x22fe0b&lt;/Data&gt; 
      &lt;Data Name=&quot;TerminalSessionId&quot;&gt;0&lt;/Data&gt; 
      &lt;Data Name=&quot;IntegrityLevel&quot;&gt;Medium&lt;/Data&gt; 
      &lt;Data Name=&quot;Hashes&quot;&gt;MD5=43C2D3293AD939241DF61B3630A9D3B6,SHA256=1D5491E3C468EE4B4EF6EDFF4BBC7D06EE83180F6F0B1576763EA2EFE049493A&lt;/Data&gt; 
      &lt;Data Name=&quot;ParentProcessGuid&quot;&gt;{747f3d96-651f-5d1b-0000-0010f2012300}&lt;/Data&gt; 
      &lt;Data Name=&quot;ParentProcessId&quot;&gt;2696&lt;/Data&gt; 
      &lt;Data Name=&quot;ParentImage&quot;&gt;C:\Windows\System32\wsmprovhost.exe&lt;/Data&gt; 
      &lt;Data Name=&quot;ParentCommandLine&quot;&gt;C:\Windows\system32\wsmprovhost.exe -Embedding&lt;/Data&gt; 
  &lt;/EventData&gt;
  &lt;/Event&gt;</rich_text></node></node></node></node></node></cherrytree>