</rich_text></node><node custom_icon_id="0" foreground="" is_bold="False" name="3.6. 4657 - Registry" prog_lang="xml" readonly="True" tags="" ts_creation="1563084319.34" ts_lastsave="1563085614.93" unique_id="231"><rich_text>- &lt;Event xmlns=&quot;http://schemas.microsoft.com/win/2004/08/events/event&quot;&gt;
- &lt;System&gt;
      &lt;Provider Name=&quot;Microsoft-Windows-Security-Auditing&quot; Guid=&quot;{54849625-5478-4994-a5ba-3e3b0328c30d}&quot; /&gt; 
      &lt;EventID&gt;4657&lt;/EventID&gt; 
      &lt;Version&gt;0&lt;/Version&gt; 
      &lt;Level&gt;0&lt;/Level&gt; 
      &lt;Task&gt;12801&lt;/Task&gt; 
      &lt;Opcode&gt;0&lt;/Opcode&gt; 
      &lt;Keywords&gt;0x8020000000000000&lt;/Keywords&gt; 
      &lt;TimeCreated SystemTime=&quot;2019-07-14T19:04:37.911717600Z&quot; /&gt; 
      &lt;EventRecordID&gt;129127&lt;/EventRecordID&gt; 
      &lt;Correlation /&gt; 
      &lt;Execution ProcessID=&quot;4&quot; ThreadID=&quot;6888&quot; /&gt; 
      &lt;Channel&gt;Security&lt;/Channel&gt; 
      &lt;Computer&gt;MSEDGEWIN10.bossmanben.local&lt;/Computer&gt; 
      &lt;Security /&gt; 
  &lt;/System&gt;
- &lt;EventData&gt;
      &lt;Data Name=&quot;SubjectUserSid&quot;&gt;S-1-5-21-2817836110-3135048609-2922248965-1105&lt;/Data&gt; 
      &lt;Data Name=&quot;SubjectUserName&quot;&gt;GConcy&lt;/Data&gt; 
      &lt;Data Name=&quot;SubjectDomainName&quot;&gt;BOSSMANBEN&lt;/Data&gt; 
      &lt;Data Name=&quot;SubjectLogonId&quot;&gt;0x169f04&lt;/Data&gt; 
      &lt;Data Name=&quot;ObjectName&quot;&gt;\REGISTRY\MACHINE\SOFTWARE\Microsoft\Windows\CurrentVersion\WSMAN&lt;/Data&gt; 
      &lt;Data Name=&quot;ObjectValueName&quot;&gt;UpdatedConfig&lt;/Data&gt; 
      &lt;Data Name=&quot;HandleId&quot;&gt;0x574&lt;/Data&gt; 
      &lt;Data Name=&quot;OperationType&quot;&gt;%%1905&lt;/Data&gt; 
      &lt;Data Name=&quot;OldValueType&quot;&gt;%%1873&lt;/Data&gt; 
      &lt;Data Name=&quot;OldValue&quot;&gt;497CC8FE-C1C1-4595-AC34-3BCB3AA7FB54&lt;/Data&gt; 
      &lt;Data Name=&quot;NewValueType&quot;&gt;%%1873&lt;/Data&gt; 
      &lt;Data Name=&quot;NewValue&quot;&gt;509CA65F-1508-44D2-836B-F23CBE2D5A10&lt;/Data&gt; 
      &lt;Data Name=&quot;ProcessId&quot;&gt;0x230c&lt;/Data&gt; 
      &lt;Data Name=&quot;ProcessName&quot;&gt;C:\Windows\System32\svchost.exe&lt;/Data&gt; 
  &lt;/EventData&gt;
  &lt;/Event&gt;</rich_text></node><node custom_icon_id="0" foreground="" is_bold="False" name="3.7. 4624 - Logon (Success)" prog_lang="xml" readonly="True" tags="" ts_creation="1563084289.74" ts_lastsave="1563085643.22" unique_id="229"><rich_text>- &lt;Event xmlns=&quot;http://schemas.microsoft.com/win/2004/08/events/event&quot;&gt;
- &lt;System&gt;
      &lt;Provider Name=&quot;Microsoft-Windows-Security-Auditing&quot; Guid=&quot;{54849625-5478-4994-a5ba-3e3b0328c30d}&quot; /&gt; 
      &lt;EventID&gt;4624&lt;/EventID&gt; 
      &lt;Version&gt;2&lt;/Version&gt; 
      &lt;Level&gt;0&lt;/Level&gt; 
      &lt;Task&gt;12544&lt;/Task&gt; 
      &lt;Opcode&gt;0&lt;/Opcode&gt; 
      &lt;Keywords&gt;0x8020000000000000&lt;/Keywords&gt; 
      &lt;TimeCreated SystemTime=&quot;2019-07-14T19:04:38.474539000Z&quot; /&gt; 
      &lt;EventRecordID&gt;129140&lt;/EventRecordID&gt; 
      &lt;Correlation ActivityID=&quot;{393096cf-3a76-0002-5397-3039763ad501}&quot; /&gt; 
      &lt;Execution ProcessID=&quot;696&quot; ThreadID=&quot;732&quot; /&gt; 
      &lt;Channel&gt;Security&lt;/Channel&gt; 
      &lt;Computer&gt;MSEDGEWIN10.bossmanben.local&lt;/Computer&gt; 
      &lt;Security /&gt; 
  &lt;/System&gt;
- &lt;EventData&gt;
      &lt;Data Name=&quot;SubjectUserSid&quot;&gt;S-1-0-0&lt;/Data&gt; 
      &lt;Data Name=&quot;SubjectUserName&quot;&gt;-&lt;/Data&gt; 
      &lt;Data Name=&quot;SubjectDomainName&quot;&gt;-&lt;/Data&gt; 
      &lt;Data Name=&quot;SubjectLogonId&quot;&gt;0x0&lt;/Data&gt; 
      &lt;Data Name=&quot;TargetUserSid&quot;&gt;S-1-5-7&lt;/Data&gt; 
      &lt;Data Name=&quot;TargetUserName&quot;&gt;ANONYMOUS LOGON&lt;/Data&gt; 
      &lt;Data Name=&quot;TargetDomainName&quot;&gt;NT AUTHORITY&lt;/Data&gt; 
      &lt;Data Name=&quot;TargetLogonId&quot;&gt;0x177a95&lt;/Data&gt; 
      &lt;Data Name=&quot;LogonType&quot;&gt;3&lt;/Data&gt; 
      &lt;Data Name=&quot;LogonProcessName&quot;&gt;NtLmSsp&lt;/Data&gt; 
      &lt;Data Name=&quot;AuthenticationPackageName&quot;&gt;NTLM&lt;/Data&gt; 
      &lt;Data Name=&quot;WorkstationName&quot;&gt;MSEDGEWIN10&lt;/Data&gt; 
      &lt;Data Name=&quot;LogonGuid&quot;&gt;{00000000-0000-0000-0000-000000000000}&lt;/Data&gt; 
      &lt;Data Name=&quot;TransmittedServices&quot;&gt;-&lt;/Data&gt; 
      &lt;Data Name=&quot;LmPackageName&quot;&gt;NTLM V1&lt;/Data&gt; 
      &lt;Data Name=&quot;KeyLength&quot;&gt;128&lt;/Data&gt; 
      &lt;Data Name=&quot;ProcessId&quot;&gt;0x0&lt;/Data&gt; 
      &lt;Data Name=&quot;ProcessName&quot;&gt;-&lt;/Data&gt; 
      &lt;Data Name=&quot;IpAddress&quot;&gt;-&lt;/Data&gt; 
      &lt;Data Name=&quot;IpPort&quot;&gt;-&lt;/Data&gt; 
      &lt;Data Name=&quot;ImpersonationLevel&quot;&gt;%%1833&lt;/Data&gt; 
      &lt;Data Name=&quot;RestrictedAdminMode&quot;&gt;-&lt;/Data&gt; 
      &lt;Data Name=&quot;TargetOutboundUserName&quot;&gt;-&lt;/Data&gt; 
      &lt;Data Name=&quot;TargetOutboundDomainName&quot;&gt;-&lt;/Data&gt; 
      &lt;Data Name=&quot;VirtualAccount&quot;&gt;%%1843&lt;/Data&gt; 
      &lt;Data Name=&quot;TargetLinkedLogonId&quot;&gt;0x0&lt;/Data&gt; 
      &lt;Data Name=&quot;ElevatedToken&quot;&gt;%%1843&lt;/Data&gt; 
  &lt;/EventData&gt;
  &lt;/Event&gt;</rich_text></node><node custom_icon_id="0" foreground="" is_bold="False" name="3.8. 4624 - Logon (Success)" prog_lang="xml" readonly="True" tags="" ts_creation="1563084290.2" ts_lastsave="1563085658.82" unique_id="230"><rich_text>- &lt;Event xmlns=&quot;http://schemas.microsoft.com/win/2004/08/events/event&quot;&gt;
- &lt;System&gt;
      &lt;Provider Name=&quot;Microsoft-Windows-Security-Auditing&quot; Guid=&quot;{54849625-5478-4994-a5ba-3e3b0328c30d}&quot; /&gt; 
      &lt;EventID&gt;4624&lt;/EventID&gt; 
      &lt;Version&gt;2&lt;/Version&gt; 
      &lt;Level&gt;0&lt;/Level&gt; 
      &lt;Task&gt;12544&lt;/Task&gt; 
      &lt;Opcode&gt;0&lt;/Opcode&gt; 
      &lt;Keywords&gt;0x8020000000000000&lt;/Keywords&gt; 
      &lt;TimeCreated SystemTime=&quot;2019-07-14T19:04:38.483140100Z&quot; /&gt; 
      &lt;EventRecordID&gt;129146&lt;/EventRecordID&gt; 
      &lt;Correlation ActivityID=&quot;{393096cf-3a76-0002-5397-3039763ad501}&quot; /&gt; 
      &lt;Execution ProcessID=&quot;696&quot; ThreadID=&quot;5220&quot; /&gt; 
      &lt;Channel&gt;Security&lt;/Channel&gt; 
      &lt;Computer&gt;MSEDGEWIN10.bossmanben.local&lt;/Computer&gt; 
      &lt;Security /&gt; 
  &lt;/System&gt;
- &lt;EventData&gt;
      &lt;Data Name=&quot;SubjectUserSid&quot;&gt;S-1-0-0&lt;/Data&gt; 
      &lt;Data Name=&quot;SubjectUserName&quot;&gt;-&lt;/Data&gt; 
      &lt;Data Name=&quot;SubjectDomainName&quot;&gt;-&lt;/Data&gt; 
      &lt;Data Name=&quot;SubjectLogonId&quot;&gt;0x0&lt;/Data&gt; 
      &lt;Data Name=&quot;TargetUserSid&quot;&gt;S-1-5-7&lt;/Data&gt; 
      &lt;Data Name=&quot;TargetUserName&quot;&gt;ANONYMOUS LOGON&lt;/Data&gt; 
      &lt;Data Name=&quot;TargetDomainName&quot;&gt;NT AUTHORITY&lt;/Data&gt; 
      &lt;Data Name=&quot;TargetLogonId&quot;&gt;0x177af5&lt;/Data&gt; 
      &lt;Data Name=&quot;LogonType&quot;&gt;3&lt;/Data&gt; 
      &lt;Data Name=&quot;LogonProcessName&quot;&gt;NtLmSsp&lt;/Data&gt; 
      &lt;Data Name=&quot;AuthenticationPackageName&quot;&gt;NTLM&lt;/Data&gt; 
      &lt;Data Name=&quot;WorkstationName&quot;&gt;MSEDGEWIN10&lt;/Data&gt; 
      &lt;Data Name=&quot;LogonGuid&quot;&gt;{00000000-0000-0000-0000-000000000000}&lt;/Data&gt; 
      &lt;Data Name=&quot;TransmittedServices&quot;&gt;-&lt;/Data&gt; 
      &lt;Data Name=&quot;LmPackageName&quot;&gt;NTLM V1&lt;/Data&gt; 
      &lt;Data Name=&quot;KeyLength&quot;&gt;128&lt;/Data&gt; 
      &lt;Data Name=&quot;ProcessId&quot;&gt;0x0&lt;/Data&gt; 
      &lt;Data Name=&quot;ProcessName&quot;&gt;-&lt;/Data&gt; 
      &lt;Data Name=&quot;IpAddress&quot;&gt;-&lt;/Data&gt; 
      &lt;Data Name=&quot;IpPort&quot;&gt;-&lt;/Data&gt; 
      &lt;Data Name=&quot;ImpersonationLevel&quot;&gt;%%1833&lt;/Data&gt; 
      &lt;Data Name=&quot;RestrictedAdminMode&quot;&gt;-&lt;/Data&gt; 
      &lt;Data Name=&quot;TargetOutboundUserName&quot;&gt;-&lt;/Data&gt; 
      &lt;Data Name=&quot;TargetOutboundDomainName&quot;&gt;-&lt;/Data&gt; 
      &lt;Data Name=&quot;VirtualAccount&quot;&gt;%%1843&lt;/Data&gt; 
      &lt;Data Name=&quot;TargetLinkedLogonId&quot;&gt;0x0&lt;/Data&gt; 
      &lt;Data Name=&quot;ElevatedToken&quot;&gt;%%1843&lt;/Data&gt; 
  &lt;/EventData&gt;
  &lt;/Event&gt;</rich_text></node><node custom_icon_id="0" foreground="" is_bold="False" name="5.1. 4624 - Logon (Success)" prog_lang="xml" readonly="True" tags="" ts_creation="1563099722.51" ts_lastsave="1563099836.92" unique_id="236"><rich_text>- &lt;Event xmlns=&quot;http://schemas.microsoft.com/win/2004/08/events/event&quot;&gt;
- &lt;System&gt;
      &lt;Provider Name=&quot;Microsoft-Windows-Security-Auditing&quot; Guid=&quot;{54849625-5478-4994-a5ba-3e3b0328c30d}&quot; /&gt; 
      &lt;EventID&gt;4624&lt;/EventID&gt; 
      &lt;Version&gt;2&lt;/Version&gt; 
      &lt;Level&gt;0&lt;/Level&gt; 
      &lt;Task&gt;12544&lt;/Task&gt; 
      &lt;Opcode&gt;0&lt;/Opcode&gt; 
      &lt;Keywords&gt;0x8020000000000000&lt;/Keywords&gt; 
      &lt;TimeCreated SystemTime=&quot;2019-07-14T22:36:18.176629000Z&quot; /&gt; 
      &lt;EventRecordID&gt;138692&lt;/EventRecordID&gt; 
      &lt;Correlation ActivityID=&quot;{933855a5-3a93-0001-d755-3893933ad501}&quot; /&gt; 
      &lt;Execution ProcessID=&quot;692&quot; ThreadID=&quot;740&quot; /&gt; 
      &lt;Channel&gt;Security&lt;/Channel&gt; 
      &lt;Computer&gt;MSEDGEWIN10.bossmanben.local&lt;/Computer&gt; 
      &lt;Security /&gt; 
  &lt;/System&gt;
- &lt;EventData&gt;
      &lt;Data Name=&quot;SubjectUserSid&quot;&gt;S-1-0-0&lt;/Data&gt; 
      &lt;Data Name=&quot;SubjectUserName&quot;&gt;-&lt;/Data&gt; 
      &lt;Data Name=&quot;SubjectDomainName&quot;&gt;-&lt;/Data&gt; 
      &lt;Data Name=&quot;SubjectLogonId&quot;&gt;0x0&lt;/Data&gt; 
      &lt;Data Name=&quot;TargetUserSid&quot;&gt;S-1-5-21-2817836110-3135048609-2922248965-1105&lt;/Data&gt; 
      &lt;Data Name=&quot;TargetUserName&quot;&gt;GConcy&lt;/Data&gt; 
      &lt;Data Name=&quot;TargetDomainName&quot;&gt;BOSSMANBEN&lt;/Data&gt; 
      &lt;Data Name=&quot;TargetLogonId&quot;&gt;0x1c2bbc&lt;/Data&gt; 
      &lt;Data Name=&quot;LogonType&quot;&gt;3&lt;/Data&gt; 
      &lt;Data Name=&quot;LogonProcessName&quot;&gt;NtLmSsp&lt;/Data&gt; 
      &lt;Data Name=&quot;AuthenticationPackageName&quot;&gt;NTLM&lt;/Data&gt; 
      &lt;Data Name=&quot;WorkstationName&quot;&gt;KALI-WINDOWS&lt;/Data&gt; 
      &lt;Data Name=&quot;LogonGuid&quot;&gt;{00000000-0000-0000-0000-000000000000}&lt;/Data&gt; 
      &lt;Data Name=&quot;TransmittedServices&quot;&gt;-&lt;/Data&gt; 
      &lt;Data Name=&quot;LmPackageName&quot;&gt;NTLM V2&lt;/Data&gt; 
      &lt;Data Name=&quot;KeyLength&quot;&gt;128&lt;/Data&gt; 
      &lt;Data Name=&quot;ProcessId&quot;&gt;0x0&lt;/Data&gt; 
      &lt;Data Name=&quot;ProcessName&quot;&gt;-&lt;/Data&gt; 
      &lt;Data Name=&quot;IpAddress&quot;&gt;-&lt;/Data&gt; 
      &lt;Data Name=&quot;IpPort&quot;&gt;-&lt;/Data&gt; 
      &lt;Data Name=&quot;ImpersonationLevel&quot;&gt;%%1833&lt;/Data&gt; 
      &lt;Data Name=&quot;RestrictedAdminMode&quot;&gt;-&lt;/Data&gt; 
      &lt;Data Name=&quot;TargetOutboundUserName&quot;&gt;-&lt;/Data&gt; 
      &lt;Data Name=&quot;TargetOutboundDomainName&quot;&gt;-&lt;/Data&gt; 
      &lt;Data Name=&quot;VirtualAccount&quot;&gt;%%1843&lt;/Data&gt; 
      &lt;Data Name=&quot;TargetLinkedLogonId&quot;&gt;0x0&lt;/Data&gt; 
      &lt;Data Name=&quot;ElevatedToken&quot;&gt;%%1842&lt;/Data&gt; 
  &lt;/EventData&gt;
  &lt;/Event&gt;</rich_text></node><node custom_icon_id="0" foreground="" is_bold="False" name="5.2. 4624 - Logon (Success)" prog_lang="xml" readonly="True" tags="" ts_creation="1563099778.4" ts_lastsave="1563099858.85" unique_id="241"><rich_text>- &lt;Event xmlns=&quot;http://schemas.microsoft.com/win/2004/08/events/event&quot;&gt;
- &lt;System&gt;
      &lt;Provider Name=&quot;Microsoft-Windows-Security-Auditing&quot; Guid=&quot;{54849625-5478-4994-a5ba-3e3b0328c30d}&quot; /&gt; 
      &lt;EventID&gt;4624&lt;/EventID&gt; 
      &lt;Version&gt;2&lt;/Version&gt; 
      &lt;Level&gt;0&lt;/Level&gt; 
      &lt;Task&gt;12544&lt;/Task&gt; 
      &lt;Opcode&gt;0&lt;/Opcode&gt; 
      &lt;Keywords&gt;0x8020000000000000&lt;/Keywords&gt; 
      &lt;TimeCreated SystemTime=&quot;2019-07-14T22:36:18.207684100Z&quot; /&gt; 
      &lt;EventRecordID&gt;138703&lt;/EventRecordID&gt; 
      &lt;Correlation ActivityID=&quot;{933855a5-3a93-0001-d755-3893933ad501}&quot; /&gt; 
      &lt;Execution ProcessID=&quot;692&quot; ThreadID=&quot;740&quot; /&gt; 
      &lt;Channel&gt;Security&lt;/Channel&gt; 
      &lt;Computer&gt;MSEDGEWIN10.bossmanben.local&lt;/Computer&gt; 
      &lt;Security /&gt; 
  &lt;/System&gt;
- &lt;EventData&gt;
      &lt;Data Name=&quot;SubjectUserSid&quot;&gt;S-1-5-20&lt;/Data&gt; 
      &lt;Data Name=&quot;SubjectUserName&quot;&gt;MSEDGEWIN10$&lt;/Data&gt; 
      &lt;Data Name=&quot;SubjectDomainName&quot;&gt;BOSSMANBEN&lt;/Data&gt; 
      &lt;Data Name=&quot;SubjectLogonId&quot;&gt;0x3e4&lt;/Data&gt; 
      &lt;Data Name=&quot;TargetUserSid&quot;&gt;S-1-5-21-2817836110-3135048609-2922248965-1105&lt;/Data&gt; 
      &lt;Data Name=&quot;TargetUserName&quot;&gt;GConcy&lt;/Data&gt; 
      &lt;Data Name=&quot;TargetDomainName&quot;&gt;BOSSMANBEN&lt;/Data&gt; 
      &lt;Data Name=&quot;TargetLogonId&quot;&gt;0x1c2c70&lt;/Data&gt; 
      &lt;Data Name=&quot;LogonType&quot;&gt;8&lt;/Data&gt; 
      &lt;Data Name=&quot;LogonProcessName&quot;&gt;Advapi&lt;/Data&gt; 
      &lt;Data Name=&quot;AuthenticationPackageName&quot;&gt;Negotiate&lt;/Data&gt; 
      &lt;Data Name=&quot;WorkstationName&quot;&gt;MSEDGEWIN10&lt;/Data&gt; 
      &lt;Data Name=&quot;LogonGuid&quot;&gt;{e4f22be7-568c-51d9-8358-b3b1ed4e19d3}&lt;/Data&gt; 
      &lt;Data Name=&quot;TransmittedServices&quot;&gt;-&lt;/Data&gt; 
      &lt;Data Name=&quot;LmPackageName&quot;&gt;-&lt;/Data&gt; 
      &lt;Data Name=&quot;KeyLength&quot;&gt;0&lt;/Data&gt; 
      &lt;Data Name=&quot;ProcessId&quot;&gt;0x101c&lt;/Data&gt; 
      &lt;Data Name=&quot;ProcessName&quot;&gt;C:\Windows\System32\svchost.exe&lt;/Data&gt; 
      &lt;Data Name=&quot;IpAddress&quot;&gt;-&lt;/Data&gt; 
      &lt;Data Name=&quot;IpPort&quot;&gt;-&lt;/Data&gt; 
      &lt;Data Name=&quot;ImpersonationLevel&quot;&gt;%%1833&lt;/Data&gt; 
      &lt;Data Name=&quot;RestrictedAdminMode&quot;&gt;-&lt;/Data&gt; 
      &lt;Data Name=&quot;TargetOutboundUserName&quot;&gt;-&lt;/Data&gt; 
      &lt;Data Name=&quot;TargetOutboundDomainName&quot;&gt;-&lt;/Data&gt; 
      &lt;Data Name=&quot;VirtualAccount&quot;&gt;%%1843&lt;/Data&gt; 
      &lt;Data Name=&quot;TargetLinkedLogonId&quot;&gt;0x0&lt;/Data&gt; 
      &lt;Data Name=&quot;ElevatedToken&quot;&gt;%%1842&lt;/Data&gt; 
  &lt;/EventData&gt;
  &lt;/Event&gt;</rich_text></node><node custom_icon_id="0" foreground="" is_bold="False" name="5.3. 4688 - Process Creation (Success)" prog_lang="xml" readonly="True" tags="" ts_creation="1563099724.1" ts_lastsave="1563099878.19" unique_id="237"><rich_text>- &lt;Event xmlns=&quot;http://schemas.microsoft.com/win/2004/08/events/event&quot;&gt;
- &lt;System&gt;
      &lt;Provider Name=&quot;Microsoft-Windows-Security-Auditing&quot; Guid=&quot;{54849625-5478-4994-a5ba-3e3b0328c30d}&quot; /&gt; 
      &lt;EventID&gt;4688&lt;/EventID&gt; 
      &lt;Version&gt;2&lt;/Version&gt; 
      &lt;Level&gt;0&lt;/Level&gt; 
      &lt;Task&gt;13312&lt;/Task&gt; 
      &lt;Opcode&gt;0&lt;/Opcode&gt; 
      &lt;Keywords&gt;0x8020000000000000&lt;/Keywords&gt; 
      &lt;TimeCreated SystemTime=&quot;2019-07-14T22:36:18.218451700Z&quot; /&gt; 
      &lt;EventRecordID&gt;138719&lt;/EventRecordID&gt; 
      &lt;Correlation /&gt; 
      &lt;Execution ProcessID=&quot;4&quot; ThreadID=&quot;292&quot; /&gt; 
      &lt;Channel&gt;Security&lt;/Channel&gt; 
      &lt;Computer&gt;MSEDGEWIN10.bossmanben.local&lt;/Computer&gt; 
      &lt;Security /&gt; 
  &lt;/System&gt;
- &lt;EventData&gt;
      &lt;Data Name=&quot;SubjectUserSid&quot;&gt;S-1-5-18&lt;/Data&gt; 
      &lt;Data Name=&quot;SubjectUserName&quot;&gt;MSEDGEWIN10$&lt;/Data&gt; 
      &lt;Data Name=&quot;SubjectDomainName&quot;&gt;BOSSMANBEN&lt;/Data&gt; 
      &lt;Data Name=&quot;SubjectLogonId&quot;&gt;0x3e7&lt;/Data&gt; 
      &lt;Data Name=&quot;NewProcessId&quot;&gt;0x348&lt;/Data&gt; 
      &lt;Data Name=&quot;NewProcessName&quot;&gt;C:\Windows\System32\dllhost.exe&lt;/Data&gt; 
      &lt;Data Name=&quot;TokenElevationType&quot;&gt;%%1936&lt;/Data&gt; 
      &lt;Data Name=&quot;ProcessId&quot;&gt;0x33c&lt;/Data&gt; 
      &lt;Data Name=&quot;CommandLine&quot;&gt;C:\Windows\system32\DllHost.exe /Processid:{E10F6C3A-F1AE-4ADC-AA9D-2FE65525666E}&lt;/Data&gt; 
      &lt;Data Name=&quot;TargetUserSid&quot;&gt;S-1-0-0&lt;/Data&gt; 
      &lt;Data Name=&quot;TargetUserName&quot;&gt;-&lt;/Data&gt; 
      &lt;Data Name=&quot;TargetDomainName&quot;&gt;-&lt;/Data&gt; 
      &lt;Data Name=&quot;TargetLogonId&quot;&gt;0x0&lt;/Data&gt; 
      &lt;Data Name=&quot;ParentProcessName&quot;&gt;C:\Windows\System32\svchost.exe&lt;/Data&gt; 
      &lt;Data Name=&quot;MandatoryLabel&quot;&gt;S-1-16-16384&lt;/Data&gt; 
  &lt;/EventData&gt;
  &lt;/Event&gt;</rich_text></node><node custom_icon_id="0" foreground="" is_bold="False" name="5.4. 4688 - Process Creation (Success)" prog_lang="xml" readonly="True" tags="" ts_creation="1563099727.96" ts_lastsave="1563099897.0" unique_id="238"><rich_text>- &lt;Event xmlns=&quot;http://schemas.microsoft.com/win/2004/08/events/event&quot;&gt;
- &lt;System&gt;
      &lt;Provider Name=&quot;Microsoft-Windows-Security-Auditing&quot; Guid=&quot;{54849625-5478-4994-a5ba-3e3b0328c30d}&quot; /&gt; 
      &lt;EventID&gt;4688&lt;/EventID&gt; 
      &lt;Version&gt;2&lt;/Version&gt; 
      &lt;Level&gt;0&lt;/Level&gt; 
      &lt;Task&gt;13312&lt;/Task&gt; 
      &lt;Opcode&gt;0&lt;/Opcode&gt; 
      &lt;Keywords&gt;0x8020000000000000&lt;/Keywords&gt; 
      &lt;TimeCreated SystemTime=&quot;2019-07-14T22:36:18.234953600Z&quot; /&gt; 
      &lt;EventRecordID&gt;138720&lt;/EventRecordID&gt; 
      &lt;Correlation /&gt; 
      &lt;Execution ProcessID=&quot;4&quot; ThreadID=&quot;292&quot; /&gt; 
      &lt;Channel&gt;Security&lt;/Channel&gt; 
      &lt;Computer&gt;MSEDGEWIN10.bossmanben.local&lt;/Computer&gt; 
      &lt;Security /&gt; 
  &lt;/System&gt;
  &lt;EventData&gt;
      &lt;Data Name=&quot;SubjectUserSid&quot;&gt;S-1-5-18&lt;/Data&gt; 
      &lt;Data Name=&quot;SubjectUserName&quot;&gt;MSEDGEWIN10$&lt;/Data&gt; 
      &lt;Data Name=&quot;SubjectDomainName&quot;&gt;BOSSMANBEN&lt;/Data&gt; 
      &lt;Data Name=&quot;SubjectLogonId&quot;&gt;0x3e7&lt;/Data&gt; 
      &lt;Data Name=&quot;NewProcessId&quot;&gt;0x6d8&lt;/Data&gt; 
      &lt;Data Name=&quot;NewProcessName&quot;&gt;C:\Windows\System32\wsmprovhost.exe&lt;/Data&gt; 
      &lt;Data Name=&quot;TokenElevationType&quot;&gt;%%1936&lt;/Data&gt; 
      &lt;Data Name=&quot;ProcessId&quot;&gt;0x33c&lt;/Data&gt; 
      &lt;Data Name=&quot;CommandLine&quot;&gt;C:\Windows\system32\wsmprovhost.exe -Embedding&lt;/Data&gt; 
      &lt;Data Name=&quot;TargetUserSid&quot;&gt;S-1-0-0&lt;/Data&gt; 
      &lt;Data Name=&quot;TargetUserName&quot;&gt;GConcy&lt;/Data&gt; 
      &lt;Data Name=&quot;TargetDomainName&quot;&gt;BOSSMANBEN&lt;/Data&gt; 
      &lt;Data Name=&quot;TargetLogonId&quot;&gt;0x1c2c70&lt;/Data&gt; 
      &lt;Data Name=&quot;ParentProcessName&quot;&gt;C:\Windows\System32\svchost.exe&lt;/Data&gt; 
      &lt;Data Name=&quot;MandatoryLabel&quot;&gt;S-1-16-12288&lt;/Data&gt; 
  &lt;/EventData&gt;
  &lt;/Event&gt;</rich_text></node><node custom_icon_id="0" foreground="" is_bold="False" name="5.5. 4624 - Logon (Success)" prog_lang="xml" readonly="True" tags="" ts_creation="1563099729.82" ts_lastsave="1563099924.99" unique_id="239"><rich_text>- &lt;Event xmlns=&quot;http://schemas.microsoft.com/win/2004/08/events/event&quot;&gt;
- &lt;System&gt;
      &lt;Provider Name=&quot;Microsoft-Windows-Security-Auditing&quot; Guid=&quot;{54849625-5478-4994-a5ba-3e3b0328c30d}&quot; /&gt; 
      &lt;EventID&gt;4624&lt;/EventID&gt; 
      &lt;Version&gt;2&lt;/Version&gt; 
      &lt;Level&gt;0&lt;/Level&gt; 
      &lt;Task&gt;12544&lt;/Task&gt; 
      &lt;Opcode&gt;0&lt;/Opcode&gt; 
      &lt;Keywords&gt;0x8020000000000000&lt;/Keywords&gt; 
      &lt;TimeCreated SystemTime=&quot;2019-07-14T22:36:18.287919000Z&quot; /&gt; 
      &lt;EventRecordID&gt;138736&lt;/EventRecordID&gt; 
      &lt;Correlation ActivityID=&quot;{933855a5-3a93-0001-d755-3893933ad501}&quot; /&gt; 
      &lt;Execution ProcessID=&quot;692&quot; ThreadID=&quot;740&quot; /&gt; 
      &lt;Channel&gt;Security&lt;/Channel&gt; 
      &lt;Computer&gt;MSEDGEWIN10.bossmanben.local&lt;/Computer&gt; 
      &lt;Security /&gt; 
  &lt;/System&gt;
- &lt;EventData&gt;
      &lt;Data Name=&quot;SubjectUserSid&quot;&gt;S-1-0-0&lt;/Data&gt; 
      &lt;Data Name=&quot;SubjectUserName&quot;&gt;-&lt;/Data&gt; 
      &lt;Data Name=&quot;SubjectDomainName&quot;&gt;-&lt;/Data&gt; 
      &lt;Data Name=&quot;SubjectLogonId&quot;&gt;0x0&lt;/Data&gt; 
      &lt;Data Name=&quot;TargetUserSid&quot;&gt;S-1-5-21-2817836110-3135048609-2922248965-1105&lt;/Data&gt; 
      &lt;Data Name=&quot;TargetUserName&quot;&gt;GConcy&lt;/Data&gt; 
      &lt;Data Name=&quot;TargetDomainName&quot;&gt;BOSSMANBEN&lt;/Data&gt; 
      &lt;Data Name=&quot;TargetLogonId&quot;&gt;0x1c391e&lt;/Data&gt; 
      &lt;Data Name=&quot;LogonType&quot;&gt;3&lt;/Data&gt; 
      &lt;Data Name=&quot;LogonProcessName&quot;&gt;NtLmSsp&lt;/Data&gt; 
      &lt;Data Name=&quot;AuthenticationPackageName&quot;&gt;NTLM&lt;/Data&gt; 
      &lt;Data Name=&quot;WorkstationName&quot;&gt;KALI-WINDOWS&lt;/Data&gt; 
      &lt;Data Name=&quot;LogonGuid&quot;&gt;{00000000-0000-0000-0000-000000000000}&lt;/Data&gt; 
      &lt;Data Name=&quot;TransmittedServices&quot;&gt;-&lt;/Data&gt; 
      &lt;Data Name=&quot;LmPackageName&quot;&gt;NTLM V2&lt;/Data&gt; 
      &lt;Data Name=&quot;KeyLength&quot;&gt;128&lt;/Data&gt; 
      &lt;Data Name=&quot;ProcessId&quot;&gt;0x0&lt;/Data&gt; 
      &lt;Data Name=&quot;ProcessName&quot;&gt;-&lt;/Data&gt; 
      &lt;Data Name=&quot;IpAddress&quot;&gt;-&lt;/Data&gt; 
      &lt;Data Name=&quot;IpPort&quot;&gt;-&lt;/Data&gt; 
      &lt;Data Name=&quot;ImpersonationLevel&quot;&gt;%%1833&lt;/Data&gt; 
      &lt;Data Name=&quot;RestrictedAdminMode&quot;&gt;-&lt;/Data&gt; 
      &lt;Data Name=&quot;TargetOutboundUserName&quot;&gt;-&lt;/Data&gt; 
      &lt;Data Name=&quot;TargetOutboundDomainName&quot;&gt;-&lt;/Data&gt; 
      &lt;Data Name=&quot;VirtualAccount&quot;&gt;%%1843&lt;/Data&gt; 
      &lt;Data Name=&quot;TargetLinkedLogonId&quot;&gt;0x0&lt;/Data&gt; 
      &lt;Data Name=&quot;ElevatedToken&quot;&gt;%%1842&lt;/Data&gt; 
  &lt;/EventData&gt;
  &lt;/Event&gt;</rich_text></node><node custom_icon_id="0" foreground="" is_bold="False" name="5.6. 4624 - Logon (Success)" prog_lang="xml" readonly="True" tags="" ts_creation="1563099732.77" ts_lastsave="1563099948.46" unique_id="240"><rich_text>- &lt;Event xmlns=&quot;http://schemas.microsoft.com/win/2004/08/events/event&quot;&gt;
- &lt;System&gt;
      &lt;Provider Name=&quot;Microsoft-Windows-Security-Auditing&quot; Guid=&quot;{54849625-5478-4994-a5ba-3e3b0328c30d}&quot; /&gt; 
      &lt;EventID&gt;4624&lt;/EventID&gt; 
      &lt;Version&gt;2&lt;/Version&gt; 
      &lt;Level&gt;0&lt;/Level&gt; 
      &lt;Task&gt;12544&lt;/Task&gt; 
      &lt;Opcode&gt;0&lt;/Opcode&gt; 
      &lt;Keywords&gt;0x8020000000000000&lt;/Keywords&gt; 
      &lt;TimeCreated SystemTime=&quot;2019-07-14T22:36:18.374878000Z&quot; /&gt; 
      &lt;EventRecordID&gt;138741&lt;/EventRecordID&gt; 
      &lt;Correlation ActivityID=&quot;{933855a5-3a93-0001-d755-3893933ad501}&quot; /&gt; 
      &lt;Execution ProcessID=&quot;692&quot; ThreadID=&quot;740&quot; /&gt; 
      &lt;Channel&gt;Security&lt;/Channel&gt; 
      &lt;Computer&gt;MSEDGEWIN10.bossmanben.local&lt;/Computer&gt; 
      &lt;Security /&gt; 
  &lt;/System&gt;
- &lt;EventData&gt;
      &lt;Data Name=&quot;SubjectUserSid&quot;&gt;S-1-0-0&lt;/Data&gt; 
      &lt;Data Name=&quot;SubjectUserName&quot;&gt;-&lt;/Data&gt; 
      &lt;Data Name=&quot;SubjectDomainName&quot;&gt;-&lt;/Data&gt; 
      &lt;Data Name=&quot;SubjectLogonId&quot;&gt;0x0&lt;/Data&gt; 
      &lt;Data Name=&quot;TargetUserSid&quot;&gt;S-1-5-21-2817836110-3135048609-2922248965-1105&lt;/Data&gt; 
      &lt;Data Name=&quot;TargetUserName&quot;&gt;GConcy&lt;/Data&gt; 
      &lt;Data Name=&quot;TargetDomainName&quot;&gt;BOSSMANBEN&lt;/Data&gt; 
      &lt;Data Name=&quot;TargetLogonId&quot;&gt;0x1c3daa&lt;/Data&gt; 
      &lt;Data Name=&quot;LogonType&quot;&gt;3&lt;/Data&gt; 
      &lt;Data Name=&quot;LogonProcessName&quot;&gt;NtLmSsp&lt;/Data&gt; 
      &lt;Data Name=&quot;AuthenticationPackageName&quot;&gt;NTLM&lt;/Data&gt; 
      &lt;Data Name=&quot;WorkstationName&quot;&gt;KALI-WINDOWS&lt;/Data&gt; 
      &lt;Data Name=&quot;LogonGuid&quot;&gt;{00000000-0000-0000-0000-000000000000}&lt;/Data&gt; 
      &lt;Data Name=&quot;TransmittedServices&quot;&gt;-&lt;/Data&gt; 
      &lt;Data Name=&quot;LmPackageName&quot;&gt;NTLM V2&lt;/Data&gt; 
      &lt;Data Name=&quot;KeyLength&quot;&gt;128&lt;/Data&gt; 
      &lt;Data Name=&quot;ProcessId&quot;&gt;0x0&lt;/Data&gt; 
      &lt;Data Name=&quot;ProcessName&quot;&gt;-&lt;/Data&gt; 
      &lt;Data Name=&quot;IpAddress&quot;&gt;-&lt;/Data&gt; 
      &lt;Data Name=&quot;IpPort&quot;&gt;-&lt;/Data&gt; 
      &lt;Data Name=&quot;ImpersonationLevel&quot;&gt;%%1833&lt;/Data&gt; 
      &lt;Data Name=&quot;RestrictedAdminMode&quot;&gt;-&lt;/Data&gt; 
      &lt;Data Name=&quot;TargetOutboundUserName&quot;&gt;-&lt;/Data&gt; 
      &lt;Data Name=&quot;TargetOutboundDomainName&quot;&gt;-&lt;/Data&gt; 
      &lt;Data Name=&quot;VirtualAccount&quot;&gt;%%1843&lt;/Data&gt; 
      &lt;Data Name=&quot;TargetLinkedLogonId&quot;&gt;0x0&lt;/Data&gt; 
      &lt;Data Name=&quot;ElevatedToken&quot;&gt;%%1842&lt;/Data&gt; 
  &lt;/EventData&gt;
  &lt;/Event&gt;</rich_text></node></node><node custom_icon_id="0" foreground="" is_bold="False" name="PowerShell Logs" prog_lang="custom-colors" readonly="False" tags="" ts_creation="1563074068.69" ts_lastsave="1563074344.97" unique_id="219"><rich_text></rich_text><node custom_icon_id="0" foreground="" is_bold="False" name="1.1. 4103 - Executing Pipeline" prog_lang="xml" readonly="True" tags="" ts_creation="1563074114.28" ts_lastsave="1563074144.08" unique_id="220"><rich_text>- &lt;Event xmlns=&quot;http://schemas.microsoft.com/win/2004/08/events/event&quot;&gt;
- &lt;System&gt;
      &lt;Provider Name=&quot;Microsoft-Windows-PowerShell&quot; Guid=&quot;{a0c1853b-5c40-4b15-8766-3cf1c58f985a}&quot; /&gt; 
      &lt;EventID&gt;4103&lt;/EventID&gt; 
      &lt;Version&gt;1&lt;/Version&gt; 
      &lt;Level&gt;4&lt;/Level&gt; 
      &lt;Task&gt;106&lt;/Task&gt; 
      &lt;Opcode&gt;20&lt;/Opcode&gt; 
      &lt;Keywords&gt;0x0&lt;/Keywords&gt; 
      &lt;TimeCreated SystemTime=&quot;2019-07-14T18:06:32.860690100Z&quot; /&gt; 
      &lt;EventRecordID&gt;591538&lt;/EventRecordID&gt; 
      &lt;Correlation ActivityID=&quot;{5572e339-3a6a-0002-c00c-73556a3ad501}&quot; /&gt; 
      &lt;Execution ProcessID=&quot;8460&quot; ThreadID=&quot;8700&quot; /&gt; 
      &lt;Channel&gt;Microsoft-Windows-PowerShell/Operational&lt;/Channel&gt; 
      &lt;Computer&gt;MSEDGEWIN10.bossmanben.local&lt;/Computer&gt; 
      &lt;Security UserID=&quot;S-1-5-21-2817836110-3135048609-2922248965-1105&quot; /&gt; 
  &lt;/System&gt;
- &lt;EventData&gt;
      &lt;Data Name=&quot;ContextInfo&quot;&gt;Severity = Informational Host Name = ServerRemoteHost Host Version = 1.0.0.0 Host ID = 4aec8376-8896-42cc-ab80-93dcd3fd0b8a Host Application = C:\Windows\system32\wsmprovhost.exe -Embedding Engine Version = 5.1.17763.316 Runspace ID = f3d933d0-eeee-4ab7-8d21-3f99a1b2afbe Pipeline ID = 1 Command Name = Get-Command Command Type = Cmdlet Script Name = Command Path = Sequence Number = 16 User = BOSSMANBEN\GConcy Connected User = BOSSMANBEN\GConcy Shell ID = Microsoft.PowerShell&lt;/Data&gt; 
      &lt;Data Name=&quot;UserData&quot; /&gt; 
      &lt;Data Name=&quot;Payload&quot;&gt;CommandInvocation(Get-Command): &quot;Get-Command&quot; ParameterBinding(Get-Command): name=&quot;Name&quot;; value=&quot;Out-Default, Exit-PSSession&quot; ParameterBinding(Get-Command): name=&quot;CommandType&quot;; value=&quot;Alias, Function, Filter, Cmdlet, Configuration&quot; ParameterBinding(Get-Command): name=&quot;Module&quot;; value=&quot;&quot; ParameterBinding(Get-Command): name=&quot;ListImported&quot;; value=&quot;True&quot; ParameterBinding(Get-Command): name=&quot;ErrorAction&quot;; value=&quot;SilentlyContinue&quot; CommandInvocation(Measure-Object): &quot;Measure-Object&quot; CommandInvocation(Select-Object): &quot;Select-Object&quot; ParameterBinding(Select-Object): name=&quot;Property&quot;; value=&quot;Count&quot; ParameterBinding(Measure-Object): name=&quot;InputObject&quot;; value=&quot;Out-Default&quot; ParameterBinding(Measure-Object): name=&quot;InputObject&quot;; value=&quot;Exit-PSSession&quot; ParameterBinding(Select-Object): name=&quot;InputObject&quot;; value=&quot;Microsoft.PowerShell.Commands.GenericMeasureInfo&quot;&lt;/Data&gt; 
  &lt;/EventData&gt;
  &lt;/Event&gt;</rich_text></node><node custom_icon_id="0" foreground="" is_bold="False" name="1.2. 4103 - Executing Pipeline" prog_lang="xml" readonly="True" tags="" ts_creation="1563074117.17" ts_lastsave="1563074177.15" unique_id="221"><rich_text>- &lt;Event xmlns=&quot;http://schemas.microsoft.com/win/2004/08/events/event&quot;&gt;
- &lt;System&gt;
      &lt;Provider Name=&quot;Microsoft-Windows-PowerShell&quot; Guid=&quot;{a0c1853b-5c40-4b15-8766-3cf1c58f985a}&quot; /&gt; 
      &lt;EventID&gt;4103&lt;/EventID&gt; 
      &lt;Version&gt;1&lt;/Version&gt; 
      &lt;Level&gt;4&lt;/Level&gt; 
      &lt;Task&gt;106&lt;/Task&gt; 
      &lt;Opcode&gt;20&lt;/Opcode&gt; 
      &lt;Keywords&gt;0x0&lt;/Keywords&gt; 
      &lt;TimeCreated SystemTime=&quot;2019-07-14T18:06:32.888633200Z&quot; /&gt; 
      &lt;EventRecordID&gt;591539&lt;/EventRecordID&gt; 
      &lt;Correlation ActivityID=&quot;{5572e339-3a6a-0002-c20c-73556a3ad501}&quot; /&gt; 
      &lt;Execution ProcessID=&quot;8460&quot; ThreadID=&quot;8700&quot; /&gt; 
      &lt;Channel&gt;Microsoft-Windows-PowerShell/Operational&lt;/Channel&gt; 
      &lt;Computer&gt;MSEDGEWIN10.bossmanben.local&lt;/Computer&gt; 
      &lt;Security UserID=&quot;S-1-5-21-2817836110-3135048609-2922248965-1105&quot; /&gt; 
  &lt;/System&gt;
- &lt;EventData&gt;
      &lt;Data Name=&quot;ContextInfo&quot;&gt;Severity = Informational Host Name = ServerRemoteHost Host Version = 1.0.0.0 Host ID = 4aec8376-8896-42cc-ab80-93dcd3fd0b8a Host Application = C:\Windows\system32\wsmprovhost.exe -Embedding Engine Version = 5.1.17763.316 Runspace ID = f3d933d0-eeee-4ab7-8d21-3f99a1b2afbe Pipeline ID = 3 Command Name = Get-Command Command Type = Cmdlet Script Name = Command Path = Sequence Number = 18 User = BOSSMANBEN\GConcy Connected User = BOSSMANBEN\GConcy Shell ID = Microsoft.PowerShell&lt;/Data&gt; 
      &lt;Data Name=&quot;UserData&quot; /&gt; 
      &lt;Data Name=&quot;Payload&quot;&gt;CommandInvocation(Get-Command): &quot;Get-Command&quot; ParameterBinding(Get-Command): name=&quot;Name&quot;; value=&quot;Out-Default, Exit-PSSession&quot; ParameterBinding(Get-Command): name=&quot;CommandType&quot;; value=&quot;Alias, Function, Filter, Cmdlet, Configuration&quot; ParameterBinding(Get-Command): name=&quot;Module&quot;; value=&quot;&quot; ParameterBinding(Get-Command): name=&quot;ListImported&quot;; value=&quot;True&quot; CommandInvocation(Select-Object): &quot;Select-Object&quot; ParameterBinding(Select-Object): name=&quot;Property&quot;; value=&quot;Name, Namespace, HelpUri, CommandType, ResolvedCommandName, OutputType, Parameters&quot; ParameterBinding(Select-Object): name=&quot;InputObject&quot;; value=&quot;Out-Default&quot; ParameterBinding(Select-Object): name=&quot;InputObject&quot;; value=&quot;Exit-PSSession&quot;&lt;/Data&gt; 
  &lt;/EventData&gt;
  &lt;/Event&gt;</rich_text></node><node custom_icon_id="0" foreground="" is_bold="False" name="3.1. 4104 - Execute a Remote Command" prog_lang="xml" readonly="True" tags="" ts_creation="1563099293.59" ts_lastsave="1563099301.11" unique_id="233"><rich_text>- &lt;Event xmlns=&quot;http://schemas.microsoft.com/win/2004/08/events/event&quot;&gt;
- &lt;System&gt;
      &lt;Provider Name=&quot;Microsoft-Windows-PowerShell&quot; Guid=&quot;{a0c1853b-5c40-4b15-8766-3cf1c58f985a}&quot; /&gt; 
      &lt;EventID&gt;4103&lt;/EventID&gt; 
      &lt;Version&gt;1&lt;/Version&gt; 
      &lt;Level&gt;4&lt;/Level&gt; 
      &lt;Task&gt;106&lt;/Task&gt; 
      &lt;Opcode&gt;20&lt;/Opcode&gt; 
      &lt;Keywords&gt;0x0&lt;/Keywords&gt; 
      &lt;TimeCreated SystemTime=&quot;2019-07-14T22:29:34.618413600Z&quot; /&gt; 
      &lt;EventRecordID&gt;594139&lt;/EventRecordID&gt; 
      &lt;Correlation ActivityID=&quot;{933855a5-3a93-0001-8966-3893933ad501}&quot; /&gt; 
      &lt;Execution ProcessID=&quot;7744&quot; ThreadID=&quot;7836&quot; /&gt; 
      &lt;Channel&gt;Microsoft-Windows-PowerShell/Operational&lt;/Channel&gt; 
      &lt;Computer&gt;MSEDGEWIN10.bossmanben.local&lt;/Computer&gt; 
      &lt;Security UserID=&quot;S-1-5-21-2817836110-3135048609-2922248965-1105&quot; /&gt; 
  &lt;/System&gt;
- &lt;EventData&gt;
      &lt;Data Name=&quot;ContextInfo&quot;&gt;Severity = Informational Host Name = ServerRemoteHost Host Version = 1.0.0.0 Host ID = 93cab6db-3310-40af-8c58-9b1e171db987 Host Application = C:\Windows\system32\wsmprovhost.exe -Embedding Engine Version = 5.1.17763.316 Runspace ID = bca0db73-0d2a-4b18-9661-567ead5d8d40 Pipeline ID = 15 Command Name = Get-ChildItem Command Type = Cmdlet Script Name = Command Path = Sequence Number = 1053 User = BOSSMANBEN\GConcy Connected User = BOSSMANBEN\GConcy Shell ID = Microsoft.PowerShell&lt;/Data&gt; 
      &lt;Data Name=&quot;UserData&quot; /&gt; 
      &lt;Data Name=&quot;Payload&quot;&gt;CommandInvocation(Get-ChildItem): &quot;Get-ChildItem&quot; ParameterBinding(Get-ChildItem): name=&quot;LiteralPath&quot;; value=&quot;Microsoft.WSMan.Management\WSMan::localhost\Plugin\WMI Provider\InitializationParameters&quot;&lt;/Data&gt; 
  &lt;/EventData&gt;
  &lt;/Event&gt;</rich_text></node><node custom_icon_id="0" foreground="" is_bold="False" name="5.1. 4103 - Executing Pipeline" prog_lang="xml" readonly="True" tags="" ts_creation="1563100097.92" ts_lastsave="1563100123.62" unique_id="242"><rich_text>- &lt;Event xmlns=&quot;http://schemas.microsoft.com/win/2004/08/events/event&quot;&gt;
- &lt;System&gt;
      &lt;Provider Name=&quot;Microsoft-Windows-PowerShell&quot; Guid=&quot;{a0c1853b-5c40-4b15-8766-3cf1c58f985a}&quot; /&gt; 
      &lt;EventID&gt;4103&lt;/EventID&gt; 
      &lt;Version&gt;1&lt;/Version&gt; 
      &lt;Level&gt;4&lt;/Level&gt; 
      &lt;Task&gt;106&lt;/Task&gt; 
      &lt;Opcode&gt;20&lt;/Opcode&gt; 
      &lt;Keywords&gt;0x0&lt;/Keywords&gt; 
      &lt;TimeCreated SystemTime=&quot;2019-07-14T22:43:48.112831600Z&quot; /&gt; 
      &lt;EventRecordID&gt;595460&lt;/EventRecordID&gt; 
      &lt;Correlation ActivityID=&quot;{933855a5-3a93-0002-c778-3893933ad501}&quot; /&gt; 
      &lt;Execution ProcessID=&quot;7188&quot; ThreadID=&quot;2052&quot; /&gt; 
      &lt;Channel&gt;Microsoft-Windows-PowerShell/Operational&lt;/Channel&gt; 
      &lt;Computer&gt;MSEDGEWIN10.bossmanben.local&lt;/Computer&gt; 
      &lt;Security UserID=&quot;S-1-5-21-2817836110-3135048609-2922248965-1105&quot; /&gt; 
  &lt;/System&gt;
- &lt;EventData&gt;
      &lt;Data Name=&quot;ContextInfo&quot;&gt;Severity = Informational Host Name = ServerRemoteHost Host Version = 1.0.0.0 Host ID = d7c363d0-41b5-4358-878e-656adafb7da8 Host Application = C:\Windows\system32\wsmprovhost.exe -Embedding Engine Version = 5.1.17763.316 Runspace ID = fd6e340e-ae55-4cd4-90ba-1ae47c263745 Pipeline ID = 3 Command Name = Get-Command Command Type = Cmdlet Script Name = Command Path = Sequence Number = 18 User = BOSSMANBEN\GConcy Connected User = BOSSMANBEN\GConcy Shell ID = Microsoft.PowerShell&lt;/Data&gt; 
      &lt;Data Name=&quot;UserData&quot; /&gt; 
      &lt;Data Name=&quot;Payload&quot;&gt;CommandInvocation(Get-Command): &quot;Get-Command&quot; ParameterBinding(Get-Command): name=&quot;Name&quot;; value=&quot;Out-Default, Exit-PSSession&quot; ParameterBinding(Get-Command): name=&quot;CommandType&quot;; value=&quot;Alias, Function, Filter, Cmdlet, Configuration&quot; ParameterBinding(Get-Command): name=&quot;Module&quot;; value=&quot;&quot; ParameterBinding(Get-Command): name=&quot;ListImported&quot;; value=&quot;True&quot; CommandInvocation(Select-Object): &quot;Select-Object&quot; ParameterBinding(Select-Object): name=&quot;Property&quot;; value=&quot;Name, Namespace, HelpUri, CommandType, ResolvedCommandName, OutputType, Parameters&quot; ParameterBinding(Select-Object): name=&quot;InputObject&quot;; value=&quot;Out-Default&quot; ParameterBinding(Select-Object): name=&quot;InputObject&quot;; value=&quot;Exit-PSSession&quot;&lt;/Data&gt; 
  &lt;/EventData&gt;
  &lt;/Event&gt;</rich_text></node><node custom_icon_id="0" foreground="" is_bold="False" name="5.2. 4103 - Executing Pipeline" prog_lang="xml" readonly="True" tags="" ts_creation="1563100099.38" ts_lastsave="1563100139.03" unique_id="243"><rich_text>- &lt;Event xmlns=&quot;http://schemas.microsoft.com/win/2004/08/events/event&quot;&gt;
- &lt;System&gt;
      &lt;Provider Name=&quot;Microsoft-Windows-PowerShell&quot; Guid=&quot;{a0c1853b-5c40-4b15-8766-3cf1c58f985a}&quot; /&gt; 
      &lt;EventID&gt;4103&lt;/EventID&gt; 
      &lt;Version&gt;1&lt;/Version&gt; 
      &lt;Level&gt;4&lt;/Level&gt; 
      &lt;Task&gt;106&lt;/Task&gt; 
      &lt;Opcode&gt;20&lt;/Opcode&gt; 
      &lt;Keywords&gt;0x0&lt;/Keywords&gt; 
      &lt;TimeCreated SystemTime=&quot;2019-07-14T22:43:48.088396700Z&quot; /&gt; 
      &lt;EventRecordID&gt;595459&lt;/EventRecordID&gt; 
      &lt;Correlation ActivityID=&quot;{933855a5-3a93-0002-c578-3893933ad501}&quot; /&gt; 
      &lt;Execution ProcessID=&quot;7188&quot; ThreadID=&quot;2052&quot; /&gt; 
      &lt;Channel&gt;Microsoft-Windows-PowerShell/Operational&lt;/Channel&gt; 
      &lt;Computer&gt;MSEDGEWIN10.bossmanben.local&lt;/Computer&gt; 
      &lt;Security UserID=&quot;S-1-5-21-2817836110-3135048609-2922248965-1105&quot; /&gt; 
  &lt;/System&gt;
- &lt;EventData&gt;
      &lt;Data Name=&quot;ContextInfo&quot;&gt;Severity = Informational Host Name = ServerRemoteHost Host Version = 1.0.0.0 Host ID = d7c363d0-41b5-4358-878e-656adafb7da8 Host Application = C:\Windows\system32\wsmprovhost.exe -Embedding Engine Version = 5.1.17763.316 Runspace ID = fd6e340e-ae55-4cd4-90ba-1ae47c263745 Pipeline ID = 1 Command Name = Get-Command Command Type = Cmdlet Script Name = Command Path = Sequence Number = 16 User = BOSSMANBEN\GConcy Connected User = BOSSMANBEN\GConcy Shell ID = Microsoft.PowerShell&lt;/Data&gt; 
      &lt;Data Name=&quot;UserData&quot; /&gt; 
      &lt;Data Name=&quot;Payload&quot;&gt;CommandInvocation(Get-Command): &quot;Get-Command&quot; ParameterBinding(Get-Command): name=&quot;Name&quot;; value=&quot;Out-Default, Exit-PSSession&quot; ParameterBinding(Get-Command): name=&quot;CommandType&quot;; value=&quot;Alias, Function, Filter, Cmdlet, Configuration&quot; ParameterBinding(Get-Command): name=&quot;Module&quot;; value=&quot;&quot; ParameterBinding(Get-Command): name=&quot;ListImported&quot;; value=&quot;True&quot; ParameterBinding(Get-Command): name=&quot;ErrorAction&quot;; value=&quot;SilentlyContinue&quot; CommandInvocation(Measure-Object): &quot;Measure-Object&quot; CommandInvocation(Select-Object): &quot;Select-Object&quot; ParameterBinding(Select-Object): name=&quot;Property&quot;; value=&quot;Count&quot; ParameterBinding(Measure-Object): name=&quot;InputObject&quot;; value=&quot;Out-Default&quot; ParameterBinding(Measure-Object): name=&quot;InputObject&quot;; value=&quot;Exit-PSSession&quot; ParameterBinding(Select-Object): name=&quot;InputObject&quot;; value=&quot;Microsoft.PowerShell.Commands.GenericMeasureInfo&quot;&lt;/Data&gt; 
  &lt;/EventData&gt;
  &lt;/Event&gt;</rich_text></node></node><node custom_icon_id="0" foreground="" is_bold="False" name="Sysmon Logs" prog_lang="custom-colors" readonly="False" tags="" ts_creation="1563074345.0" ts_lastsave="1563074407.55" unique_id="222"><rich_text></rich_text><node custom_icon_id="0" foreground="" is_bold="False" name="1.1. 1 - Process Create (rule: ProcessCreate)" prog_lang="xml" readonly="True" tags="" ts_creation="1563074407.58" ts_lastsave="1563074433.46" unique_id="223"><rich_text>- &lt;Event xmlns=&quot;http://schemas.microsoft.com/win/2004/08/events/event&quot;&gt;
- &lt;System&gt;
      &lt;Provider Name=&quot;Microsoft-Windows-Sysmon&quot; Guid=&quot;{5770385f-c22a-43e0-bf4c-06f5698ffbd9}&quot; /&gt; 
      &lt;EventID&gt;1&lt;/EventID&gt; 
      &lt;Version&gt;5&lt;/Version&gt; 
      &lt;Level&gt;4&lt;/Level&gt; 
      &lt;Task&gt;1&lt;/Task&gt; 
      &lt;Opcode&gt;0&lt;/Opcode&gt; 
      &lt;Keywords&gt;0x8000000000000000&lt;/Keywords&gt; 
      &lt;TimeCreated SystemTime=&quot;2019-07-14T18:06:32.610812900Z&quot; /&gt; 
      &lt;EventRecordID&gt;193&lt;/EventRecordID&gt; 
      &lt;Correlation /&gt; 
      &lt;Execution ProcessID=&quot;6124&quot; ThreadID=&quot;8992&quot; /&gt; 
      &lt;Channel&gt;Microsoft-Windows-Sysmon/Operational&lt;/Channel&gt; 
      &lt;Computer&gt;MSEDGEWIN10.bossmanben.local&lt;/Computer&gt; 
      &lt;Security UserID=&quot;S-1-5-18&quot; /&gt; 
  &lt;/System&gt;
- &lt;EventData&gt;
      &lt;Data Name=&quot;RuleName&quot; /&gt; 
      &lt;Data Name=&quot;UtcTime&quot;&gt;2019-07-14 18:06:32.607&lt;/Data&gt; 
      &lt;Data Name=&quot;ProcessGuid&quot;&gt;{43199d79-6f28-5d2b-0000-0010125c4000}&lt;/Data&gt; 
      &lt;Data Name=&quot;ProcessId&quot;&gt;8460&lt;/Data&gt; 
      &lt;Data Name=&quot;Image&quot;&gt;C:\Windows\System32\wsmprovhost.exe&lt;/Data&gt; 
      &lt;Data Name=&quot;FileVersion&quot;&gt;10.0.17763.1 (WinBuild.160101.0800)&lt;/Data&gt; 
      &lt;Data Name=&quot;Description&quot;&gt;Host process for WinRM plug-ins&lt;/Data&gt; 
      &lt;Data Name=&quot;Product&quot;&gt;Microsoft® Windows® Operating System&lt;/Data&gt; 
      &lt;Data Name=&quot;Company&quot;&gt;Microsoft Corporation&lt;/Data&gt; 
      &lt;Data Name=&quot;OriginalFileName&quot;&gt;wsmprovhost.exe&lt;/Data&gt; 
      &lt;Data Name=&quot;CommandLine&quot;&gt;C:\Windows\system32\wsmprovhost.exe -Embedding&lt;/Data&gt; 
      &lt;Data Name=&quot;CurrentDirectory&quot;&gt;C:\Windows\system32\&lt;/Data&gt; 
      &lt;Data Name=&quot;User&quot;&gt;BOSSMANBEN\GConcy&lt;/Data&gt; 
      &lt;Data Name=&quot;LogonGuid&quot;&gt;{43199d79-6f28-5d2b-0000-002065584000}&lt;/Data&gt; 
      &lt;Data Name=&quot;LogonId&quot;&gt;0x405865&lt;/Data&gt; 
      &lt;Data Name=&quot;TerminalSessionId&quot;&gt;0&lt;/Data&gt; 
      &lt;Data Name=&quot;IntegrityLevel&quot;&gt;High&lt;/Data&gt; 
      &lt;Data Name=&quot;Hashes&quot;&gt;MD5=AB4AB98654635CABADB5F1A60BDA1C05,SHA256=5FCCFF57D379CDC4CF6196FEF554CEF753B4C76DC315F371F90AEBF07B6A18C3&lt;/Data&gt; 
      &lt;Data Name=&quot;ParentProcessGuid&quot;&gt;{43199d79-679c-5d2b-0000-001092880000}&lt;/Data&gt; 
      &lt;Data Name=&quot;ParentProcessId&quot;&gt;836&lt;/Data&gt; 
      &lt;Data Name=&quot;ParentImage&quot;&gt;C:\Windows\System32\svchost.exe&lt;/Data&gt; 
      &lt;Data Name=&quot;ParentCommandLine&quot;&gt;C:\Windows\system32\svchost.exe -k DcomLaunch -p&lt;/Data&gt; 
  &lt;/EventData&gt;
  &lt;/Event&gt;</rich_text></node><node custom_icon_id="0" foreground="" is_bold="False" name="1.2.11 - File created (rule: FileCreate)" prog_lang="xml" readonly="True" tags="" ts_creation="1563074425.89" ts_lastsave="1563074499.47" unique_id="224"><rich_text>- &lt;Event xmlns=&quot;http://schemas.microsoft.com/win/2004/08/events/event&quot;&gt;
- &lt;System&gt;
      &lt;Provider Name=&quot;Microsoft-Windows-Sysmon&quot; Guid=&quot;{5770385f-c22a-43e0-bf4c-06f5698ffbd9}&quot; /&gt; 
      &lt;EventID&gt;11&lt;/EventID&gt; 
      &lt;Version&gt;2&lt;/Version&gt; 
      &lt;Level&gt;4&lt;/Level&gt; 
      &lt;Task&gt;11&lt;/Task&gt; 
      &lt;Opcode&gt;0&lt;/Opcode&gt; 
      &lt;Keywords&gt;0x8000000000000000&lt;/Keywords&gt; 
      &lt;TimeCreated SystemTime=&quot;2019-07-14T18:06:32.674798300Z&quot; /&gt; 
      &lt;EventRecordID&gt;194&lt;/EventRecordID&gt; 
      &lt;Correlation /&gt; 
      &lt;Execution ProcessID=&quot;6124&quot; ThreadID=&quot;8992&quot; /&gt; 
      &lt;Channel&gt;Microsoft-Windows-Sysmon/Operational&lt;/Channel&gt; 
      &lt;Computer&gt;MSEDGEWIN10.bossmanben.local&lt;/Computer&gt; 
      &lt;Security UserID=&quot;S-1-5-18&quot; /&gt; 
  &lt;/System&gt;
- &lt;EventData&gt;
      &lt;Data Name=&quot;RuleName&quot; /&gt; 
      &lt;Data Name=&quot;UtcTime&quot;&gt;2019-07-14 18:06:32.666&lt;/Data&gt; 
      &lt;Data Name=&quot;ProcessGuid&quot;&gt;{43199d79-6f28-5d2b-0000-0010125c4000}&lt;/Data&gt; 
      &lt;Data Name=&quot;ProcessId&quot;&gt;8460&lt;/Data&gt; 
      &lt;Data Name=&quot;Image&quot;&gt;C:\Windows\system32\wsmprovhost.exe&lt;/Data&gt; 
      &lt;Data Name=&quot;TargetFilename&quot;&gt;C:\Users\GConcy\AppData\Local\Temp\__PSScriptPolicyTest_yp2mi5p5.3a5.ps1&lt;/Data&gt; 
      &lt;Data Name=&quot;CreationUtcTime&quot;&gt;2019-07-14 18:06:32.666&lt;/Data&gt; 
  &lt;/EventData&gt;
  &lt;/Event&gt;</rich_text></node><node custom_icon_id="0" foreground="" is_bold="False" name="3.1. 1 - Process Create (rule: ProcessCreate)" prog_lang="xml" readonly="True" tags="" ts_creation="1563099510.51" ts_lastsave="1563099538.58" unique_id="234"><rich_text>- &lt;Event xmlns=&quot;http://schemas.microsoft.com/win/2004/08/events/event&quot;&gt;
- &lt;System&gt;
      &lt;Provider Name=&quot;Microsoft-Windows-Sysmon&quot; Guid=&quot;{5770385f-c22a-43e0-bf4c-06f5698ffbd9}&quot; /&gt; 
      &lt;EventID&gt;1&lt;/EventID&gt; 
      &lt;Version&gt;5&lt;/Version&gt; 
      &lt;Level&gt;4&lt;/Level&gt; 
      &lt;Task&gt;1&lt;/Task&gt; 
      &lt;Opcode&gt;0&lt;/Opcode&gt; 
      &lt;Keywords&gt;0x8000000000000000&lt;/Keywords&gt; 
      &lt;TimeCreated SystemTime=&quot;2019-07-14T22:32:42.024558000Z&quot; /&gt; 
      &lt;EventRecordID&gt;846&lt;/EventRecordID&gt; 
      &lt;Correlation /&gt; 
      &lt;Execution ProcessID=&quot;3020&quot; ThreadID=&quot;4868&quot; /&gt; 
      &lt;Channel&gt;Microsoft-Windows-Sysmon/Operational&lt;/Channel&gt; 
      &lt;Computer&gt;MSEDGEWIN10.bossmanben.local&lt;/Computer&gt; 
      &lt;Security UserID=&quot;S-1-5-18&quot; /&gt; 
  &lt;/System&gt;
- &lt;EventData&gt;
      &lt;Data Name=&quot;RuleName&quot; /&gt; 
      &lt;Data Name=&quot;UtcTime&quot;&gt;2019-07-14 22:32:42.019&lt;/Data&gt; 
      &lt;Data Name=&quot;ProcessGuid&quot;&gt;{43199d79-ad8a-5d2b-0000-0010b4d71a00}&lt;/Data&gt; 
      &lt;Data Name=&quot;ProcessId&quot;&gt;4284&lt;/Data&gt; 
      &lt;Data Name=&quot;Image&quot;&gt;C:\Windows\System32\sc.exe&lt;/Data&gt; 
      &lt;Data Name=&quot;FileVersion&quot;&gt;10.0.17763.1 (WinBuild.160101.0800)&lt;/Data&gt; 
      &lt;Data Name=&quot;Description&quot;&gt;Service Control Manager Configuration Tool&lt;/Data&gt; 
      &lt;Data Name=&quot;Product&quot;&gt;Microsoft® Windows® Operating System&lt;/Data&gt; 
      &lt;Data Name=&quot;Company&quot;&gt;Microsoft Corporation&lt;/Data&gt; 
      &lt;Data Name=&quot;OriginalFileName&quot;&gt;sc.exe&lt;/Data&gt; 
      &lt;Data Name=&quot;CommandLine&quot;&gt;&quot;C:\Windows\system32\sc.exe&quot; config winrm type= own&lt;/Data&gt; 
      &lt;Data Name=&quot;CurrentDirectory&quot;&gt;C:\Users\GConcy\Documents\&lt;/Data&gt; 
      &lt;Data Name=&quot;User&quot;&gt;BOSSMANBEN\GConcy&lt;/Data&gt; 
      &lt;Data Name=&quot;LogonGuid&quot;&gt;{43199d79-ac6e-5d2b-0000-00209fba1600}&lt;/Data&gt; 
      &lt;Data Name=&quot;LogonId&quot;&gt;0x16ba9f&lt;/Data&gt; 
      &lt;Data Name=&quot;TerminalSessionId&quot;&gt;0&lt;/Data&gt; 
      &lt;Data Name=&quot;IntegrityLevel&quot;&gt;High&lt;/Data&gt; 
      &lt;Data Name=&quot;Hashes&quot;&gt;MD5=ABB56882148DE65D53ABFC55544A49A8,SHA256=78097C7CD0E57902536C60B7FA17528C313DB20869E5F944223A0BA4C801D39B&lt;/Data&gt; 
      &lt;Data Name=&quot;ParentProcessGuid&quot;&gt;{43199d79-ac6e-5d2b-0000-00109fbe1600}&lt;/Data&gt; 
      &lt;Data Name=&quot;ParentProcessId&quot;&gt;7744&lt;/Data&gt; 
      &lt;Data Name=&quot;ParentImage&quot;&gt;C:\Windows\System32\wsmprovhost.exe&lt;/Data&gt; 
      &lt;Data Name=&quot;ParentCommandLine&quot;&gt;C:\Windows\system32\wsmprovhost.exe -Embedding&lt;/Data&gt; 
  &lt;/EventData&gt;
  &lt;/Event&gt;