</rich_text></node></node><node custom_icon_id="0" foreground="" is_bold="False" name="Sysmon Logs" prog_lang="custom-colors" readonly="False" tags="" ts_creation="1563114762.45" ts_lastsave="1563114808.84" unique_id="281"><rich_text></rich_text><node custom_icon_id="0" foreground="" is_bold="False" name="4.c.1. 1 - Process Create (rule: ProcessCreate)" prog_lang="xml" readonly="True" tags="" ts_creation="1563114809.01" ts_lastsave="1563114840.44" unique_id="282"><rich_text>- &lt;Event xmlns=&quot;http://schemas.microsoft.com/win/2004/08/events/event&quot;&gt;
- &lt;System&gt;
      &lt;Provider Name=&quot;Microsoft-Windows-Sysmon&quot; Guid=&quot;{5770385F-C22A-43E0-BF4C-06F5698FFBD9}&quot; /&gt; 
      &lt;EventID&gt;1&lt;/EventID&gt; 
      &lt;Version&gt;5&lt;/Version&gt; 
      &lt;Level&gt;4&lt;/Level&gt; 
      &lt;Task&gt;1&lt;/Task&gt; 
      &lt;Opcode&gt;0&lt;/Opcode&gt; 
      &lt;Keywords&gt;0x8000000000000000&lt;/Keywords&gt; 
      &lt;TimeCreated SystemTime=&quot;2019-07-15T05:29:45.955988200Z&quot; /&gt; 
      &lt;EventRecordID&gt;43&lt;/EventRecordID&gt; 
      &lt;Correlation /&gt; 
      &lt;Execution ProcessID=&quot;5872&quot; ThreadID=&quot;3168&quot; /&gt; 
      &lt;Channel&gt;Microsoft-Windows-Sysmon/Operational&lt;/Channel&gt; 
      &lt;Computer&gt;WIN-BO2CT95INDP.bossmanben.local&lt;/Computer&gt; 
      &lt;Security UserID=&quot;S-1-5-18&quot; /&gt; 
  &lt;/System&gt;
- &lt;EventData&gt;
      &lt;Data Name=&quot;RuleName&quot; /&gt; 
      &lt;Data Name=&quot;UtcTime&quot;&gt;2019-07-15 05:29:45.949&lt;/Data&gt; 
      &lt;Data Name=&quot;ProcessGuid&quot;&gt;{317A82DB-0F49-5D2C-0000-00100B4F6400}&lt;/Data&gt; 
      &lt;Data Name=&quot;ProcessId&quot;&gt;4892&lt;/Data&gt; 
      &lt;Data Name=&quot;Image&quot;&gt;C:\Windows\System32\wsmprovhost.exe&lt;/Data&gt; 
      &lt;Data Name=&quot;FileVersion&quot;&gt;10.0.14393.0 (rs1_release.160715-1616)&lt;/Data&gt; 
      &lt;Data Name=&quot;Description&quot;&gt;Host process for WinRM plug-ins&lt;/Data&gt; 
      &lt;Data Name=&quot;Product&quot;&gt;Microsoft® Windows® Operating System&lt;/Data&gt; 
      &lt;Data Name=&quot;Company&quot;&gt;Microsoft Corporation&lt;/Data&gt; 
      &lt;Data Name=&quot;OriginalFileName&quot;&gt;wsmprovhost.exe&lt;/Data&gt; 
      &lt;Data Name=&quot;CommandLine&quot;&gt;C:\Windows\system32\wsmprovhost.exe -Embedding&lt;/Data&gt; 
      &lt;Data Name=&quot;CurrentDirectory&quot;&gt;C:\Windows\system32\&lt;/Data&gt; 
      &lt;Data Name=&quot;User&quot;&gt;BOSSMANBEN\Administrator&lt;/Data&gt; 
      &lt;Data Name=&quot;LogonGuid&quot;&gt;{317A82DB-0F49-5D2C-0000-00204D4C6400}&lt;/Data&gt; 
      &lt;Data Name=&quot;LogonId&quot;&gt;0x644c4d&lt;/Data&gt; 
      &lt;Data Name=&quot;TerminalSessionId&quot;&gt;0&lt;/Data&gt; 
      &lt;Data Name=&quot;IntegrityLevel&quot;&gt;High&lt;/Data&gt; 
      &lt;Data Name=&quot;Hashes&quot;&gt;MD5=B19DFE6D79E636FA706490FA17F34356,SHA256=91010BC419FC8FBE3D6483BF40788A9980A665F254E37D0D995BCFCE04F93B6D&lt;/Data&gt; 
      &lt;Data Name=&quot;ParentProcessGuid&quot;&gt;{317A82DB-596E-5D2B-0000-0010A09D0000}&lt;/Data&gt; 
      &lt;Data Name=&quot;ParentProcessId&quot;&gt;800&lt;/Data&gt; 
      &lt;Data Name=&quot;ParentImage&quot;&gt;C:\Windows\System32\svchost.exe&lt;/Data&gt; 
      &lt;Data Name=&quot;ParentCommandLine&quot;&gt;C:\Windows\system32\svchost.exe -k DcomLaunch&lt;/Data&gt; 
  &lt;/EventData&gt;
  &lt;/Event&gt;</rich_text></node><node custom_icon_id="0" foreground="" is_bold="False" name="4.c.2. 11 - File created (rule: FileCreate)" prog_lang="xml" readonly="True" tags="" ts_creation="1563114827.26" ts_lastsave="1563114902.7" unique_id="284"><rich_text>- &lt;Event xmlns=&quot;http://schemas.microsoft.com/win/2004/08/events/event&quot;&gt;
- &lt;System&gt;
      &lt;Provider Name=&quot;Microsoft-Windows-Sysmon&quot; Guid=&quot;{5770385F-C22A-43E0-BF4C-06F5698FFBD9}&quot; /&gt; 
      &lt;EventID&gt;11&lt;/EventID&gt; 
      &lt;Version&gt;2&lt;/Version&gt; 
      &lt;Level&gt;4&lt;/Level&gt; 
      &lt;Task&gt;11&lt;/Task&gt; 
      &lt;Opcode&gt;0&lt;/Opcode&gt; 
      &lt;Keywords&gt;0x8000000000000000&lt;/Keywords&gt; 
      &lt;TimeCreated SystemTime=&quot;2019-07-15T05:29:46.363548500Z&quot; /&gt; 
      &lt;EventRecordID&gt;44&lt;/EventRecordID&gt; 
      &lt;Correlation /&gt; 
      &lt;Execution ProcessID=&quot;5872&quot; ThreadID=&quot;3168&quot; /&gt; 
      &lt;Channel&gt;Microsoft-Windows-Sysmon/Operational&lt;/Channel&gt; 
      &lt;Computer&gt;WIN-BO2CT95INDP.bossmanben.local&lt;/Computer&gt; 
      &lt;Security UserID=&quot;S-1-5-18&quot; /&gt; 
  &lt;/System&gt;
- &lt;EventData&gt;
      &lt;Data Name=&quot;RuleName&quot; /&gt; 
      &lt;Data Name=&quot;UtcTime&quot;&gt;2019-07-15 05:29:46.362&lt;/Data&gt; 
      &lt;Data Name=&quot;ProcessGuid&quot;&gt;{317A82DB-0F49-5D2C-0000-00100B4F6400}&lt;/Data&gt; 
      &lt;Data Name=&quot;ProcessId&quot;&gt;4892&lt;/Data&gt; 
      &lt;Data Name=&quot;Image&quot;&gt;C:\Windows\system32\wsmprovhost.exe&lt;/Data&gt; 
      &lt;Data Name=&quot;TargetFilename&quot;&gt;C:\Users\Administrator\AppData\Local\Temp\qumwf1tq.gvq.ps1&lt;/Data&gt; 
      &lt;Data Name=&quot;CreationUtcTime&quot;&gt;2019-07-15 05:29:46.362&lt;/Data&gt; 
  &lt;/EventData&gt;
  &lt;/Event&gt;</rich_text></node><node custom_icon_id="0" foreground="" is_bold="False" name="4.c.1. 1 - Process Create (rule: ProcessCreate)" prog_lang="xml" readonly="True" tags="" ts_creation="1563114811.15" ts_lastsave="1563114924.73" unique_id="283"><rich_text>- &lt;Event xmlns=&quot;http://schemas.microsoft.com/win/2004/08/events/event&quot;&gt;
- &lt;System&gt;
      &lt;Provider Name=&quot;Microsoft-Windows-Sysmon&quot; Guid=&quot;{5770385F-C22A-43E0-BF4C-06F5698FFBD9}&quot; /&gt; 
      &lt;EventID&gt;1&lt;/EventID&gt; 
      &lt;Version&gt;5&lt;/Version&gt; 
      &lt;Level&gt;4&lt;/Level&gt; 
      &lt;Task&gt;1&lt;/Task&gt; 
      &lt;Opcode&gt;0&lt;/Opcode&gt; 
      &lt;Keywords&gt;0x8000000000000000&lt;/Keywords&gt; 
      &lt;TimeCreated SystemTime=&quot;2019-07-15T05:29:46.469256400Z&quot; /&gt; 
      &lt;EventRecordID&gt;45&lt;/EventRecordID&gt; 
      &lt;Correlation /&gt; 
      &lt;Execution ProcessID=&quot;5872&quot; ThreadID=&quot;3168&quot; /&gt; 
      &lt;Channel&gt;Microsoft-Windows-Sysmon/Operational&lt;/Channel&gt; 
      &lt;Computer&gt;WIN-BO2CT95INDP.bossmanben.local&lt;/Computer&gt; 
      &lt;Security UserID=&quot;S-1-5-18&quot; /&gt; 
  &lt;/System&gt;
- &lt;EventData&gt;
      &lt;Data Name=&quot;RuleName&quot; /&gt; 
      &lt;Data Name=&quot;UtcTime&quot;&gt;2019-07-15 05:29:46.462&lt;/Data&gt; 
      &lt;Data Name=&quot;ProcessGuid&quot;&gt;{317A82DB-0F4A-5D2C-0000-001084576400}&lt;/Data&gt; 
      &lt;Data Name=&quot;ProcessId&quot;&gt;4984&lt;/Data&gt; 
      &lt;Data Name=&quot;Image&quot;&gt;C:\Windows\System32\whoami.exe&lt;/Data&gt; 
      &lt;Data Name=&quot;FileVersion&quot;&gt;10.0.14393.0 (rs1_release.160715-1616)&lt;/Data&gt; 
      &lt;Data Name=&quot;Description&quot;&gt;whoami - displays logged on user information&lt;/Data&gt; 
      &lt;Data Name=&quot;Product&quot;&gt;Microsoft® Windows® Operating System&lt;/Data&gt; 
      &lt;Data Name=&quot;Company&quot;&gt;Microsoft Corporation&lt;/Data&gt; 
      &lt;Data Name=&quot;OriginalFileName&quot;&gt;whoami.exe&lt;/Data&gt; 
      &lt;Data Name=&quot;CommandLine&quot;&gt;&quot;C:\Windows\system32\whoami.exe&quot;&lt;/Data&gt; 
      &lt;Data Name=&quot;CurrentDirectory&quot;&gt;C:\Users\Administrator\Documents\&lt;/Data&gt; 
      &lt;Data Name=&quot;User&quot;&gt;BOSSMANBEN\Administrator&lt;/Data&gt; 
      &lt;Data Name=&quot;LogonGuid&quot;&gt;{317A82DB-0F49-5D2C-0000-00204D4C6400}&lt;/Data&gt; 
      &lt;Data Name=&quot;LogonId&quot;&gt;0x644c4d&lt;/Data&gt; 
      &lt;Data Name=&quot;TerminalSessionId&quot;&gt;0&lt;/Data&gt; 
      &lt;Data Name=&quot;IntegrityLevel&quot;&gt;High&lt;/Data&gt; 
      &lt;Data Name=&quot;Hashes&quot;&gt;MD5=AA1E17EA3DB5CD9D8BC061CAEC74C6E8,SHA256=8ECFFCCE38D4EE87ABAEE6CBE843D94D4F8FB98FAB3C356C7F6B70E60B10F88A&lt;/Data&gt; 
      &lt;Data Name=&quot;ParentProcessGuid&quot;&gt;{317A82DB-0F49-5D2C-0000-00100B4F6400}&lt;/Data&gt; 
      &lt;Data Name=&quot;ParentProcessId&quot;&gt;4892&lt;/Data&gt; 
      &lt;Data Name=&quot;ParentImage&quot;&gt;C:\Windows\System32\wsmprovhost.exe&lt;/Data&gt; 
      &lt;Data Name=&quot;ParentCommandLine&quot;&gt;C:\Windows\system32\wsmprovhost.exe -Embedding&lt;/Data&gt; 
  &lt;/EventData&gt;
  &lt;/Event&gt;</rich_text></node></node></node></node></node></node></cherrytree>